[32m2026-02-21 00:43:53 +0800[0m - dagster - [34mDEBUG[0m - __ASSET_JOB - 7963c758-89e0-4e40-9176-cb6cc47a9208 - 64251 - LOGS_CAPTURED - Started capturing logs in process (pid: 64251).
[32m2026-02-21 00:43:53 +0800[0m - dagster - [34mDEBUG[0m - __ASSET_JOB - 7963c758-89e0-4e40-9176-cb6cc47a9208 - 64251 - Add_Details_Xq - STEP_START - Started execution of step "Add_Details_Xq".
[32m2026-02-21 00:43:53 +0800[0m - dagster - [34mINFO[0m - __ASSET_JOB - 7963c758-89e0-4e40-9176-cb6cc47a9208 - Add_Details_Xq - ејЂе§‹йЂђдёЄжџҐиЇўиЎҐйЅђAи‚ЎдёЉеё‚ж—¶й—ґ...
/Users/sheng/Desktop/Quant/a-stock/src/basic/assets/data_ingestion/data_ingestion_first_time.py:465: DataOrientationWarning: Row orientation inferred during DataFrame construction. Explicitly specify the orientation by passing `orient="row"` to silence this warning.
  xq = pl.DataFrame(results, schema=["symbol", "affiliate_industry", "provincial_name", "classi_name"])
[32m2026-02-21 00:47:45 +0800[0m - dagster - [34mINFO[0m - __ASSET_JOB - 7963c758-89e0-4e40-9176-cb6cc47a9208 - Add_Details_Xq - дЅїз”ЁйЂђдёЄжџҐиЇўиЎҐйЅђAи‚Ўи‚ЎзҐЁе…¶д»–дїЎжЃЇе¤±иґҐ: Catalog Error: Table with name xq_stock_info does not exist!
Did you mean "a_stocks_active_mainboard"?

LINE 6:                 FROM xq_stock_info AS u
                             ^
[32m2026-02-21 00:47:45 +0800[0m - dagster - [34mERROR[0m - [31m__ASSET_JOB - 7963c758-89e0-4e40-9176-cb6cc47a9208 - 64251 - Add_Details_Xq - STEP_FAILURE - Execution of step "Add_Details_Xq" failed.

dagster._core.errors.DagsterExecutionStepExecutionError: Error occurred while executing op "Add_Details_Xq"::

_duckdb.CatalogException: Catalog Error: Table with name xq_stock_info does not exist!
Did you mean "a_stocks_active_mainboard"?

LINE 6:                 FROM xq_stock_info AS u
                             ^

Stack Trace:
  File "/Users/sheng/Desktop/Quant/a-stock/.venv/lib/python3.12/site-packages/dagster/_core/execution/plan/utils.py", line 57, in op_execution_error_boundary
    yield
  File "/Users/sheng/Desktop/Quant/a-stock/.venv/lib/python3.12/site-packages/dagster/_utils/__init__.py", line 394, in iterate_with_context
    next_output = next(iterator)
                  ^^^^^^^^^^^^^^
  File "/Users/sheng/Desktop/Quant/a-stock/.venv/lib/python3.12/site-packages/dagster/_core/execution/plan/compute_generator.py", line 135, in _coerce_op_compute_fn_to_iterator
    result = invoke_compute_fn(
             ^^^^^^^^^^^^^^^^^^
  File "/Users/sheng/Desktop/Quant/a-stock/.venv/lib/python3.12/site-packages/dagster/_core/execution/plan/compute_generator.py", line 115, in invoke_compute_fn
    return fn(context, **args_to_pass) if context_arg_provided else fn(**args_to_pass)
           ^^^^^^^^^^^^^^^^^^^^^^^^^^^
  File "/Users/sheng/Desktop/Quant/a-stock/src/basic/assets/data_ingestion/data_ingestion_first_time.py", line 468, in Add_Details_Xq
    conn.execute("""
[0m
