[32m2026-02-20 22:02:34 +0800[0m - dagster - [34mDEBUG[0m - __ASSET_JOB - 68010251-aa10-4169-9ce9-261410e9a14e - 34634 - LOGS_CAPTURED - Started capturing logs in process (pid: 34634).
[32m2026-02-20 22:02:34 +0800[0m - dagster - [34mDEBUG[0m - __ASSET_JOB - 68010251-aa10-4169-9ce9-261410e9a14e - 34634 - Daily_New_Stocks - STEP_START - Started execution of step "Daily_New_Stocks".
[32m2026-02-20 22:02:34 +0800[0m - dagster - [34mINFO[0m - __ASSET_JOB - 68010251-aa10-4169-9ce9-261410e9a14e - Daily_New_Stocks - 开始检测新上市的股票...
[32m2026-02-20 22:02:34 +0800[0m - dagster - [34mERROR[0m - [31m__ASSET_JOB - 68010251-aa10-4169-9ce9-261410e9a14e - 34634 - Daily_New_Stocks - STEP_FAILURE - Execution of step "Daily_New_Stocks" failed.

dagster._core.errors.DagsterExecutionStepExecutionError: Error occurred while executing op "Daily_New_Stocks"::

_duckdb.IOException: IO Error: Could not set lock on file "/Users/sheng/Desktop/Quant/a-stock/data/a-stock.duckdb": Conflicting lock is held in /Applications/DBeaver.app/Contents/MacOS/dbeaver (PID 58823) by user sheng. See also https://duckdb.org/docs/stable/connect/concurrency

Stack Trace:
  File "/Users/sheng/Desktop/Quant/a-stock/.venv/lib/python3.12/site-packages/dagster/_core/execution/plan/utils.py", line 57, in op_execution_error_boundary
    yield
  File "/Users/sheng/Desktop/Quant/a-stock/.venv/lib/python3.12/site-packages/dagster/_utils/__init__.py", line 394, in iterate_with_context
    next_output = next(iterator)
                  ^^^^^^^^^^^^^^
  File "/Users/sheng/Desktop/Quant/a-stock/.venv/lib/python3.12/site-packages/dagster/_core/execution/plan/compute_generator.py", line 135, in _coerce_op_compute_fn_to_iterator
    result = invoke_compute_fn(
             ^^^^^^^^^^^^^^^^^^
  File "/Users/sheng/Desktop/Quant/a-stock/.venv/lib/python3.12/site-packages/dagster/_core/execution/plan/compute_generator.py", line 115, in invoke_compute_fn
    return fn(context, **args_to_pass) if context_arg_provided else fn(**args_to_pass)
           ^^^^^^^^^^^^^^^^^^^^^^^^^^^
  File "/Users/sheng/Desktop/Quant/a-stock/src/basic/assets/data_ingestion/data_ingestion_daily.py", line 22, in Daily_New_Stocks
    db = DuckDBResource()
         ^^^^^^^^^^^^^^^^
  File "/Users/sheng/Desktop/Quant/a-stock/src/basic/resources/duckdb_io.py", line 21, in __new__
    cls._instance._init_connection(db_path)
  File "/Users/sheng/Desktop/Quant/a-stock/src/basic/resources/duckdb_io.py", line 29, in _init_connection
    self._conn = duckdb.connect(db_path)
                 ^^^^^^^^^^^^^^^^^^^^^^^
[0m
[32m2026-02-20 22:02:34 +0800[0m - dagster - [34mERROR[0m - [31m__ASSET_JOB - 68010251-aa10-4169-9ce9-261410e9a14e - Daily_Delisted_Stocks - Dependencies for step Daily_Delisted_Stocks failed: ['Daily_New_Stocks']. Not executing.[0m
[32m2026-02-20 22:02:34 +0800[0m - dagster - [34mERROR[0m - [31m__ASSET_JOB - 68010251-aa10-4169-9ce9-261410e9a14e - Daily_Active_Stocks - Dependencies for step Daily_Active_Stocks were not executed: ['Daily_Delisted_Stocks']. Not executing.[0m
[32m2026-02-20 22:02:34 +0800[0m - dagster - [34mERROR[0m - [31m__ASSET_JOB - 68010251-aa10-4169-9ce9-261410e9a14e - Daily_Active_Stocks_Mainboard - Dependencies for step Daily_Active_Stocks_Mainboard were not executed: ['Daily_Delisted_Stocks']. Not executing.[0m
