[32m2026-02-20 19:47:20 +0800[0m - dagster - [34mDEBUG[0m - First_Stock_List_Job - 61d06267-ffb8-4aa9-ad90-4df00f8a89c1 - 9544 - LOGS_CAPTURED - Started capturing logs in process (pid: 9544).
[32m2026-02-20 19:47:20 +0800[0m - dagster - [34mDEBUG[0m - First_Stock_List_Job - 61d06267-ffb8-4aa9-ad90-4df00f8a89c1 - 9544 - First_Stock_List - STEP_START - Started execution of step "First_Stock_List".
[32m2026-02-20 19:47:20 +0800[0m - dagster - [34mINFO[0m - First_Stock_List_Job - 61d06267-ffb8-4aa9-ad90-4df00f8a89c1 - First_Stock_List - 开始获取A股股票列表...
  0%|          | 0/58 [00:00<?, ?it/s]  2%|▏         | 1/58 [00:10<09:37, 10.13s/it]  3%|▎         | 2/58 [00:14<06:07,  6.57s/it]  5%|▌         | 3/58 [00:19<05:39,  6.18s/it]                                              [32m2026-02-20 19:47:52 +0800[0m - dagster - [34mERROR[0m - [31mFirst_Stock_List_Job - 61d06267-ffb8-4aa9-ad90-4df00f8a89c1 - 9544 - First_Stock_List - STEP_FAILURE - Execution of step "First_Stock_List" failed.

dagster._core.errors.DagsterExecutionInterruptedError

Stack Trace:
  File "/Users/sheng/Desktop/Quant/a-stock/.venv/lib/python3.12/site-packages/dagster/_core/execution/plan/execute_plan.py", line 247, in dagster_event_sequence_for_step
    yield from check.generator(step_events)
  File "/Users/sheng/Desktop/Quant/a-stock/.venv/lib/python3.12/site-packages/dagster/_core/execution/plan/execute_step.py", line 505, in core_dagster_event_sequence_for_step
    for user_event in _step_output_error_checked_user_event_sequence(
                      ^^^^^^^^^^^^^^^^^^^^^^^^^^^^^^^^^^^^^^^^^^^^^^^
  File "/Users/sheng/Desktop/Quant/a-stock/.venv/lib/python3.12/site-packages/dagster/_core/execution/plan/execute_step.py", line 184, in _step_output_error_checked_user_event_sequence
    for user_event in user_event_sequence:
                      ^^^^^^^^^^^^^^^^^^^
  File "/Users/sheng/Desktop/Quant/a-stock/.venv/lib/python3.12/site-packages/dagster/_core/execution/plan/execute_step.py", line 88, in _process_asset_results_to_events
    for user_event in user_event_sequence:
                      ^^^^^^^^^^^^^^^^^^^
  File "/Users/sheng/Desktop/Quant/a-stock/.venv/lib/python3.12/site-packages/dagster/_core/execution/plan/compute.py", line 188, in execute_core_compute
    for step_output in _yield_compute_results(step_context, inputs, compute_fn, compute_context):
                       ^^^^^^^^^^^^^^^^^^^^^^^^^^^^^^^^^^^^^^^^^^^^^^^^^^^^^^^^^^^^^^^^^^^^^^^^^
  File "/Users/sheng/Desktop/Quant/a-stock/.venv/lib/python3.12/site-packages/dagster/_core/execution/plan/compute.py", line 157, in _yield_compute_results
    for event in iterate_with_context(
                 ^^^^^^^^^^^^^^^^^^^^^
  File "/Users/sheng/Desktop/Quant/a-stock/.venv/lib/python3.12/site-packages/dagster/_utils/__init__.py", line 394, in iterate_with_context
    next_output = next(iterator)
                  ^^^^^^^^^^^^^^
  File "/Users/sheng/Desktop/Quant/a-stock/.venv/lib/python3.12/site-packages/dagster/_core/execution/plan/compute_generator.py", line 135, in _coerce_op_compute_fn_to_iterator
    result = invoke_compute_fn(
             ^^^^^^^^^^^^^^^^^^
  File "/Users/sheng/Desktop/Quant/a-stock/.venv/lib/python3.12/site-packages/dagster/_core/execution/plan/compute_generator.py", line 115, in invoke_compute_fn
    return fn(context, **args_to_pass) if context_arg_provided else fn(**args_to_pass)
           ^^^^^^^^^^^^^^^^^^^^^^^^^^^
  File "/Users/sheng/Desktop/Quant/a-stock/src/basic/assets/data_ingestion/data_ingestion_first_time.py", line 101, in First_Stock_List
    spot_pd = ak.stock_zh_a_spot_em()  # pandas
              ^^^^^^^^^^^^^^^^^^^^^^^
  File "/Users/sheng/Desktop/Quant/a-stock/.venv/lib/python3.12/site-packages/akshare/stock_feature/stock_hist_em.py", line 36, in stock_zh_a_spot_em
    temp_df = fetch_paginated_data(url, params)
              ^^^^^^^^^^^^^^^^^^^^^^^^^^^^^^^^^
  File "/Users/sheng/Desktop/Quant/a-stock/.venv/lib/python3.12/site-packages/akshare/utils/func.py", line 50, in fetch_paginated_data
    r = request_with_retry(url, params=params, timeout=timeout)
        ^^^^^^^^^^^^^^^^^^^^^^^^^^^^^^^^^^^^^^^^^^^^^^^^^^^^^^^
  File "/Users/sheng/Desktop/Quant/a-stock/.venv/lib/python3.12/site-packages/akshare/utils/request.py", line 52, in request_with_retry
    response = session.get(url, params=params, timeout=timeout)
               ^^^^^^^^^^^^^^^^^^^^^^^^^^^^^^^^^^^^^^^^^^^^^^^^
  File "/Users/sheng/Desktop/Quant/a-stock/.venv/lib/python3.12/site-packages/requests/sessions.py", line 602, in get
    return self.request("GET", url, **kwargs)
           ^^^^^^^^^^^^^^^^^^^^^^^^^^^^^^^^^^
  File "/Users/sheng/Desktop/Quant/a-stock/.venv/lib/python3.12/site-packages/requests/sessions.py", line 589, in request
    resp = self.send(prep, **send_kwargs)
           ^^^^^^^^^^^^^^^^^^^^^^^^^^^^^^
  File "/Users/sheng/Desktop/Quant/a-stock/.venv/lib/python3.12/site-packages/requests/sessions.py", line 724, in send
    history = [resp for resp in gen]
                                ^^^
  File "/Users/sheng/Desktop/Quant/a-stock/.venv/lib/python3.12/site-packages/requests/sessions.py", line 265, in resolve_redirects
    resp = self.send(
           ^^^^^^^^^^
  File "/Users/sheng/Desktop/Quant/a-stock/.venv/lib/python3.12/site-packages/requests/sessions.py", line 703, in send
    r = adapter.send(request, **kwargs)
        ^^^^^^^^^^^^^^^^^^^^^^^^^^^^^^^
  File "/Users/sheng/Desktop/Quant/a-stock/.venv/lib/python3.12/site-packages/requests/adapters.py", line 644, in send
    resp = conn.urlopen(
           ^^^^^^^^^^^^^
  File "/Users/sheng/Desktop/Quant/a-stock/.venv/lib/python3.12/site-packages/urllib3/connectionpool.py", line 787, in urlopen
    response = self._make_request(
               ^^^^^^^^^^^^^^^^^^^
  File "/Users/sheng/Desktop/Quant/a-stock/.venv/lib/python3.12/site-packages/urllib3/connectionpool.py", line 534, in _make_request
    response = conn.getresponse()
               ^^^^^^^^^^^^^^^^^^
  File "/Users/sheng/Desktop/Quant/a-stock/.venv/lib/python3.12/site-packages/urllib3/connection.py", line 571, in getresponse
    httplib_response = super().getresponse()
                       ^^^^^^^^^^^^^^^^^^^^^
  File "/opt/anaconda3/lib/python3.12/http/client.py", line 1428, in getresponse
    response.begin()
  File "/opt/anaconda3/lib/python3.12/http/client.py", line 331, in begin
    version, status, reason = self._read_status()
                              ^^^^^^^^^^^^^^^^^^^
  File "/opt/anaconda3/lib/python3.12/http/client.py", line 292, in _read_status
    line = str(self.fp.readline(_MAXLINE + 1), "iso-8859-1")
               ^^^^^^^^^^^^^^^^^^^^^^^^^^^^^^
  File "/opt/anaconda3/lib/python3.12/socket.py", line 720, in readinto
    return self._sock.recv_into(b)
           ^^^^^^^^^^^^^^^^^^^^^^^
  File "/opt/anaconda3/lib/python3.12/ssl.py", line 1251, in recv_into
    return self.read(nbytes, buffer)
           ^^^^^^^^^^^^^^^^^^^^^^^^^
  File "/opt/anaconda3/lib/python3.12/ssl.py", line 1103, in read
    return self._sslobj.read(len, buffer)
           ^^^^^^^^^^^^^^^^^^^^^^^^^^^^^^
  File "/Users/sheng/Desktop/Quant/a-stock/.venv/lib/python3.12/site-packages/dagster/_utils/interrupts.py", line 81, in _new_signal_handler
    raise error_cls()
[0m
