[32m2026-02-21 19:47:47 +0800[0m - dagster - [34mDEBUG[0m - __ASSET_JOB - 2ab3056d-a00d-4ad4-857d-85a48b5332f1 - 15121 - LOGS_CAPTURED - Started capturing logs in process (pid: 15121).
[32m2026-02-21 19:47:47 +0800[0m - dagster - [34mDEBUG[0m - __ASSET_JOB - 2ab3056d-a00d-4ad4-857d-85a48b5332f1 - 15121 - Start_Stock_List - STEP_START - Started execution of step "Start_Stock_List".
[32m2026-02-21 19:47:47 +0800[0m - dagster - [34mINFO[0m - __ASSET_JOB - 2ab3056d-a00d-4ad4-857d-85a48b5332f1 - Start_Stock_List - 开始获取A股股票列表...
[32m2026-02-21 19:47:47 +0800[0m - dagster - [34mERROR[0m - [31m__ASSET_JOB - 2ab3056d-a00d-4ad4-857d-85a48b5332f1 - 15121 - Start_Stock_List - STEP_FAILURE - Execution of step "Start_Stock_List" failed.

dagster._core.errors.DagsterExecutionStepExecutionError: Error occurred while executing op "Start_Stock_List"::

_duckdb.IOException: IO Error: Cannot open file "/Users/sheng/Desktop/Quant/a-stock/src/basic/data/a-stock.duckdb": No such file or directory

Stack Trace:
  File "/Users/sheng/Desktop/Quant/a-stock/.venv/lib/python3.12/site-packages/dagster/_core/execution/plan/utils.py", line 57, in op_execution_error_boundary
    yield
  File "/Users/sheng/Desktop/Quant/a-stock/.venv/lib/python3.12/site-packages/dagster/_utils/__init__.py", line 394, in iterate_with_context
    next_output = next(iterator)
                  ^^^^^^^^^^^^^^
  File "/Users/sheng/Desktop/Quant/a-stock/.venv/lib/python3.12/site-packages/dagster/_core/execution/plan/compute_generator.py", line 135, in _coerce_op_compute_fn_to_iterator
    result = invoke_compute_fn(
             ^^^^^^^^^^^^^^^^^^
  File "/Users/sheng/Desktop/Quant/a-stock/.venv/lib/python3.12/site-packages/dagster/_core/execution/plan/compute_generator.py", line 115, in invoke_compute_fn
    return fn(context, **args_to_pass) if context_arg_provided else fn(**args_to_pass)
           ^^^^^^^^^^^^^^^^^^^^^^^^^^^
  File "/Users/sheng/Desktop/Quant/a-stock/src/basic/assets/data_ingestion/start_org.py", line 28, in Start_Stock_List
    db = DuckDBResource()
         ^^^^^^^^^^^^^^^^
  File "/Users/sheng/Desktop/Quant/a-stock/src/basic/resources/duckdb_io.py", line 25, in __new__
    cls._instance._init_connection(db_path)
  File "/Users/sheng/Desktop/Quant/a-stock/src/basic/resources/duckdb_io.py", line 33, in _init_connection
    self._conn = duckdb.connect(db_path)
                 ^^^^^^^^^^^^^^^^^^^^^^^
[0m
