[32m2026-02-21 19:24:41 +0800[0m - dagster - [34mDEBUG[0m - __ASSET_JOB - 3d28ab15-9e30-4e92-99bc-c81adb7765ac - 10312 - LOGS_CAPTURED - Started capturing logs in process (pid: 10312).
[32m2026-02-21 19:24:41 +0800[0m - dagster - [34mDEBUG[0m - __ASSET_JOB - 3d28ab15-9e30-4e92-99bc-c81adb7765ac - 10312 - Start_Stock_List - STEP_START - Started execution of step "Start_Stock_List".
[32m2026-02-21 19:24:41 +0800[0m - dagster - [34mINFO[0m - __ASSET_JOB - 3d28ab15-9e30-4e92-99bc-c81adb7765ac - Start_Stock_List - 开始获取A股股票列表...
[32m2026-02-21 19:24:41 +0800[0m - dagster - [34mERROR[0m - [31m__ASSET_JOB - 3d28ab15-9e30-4e92-99bc-c81adb7765ac - 10312 - Start_Stock_List - STEP_FAILURE - Execution of step "Start_Stock_List" failed.

dagster._core.errors.DagsterExecutionStepExecutionError: Error occurred while executing op "Start_Stock_List"::

AttributeError: 'DuckDBResource' object has no attribute 'reset_database'

Stack Trace:
  File "/Users/sheng/Desktop/Quant/a-stock/.venv/lib/python3.12/site-packages/dagster/_core/execution/plan/utils.py", line 57, in op_execution_error_boundary
    yield
  File "/Users/sheng/Desktop/Quant/a-stock/.venv/lib/python3.12/site-packages/dagster/_utils/__init__.py", line 394, in iterate_with_context
    next_output = next(iterator)
                  ^^^^^^^^^^^^^^
  File "/Users/sheng/Desktop/Quant/a-stock/.venv/lib/python3.12/site-packages/dagster/_core/execution/plan/compute_generator.py", line 135, in _coerce_op_compute_fn_to_iterator
    result = invoke_compute_fn(
             ^^^^^^^^^^^^^^^^^^
  File "/Users/sheng/Desktop/Quant/a-stock/.venv/lib/python3.12/site-packages/dagster/_core/execution/plan/compute_generator.py", line 115, in invoke_compute_fn
    return fn(context, **args_to_pass) if context_arg_provided else fn(**args_to_pass)
           ^^^^^^^^^^^^^^^^^^^^^^^^^^^
  File "/Users/sheng/Desktop/Quant/a-stock/src/basic/assets/data_ingestion/start_org.py", line 30, in Start_Stock_List
    db = db.reset_database(delete_file=True)
         ^^^^^^^^^^^^^^^^^
[0m
