[32m2026-02-20 22:44:59 +0800[0m - dagster - [34mDEBUG[0m - __ASSET_JOB - 34f16371-851f-4fdf-989b-472fa75970ca - 42470 - LOGS_CAPTURED - Started capturing logs in process (pid: 42470).
[32m2026-02-20 22:44:59 +0800[0m - dagster - [34mDEBUG[0m - __ASSET_JOB - 34f16371-851f-4fdf-989b-472fa75970ca - 42470 - First_Basic_Prices - STEP_START - Started execution of step "First_Basic_Prices".
[32m2026-02-20 22:44:59 +0800[0m - dagster - [34mINFO[0m - __ASSET_JOB - 34f16371-851f-4fdf-989b-472fa75970ca - First_Basic_Prices - 开始创建日线数据
[32m2026-02-20 22:44:59 +0800[0m - dagster - [34mINFO[0m - __ASSET_JOB - 34f16371-851f-4fdf-989b-472fa75970ca - First_Basic_Prices - 找到 5838 只股票
[32m2026-02-20 22:44:59 +0800[0m - dagster - [34mINFO[0m - __ASSET_JOB - 34f16371-851f-4fdf-989b-472fa75970ca - First_Basic_Prices - 已有数据截止: 2026-02-13, 从 2026-02-14 开始更新
[32m2026-02-20 22:44:59 +0800[0m - dagster - [34mINFO[0m - __ASSET_JOB - 34f16371-851f-4fdf-989b-472fa75970ca - First_Basic_Prices - 处理批次 1/195
[32m2026-02-20 22:45:11 +0800[0m - dagster - [34mINFO[0m - __ASSET_JOB - 34f16371-851f-4fdf-989b-472fa75970ca - First_Basic_Prices - 处理批次 2/195
[32m2026-02-20 22:45:24 +0800[0m - dagster - [34mINFO[0m - __ASSET_JOB - 34f16371-851f-4fdf-989b-472fa75970ca - First_Basic_Prices - 处理批次 3/195
[32m2026-02-20 22:45:36 +0800[0m - dagster - [34mINFO[0m - __ASSET_JOB - 34f16371-851f-4fdf-989b-472fa75970ca - First_Basic_Prices - 处理批次 4/195
[32m2026-02-20 22:45:49 +0800[0m - dagster - [34mINFO[0m - __ASSET_JOB - 34f16371-851f-4fdf-989b-472fa75970ca - First_Basic_Prices - 处理批次 5/195
[32m2026-02-20 22:46:01 +0800[0m - dagster - [34mINFO[0m - __ASSET_JOB - 34f16371-851f-4fdf-989b-472fa75970ca - First_Basic_Prices - 处理批次 6/195
[32m2026-02-20 22:46:14 +0800[0m - dagster - [34mINFO[0m - __ASSET_JOB - 34f16371-851f-4fdf-989b-472fa75970ca - First_Basic_Prices - 处理批次 7/195
[32m2026-02-20 22:46:30 +0800[0m - dagster - [34mINFO[0m - __ASSET_JOB - 34f16371-851f-4fdf-989b-472fa75970ca - First_Basic_Prices - 处理批次 8/195
[32m2026-02-20 22:46:44 +0800[0m - dagster - [34mINFO[0m - __ASSET_JOB - 34f16371-851f-4fdf-989b-472fa75970ca - First_Basic_Prices - 处理批次 9/195
[32m2026-02-20 22:47:00 +0800[0m - dagster - [34mINFO[0m - __ASSET_JOB - 34f16371-851f-4fdf-989b-472fa75970ca - First_Basic_Prices - 处理批次 10/195
[32m2026-02-20 22:47:13 +0800[0m - dagster - [34mINFO[0m - __ASSET_JOB - 34f16371-851f-4fdf-989b-472fa75970ca - First_Basic_Prices - 处理批次 11/195
[32m2026-02-20 22:47:25 +0800[0m - dagster - [34mINFO[0m - __ASSET_JOB - 34f16371-851f-4fdf-989b-472fa75970ca - First_Basic_Prices - 处理批次 12/195
[32m2026-02-20 22:47:38 +0800[0m - dagster - [34mINFO[0m - __ASSET_JOB - 34f16371-851f-4fdf-989b-472fa75970ca - First_Basic_Prices - 处理批次 13/195
[32m2026-02-20 22:47:50 +0800[0m - dagster - [34mINFO[0m - __ASSET_JOB - 34f16371-851f-4fdf-989b-472fa75970ca - First_Basic_Prices - 处理批次 14/195
[32m2026-02-20 22:48:03 +0800[0m - dagster - [34mINFO[0m - __ASSET_JOB - 34f16371-851f-4fdf-989b-472fa75970ca - First_Basic_Prices - 处理批次 15/195
[32m2026-02-20 22:48:15 +0800[0m - dagster - [34mINFO[0m - __ASSET_JOB - 34f16371-851f-4fdf-989b-472fa75970ca - First_Basic_Prices - 处理批次 16/195
[32m2026-02-20 22:48:31 +0800[0m - dagster - [34mINFO[0m - __ASSET_JOB - 34f16371-851f-4fdf-989b-472fa75970ca - First_Basic_Prices - 处理批次 17/195
[32m2026-02-20 22:48:47 +0800[0m - dagster - [34mINFO[0m - __ASSET_JOB - 34f16371-851f-4fdf-989b-472fa75970ca - First_Basic_Prices - 处理批次 18/195
[32m2026-02-20 22:49:03 +0800[0m - dagster - [34mINFO[0m - __ASSET_JOB - 34f16371-851f-4fdf-989b-472fa75970ca - First_Basic_Prices - 处理批次 19/195
[32m2026-02-20 22:49:17 +0800[0m - dagster - [34mINFO[0m - __ASSET_JOB - 34f16371-851f-4fdf-989b-472fa75970ca - First_Basic_Prices - 处理批次 20/195
[32m2026-02-20 22:49:31 +0800[0m - dagster - [34mINFO[0m - __ASSET_JOB - 34f16371-851f-4fdf-989b-472fa75970ca - First_Basic_Prices - 处理批次 21/195
[32m2026-02-20 22:49:43 +0800[0m - dagster - [34mINFO[0m - __ASSET_JOB - 34f16371-851f-4fdf-989b-472fa75970ca - First_Basic_Prices - 处理批次 22/195
[32m2026-02-20 22:49:56 +0800[0m - dagster - [34mINFO[0m - __ASSET_JOB - 34f16371-851f-4fdf-989b-472fa75970ca - First_Basic_Prices - 处理批次 23/195
[32m2026-02-20 22:50:09 +0800[0m - dagster - [34mINFO[0m - __ASSET_JOB - 34f16371-851f-4fdf-989b-472fa75970ca - First_Basic_Prices - 处理批次 24/195
[32m2026-02-20 22:50:22 +0800[0m - dagster - [34mINFO[0m - __ASSET_JOB - 34f16371-851f-4fdf-989b-472fa75970ca - First_Basic_Prices - 处理批次 25/195
[32m2026-02-20 22:50:36 +0800[0m - dagster - [34mINFO[0m - __ASSET_JOB - 34f16371-851f-4fdf-989b-472fa75970ca - First_Basic_Prices - 处理批次 26/195
[32m2026-02-20 22:50:50 +0800[0m - dagster - [34mINFO[0m - __ASSET_JOB - 34f16371-851f-4fdf-989b-472fa75970ca - First_Basic_Prices - 处理批次 27/195
[32m2026-02-20 22:51:05 +0800[0m - dagster - [34mINFO[0m - __ASSET_JOB - 34f16371-851f-4fdf-989b-472fa75970ca - First_Basic_Prices - 处理批次 28/195
[32m2026-02-20 22:51:22 +0800[0m - dagster - [34mINFO[0m - __ASSET_JOB - 34f16371-851f-4fdf-989b-472fa75970ca - First_Basic_Prices - 处理批次 29/195
[32m2026-02-20 22:51:38 +0800[0m - dagster - [34mINFO[0m - __ASSET_JOB - 34f16371-851f-4fdf-989b-472fa75970ca - First_Basic_Prices - 处理批次 30/195
[32m2026-02-20 22:51:50 +0800[0m - dagster - [34mINFO[0m - __ASSET_JOB - 34f16371-851f-4fdf-989b-472fa75970ca - First_Basic_Prices - 处理批次 31/195
[32m2026-02-20 22:52:02 +0800[0m - dagster - [34mINFO[0m - __ASSET_JOB - 34f16371-851f-4fdf-989b-472fa75970ca - First_Basic_Prices - 处理批次 32/195
[32m2026-02-20 22:52:15 +0800[0m - dagster - [34mINFO[0m - __ASSET_JOB - 34f16371-851f-4fdf-989b-472fa75970ca - First_Basic_Prices - 处理批次 33/195
[32m2026-02-20 22:52:27 +0800[0m - dagster - [34mINFO[0m - __ASSET_JOB - 34f16371-851f-4fdf-989b-472fa75970ca - First_Basic_Prices - 处理批次 34/195
[32m2026-02-20 22:52:40 +0800[0m - dagster - [34mINFO[0m - __ASSET_JOB - 34f16371-851f-4fdf-989b-472fa75970ca - First_Basic_Prices - 处理批次 35/195
[32m2026-02-20 22:52:53 +0800[0m - dagster - [34mINFO[0m - __ASSET_JOB - 34f16371-851f-4fdf-989b-472fa75970ca - First_Basic_Prices - 处理批次 36/195
[32m2026-02-20 22:53:09 +0800[0m - dagster - [34mINFO[0m - __ASSET_JOB - 34f16371-851f-4fdf-989b-472fa75970ca - First_Basic_Prices - 处理批次 37/195
[32m2026-02-20 22:53:25 +0800[0m - dagster - [34mINFO[0m - __ASSET_JOB - 34f16371-851f-4fdf-989b-472fa75970ca - First_Basic_Prices - 处理批次 38/195
[32m2026-02-20 22:53:39 +0800[0m - dagster - [34mINFO[0m - __ASSET_JOB - 34f16371-851f-4fdf-989b-472fa75970ca - First_Basic_Prices - 处理批次 39/195
[32m2026-02-20 22:53:52 +0800[0m - dagster - [34mINFO[0m - __ASSET_JOB - 34f16371-851f-4fdf-989b-472fa75970ca - First_Basic_Prices - 处理批次 40/195
[32m2026-02-20 22:54:07 +0800[0m - dagster - [34mINFO[0m - __ASSET_JOB - 34f16371-851f-4fdf-989b-472fa75970ca - First_Basic_Prices - 处理批次 41/195
[32m2026-02-20 22:54:20 +0800[0m - dagster - [34mINFO[0m - __ASSET_JOB - 34f16371-851f-4fdf-989b-472fa75970ca - First_Basic_Prices - 处理批次 42/195
[32m2026-02-20 22:54:33 +0800[0m - dagster - [34mINFO[0m - __ASSET_JOB - 34f16371-851f-4fdf-989b-472fa75970ca - First_Basic_Prices - 处理批次 43/195
[32m2026-02-20 22:54:45 +0800[0m - dagster - [34mINFO[0m - __ASSET_JOB - 34f16371-851f-4fdf-989b-472fa75970ca - First_Basic_Prices - 处理批次 44/195
[32m2026-02-20 22:54:58 +0800[0m - dagster - [34mINFO[0m - __ASSET_JOB - 34f16371-851f-4fdf-989b-472fa75970ca - First_Basic_Prices - 处理批次 45/195
[32m2026-02-20 22:55:11 +0800[0m - dagster - [34mINFO[0m - __ASSET_JOB - 34f16371-851f-4fdf-989b-472fa75970ca - First_Basic_Prices - 处理批次 46/195
[32m2026-02-20 22:55:23 +0800[0m - dagster - [34mINFO[0m - __ASSET_JOB - 34f16371-851f-4fdf-989b-472fa75970ca - First_Basic_Prices - 处理批次 47/195
[32m2026-02-20 22:55:38 +0800[0m - dagster - [34mINFO[0m - __ASSET_JOB - 34f16371-851f-4fdf-989b-472fa75970ca - First_Basic_Prices - 处理批次 48/195
[32m2026-02-20 22:55:53 +0800[0m - dagster - [34mINFO[0m - __ASSET_JOB - 34f16371-851f-4fdf-989b-472fa75970ca - First_Basic_Prices - 处理批次 49/195
[32m2026-02-20 22:56:06 +0800[0m - dagster - [34mINFO[0m - __ASSET_JOB - 34f16371-851f-4fdf-989b-472fa75970ca - First_Basic_Prices - 处理批次 50/195
[32m2026-02-20 22:56:20 +0800[0m - dagster - [34mINFO[0m - __ASSET_JOB - 34f16371-851f-4fdf-989b-472fa75970ca - First_Basic_Prices - 处理批次 51/195
[32m2026-02-20 22:56:36 +0800[0m - dagster - [34mINFO[0m - __ASSET_JOB - 34f16371-851f-4fdf-989b-472fa75970ca - First_Basic_Prices - 处理批次 52/195
[32m2026-02-20 22:56:51 +0800[0m - dagster - [34mINFO[0m - __ASSET_JOB - 34f16371-851f-4fdf-989b-472fa75970ca - First_Basic_Prices - 处理批次 53/195
[32m2026-02-20 22:57:05 +0800[0m - dagster - [34mINFO[0m - __ASSET_JOB - 34f16371-851f-4fdf-989b-472fa75970ca - First_Basic_Prices - 处理批次 54/195
[32m2026-02-20 22:57:19 +0800[0m - dagster - [34mINFO[0m - __ASSET_JOB - 34f16371-851f-4fdf-989b-472fa75970ca - First_Basic_Prices - 处理批次 55/195
[32m2026-02-20 22:57:35 +0800[0m - dagster - [34mINFO[0m - __ASSET_JOB - 34f16371-851f-4fdf-989b-472fa75970ca - First_Basic_Prices - 处理批次 56/195
[32m2026-02-20 22:57:48 +0800[0m - dagster - [34mINFO[0m - __ASSET_JOB - 34f16371-851f-4fdf-989b-472fa75970ca - First_Basic_Prices - 处理批次 57/195
[32m2026-02-20 22:58:01 +0800[0m - dagster - [34mINFO[0m - __ASSET_JOB - 34f16371-851f-4fdf-989b-472fa75970ca - First_Basic_Prices - 处理批次 58/195
[32m2026-02-20 22:58:13 +0800[0m - dagster - [34mINFO[0m - __ASSET_JOB - 34f16371-851f-4fdf-989b-472fa75970ca - First_Basic_Prices - 处理批次 59/195
[32m2026-02-20 22:58:26 +0800[0m - dagster - [34mINFO[0m - __ASSET_JOB - 34f16371-851f-4fdf-989b-472fa75970ca - First_Basic_Prices - 处理批次 60/195
[32m2026-02-20 22:58:39 +0800[0m - dagster - [34mINFO[0m - __ASSET_JOB - 34f16371-851f-4fdf-989b-472fa75970ca - First_Basic_Prices - 处理批次 61/195
[32m2026-02-20 22:58:51 +0800[0m - dagster - [34mINFO[0m - __ASSET_JOB - 34f16371-851f-4fdf-989b-472fa75970ca - First_Basic_Prices - 处理批次 62/195
[32m2026-02-20 22:59:04 +0800[0m - dagster - [34mINFO[0m - __ASSET_JOB - 34f16371-851f-4fdf-989b-472fa75970ca - First_Basic_Prices - 处理批次 63/195
[32m2026-02-20 22:59:16 +0800[0m - dagster - [34mINFO[0m - __ASSET_JOB - 34f16371-851f-4fdf-989b-472fa75970ca - First_Basic_Prices - 处理批次 64/195
[32m2026-02-20 22:59:29 +0800[0m - dagster - [34mINFO[0m - __ASSET_JOB - 34f16371-851f-4fdf-989b-472fa75970ca - First_Basic_Prices - 处理批次 65/195
[32m2026-02-20 22:59:42 +0800[0m - dagster - [34mINFO[0m - __ASSET_JOB - 34f16371-851f-4fdf-989b-472fa75970ca - First_Basic_Prices - 处理批次 66/195
[32m2026-02-20 22:59:54 +0800[0m - dagster - [34mINFO[0m - __ASSET_JOB - 34f16371-851f-4fdf-989b-472fa75970ca - First_Basic_Prices - 处理批次 67/195
[32m2026-02-20 23:00:07 +0800[0m - dagster - [34mINFO[0m - __ASSET_JOB - 34f16371-851f-4fdf-989b-472fa75970ca - First_Basic_Prices - 处理批次 68/195
[32m2026-02-20 23:00:19 +0800[0m - dagster - [34mINFO[0m - __ASSET_JOB - 34f16371-851f-4fdf-989b-472fa75970ca - First_Basic_Prices - 处理批次 69/195
[32m2026-02-20 23:00:32 +0800[0m - dagster - [34mINFO[0m - __ASSET_JOB - 34f16371-851f-4fdf-989b-472fa75970ca - First_Basic_Prices - 处理批次 70/195
[32m2026-02-20 23:00:44 +0800[0m - dagster - [34mINFO[0m - __ASSET_JOB - 34f16371-851f-4fdf-989b-472fa75970ca - First_Basic_Prices - 处理批次 71/195
[32m2026-02-20 23:00:57 +0800[0m - dagster - [34mINFO[0m - __ASSET_JOB - 34f16371-851f-4fdf-989b-472fa75970ca - First_Basic_Prices - 处理批次 72/195
[32m2026-02-20 23:01:11 +0800[0m - dagster - [34mINFO[0m - __ASSET_JOB - 34f16371-851f-4fdf-989b-472fa75970ca - First_Basic_Prices - 处理批次 73/195
[32m2026-02-20 23:01:24 +0800[0m - dagster - [34mINFO[0m - __ASSET_JOB - 34f16371-851f-4fdf-989b-472fa75970ca - First_Basic_Prices - 处理批次 74/195
[32m2026-02-20 23:01:37 +0800[0m - dagster - [34mINFO[0m - __ASSET_JOB - 34f16371-851f-4fdf-989b-472fa75970ca - First_Basic_Prices - 处理批次 75/195
[32m2026-02-20 23:01:49 +0800[0m - dagster - [34mINFO[0m - __ASSET_JOB - 34f16371-851f-4fdf-989b-472fa75970ca - First_Basic_Prices - 处理批次 76/195
[32m2026-02-20 23:02:02 +0800[0m - dagster - [34mINFO[0m - __ASSET_JOB - 34f16371-851f-4fdf-989b-472fa75970ca - First_Basic_Prices - 处理批次 77/195
[32m2026-02-20 23:02:14 +0800[0m - dagster - [34mINFO[0m - __ASSET_JOB - 34f16371-851f-4fdf-989b-472fa75970ca - First_Basic_Prices - 处理批次 78/195
[32m2026-02-20 23:02:27 +0800[0m - dagster - [34mINFO[0m - __ASSET_JOB - 34f16371-851f-4fdf-989b-472fa75970ca - First_Basic_Prices - 处理批次 79/195
[32m2026-02-20 23:02:39 +0800[0m - dagster - [34mINFO[0m - __ASSET_JOB - 34f16371-851f-4fdf-989b-472fa75970ca - First_Basic_Prices - 处理批次 80/195
[32m2026-02-20 23:02:51 +0800[0m - dagster - [34mINFO[0m - __ASSET_JOB - 34f16371-851f-4fdf-989b-472fa75970ca - First_Basic_Prices - 处理批次 81/195
[32m2026-02-20 23:03:03 +0800[0m - dagster - [34mINFO[0m - __ASSET_JOB - 34f16371-851f-4fdf-989b-472fa75970ca - First_Basic_Prices - 处理批次 82/195
[32m2026-02-20 23:03:15 +0800[0m - dagster - [34mINFO[0m - __ASSET_JOB - 34f16371-851f-4fdf-989b-472fa75970ca - First_Basic_Prices - 处理批次 83/195
[32m2026-02-20 23:03:27 +0800[0m - dagster - [34mINFO[0m - __ASSET_JOB - 34f16371-851f-4fdf-989b-472fa75970ca - First_Basic_Prices - 处理批次 84/195
[32m2026-02-20 23:03:39 +0800[0m - dagster - [34mINFO[0m - __ASSET_JOB - 34f16371-851f-4fdf-989b-472fa75970ca - First_Basic_Prices - 处理批次 85/195
[32m2026-02-20 23:03:51 +0800[0m - dagster - [34mINFO[0m - __ASSET_JOB - 34f16371-851f-4fdf-989b-472fa75970ca - First_Basic_Prices - 处理批次 86/195
[32m2026-02-20 23:04:04 +0800[0m - dagster - [34mINFO[0m - __ASSET_JOB - 34f16371-851f-4fdf-989b-472fa75970ca - First_Basic_Prices - 处理批次 87/195
[32m2026-02-20 23:04:17 +0800[0m - dagster - [34mINFO[0m - __ASSET_JOB - 34f16371-851f-4fdf-989b-472fa75970ca - First_Basic_Prices - 处理批次 88/195
[32m2026-02-20 23:04:30 +0800[0m - dagster - [34mINFO[0m - __ASSET_JOB - 34f16371-851f-4fdf-989b-472fa75970ca - First_Basic_Prices - 处理批次 89/195
[32m2026-02-20 23:04:42 +0800[0m - dagster - [34mINFO[0m - __ASSET_JOB - 34f16371-851f-4fdf-989b-472fa75970ca - First_Basic_Prices - 处理批次 90/195
[32m2026-02-20 23:04:55 +0800[0m - dagster - [34mINFO[0m - __ASSET_JOB - 34f16371-851f-4fdf-989b-472fa75970ca - First_Basic_Prices - 处理批次 91/195
[32m2026-02-20 23:05:08 +0800[0m - dagster - [34mINFO[0m - __ASSET_JOB - 34f16371-851f-4fdf-989b-472fa75970ca - First_Basic_Prices - 处理批次 92/195
[32m2026-02-20 23:05:23 +0800[0m - dagster - [34mINFO[0m - __ASSET_JOB - 34f16371-851f-4fdf-989b-472fa75970ca - First_Basic_Prices - 处理批次 93/195
[32m2026-02-20 23:05:38 +0800[0m - dagster - [34mINFO[0m - __ASSET_JOB - 34f16371-851f-4fdf-989b-472fa75970ca - First_Basic_Prices - 处理批次 94/195
[32m2026-02-20 23:05:52 +0800[0m - dagster - [34mINFO[0m - __ASSET_JOB - 34f16371-851f-4fdf-989b-472fa75970ca - First_Basic_Prices - 处理批次 95/195
[32m2026-02-20 23:06:07 +0800[0m - dagster - [34mINFO[0m - __ASSET_JOB - 34f16371-851f-4fdf-989b-472fa75970ca - First_Basic_Prices - 处理批次 96/195
[32m2026-02-20 23:06:21 +0800[0m - dagster - [34mINFO[0m - __ASSET_JOB - 34f16371-851f-4fdf-989b-472fa75970ca - First_Basic_Prices - 处理批次 97/195
[32m2026-02-20 23:06:34 +0800[0m - dagster - [34mINFO[0m - __ASSET_JOB - 34f16371-851f-4fdf-989b-472fa75970ca - First_Basic_Prices - 处理批次 98/195
[32m2026-02-20 23:06:46 +0800[0m - dagster - [34mINFO[0m - __ASSET_JOB - 34f16371-851f-4fdf-989b-472fa75970ca - First_Basic_Prices - 处理批次 99/195
[32m2026-02-20 23:06:59 +0800[0m - dagster - [34mINFO[0m - __ASSET_JOB - 34f16371-851f-4fdf-989b-472fa75970ca - First_Basic_Prices - 处理批次 100/195
[32m2026-02-20 23:07:12 +0800[0m - dagster - [34mINFO[0m - __ASSET_JOB - 34f16371-851f-4fdf-989b-472fa75970ca - First_Basic_Prices - 处理批次 101/195
[32m2026-02-20 23:07:24 +0800[0m - dagster - [34mINFO[0m - __ASSET_JOB - 34f16371-851f-4fdf-989b-472fa75970ca - First_Basic_Prices - 处理批次 102/195
[32m2026-02-20 23:07:37 +0800[0m - dagster - [34mINFO[0m - __ASSET_JOB - 34f16371-851f-4fdf-989b-472fa75970ca - First_Basic_Prices - 处理批次 103/195
[32m2026-02-20 23:07:50 +0800[0m - dagster - [34mINFO[0m - __ASSET_JOB - 34f16371-851f-4fdf-989b-472fa75970ca - First_Basic_Prices - 处理批次 104/195
[32m2026-02-20 23:08:02 +0800[0m - dagster - [34mINFO[0m - __ASSET_JOB - 34f16371-851f-4fdf-989b-472fa75970ca - First_Basic_Prices - 处理批次 105/195
[32m2026-02-20 23:08:15 +0800[0m - dagster - [34mINFO[0m - __ASSET_JOB - 34f16371-851f-4fdf-989b-472fa75970ca - First_Basic_Prices - 处理批次 106/195
[32m2026-02-20 23:08:28 +0800[0m - dagster - [34mINFO[0m - __ASSET_JOB - 34f16371-851f-4fdf-989b-472fa75970ca - First_Basic_Prices - 处理批次 107/195
[32m2026-02-20 23:08:40 +0800[0m - dagster - [34mINFO[0m - __ASSET_JOB - 34f16371-851f-4fdf-989b-472fa75970ca - First_Basic_Prices - 处理批次 108/195
[32m2026-02-20 23:08:53 +0800[0m - dagster - [34mINFO[0m - __ASSET_JOB - 34f16371-851f-4fdf-989b-472fa75970ca - First_Basic_Prices - 处理批次 109/195
[32m2026-02-20 23:09:06 +0800[0m - dagster - [34mINFO[0m - __ASSET_JOB - 34f16371-851f-4fdf-989b-472fa75970ca - First_Basic_Prices - 处理批次 110/195
[32m2026-02-20 23:09:19 +0800[0m - dagster - [34mINFO[0m - __ASSET_JOB - 34f16371-851f-4fdf-989b-472fa75970ca - First_Basic_Prices - 处理批次 111/195
[32m2026-02-20 23:09:32 +0800[0m - dagster - [34mINFO[0m - __ASSET_JOB - 34f16371-851f-4fdf-989b-472fa75970ca - First_Basic_Prices - 处理批次 112/195
[32m2026-02-20 23:09:45 +0800[0m - dagster - [34mINFO[0m - __ASSET_JOB - 34f16371-851f-4fdf-989b-472fa75970ca - First_Basic_Prices - 处理批次 113/195
[32m2026-02-20 23:09:59 +0800[0m - dagster - [34mINFO[0m - __ASSET_JOB - 34f16371-851f-4fdf-989b-472fa75970ca - First_Basic_Prices - 处理批次 114/195
[32m2026-02-20 23:10:12 +0800[0m - dagster - [34mINFO[0m - __ASSET_JOB - 34f16371-851f-4fdf-989b-472fa75970ca - First_Basic_Prices - 处理批次 115/195
[32m2026-02-20 23:10:25 +0800[0m - dagster - [34mINFO[0m - __ASSET_JOB - 34f16371-851f-4fdf-989b-472fa75970ca - First_Basic_Prices - 处理批次 116/195
[32m2026-02-20 23:10:38 +0800[0m - dagster - [34mINFO[0m - __ASSET_JOB - 34f16371-851f-4fdf-989b-472fa75970ca - First_Basic_Prices - 处理批次 117/195
[32m2026-02-20 23:10:51 +0800[0m - dagster - [34mINFO[0m - __ASSET_JOB - 34f16371-851f-4fdf-989b-472fa75970ca - First_Basic_Prices - 处理批次 118/195
[32m2026-02-20 23:11:04 +0800[0m - dagster - [34mINFO[0m - __ASSET_JOB - 34f16371-851f-4fdf-989b-472fa75970ca - First_Basic_Prices - 处理批次 119/195
[32m2026-02-20 23:11:18 +0800[0m - dagster - [34mINFO[0m - __ASSET_JOB - 34f16371-851f-4fdf-989b-472fa75970ca - First_Basic_Prices - 处理批次 120/195
[32m2026-02-20 23:11:31 +0800[0m - dagster - [34mINFO[0m - __ASSET_JOB - 34f16371-851f-4fdf-989b-472fa75970ca - First_Basic_Prices - 处理批次 121/195
[32m2026-02-20 23:11:45 +0800[0m - dagster - [34mINFO[0m - __ASSET_JOB - 34f16371-851f-4fdf-989b-472fa75970ca - First_Basic_Prices - 处理批次 122/195
[32m2026-02-20 23:11:58 +0800[0m - dagster - [34mINFO[0m - __ASSET_JOB - 34f16371-851f-4fdf-989b-472fa75970ca - First_Basic_Prices - 处理批次 123/195
[32m2026-02-20 23:12:11 +0800[0m - dagster - [34mINFO[0m - __ASSET_JOB - 34f16371-851f-4fdf-989b-472fa75970ca - First_Basic_Prices - 处理批次 124/195
[32m2026-02-20 23:12:24 +0800[0m - dagster - [34mINFO[0m - __ASSET_JOB - 34f16371-851f-4fdf-989b-472fa75970ca - First_Basic_Prices - 处理批次 125/195
[32m2026-02-20 23:12:37 +0800[0m - dagster - [34mINFO[0m - __ASSET_JOB - 34f16371-851f-4fdf-989b-472fa75970ca - First_Basic_Prices - 处理批次 126/195
[32m2026-02-20 23:12:50 +0800[0m - dagster - [34mINFO[0m - __ASSET_JOB - 34f16371-851f-4fdf-989b-472fa75970ca - First_Basic_Prices - 处理批次 127/195
[32m2026-02-20 23:13:02 +0800[0m - dagster - [34mINFO[0m - __ASSET_JOB - 34f16371-851f-4fdf-989b-472fa75970ca - First_Basic_Prices - 处理批次 128/195
[32m2026-02-20 23:13:15 +0800[0m - dagster - [34mINFO[0m - __ASSET_JOB - 34f16371-851f-4fdf-989b-472fa75970ca - First_Basic_Prices - 处理批次 129/195
[32m2026-02-20 23:13:28 +0800[0m - dagster - [34mINFO[0m - __ASSET_JOB - 34f16371-851f-4fdf-989b-472fa75970ca - First_Basic_Prices - 处理批次 130/195
[32m2026-02-20 23:13:40 +0800[0m - dagster - [34mINFO[0m - __ASSET_JOB - 34f16371-851f-4fdf-989b-472fa75970ca - First_Basic_Prices - 处理批次 131/195
[32m2026-02-20 23:13:53 +0800[0m - dagster - [34mINFO[0m - __ASSET_JOB - 34f16371-851f-4fdf-989b-472fa75970ca - First_Basic_Prices - 处理批次 132/195
[32m2026-02-20 23:14:06 +0800[0m - dagster - [34mINFO[0m - __ASSET_JOB - 34f16371-851f-4fdf-989b-472fa75970ca - First_Basic_Prices - 处理批次 133/195
[32m2026-02-20 23:14:18 +0800[0m - dagster - [34mINFO[0m - __ASSET_JOB - 34f16371-851f-4fdf-989b-472fa75970ca - First_Basic_Prices - 处理批次 134/195
[32m2026-02-20 23:14:31 +0800[0m - dagster - [34mINFO[0m - __ASSET_JOB - 34f16371-851f-4fdf-989b-472fa75970ca - First_Basic_Prices - 处理批次 135/195
[32m2026-02-20 23:14:44 +0800[0m - dagster - [34mINFO[0m - __ASSET_JOB - 34f16371-851f-4fdf-989b-472fa75970ca - First_Basic_Prices - 处理批次 136/195
[32m2026-02-20 23:14:57 +0800[0m - dagster - [34mINFO[0m - __ASSET_JOB - 34f16371-851f-4fdf-989b-472fa75970ca - First_Basic_Prices - 处理批次 137/195
[32m2026-02-20 23:15:10 +0800[0m - dagster - [34mINFO[0m - __ASSET_JOB - 34f16371-851f-4fdf-989b-472fa75970ca - First_Basic_Prices - 处理批次 138/195
[32m2026-02-20 23:15:23 +0800[0m - dagster - [34mINFO[0m - __ASSET_JOB - 34f16371-851f-4fdf-989b-472fa75970ca - First_Basic_Prices - 处理批次 139/195
[32m2026-02-20 23:15:36 +0800[0m - dagster - [34mINFO[0m - __ASSET_JOB - 34f16371-851f-4fdf-989b-472fa75970ca - First_Basic_Prices - 处理批次 140/195
[32m2026-02-20 23:15:49 +0800[0m - dagster - [34mINFO[0m - __ASSET_JOB - 34f16371-851f-4fdf-989b-472fa75970ca - First_Basic_Prices - 处理批次 141/195
[32m2026-02-20 23:16:02 +0800[0m - dagster - [34mINFO[0m - __ASSET_JOB - 34f16371-851f-4fdf-989b-472fa75970ca - First_Basic_Prices - 处理批次 142/195
[32m2026-02-20 23:16:14 +0800[0m - dagster - [34mINFO[0m - __ASSET_JOB - 34f16371-851f-4fdf-989b-472fa75970ca - First_Basic_Prices - 处理批次 143/195
[32m2026-02-20 23:16:27 +0800[0m - dagster - [34mINFO[0m - __ASSET_JOB - 34f16371-851f-4fdf-989b-472fa75970ca - First_Basic_Prices - 处理批次 144/195
[32m2026-02-20 23:16:39 +0800[0m - dagster - [34mINFO[0m - __ASSET_JOB - 34f16371-851f-4fdf-989b-472fa75970ca - First_Basic_Prices - 处理批次 145/195
[32m2026-02-20 23:16:52 +0800[0m - dagster - [34mINFO[0m - __ASSET_JOB - 34f16371-851f-4fdf-989b-472fa75970ca - First_Basic_Prices - 处理批次 146/195
[32m2026-02-20 23:17:05 +0800[0m - dagster - [34mINFO[0m - __ASSET_JOB - 34f16371-851f-4fdf-989b-472fa75970ca - First_Basic_Prices - 处理批次 147/195
[32m2026-02-20 23:17:17 +0800[0m - dagster - [34mINFO[0m - __ASSET_JOB - 34f16371-851f-4fdf-989b-472fa75970ca - First_Basic_Prices - 处理批次 148/195
[32m2026-02-20 23:17:30 +0800[0m - dagster - [34mINFO[0m - __ASSET_JOB - 34f16371-851f-4fdf-989b-472fa75970ca - First_Basic_Prices - 处理批次 149/195
[32m2026-02-20 23:17:42 +0800[0m - dagster - [34mINFO[0m - __ASSET_JOB - 34f16371-851f-4fdf-989b-472fa75970ca - First_Basic_Prices - 处理批次 150/195
[32m2026-02-20 23:17:55 +0800[0m - dagster - [34mINFO[0m - __ASSET_JOB - 34f16371-851f-4fdf-989b-472fa75970ca - First_Basic_Prices - 处理批次 151/195
[32m2026-02-20 23:18:07 +0800[0m - dagster - [34mINFO[0m - __ASSET_JOB - 34f16371-851f-4fdf-989b-472fa75970ca - First_Basic_Prices - 处理批次 152/195
[32m2026-02-20 23:18:20 +0800[0m - dagster - [34mINFO[0m - __ASSET_JOB - 34f16371-851f-4fdf-989b-472fa75970ca - First_Basic_Prices - 处理批次 153/195
[32m2026-02-20 23:18:33 +0800[0m - dagster - [34mINFO[0m - __ASSET_JOB - 34f16371-851f-4fdf-989b-472fa75970ca - First_Basic_Prices - 处理批次 154/195
[32m2026-02-20 23:18:45 +0800[0m - dagster - [34mINFO[0m - __ASSET_JOB - 34f16371-851f-4fdf-989b-472fa75970ca - First_Basic_Prices - 处理批次 155/195
[32m2026-02-20 23:18:58 +0800[0m - dagster - [34mINFO[0m - __ASSET_JOB - 34f16371-851f-4fdf-989b-472fa75970ca - First_Basic_Prices - 处理批次 156/195
[32m2026-02-20 23:19:10 +0800[0m - dagster - [34mINFO[0m - __ASSET_JOB - 34f16371-851f-4fdf-989b-472fa75970ca - First_Basic_Prices - 处理批次 157/195
[32m2026-02-20 23:19:23 +0800[0m - dagster - [34mINFO[0m - __ASSET_JOB - 34f16371-851f-4fdf-989b-472fa75970ca - First_Basic_Prices - 处理批次 158/195
[32m2026-02-20 23:19:36 +0800[0m - dagster - [34mINFO[0m - __ASSET_JOB - 34f16371-851f-4fdf-989b-472fa75970ca - First_Basic_Prices - 处理批次 159/195
[32m2026-02-20 23:19:48 +0800[0m - dagster - [34mINFO[0m - __ASSET_JOB - 34f16371-851f-4fdf-989b-472fa75970ca - First_Basic_Prices - 处理批次 160/195
[32m2026-02-20 23:20:01 +0800[0m - dagster - [34mINFO[0m - __ASSET_JOB - 34f16371-851f-4fdf-989b-472fa75970ca - First_Basic_Prices - 处理批次 161/195
[32m2026-02-20 23:20:14 +0800[0m - dagster - [34mINFO[0m - __ASSET_JOB - 34f16371-851f-4fdf-989b-472fa75970ca - First_Basic_Prices - 处理批次 162/195
[32m2026-02-20 23:20:26 +0800[0m - dagster - [34mINFO[0m - __ASSET_JOB - 34f16371-851f-4fdf-989b-472fa75970ca - First_Basic_Prices - 处理批次 163/195
[32m2026-02-20 23:20:39 +0800[0m - dagster - [34mINFO[0m - __ASSET_JOB - 34f16371-851f-4fdf-989b-472fa75970ca - First_Basic_Prices - 处理批次 164/195
[32m2026-02-20 23:20:51 +0800[0m - dagster - [34mINFO[0m - __ASSET_JOB - 34f16371-851f-4fdf-989b-472fa75970ca - First_Basic_Prices - 处理批次 165/195
[32m2026-02-20 23:21:04 +0800[0m - dagster - [34mINFO[0m - __ASSET_JOB - 34f16371-851f-4fdf-989b-472fa75970ca - First_Basic_Prices - 处理批次 166/195
[32m2026-02-20 23:21:17 +0800[0m - dagster - [34mINFO[0m - __ASSET_JOB - 34f16371-851f-4fdf-989b-472fa75970ca - First_Basic_Prices - 处理批次 167/195
[32m2026-02-20 23:21:29 +0800[0m - dagster - [34mINFO[0m - __ASSET_JOB - 34f16371-851f-4fdf-989b-472fa75970ca - First_Basic_Prices - 处理批次 168/195
[32m2026-02-20 23:21:42 +0800[0m - dagster - [34mINFO[0m - __ASSET_JOB - 34f16371-851f-4fdf-989b-472fa75970ca - First_Basic_Prices - 处理批次 169/195
[32m2026-02-20 23:21:55 +0800[0m - dagster - [34mINFO[0m - __ASSET_JOB - 34f16371-851f-4fdf-989b-472fa75970ca - First_Basic_Prices - 处理批次 170/195
[32m2026-02-20 23:22:07 +0800[0m - dagster - [34mINFO[0m - __ASSET_JOB - 34f16371-851f-4fdf-989b-472fa75970ca - First_Basic_Prices - 处理批次 171/195
[32m2026-02-20 23:22:19 +0800[0m - dagster - [34mINFO[0m - __ASSET_JOB - 34f16371-851f-4fdf-989b-472fa75970ca - First_Basic_Prices - 处理批次 172/195
[32m2026-02-20 23:22:32 +0800[0m - dagster - [34mINFO[0m - __ASSET_JOB - 34f16371-851f-4fdf-989b-472fa75970ca - First_Basic_Prices - 处理批次 173/195
[32m2026-02-20 23:22:44 +0800[0m - dagster - [34mINFO[0m - __ASSET_JOB - 34f16371-851f-4fdf-989b-472fa75970ca - First_Basic_Prices - 处理批次 174/195
[32m2026-02-20 23:22:57 +0800[0m - dagster - [34mINFO[0m - __ASSET_JOB - 34f16371-851f-4fdf-989b-472fa75970ca - First_Basic_Prices - 处理批次 175/195
[32m2026-02-20 23:23:09 +0800[0m - dagster - [34mINFO[0m - __ASSET_JOB - 34f16371-851f-4fdf-989b-472fa75970ca - First_Basic_Prices - 处理批次 176/195
[32m2026-02-20 23:23:21 +0800[0m - dagster - [34mINFO[0m - __ASSET_JOB - 34f16371-851f-4fdf-989b-472fa75970ca - First_Basic_Prices - 处理批次 177/195
[32m2026-02-20 23:23:34 +0800[0m - dagster - [34mINFO[0m - __ASSET_JOB - 34f16371-851f-4fdf-989b-472fa75970ca - First_Basic_Prices - 处理批次 178/195
[32m2026-02-20 23:23:46 +0800[0m - dagster - [34mINFO[0m - __ASSET_JOB - 34f16371-851f-4fdf-989b-472fa75970ca - First_Basic_Prices - 处理批次 179/195
[32m2026-02-20 23:23:59 +0800[0m - dagster - [34mINFO[0m - __ASSET_JOB - 34f16371-851f-4fdf-989b-472fa75970ca - First_Basic_Prices - 处理批次 180/195
[32m2026-02-20 23:24:11 +0800[0m - dagster - [34mINFO[0m - __ASSET_JOB - 34f16371-851f-4fdf-989b-472fa75970ca - First_Basic_Prices - 处理批次 181/195
[32m2026-02-20 23:24:23 +0800[0m - dagster - [34mINFO[0m - __ASSET_JOB - 34f16371-851f-4fdf-989b-472fa75970ca - First_Basic_Prices - 处理批次 182/195
[32m2026-02-20 23:24:36 +0800[0m - dagster - [34mINFO[0m - __ASSET_JOB - 34f16371-851f-4fdf-989b-472fa75970ca - First_Basic_Prices - 处理批次 183/195
[32m2026-02-20 23:24:49 +0800[0m - dagster - [34mINFO[0m - __ASSET_JOB - 34f16371-851f-4fdf-989b-472fa75970ca - First_Basic_Prices - 处理批次 184/195
[32m2026-02-20 23:25:02 +0800[0m - dagster - [34mINFO[0m - __ASSET_JOB - 34f16371-851f-4fdf-989b-472fa75970ca - First_Basic_Prices - 处理批次 185/195
[32m2026-02-20 23:25:15 +0800[0m - dagster - [34mINFO[0m - __ASSET_JOB - 34f16371-851f-4fdf-989b-472fa75970ca - First_Basic_Prices - 处理批次 186/195
[32m2026-02-20 23:25:28 +0800[0m - dagster - [34mINFO[0m - __ASSET_JOB - 34f16371-851f-4fdf-989b-472fa75970ca - First_Basic_Prices - 处理批次 187/195
[32m2026-02-20 23:25:41 +0800[0m - dagster - [34mINFO[0m - __ASSET_JOB - 34f16371-851f-4fdf-989b-472fa75970ca - First_Basic_Prices - 处理批次 188/195
[32m2026-02-20 23:25:54 +0800[0m - dagster - [34mINFO[0m - __ASSET_JOB - 34f16371-851f-4fdf-989b-472fa75970ca - First_Basic_Prices - 处理批次 189/195
[32m2026-02-20 23:26:07 +0800[0m - dagster - [34mINFO[0m - __ASSET_JOB - 34f16371-851f-4fdf-989b-472fa75970ca - First_Basic_Prices - 处理批次 190/195
[32m2026-02-20 23:26:20 +0800[0m - dagster - [34mINFO[0m - __ASSET_JOB - 34f16371-851f-4fdf-989b-472fa75970ca - First_Basic_Prices - 处理批次 191/195
[32m2026-02-20 23:26:33 +0800[0m - dagster - [34mINFO[0m - __ASSET_JOB - 34f16371-851f-4fdf-989b-472fa75970ca - First_Basic_Prices - 处理批次 192/195
[32m2026-02-20 23:26:46 +0800[0m - dagster - [34mINFO[0m - __ASSET_JOB - 34f16371-851f-4fdf-989b-472fa75970ca - First_Basic_Prices - 处理批次 193/195
[32m2026-02-20 23:26:59 +0800[0m - dagster - [34mINFO[0m - __ASSET_JOB - 34f16371-851f-4fdf-989b-472fa75970ca - First_Basic_Prices - 处理批次 194/195
[32m2026-02-20 23:27:11 +0800[0m - dagster - [34mINFO[0m - __ASSET_JOB - 34f16371-851f-4fdf-989b-472fa75970ca - First_Basic_Prices - 处理批次 195/195
[32m2026-02-20 23:27:19 +0800[0m - dagster - [34mINFO[0m - __ASSET_JOB - 34f16371-851f-4fdf-989b-472fa75970ca - First_Basic_Prices - 
        ========== 日线数据更新完成 ==========
        本次更新:
          - 成功获取股票数: 0
          - 新增数据行数: 0
          - 失败股票数: 0
        
        总体统计:
          - 总股票数: 2020-01-02
          - 总数据行数: 26
          - 日期范围: 2026-02-13 至 36037
        
        失败股票列表: 无
        ======================================
        
[32m2026-02-20 23:27:19 +0800[0m - dagster - [34mERROR[0m - [31m__ASSET_JOB - 34f16371-851f-4fdf-989b-472fa75970ca - 42470 - First_Basic_Prices - STEP_FAILURE - Execution of step "First_Basic_Prices" failed.

dagster._core.errors.DagsterExecutionStepExecutionError: Error occurred while executing op "First_Basic_Prices"::

dagster_shared.check.functions.ParameterCheckError: Param "value" is not a int. Got datetime.date(2020, 1, 2) which is type <class 'datetime.date'>.

Stack Trace:
  File "/Users/sheng/Desktop/Quant/a-stock/.venv/lib/python3.12/site-packages/dagster/_core/execution/plan/utils.py", line 57, in op_execution_error_boundary
    yield
  File "/Users/sheng/Desktop/Quant/a-stock/.venv/lib/python3.12/site-packages/dagster/_utils/__init__.py", line 394, in iterate_with_context
    next_output = next(iterator)
                  ^^^^^^^^^^^^^^
  File "/Users/sheng/Desktop/Quant/a-stock/.venv/lib/python3.12/site-packages/dagster/_core/execution/plan/compute_generator.py", line 135, in _coerce_op_compute_fn_to_iterator
    result = invoke_compute_fn(
             ^^^^^^^^^^^^^^^^^^
  File "/Users/sheng/Desktop/Quant/a-stock/.venv/lib/python3.12/site-packages/dagster/_core/execution/plan/compute_generator.py", line 115, in invoke_compute_fn
    return fn(context, **args_to_pass) if context_arg_provided else fn(**args_to_pass)
           ^^^^^^^^^^^^^^^^^^^^^^^^^^^
  File "/Users/sheng/Desktop/Quant/a-stock/src/basic/assets/data_ingestion/data_ingestion_first_time.py", line 457, in First_Basic_Prices
    "total_stocks_in_db": dg.MetadataValue.int(final_stats[0]),
                          ^^^^^^^^^^^^^^^^^^^^^^^^^^^^^^^^^^^^
  File "/Users/sheng/Desktop/Quant/a-stock/.venv/lib/python3.12/site-packages/dagster/_core/definitions/metadata/metadata_value.py", line 283, in int
    return IntMetadataValue(value)
           ^^^^^^^^^^^^^^^^^^^^^^^
  File "<string>", line 7, in __checked_new__
  File "/Users/sheng/Desktop/Quant/a-stock/.venv/lib/python3.12/site-packages/dagster_shared/check/functions.py", line 585, in opt_int_param
    raise _param_type_mismatch_exception(obj, int, param_name, additional_message)
[0m
