[32m2026-02-21 02:16:21 +0800[0m - dagster - [34mDEBUG[0m - __ASSET_JOB - 33f5b07a-7ce5-4e33-a48c-2f78e22753e6 - 81574 - LOGS_CAPTURED - Started capturing logs in process (pid: 81574).
[32m2026-02-21 02:16:21 +0800[0m - dagster - [34mDEBUG[0m - __ASSET_JOB - 33f5b07a-7ce5-4e33-a48c-2f78e22753e6 - 81574 - Start_Basic_Prices - STEP_START - Started execution of step "Start_Basic_Prices".
[32m2026-02-21 02:16:21 +0800[0m - dagster - [34mINFO[0m - __ASSET_JOB - 33f5b07a-7ce5-4e33-a48c-2f78e22753e6 - Start_Basic_Prices - 开始创建日线数据
[32m2026-02-21 02:16:21 +0800[0m - dagster - [34mINFO[0m - __ASSET_JOB - 33f5b07a-7ce5-4e33-a48c-2f78e22753e6 - Start_Basic_Prices - 找到 5838 只股票
[32m2026-02-21 02:16:21 +0800[0m - dagster - [34mINFO[0m - __ASSET_JOB - 33f5b07a-7ce5-4e33-a48c-2f78e22753e6 - Start_Basic_Prices - 无历史数据，从 20200101 开始获取
[32m2026-02-21 02:16:21 +0800[0m - dagster - [34mINFO[0m - __ASSET_JOB - 33f5b07a-7ce5-4e33-a48c-2f78e22753e6 - Start_Basic_Prices - 处理批次 1/117
[32m2026-02-21 02:16:40 +0800[0m - dagster - [34mINFO[0m - __ASSET_JOB - 33f5b07a-7ce5-4e33-a48c-2f78e22753e6 - Start_Basic_Prices - 处理批次 2/117
[32m2026-02-21 02:16:59 +0800[0m - dagster - [34mINFO[0m - __ASSET_JOB - 33f5b07a-7ce5-4e33-a48c-2f78e22753e6 - Start_Basic_Prices - 处理批次 3/117
[32m2026-02-21 02:17:19 +0800[0m - dagster - [34mINFO[0m - __ASSET_JOB - 33f5b07a-7ce5-4e33-a48c-2f78e22753e6 - Start_Basic_Prices - 处理批次 4/117
[32m2026-02-21 02:17:39 +0800[0m - dagster - [34mINFO[0m - __ASSET_JOB - 33f5b07a-7ce5-4e33-a48c-2f78e22753e6 - Start_Basic_Prices - 处理批次 5/117
[32m2026-02-21 02:17:59 +0800[0m - dagster - [34mINFO[0m - __ASSET_JOB - 33f5b07a-7ce5-4e33-a48c-2f78e22753e6 - Start_Basic_Prices - 处理批次 6/117
[32m2026-02-21 02:18:19 +0800[0m - dagster - [34mINFO[0m - __ASSET_JOB - 33f5b07a-7ce5-4e33-a48c-2f78e22753e6 - Start_Basic_Prices - 处理批次 7/117
[32m2026-02-21 02:18:39 +0800[0m - dagster - [34mINFO[0m - __ASSET_JOB - 33f5b07a-7ce5-4e33-a48c-2f78e22753e6 - Start_Basic_Prices - 处理批次 8/117
[32m2026-02-21 02:18:58 +0800[0m - dagster - [34mINFO[0m - __ASSET_JOB - 33f5b07a-7ce5-4e33-a48c-2f78e22753e6 - Start_Basic_Prices - 处理批次 9/117
[32m2026-02-21 02:19:17 +0800[0m - dagster - [34mINFO[0m - __ASSET_JOB - 33f5b07a-7ce5-4e33-a48c-2f78e22753e6 - Start_Basic_Prices - 处理批次 10/117
[32m2026-02-21 02:19:37 +0800[0m - dagster - [34mINFO[0m - __ASSET_JOB - 33f5b07a-7ce5-4e33-a48c-2f78e22753e6 - Start_Basic_Prices - 处理批次 11/117
[32m2026-02-21 02:19:56 +0800[0m - dagster - [34mINFO[0m - __ASSET_JOB - 33f5b07a-7ce5-4e33-a48c-2f78e22753e6 - Start_Basic_Prices - 处理批次 12/117
[32m2026-02-21 02:20:16 +0800[0m - dagster - [34mINFO[0m - __ASSET_JOB - 33f5b07a-7ce5-4e33-a48c-2f78e22753e6 - Start_Basic_Prices - 处理批次 13/117
[32m2026-02-21 02:20:35 +0800[0m - dagster - [34mINFO[0m - __ASSET_JOB - 33f5b07a-7ce5-4e33-a48c-2f78e22753e6 - Start_Basic_Prices - 处理批次 14/117
[32m2026-02-21 02:20:55 +0800[0m - dagster - [34mINFO[0m - __ASSET_JOB - 33f5b07a-7ce5-4e33-a48c-2f78e22753e6 - Start_Basic_Prices - 处理批次 15/117
[32m2026-02-21 02:21:14 +0800[0m - dagster - [34mINFO[0m - __ASSET_JOB - 33f5b07a-7ce5-4e33-a48c-2f78e22753e6 - Start_Basic_Prices - 处理批次 16/117
[32m2026-02-21 02:21:33 +0800[0m - dagster - [34mINFO[0m - __ASSET_JOB - 33f5b07a-7ce5-4e33-a48c-2f78e22753e6 - Start_Basic_Prices - 处理批次 17/117
[32m2026-02-21 02:21:52 +0800[0m - dagster - [34mINFO[0m - __ASSET_JOB - 33f5b07a-7ce5-4e33-a48c-2f78e22753e6 - Start_Basic_Prices - 处理批次 18/117
[32m2026-02-21 02:22:12 +0800[0m - dagster - [34mINFO[0m - __ASSET_JOB - 33f5b07a-7ce5-4e33-a48c-2f78e22753e6 - Start_Basic_Prices - 处理批次 19/117
[32m2026-02-21 02:22:31 +0800[0m - dagster - [34mINFO[0m - __ASSET_JOB - 33f5b07a-7ce5-4e33-a48c-2f78e22753e6 - Start_Basic_Prices - 处理批次 20/117
[32m2026-02-21 02:22:50 +0800[0m - dagster - [34mINFO[0m - __ASSET_JOB - 33f5b07a-7ce5-4e33-a48c-2f78e22753e6 - Start_Basic_Prices - 处理批次 21/117
[32m2026-02-21 02:23:09 +0800[0m - dagster - [34mINFO[0m - __ASSET_JOB - 33f5b07a-7ce5-4e33-a48c-2f78e22753e6 - Start_Basic_Prices - 处理批次 22/117
[32m2026-02-21 02:23:28 +0800[0m - dagster - [34mINFO[0m - __ASSET_JOB - 33f5b07a-7ce5-4e33-a48c-2f78e22753e6 - Start_Basic_Prices - 处理批次 23/117
[32m2026-02-21 02:23:49 +0800[0m - dagster - [34mINFO[0m - __ASSET_JOB - 33f5b07a-7ce5-4e33-a48c-2f78e22753e6 - Start_Basic_Prices - 处理批次 24/117
[32m2026-02-21 02:24:09 +0800[0m - dagster - [34mINFO[0m - __ASSET_JOB - 33f5b07a-7ce5-4e33-a48c-2f78e22753e6 - Start_Basic_Prices - 处理批次 25/117
[32m2026-02-21 02:24:29 +0800[0m - dagster - [34mINFO[0m - __ASSET_JOB - 33f5b07a-7ce5-4e33-a48c-2f78e22753e6 - Start_Basic_Prices - 处理批次 26/117
[32m2026-02-21 02:24:49 +0800[0m - dagster - [34mINFO[0m - __ASSET_JOB - 33f5b07a-7ce5-4e33-a48c-2f78e22753e6 - Start_Basic_Prices - 处理批次 27/117
[32m2026-02-21 02:25:09 +0800[0m - dagster - [34mINFO[0m - __ASSET_JOB - 33f5b07a-7ce5-4e33-a48c-2f78e22753e6 - Start_Basic_Prices - 处理批次 28/117
[32m2026-02-21 02:25:28 +0800[0m - dagster - [34mINFO[0m - __ASSET_JOB - 33f5b07a-7ce5-4e33-a48c-2f78e22753e6 - Start_Basic_Prices - 处理批次 29/117
[32m2026-02-21 02:25:47 +0800[0m - dagster - [34mINFO[0m - __ASSET_JOB - 33f5b07a-7ce5-4e33-a48c-2f78e22753e6 - Start_Basic_Prices - 处理批次 30/117
[32m2026-02-21 02:26:07 +0800[0m - dagster - [34mINFO[0m - __ASSET_JOB - 33f5b07a-7ce5-4e33-a48c-2f78e22753e6 - Start_Basic_Prices - 处理批次 31/117
[32m2026-02-21 02:26:27 +0800[0m - dagster - [34mINFO[0m - __ASSET_JOB - 33f5b07a-7ce5-4e33-a48c-2f78e22753e6 - Start_Basic_Prices - 处理批次 32/117
[32m2026-02-21 02:26:47 +0800[0m - dagster - [34mINFO[0m - __ASSET_JOB - 33f5b07a-7ce5-4e33-a48c-2f78e22753e6 - Start_Basic_Prices - 处理批次 33/117
[32m2026-02-21 02:27:07 +0800[0m - dagster - [34mINFO[0m - __ASSET_JOB - 33f5b07a-7ce5-4e33-a48c-2f78e22753e6 - Start_Basic_Prices - 处理批次 34/117
[32m2026-02-21 02:27:27 +0800[0m - dagster - [34mINFO[0m - __ASSET_JOB - 33f5b07a-7ce5-4e33-a48c-2f78e22753e6 - Start_Basic_Prices - 处理批次 35/117
[32m2026-02-21 02:27:47 +0800[0m - dagster - [34mINFO[0m - __ASSET_JOB - 33f5b07a-7ce5-4e33-a48c-2f78e22753e6 - Start_Basic_Prices - 处理批次 36/117
[32m2026-02-21 02:28:07 +0800[0m - dagster - [34mINFO[0m - __ASSET_JOB - 33f5b07a-7ce5-4e33-a48c-2f78e22753e6 - Start_Basic_Prices - 处理批次 37/117
[32m2026-02-21 02:28:27 +0800[0m - dagster - [34mINFO[0m - __ASSET_JOB - 33f5b07a-7ce5-4e33-a48c-2f78e22753e6 - Start_Basic_Prices - 处理批次 38/117
[32m2026-02-21 02:28:47 +0800[0m - dagster - [34mINFO[0m - __ASSET_JOB - 33f5b07a-7ce5-4e33-a48c-2f78e22753e6 - Start_Basic_Prices - 处理批次 39/117
[32m2026-02-21 02:29:07 +0800[0m - dagster - [34mINFO[0m - __ASSET_JOB - 33f5b07a-7ce5-4e33-a48c-2f78e22753e6 - Start_Basic_Prices - 处理批次 40/117
[32m2026-02-21 02:29:27 +0800[0m - dagster - [34mINFO[0m - __ASSET_JOB - 33f5b07a-7ce5-4e33-a48c-2f78e22753e6 - Start_Basic_Prices - 处理批次 41/117
[32m2026-02-21 02:29:46 +0800[0m - dagster - [34mINFO[0m - __ASSET_JOB - 33f5b07a-7ce5-4e33-a48c-2f78e22753e6 - Start_Basic_Prices - 处理批次 42/117
[32m2026-02-21 02:30:06 +0800[0m - dagster - [34mINFO[0m - __ASSET_JOB - 33f5b07a-7ce5-4e33-a48c-2f78e22753e6 - Start_Basic_Prices - 处理批次 43/117
[32m2026-02-21 02:30:26 +0800[0m - dagster - [34mINFO[0m - __ASSET_JOB - 33f5b07a-7ce5-4e33-a48c-2f78e22753e6 - Start_Basic_Prices - 处理批次 44/117
[32m2026-02-21 02:30:45 +0800[0m - dagster - [34mINFO[0m - __ASSET_JOB - 33f5b07a-7ce5-4e33-a48c-2f78e22753e6 - Start_Basic_Prices - 处理批次 45/117
[32m2026-02-21 02:31:05 +0800[0m - dagster - [34mINFO[0m - __ASSET_JOB - 33f5b07a-7ce5-4e33-a48c-2f78e22753e6 - Start_Basic_Prices - 处理批次 46/117
[32m2026-02-21 02:31:24 +0800[0m - dagster - [34mINFO[0m - __ASSET_JOB - 33f5b07a-7ce5-4e33-a48c-2f78e22753e6 - Start_Basic_Prices - 处理批次 47/117
[32m2026-02-21 02:31:44 +0800[0m - dagster - [34mINFO[0m - __ASSET_JOB - 33f5b07a-7ce5-4e33-a48c-2f78e22753e6 - Start_Basic_Prices - 处理批次 48/117
[32m2026-02-21 02:32:03 +0800[0m - dagster - [34mINFO[0m - __ASSET_JOB - 33f5b07a-7ce5-4e33-a48c-2f78e22753e6 - Start_Basic_Prices - 处理批次 49/117
[32m2026-02-21 02:32:22 +0800[0m - dagster - [34mINFO[0m - __ASSET_JOB - 33f5b07a-7ce5-4e33-a48c-2f78e22753e6 - Start_Basic_Prices - 处理批次 50/117
[32m2026-02-21 02:32:41 +0800[0m - dagster - [34mINFO[0m - __ASSET_JOB - 33f5b07a-7ce5-4e33-a48c-2f78e22753e6 - Start_Basic_Prices - 处理批次 51/117
[32m2026-02-21 02:33:01 +0800[0m - dagster - [34mINFO[0m - __ASSET_JOB - 33f5b07a-7ce5-4e33-a48c-2f78e22753e6 - Start_Basic_Prices - 处理批次 52/117
[32m2026-02-21 02:33:22 +0800[0m - dagster - [34mINFO[0m - __ASSET_JOB - 33f5b07a-7ce5-4e33-a48c-2f78e22753e6 - Start_Basic_Prices - 处理批次 53/117
[32m2026-02-21 02:33:42 +0800[0m - dagster - [34mINFO[0m - __ASSET_JOB - 33f5b07a-7ce5-4e33-a48c-2f78e22753e6 - Start_Basic_Prices - 处理批次 54/117
[32m2026-02-21 02:34:02 +0800[0m - dagster - [34mINFO[0m - __ASSET_JOB - 33f5b07a-7ce5-4e33-a48c-2f78e22753e6 - Start_Basic_Prices - 处理批次 55/117
[32m2026-02-21 02:34:21 +0800[0m - dagster - [34mINFO[0m - __ASSET_JOB - 33f5b07a-7ce5-4e33-a48c-2f78e22753e6 - Start_Basic_Prices - 处理批次 56/117
[32m2026-02-21 02:34:40 +0800[0m - dagster - [34mINFO[0m - __ASSET_JOB - 33f5b07a-7ce5-4e33-a48c-2f78e22753e6 - Start_Basic_Prices - 处理批次 57/117
[32m2026-02-21 02:34:59 +0800[0m - dagster - [34mINFO[0m - __ASSET_JOB - 33f5b07a-7ce5-4e33-a48c-2f78e22753e6 - Start_Basic_Prices - 处理批次 58/117
[32m2026-02-21 02:35:19 +0800[0m - dagster - [34mINFO[0m - __ASSET_JOB - 33f5b07a-7ce5-4e33-a48c-2f78e22753e6 - Start_Basic_Prices - 处理批次 59/117
[32m2026-02-21 02:35:39 +0800[0m - dagster - [34mINFO[0m - __ASSET_JOB - 33f5b07a-7ce5-4e33-a48c-2f78e22753e6 - Start_Basic_Prices - 处理批次 60/117
[32m2026-02-21 02:35:58 +0800[0m - dagster - [34mINFO[0m - __ASSET_JOB - 33f5b07a-7ce5-4e33-a48c-2f78e22753e6 - Start_Basic_Prices - 处理批次 61/117
[32m2026-02-21 02:36:18 +0800[0m - dagster - [34mINFO[0m - __ASSET_JOB - 33f5b07a-7ce5-4e33-a48c-2f78e22753e6 - Start_Basic_Prices - 处理批次 62/117
[32m2026-02-21 02:36:37 +0800[0m - dagster - [34mINFO[0m - __ASSET_JOB - 33f5b07a-7ce5-4e33-a48c-2f78e22753e6 - Start_Basic_Prices - 处理批次 63/117
[32m2026-02-21 02:36:57 +0800[0m - dagster - [34mINFO[0m - __ASSET_JOB - 33f5b07a-7ce5-4e33-a48c-2f78e22753e6 - Start_Basic_Prices - 处理批次 64/117
[32m2026-02-21 02:37:17 +0800[0m - dagster - [34mINFO[0m - __ASSET_JOB - 33f5b07a-7ce5-4e33-a48c-2f78e22753e6 - Start_Basic_Prices - 处理批次 65/117
[32m2026-02-21 02:37:36 +0800[0m - dagster - [34mINFO[0m - __ASSET_JOB - 33f5b07a-7ce5-4e33-a48c-2f78e22753e6 - Start_Basic_Prices - 处理批次 66/117
[32m2026-02-21 02:37:56 +0800[0m - dagster - [34mINFO[0m - __ASSET_JOB - 33f5b07a-7ce5-4e33-a48c-2f78e22753e6 - Start_Basic_Prices - 处理批次 67/117
[32m2026-02-21 02:38:16 +0800[0m - dagster - [34mINFO[0m - __ASSET_JOB - 33f5b07a-7ce5-4e33-a48c-2f78e22753e6 - Start_Basic_Prices - 处理批次 68/117
[32m2026-02-21 02:38:36 +0800[0m - dagster - [34mINFO[0m - __ASSET_JOB - 33f5b07a-7ce5-4e33-a48c-2f78e22753e6 - Start_Basic_Prices - 处理批次 69/117
[32m2026-02-21 02:38:56 +0800[0m - dagster - [34mINFO[0m - __ASSET_JOB - 33f5b07a-7ce5-4e33-a48c-2f78e22753e6 - Start_Basic_Prices - 处理批次 70/117
[32m2026-02-21 02:39:16 +0800[0m - dagster - [34mINFO[0m - __ASSET_JOB - 33f5b07a-7ce5-4e33-a48c-2f78e22753e6 - Start_Basic_Prices - 处理批次 71/117
[32m2026-02-21 02:39:35 +0800[0m - dagster - [34mINFO[0m - __ASSET_JOB - 33f5b07a-7ce5-4e33-a48c-2f78e22753e6 - Start_Basic_Prices - 处理批次 72/117
[32m2026-02-21 02:39:55 +0800[0m - dagster - [34mINFO[0m - __ASSET_JOB - 33f5b07a-7ce5-4e33-a48c-2f78e22753e6 - Start_Basic_Prices - 处理批次 73/117
[32m2026-02-21 02:40:15 +0800[0m - dagster - [34mINFO[0m - __ASSET_JOB - 33f5b07a-7ce5-4e33-a48c-2f78e22753e6 - Start_Basic_Prices - 处理批次 74/117
[32m2026-02-21 02:40:36 +0800[0m - dagster - [34mINFO[0m - __ASSET_JOB - 33f5b07a-7ce5-4e33-a48c-2f78e22753e6 - Start_Basic_Prices - 处理批次 75/117
[32m2026-02-21 02:40:56 +0800[0m - dagster - [34mINFO[0m - __ASSET_JOB - 33f5b07a-7ce5-4e33-a48c-2f78e22753e6 - Start_Basic_Prices - 处理批次 76/117
[32m2026-02-21 02:41:17 +0800[0m - dagster - [34mINFO[0m - __ASSET_JOB - 33f5b07a-7ce5-4e33-a48c-2f78e22753e6 - Start_Basic_Prices - 处理批次 77/117
[32m2026-02-21 02:41:37 +0800[0m - dagster - [34mINFO[0m - __ASSET_JOB - 33f5b07a-7ce5-4e33-a48c-2f78e22753e6 - Start_Basic_Prices - 处理批次 78/117
[32m2026-02-21 02:41:57 +0800[0m - dagster - [34mINFO[0m - __ASSET_JOB - 33f5b07a-7ce5-4e33-a48c-2f78e22753e6 - Start_Basic_Prices - 处理批次 79/117
[32m2026-02-21 02:42:18 +0800[0m - dagster - [34mINFO[0m - __ASSET_JOB - 33f5b07a-7ce5-4e33-a48c-2f78e22753e6 - Start_Basic_Prices - 处理批次 80/117
[32m2026-02-21 02:42:38 +0800[0m - dagster - [34mINFO[0m - __ASSET_JOB - 33f5b07a-7ce5-4e33-a48c-2f78e22753e6 - Start_Basic_Prices - 处理批次 81/117
[32m2026-02-21 02:42:59 +0800[0m - dagster - [34mINFO[0m - __ASSET_JOB - 33f5b07a-7ce5-4e33-a48c-2f78e22753e6 - Start_Basic_Prices - 处理批次 82/117
[32m2026-02-21 02:43:19 +0800[0m - dagster - [34mINFO[0m - __ASSET_JOB - 33f5b07a-7ce5-4e33-a48c-2f78e22753e6 - Start_Basic_Prices - 处理批次 83/117
[32m2026-02-21 02:43:40 +0800[0m - dagster - [34mINFO[0m - __ASSET_JOB - 33f5b07a-7ce5-4e33-a48c-2f78e22753e6 - Start_Basic_Prices - 处理批次 84/117
[32m2026-02-21 02:43:59 +0800[0m - dagster - [34mINFO[0m - __ASSET_JOB - 33f5b07a-7ce5-4e33-a48c-2f78e22753e6 - Start_Basic_Prices - 处理批次 85/117
[32m2026-02-21 02:44:19 +0800[0m - dagster - [34mINFO[0m - __ASSET_JOB - 33f5b07a-7ce5-4e33-a48c-2f78e22753e6 - Start_Basic_Prices - 处理批次 86/117
[32m2026-02-21 02:44:38 +0800[0m - dagster - [34mINFO[0m - __ASSET_JOB - 33f5b07a-7ce5-4e33-a48c-2f78e22753e6 - Start_Basic_Prices - 处理批次 87/117
[32m2026-02-21 02:44:57 +0800[0m - dagster - [34mINFO[0m - __ASSET_JOB - 33f5b07a-7ce5-4e33-a48c-2f78e22753e6 - Start_Basic_Prices - 处理批次 88/117
[32m2026-02-21 02:45:17 +0800[0m - dagster - [34mINFO[0m - __ASSET_JOB - 33f5b07a-7ce5-4e33-a48c-2f78e22753e6 - Start_Basic_Prices - 处理批次 89/117
[32m2026-02-21 02:45:36 +0800[0m - dagster - [34mINFO[0m - __ASSET_JOB - 33f5b07a-7ce5-4e33-a48c-2f78e22753e6 - Start_Basic_Prices - 处理批次 90/117
[32m2026-02-21 02:45:56 +0800[0m - dagster - [34mINFO[0m - __ASSET_JOB - 33f5b07a-7ce5-4e33-a48c-2f78e22753e6 - Start_Basic_Prices - 处理批次 91/117
[32m2026-02-21 02:46:16 +0800[0m - dagster - [34mINFO[0m - __ASSET_JOB - 33f5b07a-7ce5-4e33-a48c-2f78e22753e6 - Start_Basic_Prices - 处理批次 92/117
[32m2026-02-21 02:46:36 +0800[0m - dagster - [34mINFO[0m - __ASSET_JOB - 33f5b07a-7ce5-4e33-a48c-2f78e22753e6 - Start_Basic_Prices - 处理批次 93/117
[32m2026-02-21 02:46:56 +0800[0m - dagster - [34mINFO[0m - __ASSET_JOB - 33f5b07a-7ce5-4e33-a48c-2f78e22753e6 - Start_Basic_Prices - 处理批次 94/117
[32m2026-02-21 02:47:20 +0800[0m - dagster - [34mINFO[0m - __ASSET_JOB - 33f5b07a-7ce5-4e33-a48c-2f78e22753e6 - Start_Basic_Prices - 处理批次 95/117
[32m2026-02-21 02:47:40 +0800[0m - dagster - [34mINFO[0m - __ASSET_JOB - 33f5b07a-7ce5-4e33-a48c-2f78e22753e6 - Start_Basic_Prices - 处理批次 96/117
[32m2026-02-21 02:48:01 +0800[0m - dagster - [34mINFO[0m - __ASSET_JOB - 33f5b07a-7ce5-4e33-a48c-2f78e22753e6 - Start_Basic_Prices - 处理批次 97/117
[32m2026-02-21 02:48:21 +0800[0m - dagster - [34mINFO[0m - __ASSET_JOB - 33f5b07a-7ce5-4e33-a48c-2f78e22753e6 - Start_Basic_Prices - 处理批次 98/117
[32m2026-02-21 02:48:41 +0800[0m - dagster - [34mINFO[0m - __ASSET_JOB - 33f5b07a-7ce5-4e33-a48c-2f78e22753e6 - Start_Basic_Prices - 处理批次 99/117
[32m2026-02-21 02:49:01 +0800[0m - dagster - [34mINFO[0m - __ASSET_JOB - 33f5b07a-7ce5-4e33-a48c-2f78e22753e6 - Start_Basic_Prices - 处理批次 100/117
[32m2026-02-21 02:49:45 +0800[0m - dagster - [34mINFO[0m - __ASSET_JOB - 33f5b07a-7ce5-4e33-a48c-2f78e22753e6 - Start_Basic_Prices - 处理批次 101/117
[32m2026-02-21 02:50:21 +0800[0m - dagster - [34mINFO[0m - __ASSET_JOB - 33f5b07a-7ce5-4e33-a48c-2f78e22753e6 - Start_Basic_Prices - 处理批次 102/117
[32m2026-02-21 02:50:57 +0800[0m - dagster - [34mINFO[0m - __ASSET_JOB - 33f5b07a-7ce5-4e33-a48c-2f78e22753e6 - Start_Basic_Prices - 处理批次 103/117
[32m2026-02-21 02:51:16 +0800[0m - dagster - [34mINFO[0m - __ASSET_JOB - 33f5b07a-7ce5-4e33-a48c-2f78e22753e6 - Start_Basic_Prices - 处理批次 104/117
[32m2026-02-21 02:51:53 +0800[0m - dagster - [34mINFO[0m - __ASSET_JOB - 33f5b07a-7ce5-4e33-a48c-2f78e22753e6 - Start_Basic_Prices - 处理批次 105/117
[32m2026-02-21 02:52:34 +0800[0m - dagster - [34mINFO[0m - __ASSET_JOB - 33f5b07a-7ce5-4e33-a48c-2f78e22753e6 - Start_Basic_Prices - 处理批次 106/117
[32m2026-02-21 02:53:17 +0800[0m - dagster - [34mINFO[0m - __ASSET_JOB - 33f5b07a-7ce5-4e33-a48c-2f78e22753e6 - Start_Basic_Prices - 处理批次 107/117
[32m2026-02-21 02:53:44 +0800[0m - dagster - [34mINFO[0m - __ASSET_JOB - 33f5b07a-7ce5-4e33-a48c-2f78e22753e6 - Start_Basic_Prices - 处理批次 108/117
[32m2026-02-21 02:54:06 +0800[0m - dagster - [34mINFO[0m - __ASSET_JOB - 33f5b07a-7ce5-4e33-a48c-2f78e22753e6 - Start_Basic_Prices - 处理批次 109/117
[32m2026-02-21 02:54:31 +0800[0m - dagster - [34mINFO[0m - __ASSET_JOB - 33f5b07a-7ce5-4e33-a48c-2f78e22753e6 - Start_Basic_Prices - 处理批次 110/117
[32m2026-02-21 02:55:13 +0800[0m - dagster - [34mINFO[0m - __ASSET_JOB - 33f5b07a-7ce5-4e33-a48c-2f78e22753e6 - Start_Basic_Prices - 处理批次 111/117
[32m2026-02-21 02:55:57 +0800[0m - dagster - [34mINFO[0m - __ASSET_JOB - 33f5b07a-7ce5-4e33-a48c-2f78e22753e6 - Start_Basic_Prices - 处理批次 112/117
[32m2026-02-21 02:56:41 +0800[0m - dagster - [34mINFO[0m - __ASSET_JOB - 33f5b07a-7ce5-4e33-a48c-2f78e22753e6 - Start_Basic_Prices - 处理批次 113/117
[32m2026-02-21 02:57:15 +0800[0m - dagster - [34mINFO[0m - __ASSET_JOB - 33f5b07a-7ce5-4e33-a48c-2f78e22753e6 - Start_Basic_Prices - 处理批次 114/117
[32m2026-02-21 02:57:51 +0800[0m - dagster - [34mINFO[0m - __ASSET_JOB - 33f5b07a-7ce5-4e33-a48c-2f78e22753e6 - Start_Basic_Prices - 处理批次 115/117
[32m2026-02-21 02:58:25 +0800[0m - dagster - [34mINFO[0m - __ASSET_JOB - 33f5b07a-7ce5-4e33-a48c-2f78e22753e6 - Start_Basic_Prices - 处理批次 116/117
[32m2026-02-21 02:58:54 +0800[0m - dagster - [34mINFO[0m - __ASSET_JOB - 33f5b07a-7ce5-4e33-a48c-2f78e22753e6 - Start_Basic_Prices - 处理批次 117/117
[32m2026-02-21 02:59:19 +0800[0m - dagster - [34mINFO[0m - __ASSET_JOB - 33f5b07a-7ce5-4e33-a48c-2f78e22753e6 - Start_Basic_Prices - 
        ========== 日线数据更新完成 ==========
        本次更新:
          - 成功获取股票数: 0
          - 新增数据行数: 0
          - 失败股票数: 0
        
        总体统计:
          - 总数据行数: 0
          - 日期范围: None 至 None
        
        失败股票列表: 无
        ======================================
        
[32m2026-02-21 02:59:19 +0800[0m - dagster - [34mDEBUG[0m - __ASSET_JOB - 33f5b07a-7ce5-4e33-a48c-2f78e22753e6 - 81574 - Start_Basic_Prices - STEP_OUTPUT - Yielded output "result" of type "Any". (Type check passed).
[32m2026-02-21 02:59:19 +0800[0m - dagster - [34mDEBUG[0m - __ASSET_JOB - 33f5b07a-7ce5-4e33-a48c-2f78e22753e6 - 81574 - Start_Basic_Prices - ASSET_MATERIALIZATION - Materialized value Start_Basic_Prices.
[32m2026-02-21 02:59:19 +0800[0m - dagster - [34mDEBUG[0m - __ASSET_JOB - 33f5b07a-7ce5-4e33-a48c-2f78e22753e6 - 81574 - Start_Basic_Prices - STEP_SUCCESS - Finished execution of step "Start_Basic_Prices" in 42m57s.
