[32m2026-02-21 03:05:11 +0800[0m - dagster - [34mDEBUG[0m - __ASSET_JOB - 24b75b32-325c-4979-aa7e-5140f8e4edda - 90698 - LOGS_CAPTURED - Started capturing logs in process (pid: 90698).
[32m2026-02-21 03:05:11 +0800[0m - dagster - [34mDEBUG[0m - __ASSET_JOB - 24b75b32-325c-4979-aa7e-5140f8e4edda - 90698 - Start_Basic_Prices - STEP_START - Started execution of step "Start_Basic_Prices".
[32m2026-02-21 03:05:11 +0800[0m - dagster - [34mINFO[0m - __ASSET_JOB - 24b75b32-325c-4979-aa7e-5140f8e4edda - Start_Basic_Prices - 开始创建日线数据
[32m2026-02-21 03:05:11 +0800[0m - dagster - [34mINFO[0m - __ASSET_JOB - 24b75b32-325c-4979-aa7e-5140f8e4edda - Start_Basic_Prices - 找到 5838 只股票
[32m2026-02-21 03:05:11 +0800[0m - dagster - [34mINFO[0m - __ASSET_JOB - 24b75b32-325c-4979-aa7e-5140f8e4edda - Start_Basic_Prices - 无历史数据，从 20200101 开始获取
[32m2026-02-21 03:05:11 +0800[0m - dagster - [34mINFO[0m - __ASSET_JOB - 24b75b32-325c-4979-aa7e-5140f8e4edda - Start_Basic_Prices - 处理批次 1/117
[32m2026-02-21 03:07:38 +0800[0m - dagster - [34mINFO[0m - __ASSET_JOB - 24b75b32-325c-4979-aa7e-5140f8e4edda - Start_Basic_Prices - 处理批次 2/117
[32m2026-02-21 03:10:01 +0800[0m - dagster - [34mINFO[0m - __ASSET_JOB - 24b75b32-325c-4979-aa7e-5140f8e4edda - Start_Basic_Prices - 处理批次 3/117
[32m2026-02-21 03:12:16 +0800[0m - dagster - [34mINFO[0m - __ASSET_JOB - 24b75b32-325c-4979-aa7e-5140f8e4edda - Start_Basic_Prices - 处理批次 4/117
[32m2026-02-21 03:14:41 +0800[0m - dagster - [34mINFO[0m - __ASSET_JOB - 24b75b32-325c-4979-aa7e-5140f8e4edda - Start_Basic_Prices - 处理批次 5/117
[32m2026-02-21 03:17:51 +0800[0m - dagster - [34mINFO[0m - __ASSET_JOB - 24b75b32-325c-4979-aa7e-5140f8e4edda - Start_Basic_Prices - 处理批次 6/117
[32m2026-02-21 03:19:47 +0800[0m - dagster - [34mWARNING[0m - __ASSET_JOB - 24b75b32-325c-4979-aa7e-5140f8e4edda - Start_Basic_Prices - 获取 000703 失败: HTTPSConnectionPool(host='push2his.eastmoney.com', port=443): Max retries exceeded with url: /api/qt/stock/kline/get?fields1=f1%2Cf2%2Cf3%2Cf4%2Cf5%2Cf6&fields2=f51%2Cf52%2Cf53%2Cf54%2Cf55%2Cf56%2Cf57%2Cf58%2Cf59%2Cf60%2Cf61%2Cf116&ut=7eea3edcaed734bea9cbfc24409ed989&klt=101&fqt=1&secid=0.000703&beg=20200101&end=2026-02-21 (Caused by SSLError(SSLEOFError(8, '[SSL: UNEXPECTED_EOF_WHILE_READING] EOF occurred in violation of protocol (_ssl.c:1000)')))
[32m2026-02-21 03:19:54 +0800[0m - dagster - [34mINFO[0m - __ASSET_JOB - 24b75b32-325c-4979-aa7e-5140f8e4edda - Start_Basic_Prices - 处理批次 7/117
[32m2026-02-21 03:20:03 +0800[0m - dagster - [34mERROR[0m - [31m__ASSET_JOB - 24b75b32-325c-4979-aa7e-5140f8e4edda - 90698 - Start_Basic_Prices - STEP_FAILURE - Execution of step "Start_Basic_Prices" failed.

dagster._core.errors.DagsterExecutionInterruptedError

Stack Trace:
  File "/Users/sheng/Desktop/Quant/a-stock/.venv/lib/python3.12/site-packages/dagster/_core/execution/plan/execute_plan.py", line 247, in dagster_event_sequence_for_step
    yield from check.generator(step_events)
  File "/Users/sheng/Desktop/Quant/a-stock/.venv/lib/python3.12/site-packages/dagster/_core/execution/plan/execute_step.py", line 505, in core_dagster_event_sequence_for_step
    for user_event in _step_output_error_checked_user_event_sequence(
                      ^^^^^^^^^^^^^^^^^^^^^^^^^^^^^^^^^^^^^^^^^^^^^^^
  File "/Users/sheng/Desktop/Quant/a-stock/.venv/lib/python3.12/site-packages/dagster/_core/execution/plan/execute_step.py", line 184, in _step_output_error_checked_user_event_sequence
    for user_event in user_event_sequence:
                      ^^^^^^^^^^^^^^^^^^^
  File "/Users/sheng/Desktop/Quant/a-stock/.venv/lib/python3.12/site-packages/dagster/_core/execution/plan/execute_step.py", line 88, in _process_asset_results_to_events
    for user_event in user_event_sequence:
                      ^^^^^^^^^^^^^^^^^^^
  File "/Users/sheng/Desktop/Quant/a-stock/.venv/lib/python3.12/site-packages/dagster/_core/execution/plan/compute.py", line 188, in execute_core_compute
    for step_output in _yield_compute_results(step_context, inputs, compute_fn, compute_context):
                       ^^^^^^^^^^^^^^^^^^^^^^^^^^^^^^^^^^^^^^^^^^^^^^^^^^^^^^^^^^^^^^^^^^^^^^^^^
  File "/Users/sheng/Desktop/Quant/a-stock/.venv/lib/python3.12/site-packages/dagster/_core/execution/plan/compute.py", line 157, in _yield_compute_results
    for event in iterate_with_context(
                 ^^^^^^^^^^^^^^^^^^^^^
  File "/Users/sheng/Desktop/Quant/a-stock/.venv/lib/python3.12/site-packages/dagster/_utils/__init__.py", line 394, in iterate_with_context
    next_output = next(iterator)
                  ^^^^^^^^^^^^^^
  File "/Users/sheng/Desktop/Quant/a-stock/.venv/lib/python3.12/site-packages/dagster/_core/execution/plan/compute_generator.py", line 135, in _coerce_op_compute_fn_to_iterator
    result = invoke_compute_fn(
             ^^^^^^^^^^^^^^^^^^
  File "/Users/sheng/Desktop/Quant/a-stock/.venv/lib/python3.12/site-packages/dagster/_core/execution/plan/compute_generator.py", line 115, in invoke_compute_fn
    return fn(context, **args_to_pass) if context_arg_provided else fn(**args_to_pass)
           ^^^^^^^^^^^^^^^^^^^^^^^^^^^
  File "/Users/sheng/Desktop/Quant/a-stock/src/basic/assets/data_ingestion/start_price.py", line 26, in Start_Basic_Prices
    with db.get_connection() as conn:
         ^^^^^^^^^^^^^^^^^^^
  File "/Users/sheng/Desktop/Quant/a-stock/src/basic/assets/data_ingestion/start_price.py", line 80, in Start_Basic_Prices
    df = ak.stock_zh_a_hist(
         ^^^^^^^^^^^^^^^^^^^
  File "/Users/sheng/Desktop/Quant/a-stock/.venv/lib/python3.12/site-packages/akshare/stock_feature/stock_hist_em.py", line 992, in stock_zh_a_hist
    r = requests.get(url, params=params, timeout=timeout)
        ^^^^^^^^^^^^^^^^^^^^^^^^^^^^^^^^^^^^^^^^^^^^^^^^^
  File "/Users/sheng/Desktop/Quant/a-stock/.venv/lib/python3.12/site-packages/requests/api.py", line 73, in get
    return request("get", url, params=params, **kwargs)
           ^^^^^^^^^^^^^^^^^^^^^^^^^^^^^^^^^^^^^^^^^^^^
  File "/Users/sheng/Desktop/Quant/a-stock/.venv/lib/python3.12/site-packages/requests/api.py", line 59, in request
    return session.request(method=method, url=url, **kwargs)
           ^^^^^^^^^^^^^^^^^^^^^^^^^^^^^^^^^^^^^^^^^^^^^^^^^
  File "/Users/sheng/Desktop/Quant/a-stock/.venv/lib/python3.12/site-packages/requests/sessions.py", line 589, in request
    resp = self.send(prep, **send_kwargs)
           ^^^^^^^^^^^^^^^^^^^^^^^^^^^^^^
  File "/Users/sheng/Desktop/Quant/a-stock/.venv/lib/python3.12/site-packages/requests/sessions.py", line 703, in send
    r = adapter.send(request, **kwargs)
        ^^^^^^^^^^^^^^^^^^^^^^^^^^^^^^^
  File "/Users/sheng/Desktop/Quant/a-stock/.venv/lib/python3.12/site-packages/requests/adapters.py", line 644, in send
    resp = conn.urlopen(
           ^^^^^^^^^^^^^
  File "/Users/sheng/Desktop/Quant/a-stock/.venv/lib/python3.12/site-packages/urllib3/connectionpool.py", line 787, in urlopen
    response = self._make_request(
               ^^^^^^^^^^^^^^^^^^^
  File "/Users/sheng/Desktop/Quant/a-stock/.venv/lib/python3.12/site-packages/urllib3/connectionpool.py", line 534, in _make_request
    response = conn.getresponse()
               ^^^^^^^^^^^^^^^^^^
  File "/Users/sheng/Desktop/Quant/a-stock/.venv/lib/python3.12/site-packages/urllib3/connection.py", line 571, in getresponse
    httplib_response = super().getresponse()
                       ^^^^^^^^^^^^^^^^^^^^^
  File "/opt/anaconda3/lib/python3.12/http/client.py", line 1428, in getresponse
    response.begin()
  File "/opt/anaconda3/lib/python3.12/http/client.py", line 331, in begin
    version, status, reason = self._read_status()
                              ^^^^^^^^^^^^^^^^^^^
  File "/opt/anaconda3/lib/python3.12/http/client.py", line 292, in _read_status
    line = str(self.fp.readline(_MAXLINE + 1), "iso-8859-1")
               ^^^^^^^^^^^^^^^^^^^^^^^^^^^^^^
  File "/opt/anaconda3/lib/python3.12/socket.py", line 720, in readinto
    return self._sock.recv_into(b)
           ^^^^^^^^^^^^^^^^^^^^^^^
  File "/opt/anaconda3/lib/python3.12/ssl.py", line 1251, in recv_into
    return self.read(nbytes, buffer)
           ^^^^^^^^^^^^^^^^^^^^^^^^^
  File "/opt/anaconda3/lib/python3.12/ssl.py", line 1103, in read
    return self._sslobj.read(len, buffer)
           ^^^^^^^^^^^^^^^^^^^^^^^^^^^^^^
  File "/Users/sheng/Desktop/Quant/a-stock/.venv/lib/python3.12/site-packages/dagster/_utils/interrupts.py", line 81, in _new_signal_handler
    raise error_cls()
[0m
