[32m2026-02-20 20:51:36 +0800[0m - dagster - [34mDEBUG[0m - __ASSET_JOB - a088fb83-5ca4-40d1-aa37-9f295ff16952 - 21444 - LOGS_CAPTURED - Started capturing logs in process (pid: 21444).
[32m2026-02-20 20:51:36 +0800[0m - dagster - [34mDEBUG[0m - __ASSET_JOB - a088fb83-5ca4-40d1-aa37-9f295ff16952 - 21444 - Add_Delisting_Stocks - STEP_START - Started execution of step "Add_Delisting_Stocks".
[32m2026-02-20 20:51:36 +0800[0m - dagster - [34mINFO[0m - __ASSET_JOB - a088fb83-5ca4-40d1-aa37-9f295ff16952 - Add_Delisting_Stocks - 开始逐个查询A股退市股票上市退市时间...
[32m2026-02-20 20:51:36 +0800[0m - dagster - [34mERROR[0m - [31m__ASSET_JOB - a088fb83-5ca4-40d1-aa37-9f295ff16952 - 21444 - Add_Delisting_Stocks - STEP_FAILURE - Execution of step "Add_Delisting_Stocks" failed.

dagster._core.errors.DagsterExecutionStepExecutionError: Error occurred while executing op "Add_Delisting_Stocks"::

polars.exceptions.ComputeError: schema lengths differ

Stack Trace:
  File "/Users/sheng/Desktop/Quant/a-stock/.venv/lib/python3.12/site-packages/dagster/_core/execution/plan/utils.py", line 57, in op_execution_error_boundary
    yield
  File "/Users/sheng/Desktop/Quant/a-stock/.venv/lib/python3.12/site-packages/dagster/_utils/__init__.py", line 394, in iterate_with_context
    next_output = next(iterator)
                  ^^^^^^^^^^^^^^
  File "/Users/sheng/Desktop/Quant/a-stock/.venv/lib/python3.12/site-packages/dagster/_core/execution/plan/compute_generator.py", line 135, in _coerce_op_compute_fn_to_iterator
    result = invoke_compute_fn(
             ^^^^^^^^^^^^^^^^^^
  File "/Users/sheng/Desktop/Quant/a-stock/.venv/lib/python3.12/site-packages/dagster/_core/execution/plan/compute_generator.py", line 115, in invoke_compute_fn
    return fn(context, **args_to_pass) if context_arg_provided else fn(**args_to_pass)
           ^^^^^^^^^^^^^^^^^^^^^^^^^^^
  File "/Users/sheng/Desktop/Quant/a-stock/src/basic/assets/data_ingestion/data_ingestion_first_time.py", line 236, in Add_Delisting_Stocks
    delist_pl = _get_delist_pl()
                ^^^^^^^^^^^^^^^^
  File "/Users/sheng/Desktop/Quant/a-stock/src/basic/assets/data_ingestion/data_ingestion_first_time.py", line 216, in _get_delist_pl
    d = pl.concat([tidy(sh), tidy(sz)], how="vertical_relaxed")
        ^^^^^^^^^^^^^^^^^^^^^^^^^^^^^^^^^^^^^^^^^^^^^^^^^^^^^^^
  File "/Users/sheng/Desktop/Quant/a-stock/.venv/lib/python3.12/site-packages/polars/functions/eager.py", line 244, in concat
    ).collect(optimizations=QueryOptFlags._eager())
      ^^^^^^^^^^^^^^^^^^^^^^^^^^^^^^^^^^^^^^^^^^^^^
  File "/Users/sheng/Desktop/Quant/a-stock/.venv/lib/python3.12/site-packages/polars/_utils/deprecation.py", line 97, in wrapper
    return function(*args, **kwargs)
           ^^^^^^^^^^^^^^^^^^^^^^^^^
  File "/Users/sheng/Desktop/Quant/a-stock/.venv/lib/python3.12/site-packages/polars/lazyframe/opt_flags.py", line 326, in wrapper
    return function(*args, **kwargs)
           ^^^^^^^^^^^^^^^^^^^^^^^^^
  File "/Users/sheng/Desktop/Quant/a-stock/.venv/lib/python3.12/site-packages/polars/lazyframe/frame.py", line 2440, in collect
    return wrap_df(ldf.collect(engine, callback))
                   ^^^^^^^^^^^^^^^^^^^^^^^^^^^^^
[0m
