[32m2026-02-20 22:41:21 +0800[0m - dagster - [34mDEBUG[0m - __ASSET_JOB - 81f675f9-915b-428b-a3a0-131c77634c76 - 41788 - LOGS_CAPTURED - Started capturing logs in process (pid: 41788).
[32m2026-02-20 22:41:21 +0800[0m - dagster - [34mDEBUG[0m - __ASSET_JOB - 81f675f9-915b-428b-a3a0-131c77634c76 - 41788 - First_Basic_Prices - STEP_START - Started execution of step "First_Basic_Prices".
[32m2026-02-20 22:41:21 +0800[0m - dagster - [34mINFO[0m - __ASSET_JOB - 81f675f9-915b-428b-a3a0-131c77634c76 - First_Basic_Prices - 开始创建日线数据
[32m2026-02-20 22:41:21 +0800[0m - dagster - [34mERROR[0m - [31m__ASSET_JOB - 81f675f9-915b-428b-a3a0-131c77634c76 - 41788 - First_Basic_Prices - STEP_FAILURE - Execution of step "First_Basic_Prices" failed.

dagster._core.errors.DagsterExecutionStepExecutionError: Error occurred while executing op "First_Basic_Prices"::

_duckdb.CatalogException: Catalog Error: Table with name a_stock_all does not exist!
Did you mean "a_stocks_all"?

LINE 3:             FROM a_stock_all
                         ^

Stack Trace:
  File "/Users/sheng/Desktop/Quant/a-stock/.venv/lib/python3.12/site-packages/dagster/_core/execution/plan/utils.py", line 57, in op_execution_error_boundary
    yield
  File "/Users/sheng/Desktop/Quant/a-stock/.venv/lib/python3.12/site-packages/dagster/_utils/__init__.py", line 394, in iterate_with_context
    next_output = next(iterator)
                  ^^^^^^^^^^^^^^
  File "/Users/sheng/Desktop/Quant/a-stock/.venv/lib/python3.12/site-packages/dagster/_core/execution/plan/compute_generator.py", line 135, in _coerce_op_compute_fn_to_iterator
    result = invoke_compute_fn(
             ^^^^^^^^^^^^^^^^^^
  File "/Users/sheng/Desktop/Quant/a-stock/.venv/lib/python3.12/site-packages/dagster/_core/execution/plan/compute_generator.py", line 115, in invoke_compute_fn
    return fn(context, **args_to_pass) if context_arg_provided else fn(**args_to_pass)
           ^^^^^^^^^^^^^^^^^^^^^^^^^^^
  File "/Users/sheng/Desktop/Quant/a-stock/src/basic/assets/data_ingestion/data_ingestion_first_time.py", line 285, in First_Basic_Prices
    with db.get_connection() as conn:
         ^^^^^^^^^^^^^^^^^^^
  File "/Users/sheng/Desktop/Quant/a-stock/src/basic/assets/data_ingestion/data_ingestion_first_time.py", line 287, in First_Basic_Prices
    stocks_df = conn.execute("""
                ^^^^^^^^^^^^^^^^
[0m
