[32m2026-02-21 20:17:46 +0800[0m - dagster - [34mDEBUG[0m - __ASSET_JOB - 35e5478b-33a4-4e93-9199-4bdcb98b7faf - 21184 - LOGS_CAPTURED - Started capturing logs in process (pid: 21184).
[32m2026-02-21 20:17:46 +0800[0m - dagster - [34mDEBUG[0m - __ASSET_JOB - 35e5478b-33a4-4e93-9199-4bdcb98b7faf - 21184 - Start_Stock_List - STEP_START - Started execution of step "Start_Stock_List".
[32m2026-02-21 20:17:46 +0800[0m - dagster - [34mINFO[0m - __ASSET_JOB - 35e5478b-33a4-4e93-9199-4bdcb98b7faf - Start_Stock_List - 开始获取A股股票列表...
  0%|          | 0/58 [00:00<?, ?it/s]  2%|▏         | 1/58 [00:01<01:10,  1.24s/it]  3%|▎         | 2/58 [00:02<01:03,  1.13s/it]  5%|▌         | 3/58 [00:03<00:54,  1.01it/s]  7%|▋         | 4/58 [00:04<01:02,  1.15s/it]  9%|▊         | 5/58 [00:05<00:57,  1.09s/it] 10%|█         | 6/58 [00:06<01:00,  1.16s/it] 12%|█▏        | 7/58 [00:08<01:05,  1.29s/it] 14%|█▍        | 8/58 [00:09<00:56,  1.13s/it] 16%|█▌        | 9/58 [00:10<00:57,  1.17s/it] 17%|█▋        | 10/58 [00:11<00:53,  1.11s/it] 19%|█▉        | 11/58 [00:12<00:55,  1.19s/it] 21%|██        | 12/58 [00:13<00:52,  1.15s/it]                                               [32m2026-02-21 20:18:00 +0800[0m - dagster - [34mERROR[0m - [31m__ASSET_JOB - 35e5478b-33a4-4e93-9199-4bdcb98b7faf - 21184 - Start_Stock_List - STEP_FAILURE - Execution of step "Start_Stock_List" failed.

dagster._core.errors.DagsterExecutionInterruptedError

Stack Trace:
  File "/Users/sheng/Desktop/Quant/a-stock/.venv/lib/python3.12/site-packages/dagster/_core/execution/plan/execute_plan.py", line 247, in dagster_event_sequence_for_step
    yield from check.generator(step_events)
  File "/Users/sheng/Desktop/Quant/a-stock/.venv/lib/python3.12/site-packages/dagster/_core/execution/plan/execute_step.py", line 505, in core_dagster_event_sequence_for_step
    for user_event in _step_output_error_checked_user_event_sequence(
                      ^^^^^^^^^^^^^^^^^^^^^^^^^^^^^^^^^^^^^^^^^^^^^^^
  File "/Users/sheng/Desktop/Quant/a-stock/.venv/lib/python3.12/site-packages/dagster/_core/execution/plan/execute_step.py", line 184, in _step_output_error_checked_user_event_sequence
    for user_event in user_event_sequence:
                      ^^^^^^^^^^^^^^^^^^^
  File "/Users/sheng/Desktop/Quant/a-stock/.venv/lib/python3.12/site-packages/dagster/_core/execution/plan/execute_step.py", line 88, in _process_asset_results_to_events
    for user_event in user_event_sequence:
                      ^^^^^^^^^^^^^^^^^^^
  File "/Users/sheng/Desktop/Quant/a-stock/.venv/lib/python3.12/site-packages/dagster/_core/execution/plan/compute.py", line 188, in execute_core_compute
    for step_output in _yield_compute_results(step_context, inputs, compute_fn, compute_context):
                       ^^^^^^^^^^^^^^^^^^^^^^^^^^^^^^^^^^^^^^^^^^^^^^^^^^^^^^^^^^^^^^^^^^^^^^^^^
  File "/Users/sheng/Desktop/Quant/a-stock/.venv/lib/python3.12/site-packages/dagster/_core/execution/plan/compute.py", line 157, in _yield_compute_results
    for event in iterate_with_context(
                 ^^^^^^^^^^^^^^^^^^^^^
  File "/Users/sheng/Desktop/Quant/a-stock/.venv/lib/python3.12/site-packages/dagster/_utils/__init__.py", line 394, in iterate_with_context
    next_output = next(iterator)
                  ^^^^^^^^^^^^^^
  File "/Users/sheng/Desktop/Quant/a-stock/.venv/lib/python3.12/site-packages/dagster/_core/execution/plan/compute_generator.py", line 135, in _coerce_op_compute_fn_to_iterator
    result = invoke_compute_fn(
             ^^^^^^^^^^^^^^^^^^
  File "/Users/sheng/Desktop/Quant/a-stock/.venv/lib/python3.12/site-packages/dagster/_core/execution/plan/compute_generator.py", line 115, in invoke_compute_fn
    return fn(context, **args_to_pass) if context_arg_provided else fn(**args_to_pass)
           ^^^^^^^^^^^^^^^^^^^^^^^^^^^
  File "/Users/sheng/Desktop/Quant/a-stock/src/basic/assets/data_ingestion/start_org.py", line 30, in Start_Stock_List
    spot_ak = ak.stock_zh_a_spot_em()  # pandas
              ^^^^^^^^^^^^^^^^^^^^^^^
  File "/Users/sheng/Desktop/Quant/a-stock/.venv/lib/python3.12/site-packages/akshare/stock_feature/stock_hist_em.py", line 36, in stock_zh_a_spot_em
    temp_df = fetch_paginated_data(url, params)
              ^^^^^^^^^^^^^^^^^^^^^^^^^^^^^^^^^
  File "/Users/sheng/Desktop/Quant/a-stock/.venv/lib/python3.12/site-packages/akshare/utils/func.py", line 49, in fetch_paginated_data
    time.sleep(random.uniform(0.5, 1.5))
  File "/Users/sheng/Desktop/Quant/a-stock/.venv/lib/python3.12/site-packages/dagster/_utils/interrupts.py", line 81, in _new_signal_handler
    raise error_cls()
[0m
