[32m2026-02-21 20:16:50 +0800[0m - dagster - [34mDEBUG[0m - __ASSET_JOB - 583b9af6-d792-46ed-b1d9-4f57f6453afa - 21000 - LOGS_CAPTURED - Started capturing logs in process (pid: 21000).
[32m2026-02-21 20:16:50 +0800[0m - dagster - [34mDEBUG[0m - __ASSET_JOB - 583b9af6-d792-46ed-b1d9-4f57f6453afa - 21000 - Daily_New_Stocks - STEP_START - Started execution of step "Daily_New_Stocks".
[32m2026-02-21 20:16:50 +0800[0m - dagster - [34mINFO[0m - __ASSET_JOB - 583b9af6-d792-46ed-b1d9-4f57f6453afa - Daily_New_Stocks - 开始检测新上市的股票...
[32m2026-02-21 20:16:50 +0800[0m - dagster - [34mERROR[0m - [31m__ASSET_JOB - 583b9af6-d792-46ed-b1d9-4f57f6453afa - 21000 - Daily_New_Stocks - STEP_FAILURE - Execution of step "Daily_New_Stocks" failed.

dagster._core.errors.DagsterExecutionStepExecutionError: Error occurred while executing op "Daily_New_Stocks"::

_duckdb.IOException: IO Error: Cannot open file "/Users/sheng/Desktop/Quant/data/a-stock.duckdb": No such file or directory

Stack Trace:
  File "/Users/sheng/Desktop/Quant/a-stock/.venv/lib/python3.12/site-packages/dagster/_core/execution/plan/utils.py", line 57, in op_execution_error_boundary
    yield
  File "/Users/sheng/Desktop/Quant/a-stock/.venv/lib/python3.12/site-packages/dagster/_utils/__init__.py", line 394, in iterate_with_context
    next_output = next(iterator)
                  ^^^^^^^^^^^^^^
  File "/Users/sheng/Desktop/Quant/a-stock/.venv/lib/python3.12/site-packages/dagster/_core/execution/plan/compute_generator.py", line 135, in _coerce_op_compute_fn_to_iterator
    result = invoke_compute_fn(
             ^^^^^^^^^^^^^^^^^^
  File "/Users/sheng/Desktop/Quant/a-stock/.venv/lib/python3.12/site-packages/dagster/_core/execution/plan/compute_generator.py", line 115, in invoke_compute_fn
    return fn(context, **args_to_pass) if context_arg_provided else fn(**args_to_pass)
           ^^^^^^^^^^^^^^^^^^^^^^^^^^^
  File "/Users/sheng/Desktop/Quant/a-stock/src/basic/assets/data_ingestion/daily_org.py", line 27, in Daily_New_Stocks
    db = DuckDBResource()
         ^^^^^^^^^^^^^^^^
  File "/Users/sheng/Desktop/Quant/a-stock/resources/duckdb_io.py", line 22, in __new__
    cls._instance._init_connection(db_path)
  File "/Users/sheng/Desktop/Quant/a-stock/resources/duckdb_io.py", line 30, in _init_connection
    self._conn = duckdb.connect(db_path)
                 ^^^^^^^^^^^^^^^^^^^^^^^
[0m
[32m2026-02-21 20:16:50 +0800[0m - dagster - [34mERROR[0m - [31m__ASSET_JOB - 583b9af6-d792-46ed-b1d9-4f57f6453afa - Daily_Delisted_Stocks - Dependencies for step Daily_Delisted_Stocks failed: ['Daily_New_Stocks']. Not executing.[0m
[32m2026-02-21 20:16:50 +0800[0m - dagster - [34mERROR[0m - [31m__ASSET_JOB - 583b9af6-d792-46ed-b1d9-4f57f6453afa - Daily_Active_Stocks - Dependencies for step Daily_Active_Stocks were not executed: ['Daily_Delisted_Stocks']. Not executing.[0m
[32m2026-02-21 20:16:50 +0800[0m - dagster - [34mERROR[0m - [31m__ASSET_JOB - 583b9af6-d792-46ed-b1d9-4f57f6453afa - Daily_Basic_Prices - Dependencies for step Daily_Basic_Prices were not executed: ['Daily_Delisted_Stocks']. Not executing.[0m
[32m2026-02-21 20:16:50 +0800[0m - dagster - [34mDEBUG[0m - __ASSET_JOB - 583b9af6-d792-46ed-b1d9-4f57f6453afa - 21000 - Start_Stock_List - STEP_START - Started execution of step "Start_Stock_List".
[32m2026-02-21 20:16:50 +0800[0m - dagster - [34mINFO[0m - __ASSET_JOB - 583b9af6-d792-46ed-b1d9-4f57f6453afa - Start_Stock_List - 开始获取A股股票列表...
[32m2026-02-21 20:16:50 +0800[0m - dagster - [34mERROR[0m - [31m__ASSET_JOB - 583b9af6-d792-46ed-b1d9-4f57f6453afa - 21000 - Start_Stock_List - STEP_FAILURE - Execution of step "Start_Stock_List" failed.

dagster._core.errors.DagsterExecutionStepExecutionError: Error occurred while executing op "Start_Stock_List"::

_duckdb.IOException: IO Error: Cannot open file "/Users/sheng/Desktop/Quant/data/a-stock.duckdb": No such file or directory

Stack Trace:
  File "/Users/sheng/Desktop/Quant/a-stock/.venv/lib/python3.12/site-packages/dagster/_core/execution/plan/utils.py", line 57, in op_execution_error_boundary
    yield
  File "/Users/sheng/Desktop/Quant/a-stock/.venv/lib/python3.12/site-packages/dagster/_utils/__init__.py", line 394, in iterate_with_context
    next_output = next(iterator)
                  ^^^^^^^^^^^^^^
  File "/Users/sheng/Desktop/Quant/a-stock/.venv/lib/python3.12/site-packages/dagster/_core/execution/plan/compute_generator.py", line 135, in _coerce_op_compute_fn_to_iterator
    result = invoke_compute_fn(
             ^^^^^^^^^^^^^^^^^^
  File "/Users/sheng/Desktop/Quant/a-stock/.venv/lib/python3.12/site-packages/dagster/_core/execution/plan/compute_generator.py", line 115, in invoke_compute_fn
    return fn(context, **args_to_pass) if context_arg_provided else fn(**args_to_pass)
           ^^^^^^^^^^^^^^^^^^^^^^^^^^^
  File "/Users/sheng/Desktop/Quant/a-stock/src/basic/assets/data_ingestion/start_org.py", line 27, in Start_Stock_List
    db = db.reset_database(delete_file=True)
         ^^^^^^^^^^^^^^^^^^^^^^^^^^^^^^^^^^^
  File "/Users/sheng/Desktop/Quant/a-stock/resources/duckdb_io.py", line 121, in reset_database
    new_instance = DuckDBResource.__new__(DuckDBResource)
                   ^^^^^^^^^^^^^^^^^^^^^^^^^^^^^^^^^^^^^^
  File "/Users/sheng/Desktop/Quant/a-stock/resources/duckdb_io.py", line 22, in __new__
    cls._instance._init_connection(db_path)
  File "/Users/sheng/Desktop/Quant/a-stock/resources/duckdb_io.py", line 30, in _init_connection
    self._conn = duckdb.connect(db_path)
                 ^^^^^^^^^^^^^^^^^^^^^^^
[0m
[32m2026-02-21 20:16:50 +0800[0m - dagster - [34mERROR[0m - [31m__ASSET_JOB - 583b9af6-d792-46ed-b1d9-4f57f6453afa - Add_Listing_Stocks - Dependencies for step Add_Listing_Stocks failed: ['Start_Stock_List']. Not executing.[0m
[32m2026-02-21 20:16:50 +0800[0m - dagster - [34mERROR[0m - [31m__ASSET_JOB - 583b9af6-d792-46ed-b1d9-4f57f6453afa - Add_Delisting_Stocks - Dependencies for step Add_Delisting_Stocks were not executed: ['Add_Listing_Stocks']. Not executing.[0m
[32m2026-02-21 20:16:50 +0800[0m - dagster - [34mERROR[0m - [31m__ASSET_JOB - 583b9af6-d792-46ed-b1d9-4f57f6453afa - Add_Details_Xq - Dependencies for step Add_Details_Xq were not executed: ['Add_Delisting_Stocks']. Not executing.[0m
[32m2026-02-21 20:16:50 +0800[0m - dagster - [34mERROR[0m - [31m__ASSET_JOB - 583b9af6-d792-46ed-b1d9-4f57f6453afa - Start_Basic_Prices - Dependencies for step Start_Basic_Prices were not executed: ['Add_Delisting_Stocks']. Not executing.[0m
