[32m2026-02-21 21:43:41 +0800[0m - dagster - [34mDEBUG[0m - __ASSET_JOB - 387e223b-faf6-47fa-a1cd-d30074bd2d7b - 36662 - LOGS_CAPTURED - Started capturing logs in process (pid: 36662).
[32m2026-02-21 21:43:41 +0800[0m - dagster - [34mDEBUG[0m - __ASSET_JOB - 387e223b-faf6-47fa-a1cd-d30074bd2d7b - 36662 - Start_Basic_Prices - STEP_START - Started execution of step "Start_Basic_Prices".
[32m2026-02-21 21:43:41 +0800[0m - dagster - [34mINFO[0m - __ASSET_JOB - 387e223b-faf6-47fa-a1cd-d30074bd2d7b - Start_Basic_Prices - 开始创建日线数据
[32m2026-02-21 21:43:41 +0800[0m - dagster - [34mINFO[0m - __ASSET_JOB - 387e223b-faf6-47fa-a1cd-d30074bd2d7b - Start_Basic_Prices - 找到 5495 只股票
[32m2026-02-21 21:43:41 +0800[0m - dagster - [34mINFO[0m - __ASSET_JOB - 387e223b-faf6-47fa-a1cd-d30074bd2d7b - Start_Basic_Prices - 已有数据截止: 2026-02-13, 从 2026-02-14 开始更新
[32m2026-02-21 21:43:41 +0800[0m - dagster - [34mINFO[0m - __ASSET_JOB - 387e223b-faf6-47fa-a1cd-d30074bd2d7b - Start_Basic_Prices - 处理批次 1/110
[32m2026-02-21 21:43:41 +0800[0m - dagster - [34mWARNING[0m - __ASSET_JOB - 387e223b-faf6-47fa-a1cd-d30074bd2d7b - Start_Basic_Prices - 获取 000002 失败: time data '20260214' does not match format '%Y-%m-%d'
[32m2026-02-21 21:43:41 +0800[0m - dagster - [34mWARNING[0m - __ASSET_JOB - 387e223b-faf6-47fa-a1cd-d30074bd2d7b - Start_Basic_Prices - 获取 000004 失败: time data '20260214' does not match format '%Y-%m-%d'
[32m2026-02-21 21:43:41 +0800[0m - dagster - [34mWARNING[0m - __ASSET_JOB - 387e223b-faf6-47fa-a1cd-d30074bd2d7b - Start_Basic_Prices - 获取 000006 失败: time data '20260214' does not match format '%Y-%m-%d'
[32m2026-02-21 21:43:41 +0800[0m - dagster - [34mWARNING[0m - __ASSET_JOB - 387e223b-faf6-47fa-a1cd-d30074bd2d7b - Start_Basic_Prices - 获取 000007 失败: time data '20260214' does not match format '%Y-%m-%d'
[32m2026-02-21 21:43:41 +0800[0m - dagster - [34mWARNING[0m - __ASSET_JOB - 387e223b-faf6-47fa-a1cd-d30074bd2d7b - Start_Basic_Prices - 获取 000008 失败: time data '20260214' does not match format '%Y-%m-%d'
[32m2026-02-21 21:43:41 +0800[0m - dagster - [34mWARNING[0m - __ASSET_JOB - 387e223b-faf6-47fa-a1cd-d30074bd2d7b - Start_Basic_Prices - 获取 000009 失败: time data '20260214' does not match format '%Y-%m-%d'
[32m2026-02-21 21:43:41 +0800[0m - dagster - [34mWARNING[0m - __ASSET_JOB - 387e223b-faf6-47fa-a1cd-d30074bd2d7b - Start_Basic_Prices - 获取 000010 失败: time data '20260214' does not match format '%Y-%m-%d'
[32m2026-02-21 21:43:41 +0800[0m - dagster - [34mWARNING[0m - __ASSET_JOB - 387e223b-faf6-47fa-a1cd-d30074bd2d7b - Start_Basic_Prices - 获取 000011 失败: time data '20260214' does not match format '%Y-%m-%d'
[32m2026-02-21 21:43:41 +0800[0m - dagster - [34mWARNING[0m - __ASSET_JOB - 387e223b-faf6-47fa-a1cd-d30074bd2d7b - Start_Basic_Prices - 获取 000012 失败: time data '20260214' does not match format '%Y-%m-%d'
[32m2026-02-21 21:43:41 +0800[0m - dagster - [34mWARNING[0m - __ASSET_JOB - 387e223b-faf6-47fa-a1cd-d30074bd2d7b - Start_Basic_Prices - 获取 000014 失败: time data '20260214' does not match format '%Y-%m-%d'
[32m2026-02-21 21:43:41 +0800[0m - dagster - [34mWARNING[0m - __ASSET_JOB - 387e223b-faf6-47fa-a1cd-d30074bd2d7b - Start_Basic_Prices - 获取 000016 失败: time data '20260214' does not match format '%Y-%m-%d'
[32m2026-02-21 21:43:41 +0800[0m - dagster - [34mWARNING[0m - __ASSET_JOB - 387e223b-faf6-47fa-a1cd-d30074bd2d7b - Start_Basic_Prices - 获取 000017 失败: time data '20260214' does not match format '%Y-%m-%d'
[32m2026-02-21 21:43:41 +0800[0m - dagster - [34mWARNING[0m - __ASSET_JOB - 387e223b-faf6-47fa-a1cd-d30074bd2d7b - Start_Basic_Prices - 获取 000019 失败: time data '20260214' does not match format '%Y-%m-%d'
[32m2026-02-21 21:43:41 +0800[0m - dagster - [34mWARNING[0m - __ASSET_JOB - 387e223b-faf6-47fa-a1cd-d30074bd2d7b - Start_Basic_Prices - 获取 000020 失败: time data '20260214' does not match format '%Y-%m-%d'
[32m2026-02-21 21:43:41 +0800[0m - dagster - [34mWARNING[0m - __ASSET_JOB - 387e223b-faf6-47fa-a1cd-d30074bd2d7b - Start_Basic_Prices - 获取 000021 失败: time data '20260214' does not match format '%Y-%m-%d'
[32m2026-02-21 21:43:41 +0800[0m - dagster - [34mWARNING[0m - __ASSET_JOB - 387e223b-faf6-47fa-a1cd-d30074bd2d7b - Start_Basic_Prices - 获取 000025 失败: time data '20260214' does not match format '%Y-%m-%d'
[32m2026-02-21 21:43:41 +0800[0m - dagster - [34mWARNING[0m - __ASSET_JOB - 387e223b-faf6-47fa-a1cd-d30074bd2d7b - Start_Basic_Prices - 获取 000026 失败: time data '20260214' does not match format '%Y-%m-%d'
[32m2026-02-21 21:43:41 +0800[0m - dagster - [34mWARNING[0m - __ASSET_JOB - 387e223b-faf6-47fa-a1cd-d30074bd2d7b - Start_Basic_Prices - 获取 000027 失败: time data '20260214' does not match format '%Y-%m-%d'
[32m2026-02-21 21:43:41 +0800[0m - dagster - [34mWARNING[0m - __ASSET_JOB - 387e223b-faf6-47fa-a1cd-d30074bd2d7b - Start_Basic_Prices - 获取 000028 失败: time data '20260214' does not match format '%Y-%m-%d'
[32m2026-02-21 21:43:41 +0800[0m - dagster - [34mWARNING[0m - __ASSET_JOB - 387e223b-faf6-47fa-a1cd-d30074bd2d7b - Start_Basic_Prices - 获取 000029 失败: time data '20260214' does not match format '%Y-%m-%d'
[32m2026-02-21 21:43:41 +0800[0m - dagster - [34mWARNING[0m - __ASSET_JOB - 387e223b-faf6-47fa-a1cd-d30074bd2d7b - Start_Basic_Prices - 获取 000030 失败: time data '20260214' does not match format '%Y-%m-%d'
[32m2026-02-21 21:43:41 +0800[0m - dagster - [34mWARNING[0m - __ASSET_JOB - 387e223b-faf6-47fa-a1cd-d30074bd2d7b - Start_Basic_Prices - 获取 000031 失败: time data '20260214' does not match format '%Y-%m-%d'
[32m2026-02-21 21:43:41 +0800[0m - dagster - [34mWARNING[0m - __ASSET_JOB - 387e223b-faf6-47fa-a1cd-d30074bd2d7b - Start_Basic_Prices - 获取 000032 失败: time data '20260214' does not match format '%Y-%m-%d'
[32m2026-02-21 21:43:41 +0800[0m - dagster - [34mWARNING[0m - __ASSET_JOB - 387e223b-faf6-47fa-a1cd-d30074bd2d7b - Start_Basic_Prices - 获取 000034 失败: time data '20260214' does not match format '%Y-%m-%d'
[32m2026-02-21 21:43:41 +0800[0m - dagster - [34mWARNING[0m - __ASSET_JOB - 387e223b-faf6-47fa-a1cd-d30074bd2d7b - Start_Basic_Prices - 获取 000035 失败: time data '20260214' does not match format '%Y-%m-%d'
[32m2026-02-21 21:43:41 +0800[0m - dagster - [34mWARNING[0m - __ASSET_JOB - 387e223b-faf6-47fa-a1cd-d30074bd2d7b - Start_Basic_Prices - 获取 000036 失败: time data '20260214' does not match format '%Y-%m-%d'
[32m2026-02-21 21:43:41 +0800[0m - dagster - [34mWARNING[0m - __ASSET_JOB - 387e223b-faf6-47fa-a1cd-d30074bd2d7b - Start_Basic_Prices - 获取 000037 失败: time data '20260214' does not match format '%Y-%m-%d'
[32m2026-02-21 21:43:41 +0800[0m - dagster - [34mWARNING[0m - __ASSET_JOB - 387e223b-faf6-47fa-a1cd-d30074bd2d7b - Start_Basic_Prices - 获取 000039 失败: time data '20260214' does not match format '%Y-%m-%d'
[32m2026-02-21 21:43:41 +0800[0m - dagster - [34mWARNING[0m - __ASSET_JOB - 387e223b-faf6-47fa-a1cd-d30074bd2d7b - Start_Basic_Prices - 获取 000042 失败: time data '20260214' does not match format '%Y-%m-%d'
[32m2026-02-21 21:43:41 +0800[0m - dagster - [34mWARNING[0m - __ASSET_JOB - 387e223b-faf6-47fa-a1cd-d30074bd2d7b - Start_Basic_Prices - 获取 000045 失败: time data '20260214' does not match format '%Y-%m-%d'
[32m2026-02-21 21:43:41 +0800[0m - dagster - [34mWARNING[0m - __ASSET_JOB - 387e223b-faf6-47fa-a1cd-d30074bd2d7b - Start_Basic_Prices - 获取 000048 失败: time data '20260214' does not match format '%Y-%m-%d'
[32m2026-02-21 21:43:41 +0800[0m - dagster - [34mWARNING[0m - __ASSET_JOB - 387e223b-faf6-47fa-a1cd-d30074bd2d7b - Start_Basic_Prices - 获取 000049 失败: time data '20260214' does not match format '%Y-%m-%d'
[32m2026-02-21 21:43:41 +0800[0m - dagster - [34mWARNING[0m - __ASSET_JOB - 387e223b-faf6-47fa-a1cd-d30074bd2d7b - Start_Basic_Prices - 获取 000050 失败: time data '20260214' does not match format '%Y-%m-%d'
[32m2026-02-21 21:43:41 +0800[0m - dagster - [34mWARNING[0m - __ASSET_JOB - 387e223b-faf6-47fa-a1cd-d30074bd2d7b - Start_Basic_Prices - 获取 000055 失败: time data '20260214' does not match format '%Y-%m-%d'
[32m2026-02-21 21:43:41 +0800[0m - dagster - [34mWARNING[0m - __ASSET_JOB - 387e223b-faf6-47fa-a1cd-d30074bd2d7b - Start_Basic_Prices - 获取 000056 失败: time data '20260214' does not match format '%Y-%m-%d'
[32m2026-02-21 21:43:41 +0800[0m - dagster - [34mWARNING[0m - __ASSET_JOB - 387e223b-faf6-47fa-a1cd-d30074bd2d7b - Start_Basic_Prices - 获取 000058 失败: time data '20260214' does not match format '%Y-%m-%d'
[32m2026-02-21 21:43:41 +0800[0m - dagster - [34mWARNING[0m - __ASSET_JOB - 387e223b-faf6-47fa-a1cd-d30074bd2d7b - Start_Basic_Prices - 获取 000059 失败: time data '20260214' does not match format '%Y-%m-%d'
[32m2026-02-21 21:43:41 +0800[0m - dagster - [34mWARNING[0m - __ASSET_JOB - 387e223b-faf6-47fa-a1cd-d30074bd2d7b - Start_Basic_Prices - 获取 000060 失败: time data '20260214' does not match format '%Y-%m-%d'
[32m2026-02-21 21:43:41 +0800[0m - dagster - [34mWARNING[0m - __ASSET_JOB - 387e223b-faf6-47fa-a1cd-d30074bd2d7b - Start_Basic_Prices - 获取 000061 失败: time data '20260214' does not match format '%Y-%m-%d'
[32m2026-02-21 21:43:41 +0800[0m - dagster - [34mWARNING[0m - __ASSET_JOB - 387e223b-faf6-47fa-a1cd-d30074bd2d7b - Start_Basic_Prices - 获取 000062 失败: time data '20260214' does not match format '%Y-%m-%d'
[32m2026-02-21 21:43:41 +0800[0m - dagster - [34mWARNING[0m - __ASSET_JOB - 387e223b-faf6-47fa-a1cd-d30074bd2d7b - Start_Basic_Prices - 获取 000063 失败: time data '20260214' does not match format '%Y-%m-%d'
[32m2026-02-21 21:43:41 +0800[0m - dagster - [34mWARNING[0m - __ASSET_JOB - 387e223b-faf6-47fa-a1cd-d30074bd2d7b - Start_Basic_Prices - 获取 000065 失败: time data '20260214' does not match format '%Y-%m-%d'
[32m2026-02-21 21:43:41 +0800[0m - dagster - [34mWARNING[0m - __ASSET_JOB - 387e223b-faf6-47fa-a1cd-d30074bd2d7b - Start_Basic_Prices - 获取 000066 失败: time data '20260214' does not match format '%Y-%m-%d'
[32m2026-02-21 21:43:41 +0800[0m - dagster - [34mWARNING[0m - __ASSET_JOB - 387e223b-faf6-47fa-a1cd-d30074bd2d7b - Start_Basic_Prices - 获取 000068 失败: time data '20260214' does not match format '%Y-%m-%d'
[32m2026-02-21 21:43:41 +0800[0m - dagster - [34mWARNING[0m - __ASSET_JOB - 387e223b-faf6-47fa-a1cd-d30074bd2d7b - Start_Basic_Prices - 获取 000069 失败: time data '20260214' does not match format '%Y-%m-%d'
[32m2026-02-21 21:43:41 +0800[0m - dagster - [34mWARNING[0m - __ASSET_JOB - 387e223b-faf6-47fa-a1cd-d30074bd2d7b - Start_Basic_Prices - 获取 000070 失败: time data '20260214' does not match format '%Y-%m-%d'
[32m2026-02-21 21:43:41 +0800[0m - dagster - [34mWARNING[0m - __ASSET_JOB - 387e223b-faf6-47fa-a1cd-d30074bd2d7b - Start_Basic_Prices - 获取 000078 失败: time data '20260214' does not match format '%Y-%m-%d'
[32m2026-02-21 21:43:41 +0800[0m - dagster - [34mWARNING[0m - __ASSET_JOB - 387e223b-faf6-47fa-a1cd-d30074bd2d7b - Start_Basic_Prices - 获取 000088 失败: time data '20260214' does not match format '%Y-%m-%d'
[32m2026-02-21 21:43:41 +0800[0m - dagster - [34mWARNING[0m - __ASSET_JOB - 387e223b-faf6-47fa-a1cd-d30074bd2d7b - Start_Basic_Prices - 获取 000089 失败: time data '20260214' does not match format '%Y-%m-%d'
[32m2026-02-21 21:43:43 +0800[0m - dagster - [34mINFO[0m - __ASSET_JOB - 387e223b-faf6-47fa-a1cd-d30074bd2d7b - Start_Basic_Prices - 处理批次 2/110
[32m2026-02-21 21:43:43 +0800[0m - dagster - [34mWARNING[0m - __ASSET_JOB - 387e223b-faf6-47fa-a1cd-d30074bd2d7b - Start_Basic_Prices - 获取 000090 失败: time data '20260214' does not match format '%Y-%m-%d'
[32m2026-02-21 21:43:43 +0800[0m - dagster - [34mWARNING[0m - __ASSET_JOB - 387e223b-faf6-47fa-a1cd-d30074bd2d7b - Start_Basic_Prices - 获取 000096 失败: time data '20260214' does not match format '%Y-%m-%d'
[32m2026-02-21 21:43:43 +0800[0m - dagster - [34mWARNING[0m - __ASSET_JOB - 387e223b-faf6-47fa-a1cd-d30074bd2d7b - Start_Basic_Prices - 获取 000099 失败: time data '20260214' does not match format '%Y-%m-%d'
[32m2026-02-21 21:43:43 +0800[0m - dagster - [34mWARNING[0m - __ASSET_JOB - 387e223b-faf6-47fa-a1cd-d30074bd2d7b - Start_Basic_Prices - 获取 000100 失败: time data '20260214' does not match format '%Y-%m-%d'
[32m2026-02-21 21:43:43 +0800[0m - dagster - [34mWARNING[0m - __ASSET_JOB - 387e223b-faf6-47fa-a1cd-d30074bd2d7b - Start_Basic_Prices - 获取 000151 失败: time data '20260214' does not match format '%Y-%m-%d'
[32m2026-02-21 21:43:43 +0800[0m - dagster - [34mWARNING[0m - __ASSET_JOB - 387e223b-faf6-47fa-a1cd-d30074bd2d7b - Start_Basic_Prices - 获取 000153 失败: time data '20260214' does not match format '%Y-%m-%d'
[32m2026-02-21 21:43:43 +0800[0m - dagster - [34mWARNING[0m - __ASSET_JOB - 387e223b-faf6-47fa-a1cd-d30074bd2d7b - Start_Basic_Prices - 获取 000155 失败: time data '20260214' does not match format '%Y-%m-%d'
[32m2026-02-21 21:43:43 +0800[0m - dagster - [34mWARNING[0m - __ASSET_JOB - 387e223b-faf6-47fa-a1cd-d30074bd2d7b - Start_Basic_Prices - 获取 000156 失败: time data '20260214' does not match format '%Y-%m-%d'
[32m2026-02-21 21:43:43 +0800[0m - dagster - [34mWARNING[0m - __ASSET_JOB - 387e223b-faf6-47fa-a1cd-d30074bd2d7b - Start_Basic_Prices - 获取 000157 失败: time data '20260214' does not match format '%Y-%m-%d'
[32m2026-02-21 21:43:43 +0800[0m - dagster - [34mWARNING[0m - __ASSET_JOB - 387e223b-faf6-47fa-a1cd-d30074bd2d7b - Start_Basic_Prices - 获取 000158 失败: time data '20260214' does not match format '%Y-%m-%d'
[32m2026-02-21 21:43:43 +0800[0m - dagster - [34mWARNING[0m - __ASSET_JOB - 387e223b-faf6-47fa-a1cd-d30074bd2d7b - Start_Basic_Prices - 获取 000159 失败: time data '20260214' does not match format '%Y-%m-%d'
[32m2026-02-21 21:43:43 +0800[0m - dagster - [34mWARNING[0m - __ASSET_JOB - 387e223b-faf6-47fa-a1cd-d30074bd2d7b - Start_Basic_Prices - 获取 000166 失败: time data '20260214' does not match format '%Y-%m-%d'
[32m2026-02-21 21:43:43 +0800[0m - dagster - [34mWARNING[0m - __ASSET_JOB - 387e223b-faf6-47fa-a1cd-d30074bd2d7b - Start_Basic_Prices - 获取 000301 失败: time data '20260214' does not match format '%Y-%m-%d'
[32m2026-02-21 21:43:43 +0800[0m - dagster - [34mWARNING[0m - __ASSET_JOB - 387e223b-faf6-47fa-a1cd-d30074bd2d7b - Start_Basic_Prices - 获取 000333 失败: time data '20260214' does not match format '%Y-%m-%d'
[32m2026-02-21 21:43:43 +0800[0m - dagster - [34mWARNING[0m - __ASSET_JOB - 387e223b-faf6-47fa-a1cd-d30074bd2d7b - Start_Basic_Prices - 获取 000338 失败: time data '20260214' does not match format '%Y-%m-%d'
[32m2026-02-21 21:43:43 +0800[0m - dagster - [34mWARNING[0m - __ASSET_JOB - 387e223b-faf6-47fa-a1cd-d30074bd2d7b - Start_Basic_Prices - 获取 000400 失败: time data '20260214' does not match format '%Y-%m-%d'
[32m2026-02-21 21:43:43 +0800[0m - dagster - [34mWARNING[0m - __ASSET_JOB - 387e223b-faf6-47fa-a1cd-d30074bd2d7b - Start_Basic_Prices - 获取 000401 失败: time data '20260214' does not match format '%Y-%m-%d'
[32m2026-02-21 21:43:43 +0800[0m - dagster - [34mWARNING[0m - __ASSET_JOB - 387e223b-faf6-47fa-a1cd-d30074bd2d7b - Start_Basic_Prices - 获取 000402 失败: time data '20260214' does not match format '%Y-%m-%d'
[32m2026-02-21 21:43:43 +0800[0m - dagster - [34mWARNING[0m - __ASSET_JOB - 387e223b-faf6-47fa-a1cd-d30074bd2d7b - Start_Basic_Prices - 获取 000403 失败: time data '20260214' does not match format '%Y-%m-%d'
[32m2026-02-21 21:43:43 +0800[0m - dagster - [34mWARNING[0m - __ASSET_JOB - 387e223b-faf6-47fa-a1cd-d30074bd2d7b - Start_Basic_Prices - 获取 000404 失败: time data '20260214' does not match format '%Y-%m-%d'
[32m2026-02-21 21:43:43 +0800[0m - dagster - [34mWARNING[0m - __ASSET_JOB - 387e223b-faf6-47fa-a1cd-d30074bd2d7b - Start_Basic_Prices - 获取 000407 失败: time data '20260214' does not match format '%Y-%m-%d'
[32m2026-02-21 21:43:43 +0800[0m - dagster - [34mWARNING[0m - __ASSET_JOB - 387e223b-faf6-47fa-a1cd-d30074bd2d7b - Start_Basic_Prices - 获取 000408 失败: time data '20260214' does not match format '%Y-%m-%d'
[32m2026-02-21 21:43:43 +0800[0m - dagster - [34mWARNING[0m - __ASSET_JOB - 387e223b-faf6-47fa-a1cd-d30074bd2d7b - Start_Basic_Prices - 获取 000409 失败: time data '20260214' does not match format '%Y-%m-%d'
[32m2026-02-21 21:43:43 +0800[0m - dagster - [34mWARNING[0m - __ASSET_JOB - 387e223b-faf6-47fa-a1cd-d30074bd2d7b - Start_Basic_Prices - 获取 000410 失败: time data '20260214' does not match format '%Y-%m-%d'
[32m2026-02-21 21:43:43 +0800[0m - dagster - [34mWARNING[0m - __ASSET_JOB - 387e223b-faf6-47fa-a1cd-d30074bd2d7b - Start_Basic_Prices - 获取 000411 失败: time data '20260214' does not match format '%Y-%m-%d'
[32m2026-02-21 21:43:43 +0800[0m - dagster - [34mWARNING[0m - __ASSET_JOB - 387e223b-faf6-47fa-a1cd-d30074bd2d7b - Start_Basic_Prices - 获取 000415 失败: time data '20260214' does not match format '%Y-%m-%d'
[32m2026-02-21 21:43:43 +0800[0m - dagster - [34mWARNING[0m - __ASSET_JOB - 387e223b-faf6-47fa-a1cd-d30074bd2d7b - Start_Basic_Prices - 获取 000417 失败: time data '20260214' does not match format '%Y-%m-%d'
[32m2026-02-21 21:43:43 +0800[0m - dagster - [34mWARNING[0m - __ASSET_JOB - 387e223b-faf6-47fa-a1cd-d30074bd2d7b - Start_Basic_Prices - 获取 000419 失败: time data '20260214' does not match format '%Y-%m-%d'
[32m2026-02-21 21:43:43 +0800[0m - dagster - [34mWARNING[0m - __ASSET_JOB - 387e223b-faf6-47fa-a1cd-d30074bd2d7b - Start_Basic_Prices - 获取 000420 失败: time data '20260214' does not match format '%Y-%m-%d'
[32m2026-02-21 21:43:43 +0800[0m - dagster - [34mWARNING[0m - __ASSET_JOB - 387e223b-faf6-47fa-a1cd-d30074bd2d7b - Start_Basic_Prices - 获取 000421 失败: time data '20260214' does not match format '%Y-%m-%d'
[32m2026-02-21 21:43:43 +0800[0m - dagster - [34mWARNING[0m - __ASSET_JOB - 387e223b-faf6-47fa-a1cd-d30074bd2d7b - Start_Basic_Prices - 获取 000422 失败: time data '20260214' does not match format '%Y-%m-%d'
[32m2026-02-21 21:43:43 +0800[0m - dagster - [34mWARNING[0m - __ASSET_JOB - 387e223b-faf6-47fa-a1cd-d30074bd2d7b - Start_Basic_Prices - 获取 000423 失败: time data '20260214' does not match format '%Y-%m-%d'
[32m2026-02-21 21:43:43 +0800[0m - dagster - [34mWARNING[0m - __ASSET_JOB - 387e223b-faf6-47fa-a1cd-d30074bd2d7b - Start_Basic_Prices - 获取 000425 失败: time data '20260214' does not match format '%Y-%m-%d'
[32m2026-02-21 21:43:43 +0800[0m - dagster - [34mWARNING[0m - __ASSET_JOB - 387e223b-faf6-47fa-a1cd-d30074bd2d7b - Start_Basic_Prices - 获取 000426 失败: time data '20260214' does not match format '%Y-%m-%d'
[32m2026-02-21 21:43:43 +0800[0m - dagster - [34mWARNING[0m - __ASSET_JOB - 387e223b-faf6-47fa-a1cd-d30074bd2d7b - Start_Basic_Prices - 获取 000428 失败: time data '20260214' does not match format '%Y-%m-%d'
[32m2026-02-21 21:43:43 +0800[0m - dagster - [34mWARNING[0m - __ASSET_JOB - 387e223b-faf6-47fa-a1cd-d30074bd2d7b - Start_Basic_Prices - 获取 000429 失败: time data '20260214' does not match format '%Y-%m-%d'
[32m2026-02-21 21:43:43 +0800[0m - dagster - [34mWARNING[0m - __ASSET_JOB - 387e223b-faf6-47fa-a1cd-d30074bd2d7b - Start_Basic_Prices - 获取 000430 失败: time data '20260214' does not match format '%Y-%m-%d'
[32m2026-02-21 21:43:43 +0800[0m - dagster - [34mWARNING[0m - __ASSET_JOB - 387e223b-faf6-47fa-a1cd-d30074bd2d7b - Start_Basic_Prices - 获取 000488 失败: time data '20260214' does not match format '%Y-%m-%d'
[32m2026-02-21 21:43:43 +0800[0m - dagster - [34mWARNING[0m - __ASSET_JOB - 387e223b-faf6-47fa-a1cd-d30074bd2d7b - Start_Basic_Prices - 获取 000498 失败: time data '20260214' does not match format '%Y-%m-%d'
[32m2026-02-21 21:43:43 +0800[0m - dagster - [34mWARNING[0m - __ASSET_JOB - 387e223b-faf6-47fa-a1cd-d30074bd2d7b - Start_Basic_Prices - 获取 000501 失败: time data '20260214' does not match format '%Y-%m-%d'
[32m2026-02-21 21:43:43 +0800[0m - dagster - [34mWARNING[0m - __ASSET_JOB - 387e223b-faf6-47fa-a1cd-d30074bd2d7b - Start_Basic_Prices - 获取 000503 失败: time data '20260214' does not match format '%Y-%m-%d'
[32m2026-02-21 21:43:43 +0800[0m - dagster - [34mWARNING[0m - __ASSET_JOB - 387e223b-faf6-47fa-a1cd-d30074bd2d7b - Start_Basic_Prices - 获取 000504 失败: time data '20260214' does not match format '%Y-%m-%d'
[32m2026-02-21 21:43:43 +0800[0m - dagster - [34mWARNING[0m - __ASSET_JOB - 387e223b-faf6-47fa-a1cd-d30074bd2d7b - Start_Basic_Prices - 获取 000505 失败: time data '20260214' does not match format '%Y-%m-%d'
[32m2026-02-21 21:43:43 +0800[0m - dagster - [34mWARNING[0m - __ASSET_JOB - 387e223b-faf6-47fa-a1cd-d30074bd2d7b - Start_Basic_Prices - 获取 000506 失败: time data '20260214' does not match format '%Y-%m-%d'
[32m2026-02-21 21:43:43 +0800[0m - dagster - [34mWARNING[0m - __ASSET_JOB - 387e223b-faf6-47fa-a1cd-d30074bd2d7b - Start_Basic_Prices - 获取 000507 失败: time data '20260214' does not match format '%Y-%m-%d'
[32m2026-02-21 21:43:43 +0800[0m - dagster - [34mWARNING[0m - __ASSET_JOB - 387e223b-faf6-47fa-a1cd-d30074bd2d7b - Start_Basic_Prices - 获取 000509 失败: time data '20260214' does not match format '%Y-%m-%d'
[32m2026-02-21 21:43:43 +0800[0m - dagster - [34mWARNING[0m - __ASSET_JOB - 387e223b-faf6-47fa-a1cd-d30074bd2d7b - Start_Basic_Prices - 获取 000510 失败: time data '20260214' does not match format '%Y-%m-%d'
[32m2026-02-21 21:43:43 +0800[0m - dagster - [34mWARNING[0m - __ASSET_JOB - 387e223b-faf6-47fa-a1cd-d30074bd2d7b - Start_Basic_Prices - 获取 000513 失败: time data '20260214' does not match format '%Y-%m-%d'
[32m2026-02-21 21:43:43 +0800[0m - dagster - [34mWARNING[0m - __ASSET_JOB - 387e223b-faf6-47fa-a1cd-d30074bd2d7b - Start_Basic_Prices - 获取 000514 失败: time data '20260214' does not match format '%Y-%m-%d'
[32m2026-02-21 21:43:43 +0800[0m - dagster - [34mWARNING[0m - __ASSET_JOB - 387e223b-faf6-47fa-a1cd-d30074bd2d7b - Start_Basic_Prices - 获取 000516 失败: time data '20260214' does not match format '%Y-%m-%d'
[32m2026-02-21 21:43:45 +0800[0m - dagster - [34mINFO[0m - __ASSET_JOB - 387e223b-faf6-47fa-a1cd-d30074bd2d7b - Start_Basic_Prices - 处理批次 3/110
[32m2026-02-21 21:43:45 +0800[0m - dagster - [34mWARNING[0m - __ASSET_JOB - 387e223b-faf6-47fa-a1cd-d30074bd2d7b - Start_Basic_Prices - 获取 000517 失败: time data '20260214' does not match format '%Y-%m-%d'
[32m2026-02-21 21:43:45 +0800[0m - dagster - [34mWARNING[0m - __ASSET_JOB - 387e223b-faf6-47fa-a1cd-d30074bd2d7b - Start_Basic_Prices - 获取 000518 失败: time data '20260214' does not match format '%Y-%m-%d'
[32m2026-02-21 21:43:45 +0800[0m - dagster - [34mWARNING[0m - __ASSET_JOB - 387e223b-faf6-47fa-a1cd-d30074bd2d7b - Start_Basic_Prices - 获取 000519 失败: time data '20260214' does not match format '%Y-%m-%d'
[32m2026-02-21 21:43:45 +0800[0m - dagster - [34mWARNING[0m - __ASSET_JOB - 387e223b-faf6-47fa-a1cd-d30074bd2d7b - Start_Basic_Prices - 获取 000520 失败: time data '20260214' does not match format '%Y-%m-%d'
[32m2026-02-21 21:43:45 +0800[0m - dagster - [34mWARNING[0m - __ASSET_JOB - 387e223b-faf6-47fa-a1cd-d30074bd2d7b - Start_Basic_Prices - 获取 000521 失败: time data '20260214' does not match format '%Y-%m-%d'
[32m2026-02-21 21:43:45 +0800[0m - dagster - [34mWARNING[0m - __ASSET_JOB - 387e223b-faf6-47fa-a1cd-d30074bd2d7b - Start_Basic_Prices - 获取 000523 失败: time data '20260214' does not match format '%Y-%m-%d'
[32m2026-02-21 21:43:45 +0800[0m - dagster - [34mWARNING[0m - __ASSET_JOB - 387e223b-faf6-47fa-a1cd-d30074bd2d7b - Start_Basic_Prices - 获取 000524 失败: time data '20260214' does not match format '%Y-%m-%d'
[32m2026-02-21 21:43:45 +0800[0m - dagster - [34mWARNING[0m - __ASSET_JOB - 387e223b-faf6-47fa-a1cd-d30074bd2d7b - Start_Basic_Prices - 获取 000525 失败: time data '20260214' does not match format '%Y-%m-%d'
[32m2026-02-21 21:43:45 +0800[0m - dagster - [34mWARNING[0m - __ASSET_JOB - 387e223b-faf6-47fa-a1cd-d30074bd2d7b - Start_Basic_Prices - 获取 000526 失败: time data '20260214' does not match format '%Y-%m-%d'
[32m2026-02-21 21:43:45 +0800[0m - dagster - [34mWARNING[0m - __ASSET_JOB - 387e223b-faf6-47fa-a1cd-d30074bd2d7b - Start_Basic_Prices - 获取 000528 失败: time data '20260214' does not match format '%Y-%m-%d'
[32m2026-02-21 21:43:45 +0800[0m - dagster - [34mWARNING[0m - __ASSET_JOB - 387e223b-faf6-47fa-a1cd-d30074bd2d7b - Start_Basic_Prices - 获取 000529 失败: time data '20260214' does not match format '%Y-%m-%d'
[32m2026-02-21 21:43:45 +0800[0m - dagster - [34mWARNING[0m - __ASSET_JOB - 387e223b-faf6-47fa-a1cd-d30074bd2d7b - Start_Basic_Prices - 获取 000530 失败: time data '20260214' does not match format '%Y-%m-%d'
[32m2026-02-21 21:43:45 +0800[0m - dagster - [34mWARNING[0m - __ASSET_JOB - 387e223b-faf6-47fa-a1cd-d30074bd2d7b - Start_Basic_Prices - 获取 000531 失败: time data '20260214' does not match format '%Y-%m-%d'
[32m2026-02-21 21:43:45 +0800[0m - dagster - [34mWARNING[0m - __ASSET_JOB - 387e223b-faf6-47fa-a1cd-d30074bd2d7b - Start_Basic_Prices - 获取 000532 失败: time data '20260214' does not match format '%Y-%m-%d'
[32m2026-02-21 21:43:45 +0800[0m - dagster - [34mWARNING[0m - __ASSET_JOB - 387e223b-faf6-47fa-a1cd-d30074bd2d7b - Start_Basic_Prices - 获取 000533 失败: time data '20260214' does not match format '%Y-%m-%d'
[32m2026-02-21 21:43:45 +0800[0m - dagster - [34mWARNING[0m - __ASSET_JOB - 387e223b-faf6-47fa-a1cd-d30074bd2d7b - Start_Basic_Prices - 获取 000534 失败: time data '20260214' does not match format '%Y-%m-%d'
[32m2026-02-21 21:43:45 +0800[0m - dagster - [34mWARNING[0m - __ASSET_JOB - 387e223b-faf6-47fa-a1cd-d30074bd2d7b - Start_Basic_Prices - 获取 000536 失败: time data '20260214' does not match format '%Y-%m-%d'
[32m2026-02-21 21:43:45 +0800[0m - dagster - [34mWARNING[0m - __ASSET_JOB - 387e223b-faf6-47fa-a1cd-d30074bd2d7b - Start_Basic_Prices - 获取 000537 失败: time data '20260214' does not match format '%Y-%m-%d'
[32m2026-02-21 21:43:45 +0800[0m - dagster - [34mWARNING[0m - __ASSET_JOB - 387e223b-faf6-47fa-a1cd-d30074bd2d7b - Start_Basic_Prices - 获取 000538 失败: time data '20260214' does not match format '%Y-%m-%d'
[32m2026-02-21 21:43:46 +0800[0m - dagster - [34mWARNING[0m - __ASSET_JOB - 387e223b-faf6-47fa-a1cd-d30074bd2d7b - Start_Basic_Prices - 获取 000539 失败: time data '20260214' does not match format '%Y-%m-%d'
[32m2026-02-21 21:43:46 +0800[0m - dagster - [34mWARNING[0m - __ASSET_JOB - 387e223b-faf6-47fa-a1cd-d30074bd2d7b - Start_Basic_Prices - 获取 000541 失败: time data '20260214' does not match format '%Y-%m-%d'
[32m2026-02-21 21:43:46 +0800[0m - dagster - [34mWARNING[0m - __ASSET_JOB - 387e223b-faf6-47fa-a1cd-d30074bd2d7b - Start_Basic_Prices - 获取 000543 失败: time data '20260214' does not match format '%Y-%m-%d'
[32m2026-02-21 21:43:46 +0800[0m - dagster - [34mWARNING[0m - __ASSET_JOB - 387e223b-faf6-47fa-a1cd-d30074bd2d7b - Start_Basic_Prices - 获取 000544 失败: time data '20260214' does not match format '%Y-%m-%d'
[32m2026-02-21 21:43:46 +0800[0m - dagster - [34mWARNING[0m - __ASSET_JOB - 387e223b-faf6-47fa-a1cd-d30074bd2d7b - Start_Basic_Prices - 获取 000545 失败: time data '20260214' does not match format '%Y-%m-%d'
[32m2026-02-21 21:43:46 +0800[0m - dagster - [34mWARNING[0m - __ASSET_JOB - 387e223b-faf6-47fa-a1cd-d30074bd2d7b - Start_Basic_Prices - 获取 000546 失败: time data '20260214' does not match format '%Y-%m-%d'
[32m2026-02-21 21:43:46 +0800[0m - dagster - [34mWARNING[0m - __ASSET_JOB - 387e223b-faf6-47fa-a1cd-d30074bd2d7b - Start_Basic_Prices - 获取 000547 失败: time data '20260214' does not match format '%Y-%m-%d'
[32m2026-02-21 21:43:46 +0800[0m - dagster - [34mWARNING[0m - __ASSET_JOB - 387e223b-faf6-47fa-a1cd-d30074bd2d7b - Start_Basic_Prices - 获取 000548 失败: time data '20260214' does not match format '%Y-%m-%d'
[32m2026-02-21 21:43:46 +0800[0m - dagster - [34mWARNING[0m - __ASSET_JOB - 387e223b-faf6-47fa-a1cd-d30074bd2d7b - Start_Basic_Prices - 获取 000550 失败: time data '20260214' does not match format '%Y-%m-%d'
[32m2026-02-21 21:43:46 +0800[0m - dagster - [34mWARNING[0m - __ASSET_JOB - 387e223b-faf6-47fa-a1cd-d30074bd2d7b - Start_Basic_Prices - 获取 000551 失败: time data '20260214' does not match format '%Y-%m-%d'
[32m2026-02-21 21:43:46 +0800[0m - dagster - [34mWARNING[0m - __ASSET_JOB - 387e223b-faf6-47fa-a1cd-d30074bd2d7b - Start_Basic_Prices - 获取 000552 失败: time data '20260214' does not match format '%Y-%m-%d'
[32m2026-02-21 21:43:46 +0800[0m - dagster - [34mWARNING[0m - __ASSET_JOB - 387e223b-faf6-47fa-a1cd-d30074bd2d7b - Start_Basic_Prices - 获取 000553 失败: time data '20260214' does not match format '%Y-%m-%d'
[32m2026-02-21 21:43:46 +0800[0m - dagster - [34mWARNING[0m - __ASSET_JOB - 387e223b-faf6-47fa-a1cd-d30074bd2d7b - Start_Basic_Prices - 获取 000554 失败: time data '20260214' does not match format '%Y-%m-%d'
[32m2026-02-21 21:43:46 +0800[0m - dagster - [34mWARNING[0m - __ASSET_JOB - 387e223b-faf6-47fa-a1cd-d30074bd2d7b - Start_Basic_Prices - 获取 000555 失败: time data '20260214' does not match format '%Y-%m-%d'
[32m2026-02-21 21:43:46 +0800[0m - dagster - [34mWARNING[0m - __ASSET_JOB - 387e223b-faf6-47fa-a1cd-d30074bd2d7b - Start_Basic_Prices - 获取 000557 失败: time data '20260214' does not match format '%Y-%m-%d'
[32m2026-02-21 21:43:46 +0800[0m - dagster - [34mWARNING[0m - __ASSET_JOB - 387e223b-faf6-47fa-a1cd-d30074bd2d7b - Start_Basic_Prices - 获取 000558 失败: time data '20260214' does not match format '%Y-%m-%d'
[32m2026-02-21 21:43:46 +0800[0m - dagster - [34mWARNING[0m - __ASSET_JOB - 387e223b-faf6-47fa-a1cd-d30074bd2d7b - Start_Basic_Prices - 获取 000559 失败: time data '20260214' does not match format '%Y-%m-%d'
[32m2026-02-21 21:43:46 +0800[0m - dagster - [34mWARNING[0m - __ASSET_JOB - 387e223b-faf6-47fa-a1cd-d30074bd2d7b - Start_Basic_Prices - 获取 000560 失败: time data '20260214' does not match format '%Y-%m-%d'
[32m2026-02-21 21:43:46 +0800[0m - dagster - [34mWARNING[0m - __ASSET_JOB - 387e223b-faf6-47fa-a1cd-d30074bd2d7b - Start_Basic_Prices - 获取 000561 失败: time data '20260214' does not match format '%Y-%m-%d'
[32m2026-02-21 21:43:46 +0800[0m - dagster - [34mWARNING[0m - __ASSET_JOB - 387e223b-faf6-47fa-a1cd-d30074bd2d7b - Start_Basic_Prices - 获取 000563 失败: time data '20260214' does not match format '%Y-%m-%d'
[32m2026-02-21 21:43:46 +0800[0m - dagster - [34mWARNING[0m - __ASSET_JOB - 387e223b-faf6-47fa-a1cd-d30074bd2d7b - Start_Basic_Prices - 获取 000564 失败: time data '20260214' does not match format '%Y-%m-%d'
[32m2026-02-21 21:43:46 +0800[0m - dagster - [34mWARNING[0m - __ASSET_JOB - 387e223b-faf6-47fa-a1cd-d30074bd2d7b - Start_Basic_Prices - 获取 000565 失败: time data '20260214' does not match format '%Y-%m-%d'
[32m2026-02-21 21:43:46 +0800[0m - dagster - [34mWARNING[0m - __ASSET_JOB - 387e223b-faf6-47fa-a1cd-d30074bd2d7b - Start_Basic_Prices - 获取 000566 失败: time data '20260214' does not match format '%Y-%m-%d'
[32m2026-02-21 21:43:46 +0800[0m - dagster - [34mWARNING[0m - __ASSET_JOB - 387e223b-faf6-47fa-a1cd-d30074bd2d7b - Start_Basic_Prices - 获取 000567 失败: time data '20260214' does not match format '%Y-%m-%d'
[32m2026-02-21 21:43:46 +0800[0m - dagster - [34mWARNING[0m - __ASSET_JOB - 387e223b-faf6-47fa-a1cd-d30074bd2d7b - Start_Basic_Prices - 获取 000568 失败: time data '20260214' does not match format '%Y-%m-%d'
[32m2026-02-21 21:43:46 +0800[0m - dagster - [34mWARNING[0m - __ASSET_JOB - 387e223b-faf6-47fa-a1cd-d30074bd2d7b - Start_Basic_Prices - 获取 000570 失败: time data '20260214' does not match format '%Y-%m-%d'
[32m2026-02-21 21:43:46 +0800[0m - dagster - [34mWARNING[0m - __ASSET_JOB - 387e223b-faf6-47fa-a1cd-d30074bd2d7b - Start_Basic_Prices - 获取 000571 失败: time data '20260214' does not match format '%Y-%m-%d'
[32m2026-02-21 21:43:46 +0800[0m - dagster - [34mWARNING[0m - __ASSET_JOB - 387e223b-faf6-47fa-a1cd-d30074bd2d7b - Start_Basic_Prices - 获取 000572 失败: time data '20260214' does not match format '%Y-%m-%d'
[32m2026-02-21 21:43:46 +0800[0m - dagster - [34mWARNING[0m - __ASSET_JOB - 387e223b-faf6-47fa-a1cd-d30074bd2d7b - Start_Basic_Prices - 获取 000573 失败: time data '20260214' does not match format '%Y-%m-%d'
[32m2026-02-21 21:43:46 +0800[0m - dagster - [34mWARNING[0m - __ASSET_JOB - 387e223b-faf6-47fa-a1cd-d30074bd2d7b - Start_Basic_Prices - 获取 000576 失败: time data '20260214' does not match format '%Y-%m-%d'
[32m2026-02-21 21:43:46 +0800[0m - dagster - [34mWARNING[0m - __ASSET_JOB - 387e223b-faf6-47fa-a1cd-d30074bd2d7b - Start_Basic_Prices - 获取 000581 失败: time data '20260214' does not match format '%Y-%m-%d'
[32m2026-02-21 21:43:48 +0800[0m - dagster - [34mINFO[0m - __ASSET_JOB - 387e223b-faf6-47fa-a1cd-d30074bd2d7b - Start_Basic_Prices - 处理批次 4/110
[32m2026-02-21 21:43:48 +0800[0m - dagster - [34mWARNING[0m - __ASSET_JOB - 387e223b-faf6-47fa-a1cd-d30074bd2d7b - Start_Basic_Prices - 获取 000582 失败: time data '20260214' does not match format '%Y-%m-%d'
[32m2026-02-21 21:43:48 +0800[0m - dagster - [34mWARNING[0m - __ASSET_JOB - 387e223b-faf6-47fa-a1cd-d30074bd2d7b - Start_Basic_Prices - 获取 000586 失败: time data '20260214' does not match format '%Y-%m-%d'
[32m2026-02-21 21:43:48 +0800[0m - dagster - [34mWARNING[0m - __ASSET_JOB - 387e223b-faf6-47fa-a1cd-d30074bd2d7b - Start_Basic_Prices - 获取 000589 失败: time data '20260214' does not match format '%Y-%m-%d'
[32m2026-02-21 21:43:48 +0800[0m - dagster - [34mWARNING[0m - __ASSET_JOB - 387e223b-faf6-47fa-a1cd-d30074bd2d7b - Start_Basic_Prices - 获取 000590 失败: time data '20260214' does not match format '%Y-%m-%d'
[32m2026-02-21 21:43:48 +0800[0m - dagster - [34mWARNING[0m - __ASSET_JOB - 387e223b-faf6-47fa-a1cd-d30074bd2d7b - Start_Basic_Prices - 获取 000591 失败: time data '20260214' does not match format '%Y-%m-%d'
[32m2026-02-21 21:43:48 +0800[0m - dagster - [34mWARNING[0m - __ASSET_JOB - 387e223b-faf6-47fa-a1cd-d30074bd2d7b - Start_Basic_Prices - 获取 000592 失败: time data '20260214' does not match format '%Y-%m-%d'
[32m2026-02-21 21:43:48 +0800[0m - dagster - [34mWARNING[0m - __ASSET_JOB - 387e223b-faf6-47fa-a1cd-d30074bd2d7b - Start_Basic_Prices - 获取 000593 失败: time data '20260214' does not match format '%Y-%m-%d'
[32m2026-02-21 21:43:48 +0800[0m - dagster - [34mWARNING[0m - __ASSET_JOB - 387e223b-faf6-47fa-a1cd-d30074bd2d7b - Start_Basic_Prices - 获取 000595 失败: time data '20260214' does not match format '%Y-%m-%d'
[32m2026-02-21 21:43:48 +0800[0m - dagster - [34mWARNING[0m - __ASSET_JOB - 387e223b-faf6-47fa-a1cd-d30074bd2d7b - Start_Basic_Prices - 获取 000596 失败: time data '20260214' does not match format '%Y-%m-%d'
[32m2026-02-21 21:43:48 +0800[0m - dagster - [34mWARNING[0m - __ASSET_JOB - 387e223b-faf6-47fa-a1cd-d30074bd2d7b - Start_Basic_Prices - 获取 000597 失败: time data '20260214' does not match format '%Y-%m-%d'
[32m2026-02-21 21:43:48 +0800[0m - dagster - [34mWARNING[0m - __ASSET_JOB - 387e223b-faf6-47fa-a1cd-d30074bd2d7b - Start_Basic_Prices - 获取 000598 失败: time data '20260214' does not match format '%Y-%m-%d'
[32m2026-02-21 21:43:48 +0800[0m - dagster - [34mWARNING[0m - __ASSET_JOB - 387e223b-faf6-47fa-a1cd-d30074bd2d7b - Start_Basic_Prices - 获取 000599 失败: time data '20260214' does not match format '%Y-%m-%d'
[32m2026-02-21 21:43:48 +0800[0m - dagster - [34mWARNING[0m - __ASSET_JOB - 387e223b-faf6-47fa-a1cd-d30074bd2d7b - Start_Basic_Prices - 获取 000600 失败: time data '20260214' does not match format '%Y-%m-%d'
[32m2026-02-21 21:43:48 +0800[0m - dagster - [34mWARNING[0m - __ASSET_JOB - 387e223b-faf6-47fa-a1cd-d30074bd2d7b - Start_Basic_Prices - 获取 000601 失败: time data '20260214' does not match format '%Y-%m-%d'
[32m2026-02-21 21:43:48 +0800[0m - dagster - [34mWARNING[0m - __ASSET_JOB - 387e223b-faf6-47fa-a1cd-d30074bd2d7b - Start_Basic_Prices - 获取 000603 失败: time data '20260214' does not match format '%Y-%m-%d'
[32m2026-02-21 21:43:48 +0800[0m - dagster - [34mWARNING[0m - __ASSET_JOB - 387e223b-faf6-47fa-a1cd-d30074bd2d7b - Start_Basic_Prices - 获取 000605 失败: time data '20260214' does not match format '%Y-%m-%d'
[32m2026-02-21 21:43:48 +0800[0m - dagster - [34mWARNING[0m - __ASSET_JOB - 387e223b-faf6-47fa-a1cd-d30074bd2d7b - Start_Basic_Prices - 获取 000607 失败: time data '20260214' does not match format '%Y-%m-%d'
[32m2026-02-21 21:43:48 +0800[0m - dagster - [34mWARNING[0m - __ASSET_JOB - 387e223b-faf6-47fa-a1cd-d30074bd2d7b - Start_Basic_Prices - 获取 000608 失败: time data '20260214' does not match format '%Y-%m-%d'
[32m2026-02-21 21:43:48 +0800[0m - dagster - [34mWARNING[0m - __ASSET_JOB - 387e223b-faf6-47fa-a1cd-d30074bd2d7b - Start_Basic_Prices - 获取 000609 失败: time data '20260214' does not match format '%Y-%m-%d'
[32m2026-02-21 21:43:48 +0800[0m - dagster - [34mWARNING[0m - __ASSET_JOB - 387e223b-faf6-47fa-a1cd-d30074bd2d7b - Start_Basic_Prices - 获取 000610 失败: time data '20260214' does not match format '%Y-%m-%d'
[32m2026-02-21 21:43:48 +0800[0m - dagster - [34mWARNING[0m - __ASSET_JOB - 387e223b-faf6-47fa-a1cd-d30074bd2d7b - Start_Basic_Prices - 获取 000612 失败: time data '20260214' does not match format '%Y-%m-%d'
[32m2026-02-21 21:43:48 +0800[0m - dagster - [34mWARNING[0m - __ASSET_JOB - 387e223b-faf6-47fa-a1cd-d30074bd2d7b - Start_Basic_Prices - 获取 000615 失败: time data '20260214' does not match format '%Y-%m-%d'
[32m2026-02-21 21:43:48 +0800[0m - dagster - [34mWARNING[0m - __ASSET_JOB - 387e223b-faf6-47fa-a1cd-d30074bd2d7b - Start_Basic_Prices - 获取 000617 失败: time data '20260214' does not match format '%Y-%m-%d'
[32m2026-02-21 21:43:48 +0800[0m - dagster - [34mWARNING[0m - __ASSET_JOB - 387e223b-faf6-47fa-a1cd-d30074bd2d7b - Start_Basic_Prices - 获取 000619 失败: time data '20260214' does not match format '%Y-%m-%d'
[32m2026-02-21 21:43:48 +0800[0m - dagster - [34mWARNING[0m - __ASSET_JOB - 387e223b-faf6-47fa-a1cd-d30074bd2d7b - Start_Basic_Prices - 获取 000620 失败: time data '20260214' does not match format '%Y-%m-%d'
[32m2026-02-21 21:43:48 +0800[0m - dagster - [34mWARNING[0m - __ASSET_JOB - 387e223b-faf6-47fa-a1cd-d30074bd2d7b - Start_Basic_Prices - 获取 000623 失败: time data '20260214' does not match format '%Y-%m-%d'
[32m2026-02-21 21:43:48 +0800[0m - dagster - [34mWARNING[0m - __ASSET_JOB - 387e223b-faf6-47fa-a1cd-d30074bd2d7b - Start_Basic_Prices - 获取 000625 失败: time data '20260214' does not match format '%Y-%m-%d'
[32m2026-02-21 21:43:48 +0800[0m - dagster - [34mWARNING[0m - __ASSET_JOB - 387e223b-faf6-47fa-a1cd-d30074bd2d7b - Start_Basic_Prices - 获取 000626 失败: time data '20260214' does not match format '%Y-%m-%d'
[32m2026-02-21 21:43:48 +0800[0m - dagster - [34mWARNING[0m - __ASSET_JOB - 387e223b-faf6-47fa-a1cd-d30074bd2d7b - Start_Basic_Prices - 获取 000628 失败: time data '20260214' does not match format '%Y-%m-%d'
[32m2026-02-21 21:43:48 +0800[0m - dagster - [34mWARNING[0m - __ASSET_JOB - 387e223b-faf6-47fa-a1cd-d30074bd2d7b - Start_Basic_Prices - 获取 000629 失败: time data '20260214' does not match format '%Y-%m-%d'
[32m2026-02-21 21:43:48 +0800[0m - dagster - [34mWARNING[0m - __ASSET_JOB - 387e223b-faf6-47fa-a1cd-d30074bd2d7b - Start_Basic_Prices - 获取 000630 失败: time data '20260214' does not match format '%Y-%m-%d'
[32m2026-02-21 21:43:48 +0800[0m - dagster - [34mWARNING[0m - __ASSET_JOB - 387e223b-faf6-47fa-a1cd-d30074bd2d7b - Start_Basic_Prices - 获取 000631 失败: time data '20260214' does not match format '%Y-%m-%d'
[32m2026-02-21 21:43:48 +0800[0m - dagster - [34mWARNING[0m - __ASSET_JOB - 387e223b-faf6-47fa-a1cd-d30074bd2d7b - Start_Basic_Prices - 获取 000632 失败: time data '20260214' does not match format '%Y-%m-%d'
[32m2026-02-21 21:43:48 +0800[0m - dagster - [34mWARNING[0m - __ASSET_JOB - 387e223b-faf6-47fa-a1cd-d30074bd2d7b - Start_Basic_Prices - 获取 000633 失败: time data '20260214' does not match format '%Y-%m-%d'
[32m2026-02-21 21:43:48 +0800[0m - dagster - [34mWARNING[0m - __ASSET_JOB - 387e223b-faf6-47fa-a1cd-d30074bd2d7b - Start_Basic_Prices - 获取 000635 失败: time data '20260214' does not match format '%Y-%m-%d'
[32m2026-02-21 21:43:48 +0800[0m - dagster - [34mWARNING[0m - __ASSET_JOB - 387e223b-faf6-47fa-a1cd-d30074bd2d7b - Start_Basic_Prices - 获取 000636 失败: time data '20260214' does not match format '%Y-%m-%d'
[32m2026-02-21 21:43:48 +0800[0m - dagster - [34mWARNING[0m - __ASSET_JOB - 387e223b-faf6-47fa-a1cd-d30074bd2d7b - Start_Basic_Prices - 获取 000637 失败: time data '20260214' does not match format '%Y-%m-%d'
[32m2026-02-21 21:43:48 +0800[0m - dagster - [34mWARNING[0m - __ASSET_JOB - 387e223b-faf6-47fa-a1cd-d30074bd2d7b - Start_Basic_Prices - 获取 000638 失败: time data '20260214' does not match format '%Y-%m-%d'
[32m2026-02-21 21:43:48 +0800[0m - dagster - [34mWARNING[0m - __ASSET_JOB - 387e223b-faf6-47fa-a1cd-d30074bd2d7b - Start_Basic_Prices - 获取 000639 失败: time data '20260214' does not match format '%Y-%m-%d'
[32m2026-02-21 21:43:48 +0800[0m - dagster - [34mWARNING[0m - __ASSET_JOB - 387e223b-faf6-47fa-a1cd-d30074bd2d7b - Start_Basic_Prices - 获取 000650 失败: time data '20260214' does not match format '%Y-%m-%d'
[32m2026-02-21 21:43:48 +0800[0m - dagster - [34mWARNING[0m - __ASSET_JOB - 387e223b-faf6-47fa-a1cd-d30074bd2d7b - Start_Basic_Prices - 获取 000651 失败: time data '20260214' does not match format '%Y-%m-%d'
[32m2026-02-21 21:43:48 +0800[0m - dagster - [34mWARNING[0m - __ASSET_JOB - 387e223b-faf6-47fa-a1cd-d30074bd2d7b - Start_Basic_Prices - 获取 000652 失败: time data '20260214' does not match format '%Y-%m-%d'
[32m2026-02-21 21:43:48 +0800[0m - dagster - [34mWARNING[0m - __ASSET_JOB - 387e223b-faf6-47fa-a1cd-d30074bd2d7b - Start_Basic_Prices - 获取 000655 失败: time data '20260214' does not match format '%Y-%m-%d'
[32m2026-02-21 21:43:48 +0800[0m - dagster - [34mWARNING[0m - __ASSET_JOB - 387e223b-faf6-47fa-a1cd-d30074bd2d7b - Start_Basic_Prices - 获取 000656 失败: time data '20260214' does not match format '%Y-%m-%d'
[32m2026-02-21 21:43:48 +0800[0m - dagster - [34mWARNING[0m - __ASSET_JOB - 387e223b-faf6-47fa-a1cd-d30074bd2d7b - Start_Basic_Prices - 获取 000657 失败: time data '20260214' does not match format '%Y-%m-%d'
[32m2026-02-21 21:43:48 +0800[0m - dagster - [34mWARNING[0m - __ASSET_JOB - 387e223b-faf6-47fa-a1cd-d30074bd2d7b - Start_Basic_Prices - 获取 000659 失败: time data '20260214' does not match format '%Y-%m-%d'
[32m2026-02-21 21:43:48 +0800[0m - dagster - [34mWARNING[0m - __ASSET_JOB - 387e223b-faf6-47fa-a1cd-d30074bd2d7b - Start_Basic_Prices - 获取 000661 失败: time data '20260214' does not match format '%Y-%m-%d'
[32m2026-02-21 21:43:48 +0800[0m - dagster - [34mWARNING[0m - __ASSET_JOB - 387e223b-faf6-47fa-a1cd-d30074bd2d7b - Start_Basic_Prices - 获取 000663 失败: time data '20260214' does not match format '%Y-%m-%d'
[32m2026-02-21 21:43:48 +0800[0m - dagster - [34mWARNING[0m - __ASSET_JOB - 387e223b-faf6-47fa-a1cd-d30074bd2d7b - Start_Basic_Prices - 获取 000665 失败: time data '20260214' does not match format '%Y-%m-%d'
[32m2026-02-21 21:43:48 +0800[0m - dagster - [34mWARNING[0m - __ASSET_JOB - 387e223b-faf6-47fa-a1cd-d30074bd2d7b - Start_Basic_Prices - 获取 000668 失败: time data '20260214' does not match format '%Y-%m-%d'
[32m2026-02-21 21:43:50 +0800[0m - dagster - [34mINFO[0m - __ASSET_JOB - 387e223b-faf6-47fa-a1cd-d30074bd2d7b - Start_Basic_Prices - 处理批次 5/110
[32m2026-02-21 21:43:50 +0800[0m - dagster - [34mWARNING[0m - __ASSET_JOB - 387e223b-faf6-47fa-a1cd-d30074bd2d7b - Start_Basic_Prices - 获取 000669 失败: time data '20260214' does not match format '%Y-%m-%d'
[32m2026-02-21 21:43:50 +0800[0m - dagster - [34mWARNING[0m - __ASSET_JOB - 387e223b-faf6-47fa-a1cd-d30074bd2d7b - Start_Basic_Prices - 获取 000670 失败: time data '20260214' does not match format '%Y-%m-%d'
[32m2026-02-21 21:43:50 +0800[0m - dagster - [34mWARNING[0m - __ASSET_JOB - 387e223b-faf6-47fa-a1cd-d30074bd2d7b - Start_Basic_Prices - 获取 000672 失败: time data '20260214' does not match format '%Y-%m-%d'
[32m2026-02-21 21:43:50 +0800[0m - dagster - [34mWARNING[0m - __ASSET_JOB - 387e223b-faf6-47fa-a1cd-d30074bd2d7b - Start_Basic_Prices - 获取 000676 失败: time data '20260214' does not match format '%Y-%m-%d'
[32m2026-02-21 21:43:50 +0800[0m - dagster - [34mWARNING[0m - __ASSET_JOB - 387e223b-faf6-47fa-a1cd-d30074bd2d7b - Start_Basic_Prices - 获取 000677 失败: time data '20260214' does not match format '%Y-%m-%d'
[32m2026-02-21 21:43:50 +0800[0m - dagster - [34mWARNING[0m - __ASSET_JOB - 387e223b-faf6-47fa-a1cd-d30074bd2d7b - Start_Basic_Prices - 获取 000678 失败: time data '20260214' does not match format '%Y-%m-%d'
[32m2026-02-21 21:43:50 +0800[0m - dagster - [34mWARNING[0m - __ASSET_JOB - 387e223b-faf6-47fa-a1cd-d30074bd2d7b - Start_Basic_Prices - 获取 000679 失败: time data '20260214' does not match format '%Y-%m-%d'
[32m2026-02-21 21:43:50 +0800[0m - dagster - [34mWARNING[0m - __ASSET_JOB - 387e223b-faf6-47fa-a1cd-d30074bd2d7b - Start_Basic_Prices - 获取 000680 失败: time data '20260214' does not match format '%Y-%m-%d'
[32m2026-02-21 21:43:50 +0800[0m - dagster - [34mWARNING[0m - __ASSET_JOB - 387e223b-faf6-47fa-a1cd-d30074bd2d7b - Start_Basic_Prices - 获取 000681 失败: time data '20260214' does not match format '%Y-%m-%d'
[32m2026-02-21 21:43:50 +0800[0m - dagster - [34mWARNING[0m - __ASSET_JOB - 387e223b-faf6-47fa-a1cd-d30074bd2d7b - Start_Basic_Prices - 获取 000682 失败: time data '20260214' does not match format '%Y-%m-%d'
[32m2026-02-21 21:43:50 +0800[0m - dagster - [34mWARNING[0m - __ASSET_JOB - 387e223b-faf6-47fa-a1cd-d30074bd2d7b - Start_Basic_Prices - 获取 000683 失败: time data '20260214' does not match format '%Y-%m-%d'
[32m2026-02-21 21:43:50 +0800[0m - dagster - [34mWARNING[0m - __ASSET_JOB - 387e223b-faf6-47fa-a1cd-d30074bd2d7b - Start_Basic_Prices - 获取 000685 失败: time data '20260214' does not match format '%Y-%m-%d'
[32m2026-02-21 21:43:50 +0800[0m - dagster - [34mWARNING[0m - __ASSET_JOB - 387e223b-faf6-47fa-a1cd-d30074bd2d7b - Start_Basic_Prices - 获取 000686 失败: time data '20260214' does not match format '%Y-%m-%d'
[32m2026-02-21 21:43:50 +0800[0m - dagster - [34mWARNING[0m - __ASSET_JOB - 387e223b-faf6-47fa-a1cd-d30074bd2d7b - Start_Basic_Prices - 获取 000688 失败: time data '20260214' does not match format '%Y-%m-%d'
[32m2026-02-21 21:43:50 +0800[0m - dagster - [34mWARNING[0m - __ASSET_JOB - 387e223b-faf6-47fa-a1cd-d30074bd2d7b - Start_Basic_Prices - 获取 000690 失败: time data '20260214' does not match format '%Y-%m-%d'
[32m2026-02-21 21:43:50 +0800[0m - dagster - [34mWARNING[0m - __ASSET_JOB - 387e223b-faf6-47fa-a1cd-d30074bd2d7b - Start_Basic_Prices - 获取 000691 失败: time data '20260214' does not match format '%Y-%m-%d'
[32m2026-02-21 21:43:50 +0800[0m - dagster - [34mWARNING[0m - __ASSET_JOB - 387e223b-faf6-47fa-a1cd-d30074bd2d7b - Start_Basic_Prices - 获取 000692 失败: time data '20260214' does not match format '%Y-%m-%d'
[32m2026-02-21 21:43:50 +0800[0m - dagster - [34mWARNING[0m - __ASSET_JOB - 387e223b-faf6-47fa-a1cd-d30074bd2d7b - Start_Basic_Prices - 获取 000695 失败: time data '20260214' does not match format '%Y-%m-%d'
[32m2026-02-21 21:43:50 +0800[0m - dagster - [34mWARNING[0m - __ASSET_JOB - 387e223b-faf6-47fa-a1cd-d30074bd2d7b - Start_Basic_Prices - 获取 000697 失败: time data '20260214' does not match format '%Y-%m-%d'
[32m2026-02-21 21:43:50 +0800[0m - dagster - [34mWARNING[0m - __ASSET_JOB - 387e223b-faf6-47fa-a1cd-d30074bd2d7b - Start_Basic_Prices - 获取 000698 失败: time data '20260214' does not match format '%Y-%m-%d'
[32m2026-02-21 21:43:50 +0800[0m - dagster - [34mWARNING[0m - __ASSET_JOB - 387e223b-faf6-47fa-a1cd-d30074bd2d7b - Start_Basic_Prices - 获取 000700 失败: time data '20260214' does not match format '%Y-%m-%d'
[32m2026-02-21 21:43:50 +0800[0m - dagster - [34mWARNING[0m - __ASSET_JOB - 387e223b-faf6-47fa-a1cd-d30074bd2d7b - Start_Basic_Prices - 获取 000701 失败: time data '20260214' does not match format '%Y-%m-%d'
[32m2026-02-21 21:43:50 +0800[0m - dagster - [34mWARNING[0m - __ASSET_JOB - 387e223b-faf6-47fa-a1cd-d30074bd2d7b - Start_Basic_Prices - 获取 000702 失败: time data '20260214' does not match format '%Y-%m-%d'
[32m2026-02-21 21:43:50 +0800[0m - dagster - [34mWARNING[0m - __ASSET_JOB - 387e223b-faf6-47fa-a1cd-d30074bd2d7b - Start_Basic_Prices - 获取 000703 失败: time data '20260214' does not match format '%Y-%m-%d'
[32m2026-02-21 21:43:50 +0800[0m - dagster - [34mWARNING[0m - __ASSET_JOB - 387e223b-faf6-47fa-a1cd-d30074bd2d7b - Start_Basic_Prices - 获取 000705 失败: time data '20260214' does not match format '%Y-%m-%d'
[32m2026-02-21 21:43:50 +0800[0m - dagster - [34mWARNING[0m - __ASSET_JOB - 387e223b-faf6-47fa-a1cd-d30074bd2d7b - Start_Basic_Prices - 获取 000707 失败: time data '20260214' does not match format '%Y-%m-%d'
[32m2026-02-21 21:43:50 +0800[0m - dagster - [34mWARNING[0m - __ASSET_JOB - 387e223b-faf6-47fa-a1cd-d30074bd2d7b - Start_Basic_Prices - 获取 000708 失败: time data '20260214' does not match format '%Y-%m-%d'
[32m2026-02-21 21:43:50 +0800[0m - dagster - [34mWARNING[0m - __ASSET_JOB - 387e223b-faf6-47fa-a1cd-d30074bd2d7b - Start_Basic_Prices - 获取 000709 失败: time data '20260214' does not match format '%Y-%m-%d'
[32m2026-02-21 21:43:50 +0800[0m - dagster - [34mWARNING[0m - __ASSET_JOB - 387e223b-faf6-47fa-a1cd-d30074bd2d7b - Start_Basic_Prices - 获取 000710 失败: time data '20260214' does not match format '%Y-%m-%d'
[32m2026-02-21 21:43:50 +0800[0m - dagster - [34mWARNING[0m - __ASSET_JOB - 387e223b-faf6-47fa-a1cd-d30074bd2d7b - Start_Basic_Prices - 获取 000711 失败: time data '20260214' does not match format '%Y-%m-%d'
[32m2026-02-21 21:43:50 +0800[0m - dagster - [34mWARNING[0m - __ASSET_JOB - 387e223b-faf6-47fa-a1cd-d30074bd2d7b - Start_Basic_Prices - 获取 000712 失败: time data '20260214' does not match format '%Y-%m-%d'
[32m2026-02-21 21:43:50 +0800[0m - dagster - [34mWARNING[0m - __ASSET_JOB - 387e223b-faf6-47fa-a1cd-d30074bd2d7b - Start_Basic_Prices - 获取 000713 失败: time data '20260214' does not match format '%Y-%m-%d'
[32m2026-02-21 21:43:50 +0800[0m - dagster - [34mWARNING[0m - __ASSET_JOB - 387e223b-faf6-47fa-a1cd-d30074bd2d7b - Start_Basic_Prices - 获取 000715 失败: time data '20260214' does not match format '%Y-%m-%d'
[32m2026-02-21 21:43:50 +0800[0m - dagster - [34mWARNING[0m - __ASSET_JOB - 387e223b-faf6-47fa-a1cd-d30074bd2d7b - Start_Basic_Prices - 获取 000716 失败: time data '20260214' does not match format '%Y-%m-%d'
[32m2026-02-21 21:43:50 +0800[0m - dagster - [34mWARNING[0m - __ASSET_JOB - 387e223b-faf6-47fa-a1cd-d30074bd2d7b - Start_Basic_Prices - 获取 000717 失败: time data '20260214' does not match format '%Y-%m-%d'
[32m2026-02-21 21:43:50 +0800[0m - dagster - [34mWARNING[0m - __ASSET_JOB - 387e223b-faf6-47fa-a1cd-d30074bd2d7b - Start_Basic_Prices - 获取 000718 失败: time data '20260214' does not match format '%Y-%m-%d'
[32m2026-02-21 21:43:50 +0800[0m - dagster - [34mWARNING[0m - __ASSET_JOB - 387e223b-faf6-47fa-a1cd-d30074bd2d7b - Start_Basic_Prices - 获取 000719 失败: time data '20260214' does not match format '%Y-%m-%d'
[32m2026-02-21 21:43:50 +0800[0m - dagster - [34mWARNING[0m - __ASSET_JOB - 387e223b-faf6-47fa-a1cd-d30074bd2d7b - Start_Basic_Prices - 获取 000720 失败: time data '20260214' does not match format '%Y-%m-%d'
[32m2026-02-21 21:43:50 +0800[0m - dagster - [34mWARNING[0m - __ASSET_JOB - 387e223b-faf6-47fa-a1cd-d30074bd2d7b - Start_Basic_Prices - 获取 000721 失败: time data '20260214' does not match format '%Y-%m-%d'
[32m2026-02-21 21:43:50 +0800[0m - dagster - [34mWARNING[0m - __ASSET_JOB - 387e223b-faf6-47fa-a1cd-d30074bd2d7b - Start_Basic_Prices - 获取 000722 失败: time data '20260214' does not match format '%Y-%m-%d'
[32m2026-02-21 21:43:50 +0800[0m - dagster - [34mWARNING[0m - __ASSET_JOB - 387e223b-faf6-47fa-a1cd-d30074bd2d7b - Start_Basic_Prices - 获取 000723 失败: time data '20260214' does not match format '%Y-%m-%d'
[32m2026-02-21 21:43:50 +0800[0m - dagster - [34mWARNING[0m - __ASSET_JOB - 387e223b-faf6-47fa-a1cd-d30074bd2d7b - Start_Basic_Prices - 获取 000725 失败: time data '20260214' does not match format '%Y-%m-%d'
[32m2026-02-21 21:43:50 +0800[0m - dagster - [34mWARNING[0m - __ASSET_JOB - 387e223b-faf6-47fa-a1cd-d30074bd2d7b - Start_Basic_Prices - 获取 000726 失败: time data '20260214' does not match format '%Y-%m-%d'
[32m2026-02-21 21:43:50 +0800[0m - dagster - [34mWARNING[0m - __ASSET_JOB - 387e223b-faf6-47fa-a1cd-d30074bd2d7b - Start_Basic_Prices - 获取 000727 失败: time data '20260214' does not match format '%Y-%m-%d'
[32m2026-02-21 21:43:50 +0800[0m - dagster - [34mWARNING[0m - __ASSET_JOB - 387e223b-faf6-47fa-a1cd-d30074bd2d7b - Start_Basic_Prices - 获取 000728 失败: time data '20260214' does not match format '%Y-%m-%d'
[32m2026-02-21 21:43:50 +0800[0m - dagster - [34mWARNING[0m - __ASSET_JOB - 387e223b-faf6-47fa-a1cd-d30074bd2d7b - Start_Basic_Prices - 获取 000729 失败: time data '20260214' does not match format '%Y-%m-%d'
[32m2026-02-21 21:43:50 +0800[0m - dagster - [34mWARNING[0m - __ASSET_JOB - 387e223b-faf6-47fa-a1cd-d30074bd2d7b - Start_Basic_Prices - 获取 000731 失败: time data '20260214' does not match format '%Y-%m-%d'
[32m2026-02-21 21:43:50 +0800[0m - dagster - [34mWARNING[0m - __ASSET_JOB - 387e223b-faf6-47fa-a1cd-d30074bd2d7b - Start_Basic_Prices - 获取 000733 失败: time data '20260214' does not match format '%Y-%m-%d'
[32m2026-02-21 21:43:50 +0800[0m - dagster - [34mWARNING[0m - __ASSET_JOB - 387e223b-faf6-47fa-a1cd-d30074bd2d7b - Start_Basic_Prices - 获取 000735 失败: time data '20260214' does not match format '%Y-%m-%d'
[32m2026-02-21 21:43:50 +0800[0m - dagster - [34mWARNING[0m - __ASSET_JOB - 387e223b-faf6-47fa-a1cd-d30074bd2d7b - Start_Basic_Prices - 获取 000736 失败: time data '20260214' does not match format '%Y-%m-%d'
[32m2026-02-21 21:43:52 +0800[0m - dagster - [34mINFO[0m - __ASSET_JOB - 387e223b-faf6-47fa-a1cd-d30074bd2d7b - Start_Basic_Prices - 处理批次 6/110
[32m2026-02-21 21:43:52 +0800[0m - dagster - [34mWARNING[0m - __ASSET_JOB - 387e223b-faf6-47fa-a1cd-d30074bd2d7b - Start_Basic_Prices - 获取 000737 失败: time data '20260214' does not match format '%Y-%m-%d'
[32m2026-02-21 21:43:52 +0800[0m - dagster - [34mWARNING[0m - __ASSET_JOB - 387e223b-faf6-47fa-a1cd-d30074bd2d7b - Start_Basic_Prices - 获取 000738 失败: time data '20260214' does not match format '%Y-%m-%d'
[32m2026-02-21 21:43:52 +0800[0m - dagster - [34mWARNING[0m - __ASSET_JOB - 387e223b-faf6-47fa-a1cd-d30074bd2d7b - Start_Basic_Prices - 获取 000739 失败: time data '20260214' does not match format '%Y-%m-%d'
[32m2026-02-21 21:43:52 +0800[0m - dagster - [34mWARNING[0m - __ASSET_JOB - 387e223b-faf6-47fa-a1cd-d30074bd2d7b - Start_Basic_Prices - 获取 000750 失败: time data '20260214' does not match format '%Y-%m-%d'
[32m2026-02-21 21:43:52 +0800[0m - dagster - [34mWARNING[0m - __ASSET_JOB - 387e223b-faf6-47fa-a1cd-d30074bd2d7b - Start_Basic_Prices - 获取 000751 失败: time data '20260214' does not match format '%Y-%m-%d'
[32m2026-02-21 21:43:52 +0800[0m - dagster - [34mWARNING[0m - __ASSET_JOB - 387e223b-faf6-47fa-a1cd-d30074bd2d7b - Start_Basic_Prices - 获取 000752 失败: time data '20260214' does not match format '%Y-%m-%d'
[32m2026-02-21 21:43:52 +0800[0m - dagster - [34mWARNING[0m - __ASSET_JOB - 387e223b-faf6-47fa-a1cd-d30074bd2d7b - Start_Basic_Prices - 获取 000753 失败: time data '20260214' does not match format '%Y-%m-%d'
[32m2026-02-21 21:43:52 +0800[0m - dagster - [34mWARNING[0m - __ASSET_JOB - 387e223b-faf6-47fa-a1cd-d30074bd2d7b - Start_Basic_Prices - 获取 000755 失败: time data '20260214' does not match format '%Y-%m-%d'
[32m2026-02-21 21:43:52 +0800[0m - dagster - [34mWARNING[0m - __ASSET_JOB - 387e223b-faf6-47fa-a1cd-d30074bd2d7b - Start_Basic_Prices - 获取 000756 失败: time data '20260214' does not match format '%Y-%m-%d'
[32m2026-02-21 21:43:52 +0800[0m - dagster - [34mWARNING[0m - __ASSET_JOB - 387e223b-faf6-47fa-a1cd-d30074bd2d7b - Start_Basic_Prices - 获取 000757 失败: time data '20260214' does not match format '%Y-%m-%d'
[32m2026-02-21 21:43:52 +0800[0m - dagster - [34mWARNING[0m - __ASSET_JOB - 387e223b-faf6-47fa-a1cd-d30074bd2d7b - Start_Basic_Prices - 获取 000758 失败: time data '20260214' does not match format '%Y-%m-%d'
[32m2026-02-21 21:43:52 +0800[0m - dagster - [34mWARNING[0m - __ASSET_JOB - 387e223b-faf6-47fa-a1cd-d30074bd2d7b - Start_Basic_Prices - 获取 000759 失败: time data '20260214' does not match format '%Y-%m-%d'
[32m2026-02-21 21:43:52 +0800[0m - dagster - [34mWARNING[0m - __ASSET_JOB - 387e223b-faf6-47fa-a1cd-d30074bd2d7b - Start_Basic_Prices - 获取 000761 失败: time data '20260214' does not match format '%Y-%m-%d'
[32m2026-02-21 21:43:52 +0800[0m - dagster - [34mWARNING[0m - __ASSET_JOB - 387e223b-faf6-47fa-a1cd-d30074bd2d7b - Start_Basic_Prices - 获取 000762 失败: time data '20260214' does not match format '%Y-%m-%d'
[32m2026-02-21 21:43:52 +0800[0m - dagster - [34mWARNING[0m - __ASSET_JOB - 387e223b-faf6-47fa-a1cd-d30074bd2d7b - Start_Basic_Prices - 获取 000766 失败: time data '20260214' does not match format '%Y-%m-%d'
[32m2026-02-21 21:43:52 +0800[0m - dagster - [34mWARNING[0m - __ASSET_JOB - 387e223b-faf6-47fa-a1cd-d30074bd2d7b - Start_Basic_Prices - 获取 000767 失败: time data '20260214' does not match format '%Y-%m-%d'
[32m2026-02-21 21:43:52 +0800[0m - dagster - [34mWARNING[0m - __ASSET_JOB - 387e223b-faf6-47fa-a1cd-d30074bd2d7b - Start_Basic_Prices - 获取 000768 失败: time data '20260214' does not match format '%Y-%m-%d'
[32m2026-02-21 21:43:52 +0800[0m - dagster - [34mWARNING[0m - __ASSET_JOB - 387e223b-faf6-47fa-a1cd-d30074bd2d7b - Start_Basic_Prices - 获取 000776 失败: time data '20260214' does not match format '%Y-%m-%d'
[32m2026-02-21 21:43:52 +0800[0m - dagster - [34mWARNING[0m - __ASSET_JOB - 387e223b-faf6-47fa-a1cd-d30074bd2d7b - Start_Basic_Prices - 获取 000777 失败: time data '20260214' does not match format '%Y-%m-%d'
[32m2026-02-21 21:43:52 +0800[0m - dagster - [34mWARNING[0m - __ASSET_JOB - 387e223b-faf6-47fa-a1cd-d30074bd2d7b - Start_Basic_Prices - 获取 000778 失败: time data '20260214' does not match format '%Y-%m-%d'
[32m2026-02-21 21:43:52 +0800[0m - dagster - [34mWARNING[0m - __ASSET_JOB - 387e223b-faf6-47fa-a1cd-d30074bd2d7b - Start_Basic_Prices - 获取 000779 失败: time data '20260214' does not match format '%Y-%m-%d'
[32m2026-02-21 21:43:52 +0800[0m - dagster - [34mWARNING[0m - __ASSET_JOB - 387e223b-faf6-47fa-a1cd-d30074bd2d7b - Start_Basic_Prices - 获取 000782 失败: time data '20260214' does not match format '%Y-%m-%d'
[32m2026-02-21 21:43:52 +0800[0m - dagster - [34mWARNING[0m - __ASSET_JOB - 387e223b-faf6-47fa-a1cd-d30074bd2d7b - Start_Basic_Prices - 获取 000783 失败: time data '20260214' does not match format '%Y-%m-%d'
[32m2026-02-21 21:43:52 +0800[0m - dagster - [34mWARNING[0m - __ASSET_JOB - 387e223b-faf6-47fa-a1cd-d30074bd2d7b - Start_Basic_Prices - 获取 000785 失败: time data '20260214' does not match format '%Y-%m-%d'
[32m2026-02-21 21:43:52 +0800[0m - dagster - [34mWARNING[0m - __ASSET_JOB - 387e223b-faf6-47fa-a1cd-d30074bd2d7b - Start_Basic_Prices - 获取 000786 失败: time data '20260214' does not match format '%Y-%m-%d'
[32m2026-02-21 21:43:52 +0800[0m - dagster - [34mWARNING[0m - __ASSET_JOB - 387e223b-faf6-47fa-a1cd-d30074bd2d7b - Start_Basic_Prices - 获取 000788 失败: time data '20260214' does not match format '%Y-%m-%d'
[32m2026-02-21 21:43:52 +0800[0m - dagster - [34mWARNING[0m - __ASSET_JOB - 387e223b-faf6-47fa-a1cd-d30074bd2d7b - Start_Basic_Prices - 获取 000789 失败: time data '20260214' does not match format '%Y-%m-%d'
[32m2026-02-21 21:43:52 +0800[0m - dagster - [34mWARNING[0m - __ASSET_JOB - 387e223b-faf6-47fa-a1cd-d30074bd2d7b - Start_Basic_Prices - 获取 000790 失败: time data '20260214' does not match format '%Y-%m-%d'
[32m2026-02-21 21:43:52 +0800[0m - dagster - [34mWARNING[0m - __ASSET_JOB - 387e223b-faf6-47fa-a1cd-d30074bd2d7b - Start_Basic_Prices - 获取 000791 失败: time data '20260214' does not match format '%Y-%m-%d'
[32m2026-02-21 21:43:52 +0800[0m - dagster - [34mWARNING[0m - __ASSET_JOB - 387e223b-faf6-47fa-a1cd-d30074bd2d7b - Start_Basic_Prices - 获取 000792 失败: time data '20260214' does not match format '%Y-%m-%d'
[32m2026-02-21 21:43:52 +0800[0m - dagster - [34mWARNING[0m - __ASSET_JOB - 387e223b-faf6-47fa-a1cd-d30074bd2d7b - Start_Basic_Prices - 获取 000793 失败: time data '20260214' does not match format '%Y-%m-%d'
[32m2026-02-21 21:43:52 +0800[0m - dagster - [34mWARNING[0m - __ASSET_JOB - 387e223b-faf6-47fa-a1cd-d30074bd2d7b - Start_Basic_Prices - 获取 000795 失败: time data '20260214' does not match format '%Y-%m-%d'
[32m2026-02-21 21:43:52 +0800[0m - dagster - [34mWARNING[0m - __ASSET_JOB - 387e223b-faf6-47fa-a1cd-d30074bd2d7b - Start_Basic_Prices - 获取 000796 失败: time data '20260214' does not match format '%Y-%m-%d'
[32m2026-02-21 21:43:52 +0800[0m - dagster - [34mWARNING[0m - __ASSET_JOB - 387e223b-faf6-47fa-a1cd-d30074bd2d7b - Start_Basic_Prices - 获取 000797 失败: time data '20260214' does not match format '%Y-%m-%d'
[32m2026-02-21 21:43:52 +0800[0m - dagster - [34mWARNING[0m - __ASSET_JOB - 387e223b-faf6-47fa-a1cd-d30074bd2d7b - Start_Basic_Prices - 获取 000798 失败: time data '20260214' does not match format '%Y-%m-%d'
[32m2026-02-21 21:43:52 +0800[0m - dagster - [34mWARNING[0m - __ASSET_JOB - 387e223b-faf6-47fa-a1cd-d30074bd2d7b - Start_Basic_Prices - 获取 000799 失败: time data '20260214' does not match format '%Y-%m-%d'
[32m2026-02-21 21:43:52 +0800[0m - dagster - [34mWARNING[0m - __ASSET_JOB - 387e223b-faf6-47fa-a1cd-d30074bd2d7b - Start_Basic_Prices - 获取 000800 失败: time data '20260214' does not match format '%Y-%m-%d'
[32m2026-02-21 21:43:52 +0800[0m - dagster - [34mWARNING[0m - __ASSET_JOB - 387e223b-faf6-47fa-a1cd-d30074bd2d7b - Start_Basic_Prices - 获取 000801 失败: time data '20260214' does not match format '%Y-%m-%d'
[32m2026-02-21 21:43:52 +0800[0m - dagster - [34mWARNING[0m - __ASSET_JOB - 387e223b-faf6-47fa-a1cd-d30074bd2d7b - Start_Basic_Prices - 获取 000802 失败: time data '20260214' does not match format '%Y-%m-%d'
[32m2026-02-21 21:43:52 +0800[0m - dagster - [34mWARNING[0m - __ASSET_JOB - 387e223b-faf6-47fa-a1cd-d30074bd2d7b - Start_Basic_Prices - 获取 000803 失败: time data '20260214' does not match format '%Y-%m-%d'
[32m2026-02-21 21:43:52 +0800[0m - dagster - [34mWARNING[0m - __ASSET_JOB - 387e223b-faf6-47fa-a1cd-d30074bd2d7b - Start_Basic_Prices - 获取 000807 失败: time data '20260214' does not match format '%Y-%m-%d'
[32m2026-02-21 21:43:52 +0800[0m - dagster - [34mWARNING[0m - __ASSET_JOB - 387e223b-faf6-47fa-a1cd-d30074bd2d7b - Start_Basic_Prices - 获取 000809 失败: time data '20260214' does not match format '%Y-%m-%d'
[32m2026-02-21 21:43:52 +0800[0m - dagster - [34mWARNING[0m - __ASSET_JOB - 387e223b-faf6-47fa-a1cd-d30074bd2d7b - Start_Basic_Prices - 获取 000810 失败: time data '20260214' does not match format '%Y-%m-%d'
[32m2026-02-21 21:43:52 +0800[0m - dagster - [34mWARNING[0m - __ASSET_JOB - 387e223b-faf6-47fa-a1cd-d30074bd2d7b - Start_Basic_Prices - 获取 000811 失败: time data '20260214' does not match format '%Y-%m-%d'
[32m2026-02-21 21:43:52 +0800[0m - dagster - [34mWARNING[0m - __ASSET_JOB - 387e223b-faf6-47fa-a1cd-d30074bd2d7b - Start_Basic_Prices - 获取 000812 失败: time data '20260214' does not match format '%Y-%m-%d'
[32m2026-02-21 21:43:52 +0800[0m - dagster - [34mWARNING[0m - __ASSET_JOB - 387e223b-faf6-47fa-a1cd-d30074bd2d7b - Start_Basic_Prices - 获取 000813 失败: time data '20260214' does not match format '%Y-%m-%d'
[32m2026-02-21 21:43:52 +0800[0m - dagster - [34mWARNING[0m - __ASSET_JOB - 387e223b-faf6-47fa-a1cd-d30074bd2d7b - Start_Basic_Prices - 获取 000815 失败: time data '20260214' does not match format '%Y-%m-%d'
[32m2026-02-21 21:43:52 +0800[0m - dagster - [34mWARNING[0m - __ASSET_JOB - 387e223b-faf6-47fa-a1cd-d30074bd2d7b - Start_Basic_Prices - 获取 000816 失败: time data '20260214' does not match format '%Y-%m-%d'
[32m2026-02-21 21:43:52 +0800[0m - dagster - [34mWARNING[0m - __ASSET_JOB - 387e223b-faf6-47fa-a1cd-d30074bd2d7b - Start_Basic_Prices - 获取 000818 失败: time data '20260214' does not match format '%Y-%m-%d'
[32m2026-02-21 21:43:52 +0800[0m - dagster - [34mWARNING[0m - __ASSET_JOB - 387e223b-faf6-47fa-a1cd-d30074bd2d7b - Start_Basic_Prices - 获取 000819 失败: time data '20260214' does not match format '%Y-%m-%d'
[32m2026-02-21 21:43:54 +0800[0m - dagster - [34mINFO[0m - __ASSET_JOB - 387e223b-faf6-47fa-a1cd-d30074bd2d7b - Start_Basic_Prices - 处理批次 7/110
[32m2026-02-21 21:43:54 +0800[0m - dagster - [34mWARNING[0m - __ASSET_JOB - 387e223b-faf6-47fa-a1cd-d30074bd2d7b - Start_Basic_Prices - 获取 000820 失败: time data '20260214' does not match format '%Y-%m-%d'
[32m2026-02-21 21:43:54 +0800[0m - dagster - [34mWARNING[0m - __ASSET_JOB - 387e223b-faf6-47fa-a1cd-d30074bd2d7b - Start_Basic_Prices - 获取 000821 失败: time data '20260214' does not match format '%Y-%m-%d'
[32m2026-02-21 21:43:54 +0800[0m - dagster - [34mWARNING[0m - __ASSET_JOB - 387e223b-faf6-47fa-a1cd-d30074bd2d7b - Start_Basic_Prices - 获取 000822 失败: time data '20260214' does not match format '%Y-%m-%d'
[32m2026-02-21 21:43:54 +0800[0m - dagster - [34mWARNING[0m - __ASSET_JOB - 387e223b-faf6-47fa-a1cd-d30074bd2d7b - Start_Basic_Prices - 获取 000823 失败: time data '20260214' does not match format '%Y-%m-%d'
[32m2026-02-21 21:43:54 +0800[0m - dagster - [34mWARNING[0m - __ASSET_JOB - 387e223b-faf6-47fa-a1cd-d30074bd2d7b - Start_Basic_Prices - 获取 000825 失败: time data '20260214' does not match format '%Y-%m-%d'
[32m2026-02-21 21:43:54 +0800[0m - dagster - [34mWARNING[0m - __ASSET_JOB - 387e223b-faf6-47fa-a1cd-d30074bd2d7b - Start_Basic_Prices - 获取 000826 失败: time data '20260214' does not match format '%Y-%m-%d'
[32m2026-02-21 21:43:54 +0800[0m - dagster - [34mWARNING[0m - __ASSET_JOB - 387e223b-faf6-47fa-a1cd-d30074bd2d7b - Start_Basic_Prices - 获取 000828 失败: time data '20260214' does not match format '%Y-%m-%d'
[32m2026-02-21 21:43:54 +0800[0m - dagster - [34mWARNING[0m - __ASSET_JOB - 387e223b-faf6-47fa-a1cd-d30074bd2d7b - Start_Basic_Prices - 获取 000829 失败: time data '20260214' does not match format '%Y-%m-%d'
[32m2026-02-21 21:43:54 +0800[0m - dagster - [34mWARNING[0m - __ASSET_JOB - 387e223b-faf6-47fa-a1cd-d30074bd2d7b - Start_Basic_Prices - 获取 000830 失败: time data '20260214' does not match format '%Y-%m-%d'
[32m2026-02-21 21:43:54 +0800[0m - dagster - [34mWARNING[0m - __ASSET_JOB - 387e223b-faf6-47fa-a1cd-d30074bd2d7b - Start_Basic_Prices - 获取 000831 失败: time data '20260214' does not match format '%Y-%m-%d'
[32m2026-02-21 21:43:54 +0800[0m - dagster - [34mWARNING[0m - __ASSET_JOB - 387e223b-faf6-47fa-a1cd-d30074bd2d7b - Start_Basic_Prices - 获取 000833 失败: time data '20260214' does not match format '%Y-%m-%d'
[32m2026-02-21 21:43:54 +0800[0m - dagster - [34mWARNING[0m - __ASSET_JOB - 387e223b-faf6-47fa-a1cd-d30074bd2d7b - Start_Basic_Prices - 获取 000837 失败: time data '20260214' does not match format '%Y-%m-%d'
[32m2026-02-21 21:43:54 +0800[0m - dagster - [34mWARNING[0m - __ASSET_JOB - 387e223b-faf6-47fa-a1cd-d30074bd2d7b - Start_Basic_Prices - 获取 000838 失败: time data '20260214' does not match format '%Y-%m-%d'
[32m2026-02-21 21:43:54 +0800[0m - dagster - [34mWARNING[0m - __ASSET_JOB - 387e223b-faf6-47fa-a1cd-d30074bd2d7b - Start_Basic_Prices - 获取 000839 失败: time data '20260214' does not match format '%Y-%m-%d'
[32m2026-02-21 21:43:54 +0800[0m - dagster - [34mWARNING[0m - __ASSET_JOB - 387e223b-faf6-47fa-a1cd-d30074bd2d7b - Start_Basic_Prices - 获取 000848 失败: time data '20260214' does not match format '%Y-%m-%d'
[32m2026-02-21 21:43:54 +0800[0m - dagster - [34mWARNING[0m - __ASSET_JOB - 387e223b-faf6-47fa-a1cd-d30074bd2d7b - Start_Basic_Prices - 获取 000850 失败: time data '20260214' does not match format '%Y-%m-%d'
[32m2026-02-21 21:43:54 +0800[0m - dagster - [34mWARNING[0m - __ASSET_JOB - 387e223b-faf6-47fa-a1cd-d30074bd2d7b - Start_Basic_Prices - 获取 000852 失败: time data '20260214' does not match format '%Y-%m-%d'
[32m2026-02-21 21:43:54 +0800[0m - dagster - [34mWARNING[0m - __ASSET_JOB - 387e223b-faf6-47fa-a1cd-d30074bd2d7b - Start_Basic_Prices - 获取 000856 失败: time data '20260214' does not match format '%Y-%m-%d'
[32m2026-02-21 21:43:54 +0800[0m - dagster - [34mWARNING[0m - __ASSET_JOB - 387e223b-faf6-47fa-a1cd-d30074bd2d7b - Start_Basic_Prices - 获取 000858 失败: time data '20260214' does not match format '%Y-%m-%d'
[32m2026-02-21 21:43:54 +0800[0m - dagster - [34mWARNING[0m - __ASSET_JOB - 387e223b-faf6-47fa-a1cd-d30074bd2d7b - Start_Basic_Prices - 获取 000859 失败: time data '20260214' does not match format '%Y-%m-%d'
[32m2026-02-21 21:43:54 +0800[0m - dagster - [34mWARNING[0m - __ASSET_JOB - 387e223b-faf6-47fa-a1cd-d30074bd2d7b - Start_Basic_Prices - 获取 000860 失败: time data '20260214' does not match format '%Y-%m-%d'
[32m2026-02-21 21:43:54 +0800[0m - dagster - [34mWARNING[0m - __ASSET_JOB - 387e223b-faf6-47fa-a1cd-d30074bd2d7b - Start_Basic_Prices - 获取 000862 失败: time data '20260214' does not match format '%Y-%m-%d'
[32m2026-02-21 21:43:54 +0800[0m - dagster - [34mWARNING[0m - __ASSET_JOB - 387e223b-faf6-47fa-a1cd-d30074bd2d7b - Start_Basic_Prices - 获取 000863 失败: time data '20260214' does not match format '%Y-%m-%d'
[32m2026-02-21 21:43:54 +0800[0m - dagster - [34mWARNING[0m - __ASSET_JOB - 387e223b-faf6-47fa-a1cd-d30074bd2d7b - Start_Basic_Prices - 获取 000868 失败: time data '20260214' does not match format '%Y-%m-%d'
[32m2026-02-21 21:43:54 +0800[0m - dagster - [34mWARNING[0m - __ASSET_JOB - 387e223b-faf6-47fa-a1cd-d30074bd2d7b - Start_Basic_Prices - 获取 000869 失败: time data '20260214' does not match format '%Y-%m-%d'
[32m2026-02-21 21:43:54 +0800[0m - dagster - [34mWARNING[0m - __ASSET_JOB - 387e223b-faf6-47fa-a1cd-d30074bd2d7b - Start_Basic_Prices - 获取 000875 失败: time data '20260214' does not match format '%Y-%m-%d'
[32m2026-02-21 21:43:54 +0800[0m - dagster - [34mWARNING[0m - __ASSET_JOB - 387e223b-faf6-47fa-a1cd-d30074bd2d7b - Start_Basic_Prices - 获取 000876 失败: time data '20260214' does not match format '%Y-%m-%d'
[32m2026-02-21 21:43:54 +0800[0m - dagster - [34mWARNING[0m - __ASSET_JOB - 387e223b-faf6-47fa-a1cd-d30074bd2d7b - Start_Basic_Prices - 获取 000877 失败: time data '20260214' does not match format '%Y-%m-%d'
[32m2026-02-21 21:43:54 +0800[0m - dagster - [34mWARNING[0m - __ASSET_JOB - 387e223b-faf6-47fa-a1cd-d30074bd2d7b - Start_Basic_Prices - 获取 000878 失败: time data '20260214' does not match format '%Y-%m-%d'
[32m2026-02-21 21:43:54 +0800[0m - dagster - [34mWARNING[0m - __ASSET_JOB - 387e223b-faf6-47fa-a1cd-d30074bd2d7b - Start_Basic_Prices - 获取 000880 失败: time data '20260214' does not match format '%Y-%m-%d'
[32m2026-02-21 21:43:54 +0800[0m - dagster - [34mWARNING[0m - __ASSET_JOB - 387e223b-faf6-47fa-a1cd-d30074bd2d7b - Start_Basic_Prices - 获取 000881 失败: time data '20260214' does not match format '%Y-%m-%d'
[32m2026-02-21 21:43:54 +0800[0m - dagster - [34mWARNING[0m - __ASSET_JOB - 387e223b-faf6-47fa-a1cd-d30074bd2d7b - Start_Basic_Prices - 获取 000882 失败: time data '20260214' does not match format '%Y-%m-%d'
[32m2026-02-21 21:43:54 +0800[0m - dagster - [34mWARNING[0m - __ASSET_JOB - 387e223b-faf6-47fa-a1cd-d30074bd2d7b - Start_Basic_Prices - 获取 000883 失败: time data '20260214' does not match format '%Y-%m-%d'
[32m2026-02-21 21:43:54 +0800[0m - dagster - [34mWARNING[0m - __ASSET_JOB - 387e223b-faf6-47fa-a1cd-d30074bd2d7b - Start_Basic_Prices - 获取 000885 失败: time data '20260214' does not match format '%Y-%m-%d'
[32m2026-02-21 21:43:54 +0800[0m - dagster - [34mWARNING[0m - __ASSET_JOB - 387e223b-faf6-47fa-a1cd-d30074bd2d7b - Start_Basic_Prices - 获取 000886 失败: time data '20260214' does not match format '%Y-%m-%d'
[32m2026-02-21 21:43:54 +0800[0m - dagster - [34mWARNING[0m - __ASSET_JOB - 387e223b-faf6-47fa-a1cd-d30074bd2d7b - Start_Basic_Prices - 获取 000887 失败: time data '20260214' does not match format '%Y-%m-%d'
[32m2026-02-21 21:43:54 +0800[0m - dagster - [34mWARNING[0m - __ASSET_JOB - 387e223b-faf6-47fa-a1cd-d30074bd2d7b - Start_Basic_Prices - 获取 000888 失败: time data '20260214' does not match format '%Y-%m-%d'
[32m2026-02-21 21:43:54 +0800[0m - dagster - [34mWARNING[0m - __ASSET_JOB - 387e223b-faf6-47fa-a1cd-d30074bd2d7b - Start_Basic_Prices - 获取 000889 失败: time data '20260214' does not match format '%Y-%m-%d'
[32m2026-02-21 21:43:54 +0800[0m - dagster - [34mWARNING[0m - __ASSET_JOB - 387e223b-faf6-47fa-a1cd-d30074bd2d7b - Start_Basic_Prices - 获取 000890 失败: time data '20260214' does not match format '%Y-%m-%d'
[32m2026-02-21 21:43:54 +0800[0m - dagster - [34mWARNING[0m - __ASSET_JOB - 387e223b-faf6-47fa-a1cd-d30074bd2d7b - Start_Basic_Prices - 获取 000892 失败: time data '20260214' does not match format '%Y-%m-%d'
[32m2026-02-21 21:43:54 +0800[0m - dagster - [34mWARNING[0m - __ASSET_JOB - 387e223b-faf6-47fa-a1cd-d30074bd2d7b - Start_Basic_Prices - 获取 000893 失败: time data '20260214' does not match format '%Y-%m-%d'
[32m2026-02-21 21:43:54 +0800[0m - dagster - [34mWARNING[0m - __ASSET_JOB - 387e223b-faf6-47fa-a1cd-d30074bd2d7b - Start_Basic_Prices - 获取 000895 失败: time data '20260214' does not match format '%Y-%m-%d'
[32m2026-02-21 21:43:54 +0800[0m - dagster - [34mWARNING[0m - __ASSET_JOB - 387e223b-faf6-47fa-a1cd-d30074bd2d7b - Start_Basic_Prices - 获取 000897 失败: time data '20260214' does not match format '%Y-%m-%d'
[32m2026-02-21 21:43:54 +0800[0m - dagster - [34mWARNING[0m - __ASSET_JOB - 387e223b-faf6-47fa-a1cd-d30074bd2d7b - Start_Basic_Prices - 获取 000898 失败: time data '20260214' does not match format '%Y-%m-%d'
[32m2026-02-21 21:43:54 +0800[0m - dagster - [34mWARNING[0m - __ASSET_JOB - 387e223b-faf6-47fa-a1cd-d30074bd2d7b - Start_Basic_Prices - 获取 000899 失败: time data '20260214' does not match format '%Y-%m-%d'
[32m2026-02-21 21:43:54 +0800[0m - dagster - [34mWARNING[0m - __ASSET_JOB - 387e223b-faf6-47fa-a1cd-d30074bd2d7b - Start_Basic_Prices - 获取 000900 失败: time data '20260214' does not match format '%Y-%m-%d'
[32m2026-02-21 21:43:54 +0800[0m - dagster - [34mWARNING[0m - __ASSET_JOB - 387e223b-faf6-47fa-a1cd-d30074bd2d7b - Start_Basic_Prices - 获取 000901 失败: time data '20260214' does not match format '%Y-%m-%d'
[32m2026-02-21 21:43:54 +0800[0m - dagster - [34mWARNING[0m - __ASSET_JOB - 387e223b-faf6-47fa-a1cd-d30074bd2d7b - Start_Basic_Prices - 获取 000902 失败: time data '20260214' does not match format '%Y-%m-%d'
[32m2026-02-21 21:43:54 +0800[0m - dagster - [34mWARNING[0m - __ASSET_JOB - 387e223b-faf6-47fa-a1cd-d30074bd2d7b - Start_Basic_Prices - 获取 000903 失败: time data '20260214' does not match format '%Y-%m-%d'
[32m2026-02-21 21:43:54 +0800[0m - dagster - [34mWARNING[0m - __ASSET_JOB - 387e223b-faf6-47fa-a1cd-d30074bd2d7b - Start_Basic_Prices - 获取 000905 失败: time data '20260214' does not match format '%Y-%m-%d'
[32m2026-02-21 21:43:56 +0800[0m - dagster - [34mINFO[0m - __ASSET_JOB - 387e223b-faf6-47fa-a1cd-d30074bd2d7b - Start_Basic_Prices - 处理批次 8/110
[32m2026-02-21 21:43:56 +0800[0m - dagster - [34mWARNING[0m - __ASSET_JOB - 387e223b-faf6-47fa-a1cd-d30074bd2d7b - Start_Basic_Prices - 获取 000906 失败: time data '20260214' does not match format '%Y-%m-%d'
[32m2026-02-21 21:43:56 +0800[0m - dagster - [34mWARNING[0m - __ASSET_JOB - 387e223b-faf6-47fa-a1cd-d30074bd2d7b - Start_Basic_Prices - 获取 000908 失败: time data '20260214' does not match format '%Y-%m-%d'
[32m2026-02-21 21:43:56 +0800[0m - dagster - [34mWARNING[0m - __ASSET_JOB - 387e223b-faf6-47fa-a1cd-d30074bd2d7b - Start_Basic_Prices - 获取 000909 失败: time data '20260214' does not match format '%Y-%m-%d'
[32m2026-02-21 21:43:56 +0800[0m - dagster - [34mWARNING[0m - __ASSET_JOB - 387e223b-faf6-47fa-a1cd-d30074bd2d7b - Start_Basic_Prices - 获取 000910 失败: time data '20260214' does not match format '%Y-%m-%d'
[32m2026-02-21 21:43:56 +0800[0m - dagster - [34mWARNING[0m - __ASSET_JOB - 387e223b-faf6-47fa-a1cd-d30074bd2d7b - Start_Basic_Prices - 获取 000911 失败: time data '20260214' does not match format '%Y-%m-%d'
[32m2026-02-21 21:43:56 +0800[0m - dagster - [34mWARNING[0m - __ASSET_JOB - 387e223b-faf6-47fa-a1cd-d30074bd2d7b - Start_Basic_Prices - 获取 000912 失败: time data '20260214' does not match format '%Y-%m-%d'
[32m2026-02-21 21:43:56 +0800[0m - dagster - [34mWARNING[0m - __ASSET_JOB - 387e223b-faf6-47fa-a1cd-d30074bd2d7b - Start_Basic_Prices - 获取 000913 失败: time data '20260214' does not match format '%Y-%m-%d'
[32m2026-02-21 21:43:56 +0800[0m - dagster - [34mWARNING[0m - __ASSET_JOB - 387e223b-faf6-47fa-a1cd-d30074bd2d7b - Start_Basic_Prices - 获取 000915 失败: time data '20260214' does not match format '%Y-%m-%d'
[32m2026-02-21 21:43:56 +0800[0m - dagster - [34mERROR[0m - [31m__ASSET_JOB - 387e223b-faf6-47fa-a1cd-d30074bd2d7b - 36662 - Start_Basic_Prices - STEP_FAILURE - Execution of step "Start_Basic_Prices" failed.

dagster._core.errors.DagsterExecutionInterruptedError

Stack Trace:
  File "/Users/sheng/Desktop/Quant/a-stock/.venv/lib/python3.12/site-packages/dagster/_core/execution/plan/execute_plan.py", line 247, in dagster_event_sequence_for_step
    yield from check.generator(step_events)
  File "/Users/sheng/Desktop/Quant/a-stock/.venv/lib/python3.12/site-packages/dagster/_core/execution/plan/execute_step.py", line 505, in core_dagster_event_sequence_for_step
    for user_event in _step_output_error_checked_user_event_sequence(
                      ^^^^^^^^^^^^^^^^^^^^^^^^^^^^^^^^^^^^^^^^^^^^^^^
  File "/Users/sheng/Desktop/Quant/a-stock/.venv/lib/python3.12/site-packages/dagster/_core/execution/plan/execute_step.py", line 184, in _step_output_error_checked_user_event_sequence
    for user_event in user_event_sequence:
                      ^^^^^^^^^^^^^^^^^^^
  File "/Users/sheng/Desktop/Quant/a-stock/.venv/lib/python3.12/site-packages/dagster/_core/execution/plan/execute_step.py", line 88, in _process_asset_results_to_events
    for user_event in user_event_sequence:
                      ^^^^^^^^^^^^^^^^^^^
  File "/Users/sheng/Desktop/Quant/a-stock/.venv/lib/python3.12/site-packages/dagster/_core/execution/plan/compute.py", line 188, in execute_core_compute
    for step_output in _yield_compute_results(step_context, inputs, compute_fn, compute_context):
                       ^^^^^^^^^^^^^^^^^^^^^^^^^^^^^^^^^^^^^^^^^^^^^^^^^^^^^^^^^^^^^^^^^^^^^^^^^
  File "/Users/sheng/Desktop/Quant/a-stock/.venv/lib/python3.12/site-packages/dagster/_core/execution/plan/compute.py", line 157, in _yield_compute_results
    for event in iterate_with_context(
                 ^^^^^^^^^^^^^^^^^^^^^
  File "/Users/sheng/Desktop/Quant/a-stock/.venv/lib/python3.12/site-packages/dagster/_utils/__init__.py", line 394, in iterate_with_context
    next_output = next(iterator)
                  ^^^^^^^^^^^^^^
  File "/Users/sheng/Desktop/Quant/a-stock/.venv/lib/python3.12/site-packages/dagster/_core/execution/plan/compute_generator.py", line 135, in _coerce_op_compute_fn_to_iterator
    result = invoke_compute_fn(
             ^^^^^^^^^^^^^^^^^^
  File "/Users/sheng/Desktop/Quant/a-stock/.venv/lib/python3.12/site-packages/dagster/_core/execution/plan/compute_generator.py", line 115, in invoke_compute_fn
    return fn(context, **args_to_pass) if context_arg_provided else fn(**args_to_pass)
           ^^^^^^^^^^^^^^^^^^^^^^^^^^^
  File "/Users/sheng/Desktop/Quant/a-stock/src/basic/assets/data_ingestion/start_price.py", line 118, in Start_Basic_Prices
    context.log.warning(f"获取 {symbol} 失败: {e}")
  File "/opt/anaconda3/lib/python3.12/logging/__init__.py", line 1551, in warning
    self._log(WARNING, msg, args, **kwargs)
  File "/opt/anaconda3/lib/python3.12/logging/__init__.py", line 1684, in _log
    self.handle(record)
  File "/opt/anaconda3/lib/python3.12/logging/__init__.py", line 1700, in handle
    self.callHandlers(record)
  File "/opt/anaconda3/lib/python3.12/logging/__init__.py", line 1762, in callHandlers
    hdlr.handle(record)
  File "/opt/anaconda3/lib/python3.12/logging/__init__.py", line 1028, in handle
    self.emit(record)
  File "/Users/sheng/Desktop/Quant/a-stock/.venv/lib/python3.12/site-packages/dagster/_core/log_manager.py", line 269, in emit
    handler.handle(dagster_record)
  File "/opt/anaconda3/lib/python3.12/logging/__init__.py", line 1028, in handle
    self.emit(record)
  File "/Users/sheng/Desktop/Quant/a-stock/.venv/lib/python3.12/site-packages/dagster/_core/instance/types.py", line 49, in emit
    self._instance.handle_new_event(
  File "/Users/sheng/Desktop/Quant/a-stock/.venv/lib/python3.12/site-packages/dagster/_core/instance/methods/event_methods.py", line 231, in handle_new_event
    self._event_storage_impl.store_event(events[0])
  File "/Users/sheng/Desktop/Quant/a-stock/.venv/lib/python3.12/site-packages/dagster/_core/storage/event_log/sqlite/sqlite_event_log.py", line 259, in store_event
    conn.execute(insert_event_statement)
  File "/Users/sheng/Desktop/Quant/a-stock/.venv/lib/python3.12/site-packages/sqlalchemy/engine/base.py", line 1419, in execute
    return meth(
           ^^^^^
  File "/Users/sheng/Desktop/Quant/a-stock/.venv/lib/python3.12/site-packages/sqlalchemy/sql/elements.py", line 527, in _execute_on_connection
    return connection._execute_clauseelement(
           ^^^^^^^^^^^^^^^^^^^^^^^^^^^^^^^^^^
  File "/Users/sheng/Desktop/Quant/a-stock/.venv/lib/python3.12/site-packages/sqlalchemy/engine/base.py", line 1641, in _execute_clauseelement
    ret = self._execute_context(
          ^^^^^^^^^^^^^^^^^^^^^^
  File "/Users/sheng/Desktop/Quant/a-stock/.venv/lib/python3.12/site-packages/sqlalchemy/engine/base.py", line 1846, in _execute_context
    return self._exec_single_context(
           ^^^^^^^^^^^^^^^^^^^^^^^^^^
  File "/Users/sheng/Desktop/Quant/a-stock/.venv/lib/python3.12/site-packages/sqlalchemy/engine/base.py", line 1986, in _exec_single_context
    self._handle_dbapi_exception(
  File "/Users/sheng/Desktop/Quant/a-stock/.venv/lib/python3.12/site-packages/sqlalchemy/engine/base.py", line 2366, in _handle_dbapi_exception
    raise exc_info[1].with_traceback(exc_info[2])
  File "/Users/sheng/Desktop/Quant/a-stock/.venv/lib/python3.12/site-packages/sqlalchemy/engine/base.py", line 1967, in _exec_single_context
    self.dialect.do_execute(
  File "/Users/sheng/Desktop/Quant/a-stock/.venv/lib/python3.12/site-packages/sqlalchemy/engine/default.py", line 952, in do_execute
    cursor.execute(statement, parameters)
  File "/Users/sheng/Desktop/Quant/a-stock/.venv/lib/python3.12/site-packages/dagster/_utils/interrupts.py", line 81, in _new_signal_handler
    raise error_cls()

The above exception occurred during handling of the following exception:
ValueError: time data '20260214' does not match format '%Y-%m-%d'

Stack Trace:
  File "/Users/sheng/Desktop/Quant/a-stock/src/basic/assets/data_ingestion/start_price.py", line 79, in Start_Basic_Prices
    start_date = datetime.strptime(start_date, '%Y-%m-%d').strftime('%Y%m%d')
                 ^^^^^^^^^^^^^^^^^^^^^^^^^^^^^^^^^^^^^^^^^
  File "/opt/anaconda3/lib/python3.12/_strptime.py", line 554, in _strptime_datetime
    tt, fraction, gmtoff_fraction = _strptime(data_string, format)
                                    ^^^^^^^^^^^^^^^^^^^^^^^^^^^^^^
  File "/opt/anaconda3/lib/python3.12/_strptime.py", line 333, in _strptime
    raise ValueError("time data %r does not match format %r" %
[0m
