[32m2026-02-21 04:10:21 +0800[0m - dagster - [34mDEBUG[0m - __ASSET_JOB - e0a8cd55-5c3c-40a7-8a29-cc50e42c9983 - 3474 - LOGS_CAPTURED - Started capturing logs in process (pid: 3474).
[32m2026-02-21 04:10:21 +0800[0m - dagster - [34mDEBUG[0m - __ASSET_JOB - e0a8cd55-5c3c-40a7-8a29-cc50e42c9983 - 3474 - Start_Basic_Prices - STEP_START - Started execution of step "Start_Basic_Prices".
[32m2026-02-21 04:10:21 +0800[0m - dagster - [34mINFO[0m - __ASSET_JOB - e0a8cd55-5c3c-40a7-8a29-cc50e42c9983 - Start_Basic_Prices - 开始创建日线数据
[32m2026-02-21 04:10:21 +0800[0m - dagster - [34mINFO[0m - __ASSET_JOB - e0a8cd55-5c3c-40a7-8a29-cc50e42c9983 - Start_Basic_Prices - 找到 5838 只股票
[32m2026-02-21 04:10:21 +0800[0m - dagster - [34mERROR[0m - [31m__ASSET_JOB - e0a8cd55-5c3c-40a7-8a29-cc50e42c9983 - 3474 - Start_Basic_Prices - STEP_FAILURE - Execution of step "Start_Basic_Prices" failed.

dagster._core.errors.DagsterExecutionStepExecutionError: Error occurred while executing op "Start_Basic_Prices"::

_duckdb.CatalogException: Catalog Error: Table with name basic_daily_prices does not exist!
Did you mean "daily_prices"?

LINE 1: SELECT MAX(date) FROM basic_daily_prices
                              ^

Stack Trace:
  File "/Users/sheng/Desktop/Quant/a-stock/.venv/lib/python3.12/site-packages/dagster/_core/execution/plan/utils.py", line 57, in op_execution_error_boundary
    yield
  File "/Users/sheng/Desktop/Quant/a-stock/.venv/lib/python3.12/site-packages/dagster/_utils/__init__.py", line 394, in iterate_with_context
    next_output = next(iterator)
                  ^^^^^^^^^^^^^^
  File "/Users/sheng/Desktop/Quant/a-stock/.venv/lib/python3.12/site-packages/dagster/_core/execution/plan/compute_generator.py", line 135, in _coerce_op_compute_fn_to_iterator
    result = invoke_compute_fn(
             ^^^^^^^^^^^^^^^^^^
  File "/Users/sheng/Desktop/Quant/a-stock/.venv/lib/python3.12/site-packages/dagster/_core/execution/plan/compute_generator.py", line 115, in invoke_compute_fn
    return fn(context, **args_to_pass) if context_arg_provided else fn(**args_to_pass)
           ^^^^^^^^^^^^^^^^^^^^^^^^^^^
  File "/Users/sheng/Desktop/Quant/a-stock/src/basic/assets/data_ingestion/start_price.py", line 39, in Start_Basic_Prices
    last_date = conn.execute("SELECT MAX(date) FROM basic_daily_prices").fetchone()[0]
                ^^^^^^^^^^^^^^^^^^^^^^^^^^^^^^^^^^^^^^^^^^^^^^^^^^^^^^^^
[0m
