[32m2026-02-21 01:20:47 +0800[0m - dagster - [34mDEBUG[0m - __ASSET_JOB - ffae7434-8376-4e35-9f17-202b7b8d2735 - 71110 - LOGS_CAPTURED - Started capturing logs in process (pid: 71110).
[32m2026-02-21 01:20:47 +0800[0m - dagster - [34mDEBUG[0m - __ASSET_JOB - ffae7434-8376-4e35-9f17-202b7b8d2735 - 71110 - First_Basic_Prices - STEP_START - Started execution of step "First_Basic_Prices".
[32m2026-02-21 01:20:47 +0800[0m - dagster - [34mINFO[0m - __ASSET_JOB - ffae7434-8376-4e35-9f17-202b7b8d2735 - First_Basic_Prices - 开始创建日线数据
[32m2026-02-21 01:20:47 +0800[0m - dagster - [34mINFO[0m - __ASSET_JOB - ffae7434-8376-4e35-9f17-202b7b8d2735 - First_Basic_Prices - 找到 5838 只股票
[32m2026-02-21 01:20:47 +0800[0m - dagster - [34mINFO[0m - __ASSET_JOB - ffae7434-8376-4e35-9f17-202b7b8d2735 - First_Basic_Prices - 无历史数据，从 20200101 开始获取
[32m2026-02-21 01:20:47 +0800[0m - dagster - [34mINFO[0m - __ASSET_JOB - ffae7434-8376-4e35-9f17-202b7b8d2735 - First_Basic_Prices - 处理批次 1/117
[32m2026-02-21 01:21:07 +0800[0m - dagster - [34mINFO[0m - __ASSET_JOB - ffae7434-8376-4e35-9f17-202b7b8d2735 - First_Basic_Prices - 处理批次 2/117
[32m2026-02-21 01:21:27 +0800[0m - dagster - [34mINFO[0m - __ASSET_JOB - ffae7434-8376-4e35-9f17-202b7b8d2735 - First_Basic_Prices - 处理批次 3/117
[32m2026-02-21 01:21:47 +0800[0m - dagster - [34mINFO[0m - __ASSET_JOB - ffae7434-8376-4e35-9f17-202b7b8d2735 - First_Basic_Prices - 处理批次 4/117
[32m2026-02-21 01:22:06 +0800[0m - dagster - [34mINFO[0m - __ASSET_JOB - ffae7434-8376-4e35-9f17-202b7b8d2735 - First_Basic_Prices - 处理批次 5/117
[32m2026-02-21 01:22:25 +0800[0m - dagster - [34mINFO[0m - __ASSET_JOB - ffae7434-8376-4e35-9f17-202b7b8d2735 - First_Basic_Prices - 处理批次 6/117
[32m2026-02-21 01:22:44 +0800[0m - dagster - [34mINFO[0m - __ASSET_JOB - ffae7434-8376-4e35-9f17-202b7b8d2735 - First_Basic_Prices - 处理批次 7/117
[32m2026-02-21 01:23:03 +0800[0m - dagster - [34mINFO[0m - __ASSET_JOB - ffae7434-8376-4e35-9f17-202b7b8d2735 - First_Basic_Prices - 处理批次 8/117
[32m2026-02-21 01:23:22 +0800[0m - dagster - [34mINFO[0m - __ASSET_JOB - ffae7434-8376-4e35-9f17-202b7b8d2735 - First_Basic_Prices - 处理批次 9/117
[32m2026-02-21 01:23:41 +0800[0m - dagster - [34mINFO[0m - __ASSET_JOB - ffae7434-8376-4e35-9f17-202b7b8d2735 - First_Basic_Prices - 处理批次 10/117
[32m2026-02-21 01:24:00 +0800[0m - dagster - [34mINFO[0m - __ASSET_JOB - ffae7434-8376-4e35-9f17-202b7b8d2735 - First_Basic_Prices - 处理批次 11/117
[32m2026-02-21 01:24:19 +0800[0m - dagster - [34mINFO[0m - __ASSET_JOB - ffae7434-8376-4e35-9f17-202b7b8d2735 - First_Basic_Prices - 处理批次 12/117
[32m2026-02-21 01:24:38 +0800[0m - dagster - [34mINFO[0m - __ASSET_JOB - ffae7434-8376-4e35-9f17-202b7b8d2735 - First_Basic_Prices - 处理批次 13/117
[32m2026-02-21 01:24:57 +0800[0m - dagster - [34mINFO[0m - __ASSET_JOB - ffae7434-8376-4e35-9f17-202b7b8d2735 - First_Basic_Prices - 处理批次 14/117
[32m2026-02-21 01:25:16 +0800[0m - dagster - [34mINFO[0m - __ASSET_JOB - ffae7434-8376-4e35-9f17-202b7b8d2735 - First_Basic_Prices - 处理批次 15/117
[32m2026-02-21 01:25:35 +0800[0m - dagster - [34mINFO[0m - __ASSET_JOB - ffae7434-8376-4e35-9f17-202b7b8d2735 - First_Basic_Prices - 处理批次 16/117
[32m2026-02-21 01:25:55 +0800[0m - dagster - [34mINFO[0m - __ASSET_JOB - ffae7434-8376-4e35-9f17-202b7b8d2735 - First_Basic_Prices - 处理批次 17/117
[32m2026-02-21 01:26:14 +0800[0m - dagster - [34mINFO[0m - __ASSET_JOB - ffae7434-8376-4e35-9f17-202b7b8d2735 - First_Basic_Prices - 处理批次 18/117
[32m2026-02-21 01:26:33 +0800[0m - dagster - [34mINFO[0m - __ASSET_JOB - ffae7434-8376-4e35-9f17-202b7b8d2735 - First_Basic_Prices - 处理批次 19/117
[32m2026-02-21 01:26:52 +0800[0m - dagster - [34mINFO[0m - __ASSET_JOB - ffae7434-8376-4e35-9f17-202b7b8d2735 - First_Basic_Prices - 处理批次 20/117
[32m2026-02-21 01:27:12 +0800[0m - dagster - [34mINFO[0m - __ASSET_JOB - ffae7434-8376-4e35-9f17-202b7b8d2735 - First_Basic_Prices - 处理批次 21/117
[32m2026-02-21 01:27:32 +0800[0m - dagster - [34mINFO[0m - __ASSET_JOB - ffae7434-8376-4e35-9f17-202b7b8d2735 - First_Basic_Prices - 处理批次 22/117
[32m2026-02-21 01:27:52 +0800[0m - dagster - [34mINFO[0m - __ASSET_JOB - ffae7434-8376-4e35-9f17-202b7b8d2735 - First_Basic_Prices - 处理批次 23/117
[32m2026-02-21 01:28:12 +0800[0m - dagster - [34mINFO[0m - __ASSET_JOB - ffae7434-8376-4e35-9f17-202b7b8d2735 - First_Basic_Prices - 处理批次 24/117
[32m2026-02-21 01:28:32 +0800[0m - dagster - [34mINFO[0m - __ASSET_JOB - ffae7434-8376-4e35-9f17-202b7b8d2735 - First_Basic_Prices - 处理批次 25/117
[32m2026-02-21 01:28:51 +0800[0m - dagster - [34mINFO[0m - __ASSET_JOB - ffae7434-8376-4e35-9f17-202b7b8d2735 - First_Basic_Prices - 处理批次 26/117
[32m2026-02-21 01:29:10 +0800[0m - dagster - [34mINFO[0m - __ASSET_JOB - ffae7434-8376-4e35-9f17-202b7b8d2735 - First_Basic_Prices - 处理批次 27/117
[32m2026-02-21 01:29:29 +0800[0m - dagster - [34mINFO[0m - __ASSET_JOB - ffae7434-8376-4e35-9f17-202b7b8d2735 - First_Basic_Prices - 处理批次 28/117
[32m2026-02-21 01:29:49 +0800[0m - dagster - [34mINFO[0m - __ASSET_JOB - ffae7434-8376-4e35-9f17-202b7b8d2735 - First_Basic_Prices - 处理批次 29/117
[32m2026-02-21 01:30:12 +0800[0m - dagster - [34mINFO[0m - __ASSET_JOB - ffae7434-8376-4e35-9f17-202b7b8d2735 - First_Basic_Prices - 处理批次 30/117
[32m2026-02-21 01:30:34 +0800[0m - dagster - [34mINFO[0m - __ASSET_JOB - ffae7434-8376-4e35-9f17-202b7b8d2735 - First_Basic_Prices - 处理批次 31/117
[32m2026-02-21 01:30:56 +0800[0m - dagster - [34mINFO[0m - __ASSET_JOB - ffae7434-8376-4e35-9f17-202b7b8d2735 - First_Basic_Prices - 处理批次 32/117
[32m2026-02-21 01:31:16 +0800[0m - dagster - [34mINFO[0m - __ASSET_JOB - ffae7434-8376-4e35-9f17-202b7b8d2735 - First_Basic_Prices - 处理批次 33/117
[32m2026-02-21 01:31:35 +0800[0m - dagster - [34mINFO[0m - __ASSET_JOB - ffae7434-8376-4e35-9f17-202b7b8d2735 - First_Basic_Prices - 处理批次 34/117
[32m2026-02-21 01:31:54 +0800[0m - dagster - [34mINFO[0m - __ASSET_JOB - ffae7434-8376-4e35-9f17-202b7b8d2735 - First_Basic_Prices - 处理批次 35/117
[32m2026-02-21 01:32:13 +0800[0m - dagster - [34mINFO[0m - __ASSET_JOB - ffae7434-8376-4e35-9f17-202b7b8d2735 - First_Basic_Prices - 处理批次 36/117
[32m2026-02-21 01:32:33 +0800[0m - dagster - [34mINFO[0m - __ASSET_JOB - ffae7434-8376-4e35-9f17-202b7b8d2735 - First_Basic_Prices - 处理批次 37/117
[32m2026-02-21 01:32:53 +0800[0m - dagster - [34mINFO[0m - __ASSET_JOB - ffae7434-8376-4e35-9f17-202b7b8d2735 - First_Basic_Prices - 处理批次 38/117
[32m2026-02-21 01:33:13 +0800[0m - dagster - [34mINFO[0m - __ASSET_JOB - ffae7434-8376-4e35-9f17-202b7b8d2735 - First_Basic_Prices - 处理批次 39/117
[32m2026-02-21 01:33:33 +0800[0m - dagster - [34mINFO[0m - __ASSET_JOB - ffae7434-8376-4e35-9f17-202b7b8d2735 - First_Basic_Prices - 处理批次 40/117
[32m2026-02-21 01:33:53 +0800[0m - dagster - [34mINFO[0m - __ASSET_JOB - ffae7434-8376-4e35-9f17-202b7b8d2735 - First_Basic_Prices - 处理批次 41/117
[32m2026-02-21 01:34:13 +0800[0m - dagster - [34mINFO[0m - __ASSET_JOB - ffae7434-8376-4e35-9f17-202b7b8d2735 - First_Basic_Prices - 处理批次 42/117
[32m2026-02-21 01:34:33 +0800[0m - dagster - [34mINFO[0m - __ASSET_JOB - ffae7434-8376-4e35-9f17-202b7b8d2735 - First_Basic_Prices - 处理批次 43/117
[32m2026-02-21 01:34:53 +0800[0m - dagster - [34mINFO[0m - __ASSET_JOB - ffae7434-8376-4e35-9f17-202b7b8d2735 - First_Basic_Prices - 处理批次 44/117
[32m2026-02-21 01:35:12 +0800[0m - dagster - [34mINFO[0m - __ASSET_JOB - ffae7434-8376-4e35-9f17-202b7b8d2735 - First_Basic_Prices - 处理批次 45/117
[32m2026-02-21 01:35:32 +0800[0m - dagster - [34mINFO[0m - __ASSET_JOB - ffae7434-8376-4e35-9f17-202b7b8d2735 - First_Basic_Prices - 处理批次 46/117
[32m2026-02-21 01:35:53 +0800[0m - dagster - [34mINFO[0m - __ASSET_JOB - ffae7434-8376-4e35-9f17-202b7b8d2735 - First_Basic_Prices - 处理批次 47/117
[32m2026-02-21 01:36:13 +0800[0m - dagster - [34mINFO[0m - __ASSET_JOB - ffae7434-8376-4e35-9f17-202b7b8d2735 - First_Basic_Prices - 处理批次 48/117
[32m2026-02-21 01:36:34 +0800[0m - dagster - [34mINFO[0m - __ASSET_JOB - ffae7434-8376-4e35-9f17-202b7b8d2735 - First_Basic_Prices - 处理批次 49/117
[32m2026-02-21 01:36:54 +0800[0m - dagster - [34mINFO[0m - __ASSET_JOB - ffae7434-8376-4e35-9f17-202b7b8d2735 - First_Basic_Prices - 处理批次 50/117
[32m2026-02-21 01:37:16 +0800[0m - dagster - [34mINFO[0m - __ASSET_JOB - ffae7434-8376-4e35-9f17-202b7b8d2735 - First_Basic_Prices - 处理批次 51/117
[32m2026-02-21 01:37:38 +0800[0m - dagster - [34mINFO[0m - __ASSET_JOB - ffae7434-8376-4e35-9f17-202b7b8d2735 - First_Basic_Prices - 处理批次 52/117
[32m2026-02-21 01:37:59 +0800[0m - dagster - [34mINFO[0m - __ASSET_JOB - ffae7434-8376-4e35-9f17-202b7b8d2735 - First_Basic_Prices - 处理批次 53/117
[32m2026-02-21 01:38:19 +0800[0m - dagster - [34mINFO[0m - __ASSET_JOB - ffae7434-8376-4e35-9f17-202b7b8d2735 - First_Basic_Prices - 处理批次 54/117
[32m2026-02-21 01:38:39 +0800[0m - dagster - [34mINFO[0m - __ASSET_JOB - ffae7434-8376-4e35-9f17-202b7b8d2735 - First_Basic_Prices - 处理批次 55/117
[32m2026-02-21 01:38:58 +0800[0m - dagster - [34mINFO[0m - __ASSET_JOB - ffae7434-8376-4e35-9f17-202b7b8d2735 - First_Basic_Prices - 处理批次 56/117
[32m2026-02-21 01:39:18 +0800[0m - dagster - [34mINFO[0m - __ASSET_JOB - ffae7434-8376-4e35-9f17-202b7b8d2735 - First_Basic_Prices - 处理批次 57/117
[32m2026-02-21 01:39:37 +0800[0m - dagster - [34mINFO[0m - __ASSET_JOB - ffae7434-8376-4e35-9f17-202b7b8d2735 - First_Basic_Prices - 处理批次 58/117
[32m2026-02-21 01:39:57 +0800[0m - dagster - [34mINFO[0m - __ASSET_JOB - ffae7434-8376-4e35-9f17-202b7b8d2735 - First_Basic_Prices - 处理批次 59/117
[32m2026-02-21 01:40:16 +0800[0m - dagster - [34mINFO[0m - __ASSET_JOB - ffae7434-8376-4e35-9f17-202b7b8d2735 - First_Basic_Prices - 处理批次 60/117
[32m2026-02-21 01:40:36 +0800[0m - dagster - [34mINFO[0m - __ASSET_JOB - ffae7434-8376-4e35-9f17-202b7b8d2735 - First_Basic_Prices - 处理批次 61/117
[32m2026-02-21 01:40:55 +0800[0m - dagster - [34mINFO[0m - __ASSET_JOB - ffae7434-8376-4e35-9f17-202b7b8d2735 - First_Basic_Prices - 处理批次 62/117
[32m2026-02-21 01:41:14 +0800[0m - dagster - [34mINFO[0m - __ASSET_JOB - ffae7434-8376-4e35-9f17-202b7b8d2735 - First_Basic_Prices - 处理批次 63/117
[32m2026-02-21 01:41:34 +0800[0m - dagster - [34mINFO[0m - __ASSET_JOB - ffae7434-8376-4e35-9f17-202b7b8d2735 - First_Basic_Prices - 处理批次 64/117
[32m2026-02-21 01:41:54 +0800[0m - dagster - [34mINFO[0m - __ASSET_JOB - ffae7434-8376-4e35-9f17-202b7b8d2735 - First_Basic_Prices - 处理批次 65/117
[32m2026-02-21 01:42:14 +0800[0m - dagster - [34mINFO[0m - __ASSET_JOB - ffae7434-8376-4e35-9f17-202b7b8d2735 - First_Basic_Prices - 处理批次 66/117
[32m2026-02-21 01:42:34 +0800[0m - dagster - [34mINFO[0m - __ASSET_JOB - ffae7434-8376-4e35-9f17-202b7b8d2735 - First_Basic_Prices - 处理批次 67/117
[32m2026-02-21 01:42:54 +0800[0m - dagster - [34mINFO[0m - __ASSET_JOB - ffae7434-8376-4e35-9f17-202b7b8d2735 - First_Basic_Prices - 处理批次 68/117
[32m2026-02-21 01:43:14 +0800[0m - dagster - [34mINFO[0m - __ASSET_JOB - ffae7434-8376-4e35-9f17-202b7b8d2735 - First_Basic_Prices - 处理批次 69/117
[32m2026-02-21 01:43:34 +0800[0m - dagster - [34mINFO[0m - __ASSET_JOB - ffae7434-8376-4e35-9f17-202b7b8d2735 - First_Basic_Prices - 处理批次 70/117
[32m2026-02-21 01:43:53 +0800[0m - dagster - [34mINFO[0m - __ASSET_JOB - ffae7434-8376-4e35-9f17-202b7b8d2735 - First_Basic_Prices - 处理批次 71/117
[32m2026-02-21 01:44:13 +0800[0m - dagster - [34mINFO[0m - __ASSET_JOB - ffae7434-8376-4e35-9f17-202b7b8d2735 - First_Basic_Prices - 处理批次 72/117
[32m2026-02-21 01:44:32 +0800[0m - dagster - [34mINFO[0m - __ASSET_JOB - ffae7434-8376-4e35-9f17-202b7b8d2735 - First_Basic_Prices - 处理批次 73/117
[32m2026-02-21 01:44:52 +0800[0m - dagster - [34mINFO[0m - __ASSET_JOB - ffae7434-8376-4e35-9f17-202b7b8d2735 - First_Basic_Prices - 处理批次 74/117
[32m2026-02-21 01:45:11 +0800[0m - dagster - [34mINFO[0m - __ASSET_JOB - ffae7434-8376-4e35-9f17-202b7b8d2735 - First_Basic_Prices - 处理批次 75/117
[32m2026-02-21 01:45:30 +0800[0m - dagster - [34mINFO[0m - __ASSET_JOB - ffae7434-8376-4e35-9f17-202b7b8d2735 - First_Basic_Prices - 处理批次 76/117
[32m2026-02-21 01:45:49 +0800[0m - dagster - [34mINFO[0m - __ASSET_JOB - ffae7434-8376-4e35-9f17-202b7b8d2735 - First_Basic_Prices - 处理批次 77/117
[32m2026-02-21 01:46:09 +0800[0m - dagster - [34mINFO[0m - __ASSET_JOB - ffae7434-8376-4e35-9f17-202b7b8d2735 - First_Basic_Prices - 处理批次 78/117
[32m2026-02-21 01:46:27 +0800[0m - dagster - [34mINFO[0m - __ASSET_JOB - ffae7434-8376-4e35-9f17-202b7b8d2735 - First_Basic_Prices - 处理批次 79/117
[32m2026-02-21 01:46:45 +0800[0m - dagster - [34mINFO[0m - __ASSET_JOB - ffae7434-8376-4e35-9f17-202b7b8d2735 - First_Basic_Prices - 处理批次 80/117
[32m2026-02-21 01:47:03 +0800[0m - dagster - [34mINFO[0m - __ASSET_JOB - ffae7434-8376-4e35-9f17-202b7b8d2735 - First_Basic_Prices - 处理批次 81/117
[32m2026-02-21 01:47:21 +0800[0m - dagster - [34mINFO[0m - __ASSET_JOB - ffae7434-8376-4e35-9f17-202b7b8d2735 - First_Basic_Prices - 处理批次 82/117
[32m2026-02-21 01:47:39 +0800[0m - dagster - [34mINFO[0m - __ASSET_JOB - ffae7434-8376-4e35-9f17-202b7b8d2735 - First_Basic_Prices - 处理批次 83/117
[32m2026-02-21 01:47:59 +0800[0m - dagster - [34mINFO[0m - __ASSET_JOB - ffae7434-8376-4e35-9f17-202b7b8d2735 - First_Basic_Prices - 处理批次 84/117
[32m2026-02-21 01:48:18 +0800[0m - dagster - [34mINFO[0m - __ASSET_JOB - ffae7434-8376-4e35-9f17-202b7b8d2735 - First_Basic_Prices - 处理批次 85/117
[32m2026-02-21 01:48:37 +0800[0m - dagster - [34mINFO[0m - __ASSET_JOB - ffae7434-8376-4e35-9f17-202b7b8d2735 - First_Basic_Prices - 处理批次 86/117
[32m2026-02-21 01:48:57 +0800[0m - dagster - [34mINFO[0m - __ASSET_JOB - ffae7434-8376-4e35-9f17-202b7b8d2735 - First_Basic_Prices - 处理批次 87/117
[32m2026-02-21 01:49:16 +0800[0m - dagster - [34mINFO[0m - __ASSET_JOB - ffae7434-8376-4e35-9f17-202b7b8d2735 - First_Basic_Prices - 处理批次 88/117
[32m2026-02-21 01:49:35 +0800[0m - dagster - [34mINFO[0m - __ASSET_JOB - ffae7434-8376-4e35-9f17-202b7b8d2735 - First_Basic_Prices - 处理批次 89/117
[32m2026-02-21 01:49:55 +0800[0m - dagster - [34mINFO[0m - __ASSET_JOB - ffae7434-8376-4e35-9f17-202b7b8d2735 - First_Basic_Prices - 处理批次 90/117
[32m2026-02-21 01:50:13 +0800[0m - dagster - [34mINFO[0m - __ASSET_JOB - ffae7434-8376-4e35-9f17-202b7b8d2735 - First_Basic_Prices - 处理批次 91/117
[32m2026-02-21 01:50:31 +0800[0m - dagster - [34mINFO[0m - __ASSET_JOB - ffae7434-8376-4e35-9f17-202b7b8d2735 - First_Basic_Prices - 处理批次 92/117
[32m2026-02-21 01:50:49 +0800[0m - dagster - [34mINFO[0m - __ASSET_JOB - ffae7434-8376-4e35-9f17-202b7b8d2735 - First_Basic_Prices - 处理批次 93/117
[32m2026-02-21 01:51:07 +0800[0m - dagster - [34mINFO[0m - __ASSET_JOB - ffae7434-8376-4e35-9f17-202b7b8d2735 - First_Basic_Prices - 处理批次 94/117
[32m2026-02-21 01:51:26 +0800[0m - dagster - [34mINFO[0m - __ASSET_JOB - ffae7434-8376-4e35-9f17-202b7b8d2735 - First_Basic_Prices - 处理批次 95/117
[32m2026-02-21 01:51:45 +0800[0m - dagster - [34mINFO[0m - __ASSET_JOB - ffae7434-8376-4e35-9f17-202b7b8d2735 - First_Basic_Prices - 处理批次 96/117
[32m2026-02-21 01:52:05 +0800[0m - dagster - [34mINFO[0m - __ASSET_JOB - ffae7434-8376-4e35-9f17-202b7b8d2735 - First_Basic_Prices - 处理批次 97/117
[32m2026-02-21 01:52:24 +0800[0m - dagster - [34mINFO[0m - __ASSET_JOB - ffae7434-8376-4e35-9f17-202b7b8d2735 - First_Basic_Prices - 处理批次 98/117
[32m2026-02-21 01:52:44 +0800[0m - dagster - [34mINFO[0m - __ASSET_JOB - ffae7434-8376-4e35-9f17-202b7b8d2735 - First_Basic_Prices - 处理批次 99/117
[32m2026-02-21 01:53:03 +0800[0m - dagster - [34mINFO[0m - __ASSET_JOB - ffae7434-8376-4e35-9f17-202b7b8d2735 - First_Basic_Prices - 处理批次 100/117
[32m2026-02-21 01:53:22 +0800[0m - dagster - [34mINFO[0m - __ASSET_JOB - ffae7434-8376-4e35-9f17-202b7b8d2735 - First_Basic_Prices - 处理批次 101/117
[32m2026-02-21 01:53:42 +0800[0m - dagster - [34mINFO[0m - __ASSET_JOB - ffae7434-8376-4e35-9f17-202b7b8d2735 - First_Basic_Prices - 处理批次 102/117
[32m2026-02-21 01:54:01 +0800[0m - dagster - [34mINFO[0m - __ASSET_JOB - ffae7434-8376-4e35-9f17-202b7b8d2735 - First_Basic_Prices - 处理批次 103/117
[32m2026-02-21 01:54:20 +0800[0m - dagster - [34mINFO[0m - __ASSET_JOB - ffae7434-8376-4e35-9f17-202b7b8d2735 - First_Basic_Prices - 处理批次 104/117
[32m2026-02-21 01:54:40 +0800[0m - dagster - [34mINFO[0m - __ASSET_JOB - ffae7434-8376-4e35-9f17-202b7b8d2735 - First_Basic_Prices - 处理批次 105/117
[32m2026-02-21 01:55:01 +0800[0m - dagster - [34mINFO[0m - __ASSET_JOB - ffae7434-8376-4e35-9f17-202b7b8d2735 - First_Basic_Prices - 处理批次 106/117
[32m2026-02-21 01:55:21 +0800[0m - dagster - [34mINFO[0m - __ASSET_JOB - ffae7434-8376-4e35-9f17-202b7b8d2735 - First_Basic_Prices - 处理批次 107/117
[32m2026-02-21 01:55:40 +0800[0m - dagster - [34mINFO[0m - __ASSET_JOB - ffae7434-8376-4e35-9f17-202b7b8d2735 - First_Basic_Prices - 处理批次 108/117
[32m2026-02-21 01:55:59 +0800[0m - dagster - [34mINFO[0m - __ASSET_JOB - ffae7434-8376-4e35-9f17-202b7b8d2735 - First_Basic_Prices - 处理批次 109/117
[32m2026-02-21 01:56:19 +0800[0m - dagster - [34mINFO[0m - __ASSET_JOB - ffae7434-8376-4e35-9f17-202b7b8d2735 - First_Basic_Prices - 处理批次 110/117
[32m2026-02-21 01:56:38 +0800[0m - dagster - [34mINFO[0m - __ASSET_JOB - ffae7434-8376-4e35-9f17-202b7b8d2735 - First_Basic_Prices - 处理批次 111/117
[32m2026-02-21 01:56:58 +0800[0m - dagster - [34mINFO[0m - __ASSET_JOB - ffae7434-8376-4e35-9f17-202b7b8d2735 - First_Basic_Prices - 处理批次 112/117
[32m2026-02-21 01:57:17 +0800[0m - dagster - [34mINFO[0m - __ASSET_JOB - ffae7434-8376-4e35-9f17-202b7b8d2735 - First_Basic_Prices - 处理批次 113/117
[32m2026-02-21 01:57:37 +0800[0m - dagster - [34mINFO[0m - __ASSET_JOB - ffae7434-8376-4e35-9f17-202b7b8d2735 - First_Basic_Prices - 处理批次 114/117
[32m2026-02-21 01:57:57 +0800[0m - dagster - [34mINFO[0m - __ASSET_JOB - ffae7434-8376-4e35-9f17-202b7b8d2735 - First_Basic_Prices - 处理批次 115/117
[32m2026-02-21 01:58:17 +0800[0m - dagster - [34mINFO[0m - __ASSET_JOB - ffae7434-8376-4e35-9f17-202b7b8d2735 - First_Basic_Prices - 处理批次 116/117
[32m2026-02-21 01:58:37 +0800[0m - dagster - [34mINFO[0m - __ASSET_JOB - ffae7434-8376-4e35-9f17-202b7b8d2735 - First_Basic_Prices - 处理批次 117/117
[32m2026-02-21 01:58:53 +0800[0m - dagster - [34mINFO[0m - __ASSET_JOB - ffae7434-8376-4e35-9f17-202b7b8d2735 - First_Basic_Prices - 
        ========== 日线数据更新完成 ==========
        本次更新:
          - 成功获取股票数: 0
          - 新增数据行数: 0
          - 失败股票数: 0
        
        总体统计:
          - 总数据行数: 0
          - 日期范围: None 至 None
        
        失败股票列表: 无
        ======================================
        
[32m2026-02-21 01:58:53 +0800[0m - dagster - [34mDEBUG[0m - __ASSET_JOB - ffae7434-8376-4e35-9f17-202b7b8d2735 - 71110 - First_Basic_Prices - STEP_OUTPUT - Yielded output "result" of type "Any". (Type check passed).
[32m2026-02-21 01:58:53 +0800[0m - dagster - [34mDEBUG[0m - __ASSET_JOB - ffae7434-8376-4e35-9f17-202b7b8d2735 - 71110 - First_Basic_Prices - ASSET_MATERIALIZATION - Materialized value First_Basic_Prices.
[32m2026-02-21 01:58:53 +0800[0m - dagster - [34mDEBUG[0m - __ASSET_JOB - ffae7434-8376-4e35-9f17-202b7b8d2735 - 71110 - First_Basic_Prices - STEP_SUCCESS - Finished execution of step "First_Basic_Prices" in 38m6s.
