[32m2026-02-21 22:05:17 +0800[0m - dagster - [34mDEBUG[0m - __ASSET_JOB - 3db84411-2d98-4c9b-b3ba-17d1bd0d19c7 - 40698 - LOGS_CAPTURED - Started capturing logs in process (pid: 40698).
[32m2026-02-21 22:05:17 +0800[0m - dagster - [34mDEBUG[0m - __ASSET_JOB - 3db84411-2d98-4c9b-b3ba-17d1bd0d19c7 - 40698 - Start_Basic_Prices - STEP_START - Started execution of step "Start_Basic_Prices".
[32m2026-02-21 22:05:17 +0800[0m - dagster - [34mINFO[0m - __ASSET_JOB - 3db84411-2d98-4c9b-b3ba-17d1bd0d19c7 - Start_Basic_Prices - 开始创建日线数据
[32m2026-02-21 22:05:17 +0800[0m - dagster - [34mINFO[0m - __ASSET_JOB - 3db84411-2d98-4c9b-b3ba-17d1bd0d19c7 - Start_Basic_Prices - 找到 5495 只股票
[32m2026-02-21 22:05:17 +0800[0m - dagster - [34mINFO[0m - __ASSET_JOB - 3db84411-2d98-4c9b-b3ba-17d1bd0d19c7 - Start_Basic_Prices - 无历史数据，从 2020-01-01 开始获取
[32m2026-02-21 22:05:17 +0800[0m - dagster - [34mINFO[0m - __ASSET_JOB - 3db84411-2d98-4c9b-b3ba-17d1bd0d19c7 - Start_Basic_Prices - 处理批次 1/110
[32m2026-02-21 22:05:17 +0800[0m - dagster - [34mDEBUG[0m - __ASSET_JOB - 3db84411-2d98-4c9b-b3ba-17d1bd0d19c7 - Start_Basic_Prices - 获取 000001 成功，新增 1485 条记录
[32m2026-02-21 22:05:18 +0800[0m - dagster - [34mDEBUG[0m - __ASSET_JOB - 3db84411-2d98-4c9b-b3ba-17d1bd0d19c7 - Start_Basic_Prices - 获取 000002 成功，新增 1485 条记录
[32m2026-02-21 22:05:18 +0800[0m - dagster - [34mDEBUG[0m - __ASSET_JOB - 3db84411-2d98-4c9b-b3ba-17d1bd0d19c7 - Start_Basic_Prices - 获取 000004 成功，新增 1482 条记录
[32m2026-02-21 22:05:18 +0800[0m - dagster - [34mDEBUG[0m - __ASSET_JOB - 3db84411-2d98-4c9b-b3ba-17d1bd0d19c7 - Start_Basic_Prices - 获取 000006 成功，新增 1485 条记录
[32m2026-02-21 22:05:19 +0800[0m - dagster - [34mDEBUG[0m - __ASSET_JOB - 3db84411-2d98-4c9b-b3ba-17d1bd0d19c7 - Start_Basic_Prices - 获取 000007 成功，新增 1481 条记录
[32m2026-02-21 22:05:19 +0800[0m - dagster - [34mDEBUG[0m - __ASSET_JOB - 3db84411-2d98-4c9b-b3ba-17d1bd0d19c7 - Start_Basic_Prices - 获取 000008 成功，新增 1485 条记录
[32m2026-02-21 22:05:20 +0800[0m - dagster - [34mDEBUG[0m - __ASSET_JOB - 3db84411-2d98-4c9b-b3ba-17d1bd0d19c7 - Start_Basic_Prices - 获取 000009 成功，新增 1485 条记录
[32m2026-02-21 22:05:20 +0800[0m - dagster - [34mDEBUG[0m - __ASSET_JOB - 3db84411-2d98-4c9b-b3ba-17d1bd0d19c7 - Start_Basic_Prices - 获取 000010 成功，新增 1484 条记录
[32m2026-02-21 22:05:21 +0800[0m - dagster - [34mDEBUG[0m - __ASSET_JOB - 3db84411-2d98-4c9b-b3ba-17d1bd0d19c7 - Start_Basic_Prices - 获取 000011 成功，新增 1485 条记录
[32m2026-02-21 22:05:21 +0800[0m - dagster - [34mDEBUG[0m - __ASSET_JOB - 3db84411-2d98-4c9b-b3ba-17d1bd0d19c7 - Start_Basic_Prices - 获取 000012 成功，新增 1485 条记录
[32m2026-02-21 22:05:21 +0800[0m - dagster - [34mDEBUG[0m - __ASSET_JOB - 3db84411-2d98-4c9b-b3ba-17d1bd0d19c7 - Start_Basic_Prices - 获取 000014 成功，新增 1485 条记录
[32m2026-02-21 22:05:22 +0800[0m - dagster - [34mDEBUG[0m - __ASSET_JOB - 3db84411-2d98-4c9b-b3ba-17d1bd0d19c7 - Start_Basic_Prices - 获取 000016 成功，新增 1466 条记录
[32m2026-02-21 22:05:22 +0800[0m - dagster - [34mDEBUG[0m - __ASSET_JOB - 3db84411-2d98-4c9b-b3ba-17d1bd0d19c7 - Start_Basic_Prices - 获取 000017 成功，新增 1483 条记录
[32m2026-02-21 22:05:23 +0800[0m - dagster - [34mDEBUG[0m - __ASSET_JOB - 3db84411-2d98-4c9b-b3ba-17d1bd0d19c7 - Start_Basic_Prices - 获取 000019 成功，新增 1485 条记录
[32m2026-02-21 22:05:23 +0800[0m - dagster - [34mDEBUG[0m - __ASSET_JOB - 3db84411-2d98-4c9b-b3ba-17d1bd0d19c7 - Start_Basic_Prices - 获取 000020 成功，新增 1485 条记录
[32m2026-02-21 22:05:24 +0800[0m - dagster - [34mDEBUG[0m - __ASSET_JOB - 3db84411-2d98-4c9b-b3ba-17d1bd0d19c7 - Start_Basic_Prices - 获取 000021 成功，新增 1485 条记录
[32m2026-02-21 22:05:24 +0800[0m - dagster - [34mDEBUG[0m - __ASSET_JOB - 3db84411-2d98-4c9b-b3ba-17d1bd0d19c7 - Start_Basic_Prices - 获取 000025 成功，新增 1485 条记录
[32m2026-02-21 22:05:24 +0800[0m - dagster - [34mDEBUG[0m - __ASSET_JOB - 3db84411-2d98-4c9b-b3ba-17d1bd0d19c7 - Start_Basic_Prices - 获取 000026 成功，新增 1485 条记录
[32m2026-02-21 22:05:25 +0800[0m - dagster - [34mDEBUG[0m - __ASSET_JOB - 3db84411-2d98-4c9b-b3ba-17d1bd0d19c7 - Start_Basic_Prices - 获取 000027 成功，新增 1485 条记录
[32m2026-02-21 22:05:25 +0800[0m - dagster - [34mDEBUG[0m - __ASSET_JOB - 3db84411-2d98-4c9b-b3ba-17d1bd0d19c7 - Start_Basic_Prices - 获取 000028 成功，新增 1485 条记录
[32m2026-02-21 22:05:26 +0800[0m - dagster - [34mDEBUG[0m - __ASSET_JOB - 3db84411-2d98-4c9b-b3ba-17d1bd0d19c7 - Start_Basic_Prices - 获取 000029 成功，新增 1281 条记录
[32m2026-02-21 22:05:26 +0800[0m - dagster - [34mDEBUG[0m - __ASSET_JOB - 3db84411-2d98-4c9b-b3ba-17d1bd0d19c7 - Start_Basic_Prices - 获取 000030 成功，新增 1485 条记录
[32m2026-02-21 22:05:26 +0800[0m - dagster - [34mDEBUG[0m - __ASSET_JOB - 3db84411-2d98-4c9b-b3ba-17d1bd0d19c7 - Start_Basic_Prices - 获取 000031 成功，新增 1485 条记录
[32m2026-02-21 22:05:27 +0800[0m - dagster - [34mDEBUG[0m - __ASSET_JOB - 3db84411-2d98-4c9b-b3ba-17d1bd0d19c7 - Start_Basic_Prices - 获取 000032 成功，新增 1474 条记录
[32m2026-02-21 22:05:27 +0800[0m - dagster - [34mDEBUG[0m - __ASSET_JOB - 3db84411-2d98-4c9b-b3ba-17d1bd0d19c7 - Start_Basic_Prices - 获取 000034 成功，新增 1485 条记录
[32m2026-02-21 22:05:28 +0800[0m - dagster - [34mDEBUG[0m - __ASSET_JOB - 3db84411-2d98-4c9b-b3ba-17d1bd0d19c7 - Start_Basic_Prices - 获取 000035 成功，新增 1485 条记录
[32m2026-02-21 22:05:28 +0800[0m - dagster - [34mDEBUG[0m - __ASSET_JOB - 3db84411-2d98-4c9b-b3ba-17d1bd0d19c7 - Start_Basic_Prices - 获取 000036 成功，新增 1485 条记录
[32m2026-02-21 22:05:29 +0800[0m - dagster - [34mDEBUG[0m - __ASSET_JOB - 3db84411-2d98-4c9b-b3ba-17d1bd0d19c7 - Start_Basic_Prices - 获取 000037 成功，新增 1485 条记录
[32m2026-02-21 22:05:29 +0800[0m - dagster - [34mDEBUG[0m - __ASSET_JOB - 3db84411-2d98-4c9b-b3ba-17d1bd0d19c7 - Start_Basic_Prices - 获取 000039 成功，新增 1480 条记录
[32m2026-02-21 22:05:30 +0800[0m - dagster - [34mDEBUG[0m - __ASSET_JOB - 3db84411-2d98-4c9b-b3ba-17d1bd0d19c7 - Start_Basic_Prices - 获取 000042 成功，新增 1485 条记录
[32m2026-02-21 22:05:30 +0800[0m - dagster - [34mDEBUG[0m - __ASSET_JOB - 3db84411-2d98-4c9b-b3ba-17d1bd0d19c7 - Start_Basic_Prices - 获取 000045 成功，新增 1472 条记录
[32m2026-02-21 22:05:31 +0800[0m - dagster - [34mDEBUG[0m - __ASSET_JOB - 3db84411-2d98-4c9b-b3ba-17d1bd0d19c7 - Start_Basic_Prices - 获取 000048 成功，新增 1485 条记录
[32m2026-02-21 22:05:31 +0800[0m - dagster - [34mDEBUG[0m - __ASSET_JOB - 3db84411-2d98-4c9b-b3ba-17d1bd0d19c7 - Start_Basic_Prices - 获取 000049 成功，新增 1479 条记录
[32m2026-02-21 22:05:31 +0800[0m - dagster - [34mDEBUG[0m - __ASSET_JOB - 3db84411-2d98-4c9b-b3ba-17d1bd0d19c7 - Start_Basic_Prices - 获取 000050 成功，新增 1485 条记录
[32m2026-02-21 22:05:32 +0800[0m - dagster - [34mDEBUG[0m - __ASSET_JOB - 3db84411-2d98-4c9b-b3ba-17d1bd0d19c7 - Start_Basic_Prices - 获取 000055 成功，新增 1485 条记录
[32m2026-02-21 22:05:32 +0800[0m - dagster - [34mDEBUG[0m - __ASSET_JOB - 3db84411-2d98-4c9b-b3ba-17d1bd0d19c7 - Start_Basic_Prices - 获取 000056 成功，新增 1485 条记录
[32m2026-02-21 22:05:33 +0800[0m - dagster - [34mDEBUG[0m - __ASSET_JOB - 3db84411-2d98-4c9b-b3ba-17d1bd0d19c7 - Start_Basic_Prices - 获取 000058 成功，新增 1485 条记录
[32m2026-02-21 22:05:33 +0800[0m - dagster - [34mDEBUG[0m - __ASSET_JOB - 3db84411-2d98-4c9b-b3ba-17d1bd0d19c7 - Start_Basic_Prices - 获取 000059 成功，新增 1485 条记录
[32m2026-02-21 22:05:34 +0800[0m - dagster - [34mDEBUG[0m - __ASSET_JOB - 3db84411-2d98-4c9b-b3ba-17d1bd0d19c7 - Start_Basic_Prices - 获取 000060 成功，新增 1485 条记录
[32m2026-02-21 22:05:34 +0800[0m - dagster - [34mDEBUG[0m - __ASSET_JOB - 3db84411-2d98-4c9b-b3ba-17d1bd0d19c7 - Start_Basic_Prices - 获取 000061 成功，新增 1485 条记录
[32m2026-02-21 22:05:35 +0800[0m - dagster - [34mDEBUG[0m - __ASSET_JOB - 3db84411-2d98-4c9b-b3ba-17d1bd0d19c7 - Start_Basic_Prices - 获取 000062 成功，新增 1485 条记录
[32m2026-02-21 22:05:35 +0800[0m - dagster - [34mDEBUG[0m - __ASSET_JOB - 3db84411-2d98-4c9b-b3ba-17d1bd0d19c7 - Start_Basic_Prices - 获取 000063 成功，新增 1484 条记录
[32m2026-02-21 22:05:36 +0800[0m - dagster - [34mDEBUG[0m - __ASSET_JOB - 3db84411-2d98-4c9b-b3ba-17d1bd0d19c7 - Start_Basic_Prices - 获取 000065 成功，新增 1479 条记录
[32m2026-02-21 22:05:36 +0800[0m - dagster - [34mDEBUG[0m - __ASSET_JOB - 3db84411-2d98-4c9b-b3ba-17d1bd0d19c7 - Start_Basic_Prices - 获取 000066 成功，新增 1485 条记录
[32m2026-02-21 22:05:36 +0800[0m - dagster - [34mDEBUG[0m - __ASSET_JOB - 3db84411-2d98-4c9b-b3ba-17d1bd0d19c7 - Start_Basic_Prices - 获取 000068 成功，新增 1485 条记录
[32m2026-02-21 22:05:37 +0800[0m - dagster - [34mDEBUG[0m - __ASSET_JOB - 3db84411-2d98-4c9b-b3ba-17d1bd0d19c7 - Start_Basic_Prices - 获取 000069 成功，新增 1485 条记录
[32m2026-02-21 22:05:37 +0800[0m - dagster - [34mDEBUG[0m - __ASSET_JOB - 3db84411-2d98-4c9b-b3ba-17d1bd0d19c7 - Start_Basic_Prices - 获取 000070 成功，新增 1483 条记录
[32m2026-02-21 22:05:38 +0800[0m - dagster - [34mDEBUG[0m - __ASSET_JOB - 3db84411-2d98-4c9b-b3ba-17d1bd0d19c7 - Start_Basic_Prices - 获取 000078 成功，新增 1485 条记录
[32m2026-02-21 22:05:38 +0800[0m - dagster - [34mDEBUG[0m - __ASSET_JOB - 3db84411-2d98-4c9b-b3ba-17d1bd0d19c7 - Start_Basic_Prices - 获取 000088 成功，新增 1469 条记录
[32m2026-02-21 22:05:39 +0800[0m - dagster - [34mDEBUG[0m - __ASSET_JOB - 3db84411-2d98-4c9b-b3ba-17d1bd0d19c7 - Start_Basic_Prices - 获取 000089 成功，新增 1485 条记录
[32m2026-02-21 22:05:39 +0800[0m - dagster - [34mINFO[0m - __ASSET_JOB - 3db84411-2d98-4c9b-b3ba-17d1bd0d19c7 - Start_Basic_Prices - 批次写入完成，新增 73957 行
[32m2026-02-21 22:05:41 +0800[0m - dagster - [34mINFO[0m - __ASSET_JOB - 3db84411-2d98-4c9b-b3ba-17d1bd0d19c7 - Start_Basic_Prices - 处理批次 2/110
[32m2026-02-21 22:05:42 +0800[0m - dagster - [34mDEBUG[0m - __ASSET_JOB - 3db84411-2d98-4c9b-b3ba-17d1bd0d19c7 - Start_Basic_Prices - 获取 000090 成功，新增 1485 条记录
[32m2026-02-21 22:05:42 +0800[0m - dagster - [34mDEBUG[0m - __ASSET_JOB - 3db84411-2d98-4c9b-b3ba-17d1bd0d19c7 - Start_Basic_Prices - 获取 000096 成功，新增 1485 条记录
[32m2026-02-21 22:05:43 +0800[0m - dagster - [34mDEBUG[0m - __ASSET_JOB - 3db84411-2d98-4c9b-b3ba-17d1bd0d19c7 - Start_Basic_Prices - 获取 000099 成功，新增 1485 条记录
[32m2026-02-21 22:05:43 +0800[0m - dagster - [34mDEBUG[0m - __ASSET_JOB - 3db84411-2d98-4c9b-b3ba-17d1bd0d19c7 - Start_Basic_Prices - 获取 000100 成功，新增 1484 条记录
[32m2026-02-21 22:05:44 +0800[0m - dagster - [34mDEBUG[0m - __ASSET_JOB - 3db84411-2d98-4c9b-b3ba-17d1bd0d19c7 - Start_Basic_Prices - 获取 000151 成功，新增 1477 条记录
[32m2026-02-21 22:05:44 +0800[0m - dagster - [34mDEBUG[0m - __ASSET_JOB - 3db84411-2d98-4c9b-b3ba-17d1bd0d19c7 - Start_Basic_Prices - 获取 000153 成功，新增 1475 条记录
[32m2026-02-21 22:05:45 +0800[0m - dagster - [34mDEBUG[0m - __ASSET_JOB - 3db84411-2d98-4c9b-b3ba-17d1bd0d19c7 - Start_Basic_Prices - 获取 000155 成功，新增 1465 条记录
[32m2026-02-21 22:05:45 +0800[0m - dagster - [34mDEBUG[0m - __ASSET_JOB - 3db84411-2d98-4c9b-b3ba-17d1bd0d19c7 - Start_Basic_Prices - 获取 000156 成功，新增 1484 条记录
[32m2026-02-21 22:05:46 +0800[0m - dagster - [34mDEBUG[0m - __ASSET_JOB - 3db84411-2d98-4c9b-b3ba-17d1bd0d19c7 - Start_Basic_Prices - 获取 000157 成功，新增 1485 条记录
[32m2026-02-21 22:05:46 +0800[0m - dagster - [34mDEBUG[0m - __ASSET_JOB - 3db84411-2d98-4c9b-b3ba-17d1bd0d19c7 - Start_Basic_Prices - 获取 000158 成功，新增 1485 条记录
[32m2026-02-21 22:05:47 +0800[0m - dagster - [34mDEBUG[0m - __ASSET_JOB - 3db84411-2d98-4c9b-b3ba-17d1bd0d19c7 - Start_Basic_Prices - 获取 000159 成功，新增 1485 条记录
[32m2026-02-21 22:05:47 +0800[0m - dagster - [34mDEBUG[0m - __ASSET_JOB - 3db84411-2d98-4c9b-b3ba-17d1bd0d19c7 - Start_Basic_Prices - 获取 000166 成功，新增 1485 条记录
[32m2026-02-21 22:05:48 +0800[0m - dagster - [34mDEBUG[0m - __ASSET_JOB - 3db84411-2d98-4c9b-b3ba-17d1bd0d19c7 - Start_Basic_Prices - 获取 000301 成功，新增 1474 条记录
[32m2026-02-21 22:05:48 +0800[0m - dagster - [34mDEBUG[0m - __ASSET_JOB - 3db84411-2d98-4c9b-b3ba-17d1bd0d19c7 - Start_Basic_Prices - 获取 000333 成功，新增 1485 条记录
[32m2026-02-21 22:05:49 +0800[0m - dagster - [34mDEBUG[0m - __ASSET_JOB - 3db84411-2d98-4c9b-b3ba-17d1bd0d19c7 - Start_Basic_Prices - 获取 000338 成功，新增 1485 条记录
[32m2026-02-21 22:05:49 +0800[0m - dagster - [34mDEBUG[0m - __ASSET_JOB - 3db84411-2d98-4c9b-b3ba-17d1bd0d19c7 - Start_Basic_Prices - 获取 000400 成功，新增 1485 条记录
[32m2026-02-21 22:05:49 +0800[0m - dagster - [34mDEBUG[0m - __ASSET_JOB - 3db84411-2d98-4c9b-b3ba-17d1bd0d19c7 - Start_Basic_Prices - 获取 000401 成功，新增 1463 条记录
[32m2026-02-21 22:05:50 +0800[0m - dagster - [34mDEBUG[0m - __ASSET_JOB - 3db84411-2d98-4c9b-b3ba-17d1bd0d19c7 - Start_Basic_Prices - 获取 000402 成功，新增 1485 条记录
[32m2026-02-21 22:05:50 +0800[0m - dagster - [34mDEBUG[0m - __ASSET_JOB - 3db84411-2d98-4c9b-b3ba-17d1bd0d19c7 - Start_Basic_Prices - 获取 000403 成功，新增 1472 条记录
[32m2026-02-21 22:05:51 +0800[0m - dagster - [34mDEBUG[0m - __ASSET_JOB - 3db84411-2d98-4c9b-b3ba-17d1bd0d19c7 - Start_Basic_Prices - 获取 000404 成功，新增 1485 条记录
[32m2026-02-21 22:05:51 +0800[0m - dagster - [34mDEBUG[0m - __ASSET_JOB - 3db84411-2d98-4c9b-b3ba-17d1bd0d19c7 - Start_Basic_Prices - 获取 000407 成功，新增 1475 条记录
[32m2026-02-21 22:05:52 +0800[0m - dagster - [34mDEBUG[0m - __ASSET_JOB - 3db84411-2d98-4c9b-b3ba-17d1bd0d19c7 - Start_Basic_Prices - 获取 000408 成功，新增 1478 条记录
[32m2026-02-21 22:05:52 +0800[0m - dagster - [34mDEBUG[0m - __ASSET_JOB - 3db84411-2d98-4c9b-b3ba-17d1bd0d19c7 - Start_Basic_Prices - 获取 000409 成功，新增 1484 条记录
[32m2026-02-21 22:05:53 +0800[0m - dagster - [34mDEBUG[0m - __ASSET_JOB - 3db84411-2d98-4c9b-b3ba-17d1bd0d19c7 - Start_Basic_Prices - 获取 000410 成功，新增 1472 条记录
[32m2026-02-21 22:05:53 +0800[0m - dagster - [34mDEBUG[0m - __ASSET_JOB - 3db84411-2d98-4c9b-b3ba-17d1bd0d19c7 - Start_Basic_Prices - 获取 000411 成功，新增 1474 条记录
[32m2026-02-21 22:05:53 +0800[0m - dagster - [34mDEBUG[0m - __ASSET_JOB - 3db84411-2d98-4c9b-b3ba-17d1bd0d19c7 - Start_Basic_Prices - 获取 000415 成功，新增 1485 条记录
[32m2026-02-21 22:05:54 +0800[0m - dagster - [34mDEBUG[0m - __ASSET_JOB - 3db84411-2d98-4c9b-b3ba-17d1bd0d19c7 - Start_Basic_Prices - 获取 000417 成功，新增 1485 条记录
[32m2026-02-21 22:05:54 +0800[0m - dagster - [34mDEBUG[0m - __ASSET_JOB - 3db84411-2d98-4c9b-b3ba-17d1bd0d19c7 - Start_Basic_Prices - 获取 000419 成功，新增 1485 条记录
[32m2026-02-21 22:05:55 +0800[0m - dagster - [34mDEBUG[0m - __ASSET_JOB - 3db84411-2d98-4c9b-b3ba-17d1bd0d19c7 - Start_Basic_Prices - 获取 000420 成功，新增 1468 条记录
[32m2026-02-21 22:05:55 +0800[0m - dagster - [34mDEBUG[0m - __ASSET_JOB - 3db84411-2d98-4c9b-b3ba-17d1bd0d19c7 - Start_Basic_Prices - 获取 000421 成功，新增 1475 条记录
[32m2026-02-21 22:05:56 +0800[0m - dagster - [34mDEBUG[0m - __ASSET_JOB - 3db84411-2d98-4c9b-b3ba-17d1bd0d19c7 - Start_Basic_Prices - 获取 000422 成功，新增 1484 条记录
[32m2026-02-21 22:05:56 +0800[0m - dagster - [34mDEBUG[0m - __ASSET_JOB - 3db84411-2d98-4c9b-b3ba-17d1bd0d19c7 - Start_Basic_Prices - 获取 000423 成功，新增 1485 条记录
[32m2026-02-21 22:05:57 +0800[0m - dagster - [34mDEBUG[0m - __ASSET_JOB - 3db84411-2d98-4c9b-b3ba-17d1bd0d19c7 - Start_Basic_Prices - 获取 000425 成功，新增 1462 条记录
[32m2026-02-21 22:05:57 +0800[0m - dagster - [34mDEBUG[0m - __ASSET_JOB - 3db84411-2d98-4c9b-b3ba-17d1bd0d19c7 - Start_Basic_Prices - 获取 000426 成功，新增 1485 条记录
[32m2026-02-21 22:05:58 +0800[0m - dagster - [34mDEBUG[0m - __ASSET_JOB - 3db84411-2d98-4c9b-b3ba-17d1bd0d19c7 - Start_Basic_Prices - 获取 000428 成功，新增 1485 条记录
[32m2026-02-21 22:05:58 +0800[0m - dagster - [34mDEBUG[0m - __ASSET_JOB - 3db84411-2d98-4c9b-b3ba-17d1bd0d19c7 - Start_Basic_Prices - 获取 000429 成功，新增 1485 条记录
[32m2026-02-21 22:05:59 +0800[0m - dagster - [34mDEBUG[0m - __ASSET_JOB - 3db84411-2d98-4c9b-b3ba-17d1bd0d19c7 - Start_Basic_Prices - 获取 000430 成功，新增 1481 条记录
[32m2026-02-21 22:05:59 +0800[0m - dagster - [34mDEBUG[0m - __ASSET_JOB - 3db84411-2d98-4c9b-b3ba-17d1bd0d19c7 - Start_Basic_Prices - 获取 000488 成功，新增 1484 条记录
[32m2026-02-21 22:06:00 +0800[0m - dagster - [34mDEBUG[0m - __ASSET_JOB - 3db84411-2d98-4c9b-b3ba-17d1bd0d19c7 - Start_Basic_Prices - 获取 000498 成功，新增 1484 条记录
[32m2026-02-21 22:06:00 +0800[0m - dagster - [34mDEBUG[0m - __ASSET_JOB - 3db84411-2d98-4c9b-b3ba-17d1bd0d19c7 - Start_Basic_Prices - 获取 000501 成功，新增 1485 条记录
[32m2026-02-21 22:06:00 +0800[0m - dagster - [34mDEBUG[0m - __ASSET_JOB - 3db84411-2d98-4c9b-b3ba-17d1bd0d19c7 - Start_Basic_Prices - 获取 000503 成功，新增 1485 条记录
[32m2026-02-21 22:06:01 +0800[0m - dagster - [34mDEBUG[0m - __ASSET_JOB - 3db84411-2d98-4c9b-b3ba-17d1bd0d19c7 - Start_Basic_Prices - 获取 000504 成功，新增 1482 条记录
[32m2026-02-21 22:06:01 +0800[0m - dagster - [34mDEBUG[0m - __ASSET_JOB - 3db84411-2d98-4c9b-b3ba-17d1bd0d19c7 - Start_Basic_Prices - 获取 000505 成功，新增 1484 条记录
[32m2026-02-21 22:06:02 +0800[0m - dagster - [34mDEBUG[0m - __ASSET_JOB - 3db84411-2d98-4c9b-b3ba-17d1bd0d19c7 - Start_Basic_Prices - 获取 000506 成功，新增 1473 条记录
[32m2026-02-21 22:06:02 +0800[0m - dagster - [34mDEBUG[0m - __ASSET_JOB - 3db84411-2d98-4c9b-b3ba-17d1bd0d19c7 - Start_Basic_Prices - 获取 000507 成功，新增 1482 条记录
[32m2026-02-21 22:06:03 +0800[0m - dagster - [34mDEBUG[0m - __ASSET_JOB - 3db84411-2d98-4c9b-b3ba-17d1bd0d19c7 - Start_Basic_Prices - 获取 000509 成功，新增 1483 条记录
[32m2026-02-21 22:06:03 +0800[0m - dagster - [34mDEBUG[0m - __ASSET_JOB - 3db84411-2d98-4c9b-b3ba-17d1bd0d19c7 - Start_Basic_Prices - 获取 000510 成功，新增 1475 条记录
[32m2026-02-21 22:06:04 +0800[0m - dagster - [34mDEBUG[0m - __ASSET_JOB - 3db84411-2d98-4c9b-b3ba-17d1bd0d19c7 - Start_Basic_Prices - 获取 000513 成功，新增 1485 条记录
[32m2026-02-21 22:06:04 +0800[0m - dagster - [34mDEBUG[0m - __ASSET_JOB - 3db84411-2d98-4c9b-b3ba-17d1bd0d19c7 - Start_Basic_Prices - 获取 000514 成功，新增 1485 条记录
[32m2026-02-21 22:06:05 +0800[0m - dagster - [34mDEBUG[0m - __ASSET_JOB - 3db84411-2d98-4c9b-b3ba-17d1bd0d19c7 - Start_Basic_Prices - 获取 000516 成功，新增 1483 条记录
[32m2026-02-21 22:06:05 +0800[0m - dagster - [34mINFO[0m - __ASSET_JOB - 3db84411-2d98-4c9b-b3ba-17d1bd0d19c7 - Start_Basic_Prices - 批次写入完成，新增 74032 行
[32m2026-02-21 22:06:07 +0800[0m - dagster - [34mINFO[0m - __ASSET_JOB - 3db84411-2d98-4c9b-b3ba-17d1bd0d19c7 - Start_Basic_Prices - 处理批次 3/110
[32m2026-02-21 22:06:07 +0800[0m - dagster - [34mDEBUG[0m - __ASSET_JOB - 3db84411-2d98-4c9b-b3ba-17d1bd0d19c7 - Start_Basic_Prices - 获取 000517 成功，新增 1485 条记录
[32m2026-02-21 22:06:08 +0800[0m - dagster - [34mDEBUG[0m - __ASSET_JOB - 3db84411-2d98-4c9b-b3ba-17d1bd0d19c7 - Start_Basic_Prices - 获取 000518 成功，新增 1484 条记录
[32m2026-02-21 22:06:08 +0800[0m - dagster - [34mDEBUG[0m - __ASSET_JOB - 3db84411-2d98-4c9b-b3ba-17d1bd0d19c7 - Start_Basic_Prices - 获取 000519 成功，新增 1485 条记录
[32m2026-02-21 22:06:09 +0800[0m - dagster - [34mDEBUG[0m - __ASSET_JOB - 3db84411-2d98-4c9b-b3ba-17d1bd0d19c7 - Start_Basic_Prices - 获取 000520 成功，新增 1485 条记录
[32m2026-02-21 22:06:09 +0800[0m - dagster - [34mDEBUG[0m - __ASSET_JOB - 3db84411-2d98-4c9b-b3ba-17d1bd0d19c7 - Start_Basic_Prices - 获取 000521 成功，新增 1485 条记录
[32m2026-02-21 22:06:10 +0800[0m - dagster - [34mDEBUG[0m - __ASSET_JOB - 3db84411-2d98-4c9b-b3ba-17d1bd0d19c7 - Start_Basic_Prices - 获取 000523 成功，新增 1482 条记录
[32m2026-02-21 22:06:10 +0800[0m - dagster - [34mDEBUG[0m - __ASSET_JOB - 3db84411-2d98-4c9b-b3ba-17d1bd0d19c7 - Start_Basic_Prices - 获取 000524 成功，新增 1485 条记录
[32m2026-02-21 22:06:11 +0800[0m - dagster - [34mDEBUG[0m - __ASSET_JOB - 3db84411-2d98-4c9b-b3ba-17d1bd0d19c7 - Start_Basic_Prices - 获取 000525 成功，新增 1457 条记录
[32m2026-02-21 22:06:11 +0800[0m - dagster - [34mDEBUG[0m - __ASSET_JOB - 3db84411-2d98-4c9b-b3ba-17d1bd0d19c7 - Start_Basic_Prices - 获取 000526 成功，新增 1485 条记录
[32m2026-02-21 22:06:11 +0800[0m - dagster - [34mDEBUG[0m - __ASSET_JOB - 3db84411-2d98-4c9b-b3ba-17d1bd0d19c7 - Start_Basic_Prices - 获取 000528 成功，新增 1464 条记录
[32m2026-02-21 22:06:12 +0800[0m - dagster - [34mDEBUG[0m - __ASSET_JOB - 3db84411-2d98-4c9b-b3ba-17d1bd0d19c7 - Start_Basic_Prices - 获取 000529 成功，新增 1485 条记录
[32m2026-02-21 22:06:12 +0800[0m - dagster - [34mDEBUG[0m - __ASSET_JOB - 3db84411-2d98-4c9b-b3ba-17d1bd0d19c7 - Start_Basic_Prices - 获取 000530 成功，新增 1485 条记录
[32m2026-02-21 22:06:13 +0800[0m - dagster - [34mDEBUG[0m - __ASSET_JOB - 3db84411-2d98-4c9b-b3ba-17d1bd0d19c7 - Start_Basic_Prices - 获取 000531 成功，新增 1485 条记录
[32m2026-02-21 22:06:14 +0800[0m - dagster - [34mDEBUG[0m - __ASSET_JOB - 3db84411-2d98-4c9b-b3ba-17d1bd0d19c7 - Start_Basic_Prices - 获取 000532 成功，新增 1485 条记录
[32m2026-02-21 22:06:14 +0800[0m - dagster - [34mDEBUG[0m - __ASSET_JOB - 3db84411-2d98-4c9b-b3ba-17d1bd0d19c7 - Start_Basic_Prices - 获取 000533 成功，新增 1485 条记录
[32m2026-02-21 22:06:14 +0800[0m - dagster - [34mDEBUG[0m - __ASSET_JOB - 3db84411-2d98-4c9b-b3ba-17d1bd0d19c7 - Start_Basic_Prices - 获取 000534 成功，新增 1485 条记录
[32m2026-02-21 22:06:15 +0800[0m - dagster - [34mDEBUG[0m - __ASSET_JOB - 3db84411-2d98-4c9b-b3ba-17d1bd0d19c7 - Start_Basic_Prices - 获取 000536 成功，新增 1483 条记录
[32m2026-02-21 22:06:15 +0800[0m - dagster - [34mDEBUG[0m - __ASSET_JOB - 3db84411-2d98-4c9b-b3ba-17d1bd0d19c7 - Start_Basic_Prices - 获取 000537 成功，新增 1485 条记录
[32m2026-02-21 22:06:16 +0800[0m - dagster - [34mDEBUG[0m - __ASSET_JOB - 3db84411-2d98-4c9b-b3ba-17d1bd0d19c7 - Start_Basic_Prices - 获取 000538 成功，新增 1485 条记录
[32m2026-02-21 22:06:16 +0800[0m - dagster - [34mDEBUG[0m - __ASSET_JOB - 3db84411-2d98-4c9b-b3ba-17d1bd0d19c7 - Start_Basic_Prices - 获取 000539 成功，新增 1485 条记录
[32m2026-02-21 22:06:17 +0800[0m - dagster - [34mDEBUG[0m - __ASSET_JOB - 3db84411-2d98-4c9b-b3ba-17d1bd0d19c7 - Start_Basic_Prices - 获取 000541 成功，新增 1485 条记录
[32m2026-02-21 22:06:17 +0800[0m - dagster - [34mDEBUG[0m - __ASSET_JOB - 3db84411-2d98-4c9b-b3ba-17d1bd0d19c7 - Start_Basic_Prices - 获取 000543 成功，新增 1485 条记录
[32m2026-02-21 22:06:18 +0800[0m - dagster - [34mDEBUG[0m - __ASSET_JOB - 3db84411-2d98-4c9b-b3ba-17d1bd0d19c7 - Start_Basic_Prices - 获取 000544 成功，新增 1485 条记录
[32m2026-02-21 22:06:18 +0800[0m - dagster - [34mDEBUG[0m - __ASSET_JOB - 3db84411-2d98-4c9b-b3ba-17d1bd0d19c7 - Start_Basic_Prices - 获取 000545 成功，新增 1475 条记录
[32m2026-02-21 22:06:19 +0800[0m - dagster - [34mDEBUG[0m - __ASSET_JOB - 3db84411-2d98-4c9b-b3ba-17d1bd0d19c7 - Start_Basic_Prices - 获取 000546 成功，新增 1479 条记录
[32m2026-02-21 22:06:19 +0800[0m - dagster - [34mDEBUG[0m - __ASSET_JOB - 3db84411-2d98-4c9b-b3ba-17d1bd0d19c7 - Start_Basic_Prices - 获取 000547 成功，新增 1485 条记录
[32m2026-02-21 22:06:19 +0800[0m - dagster - [34mDEBUG[0m - __ASSET_JOB - 3db84411-2d98-4c9b-b3ba-17d1bd0d19c7 - Start_Basic_Prices - 获取 000548 成功，新增 1485 条记录
[32m2026-02-21 22:06:20 +0800[0m - dagster - [34mDEBUG[0m - __ASSET_JOB - 3db84411-2d98-4c9b-b3ba-17d1bd0d19c7 - Start_Basic_Prices - 获取 000550 成功，新增 1485 条记录
[32m2026-02-21 22:06:21 +0800[0m - dagster - [34mDEBUG[0m - __ASSET_JOB - 3db84411-2d98-4c9b-b3ba-17d1bd0d19c7 - Start_Basic_Prices - 获取 000551 成功，新增 1485 条记录
[32m2026-02-21 22:06:21 +0800[0m - dagster - [34mDEBUG[0m - __ASSET_JOB - 3db84411-2d98-4c9b-b3ba-17d1bd0d19c7 - Start_Basic_Prices - 获取 000552 成功，新增 1474 条记录
[32m2026-02-21 22:06:22 +0800[0m - dagster - [34mDEBUG[0m - __ASSET_JOB - 3db84411-2d98-4c9b-b3ba-17d1bd0d19c7 - Start_Basic_Prices - 获取 000553 成功，新增 1485 条记录
[32m2026-02-21 22:06:22 +0800[0m - dagster - [34mDEBUG[0m - __ASSET_JOB - 3db84411-2d98-4c9b-b3ba-17d1bd0d19c7 - Start_Basic_Prices - 获取 000554 成功，新增 1485 条记录
[32m2026-02-21 22:06:23 +0800[0m - dagster - [34mDEBUG[0m - __ASSET_JOB - 3db84411-2d98-4c9b-b3ba-17d1bd0d19c7 - Start_Basic_Prices - 获取 000555 成功，新增 1485 条记录
[32m2026-02-21 22:06:23 +0800[0m - dagster - [34mDEBUG[0m - __ASSET_JOB - 3db84411-2d98-4c9b-b3ba-17d1bd0d19c7 - Start_Basic_Prices - 获取 000557 成功，新增 1485 条记录
[32m2026-02-21 22:06:24 +0800[0m - dagster - [34mDEBUG[0m - __ASSET_JOB - 3db84411-2d98-4c9b-b3ba-17d1bd0d19c7 - Start_Basic_Prices - 获取 000558 成功，新增 1475 条记录
[32m2026-02-21 22:06:24 +0800[0m - dagster - [34mDEBUG[0m - __ASSET_JOB - 3db84411-2d98-4c9b-b3ba-17d1bd0d19c7 - Start_Basic_Prices - 获取 000559 成功，新增 1475 条记录
[32m2026-02-21 22:06:24 +0800[0m - dagster - [34mDEBUG[0m - __ASSET_JOB - 3db84411-2d98-4c9b-b3ba-17d1bd0d19c7 - Start_Basic_Prices - 获取 000560 成功，新增 1485 条记录
[32m2026-02-21 22:06:25 +0800[0m - dagster - [34mDEBUG[0m - __ASSET_JOB - 3db84411-2d98-4c9b-b3ba-17d1bd0d19c7 - Start_Basic_Prices - 获取 000561 成功，新增 1475 条记录
[32m2026-02-21 22:06:25 +0800[0m - dagster - [34mDEBUG[0m - __ASSET_JOB - 3db84411-2d98-4c9b-b3ba-17d1bd0d19c7 - Start_Basic_Prices - 获取 000563 成功，新增 1485 条记录
[32m2026-02-21 22:06:26 +0800[0m - dagster - [34mDEBUG[0m - __ASSET_JOB - 3db84411-2d98-4c9b-b3ba-17d1bd0d19c7 - Start_Basic_Prices - 获取 000564 成功，新增 1475 条记录
[32m2026-02-21 22:06:26 +0800[0m - dagster - [34mDEBUG[0m - __ASSET_JOB - 3db84411-2d98-4c9b-b3ba-17d1bd0d19c7 - Start_Basic_Prices - 获取 000565 成功，新增 1485 条记录
[32m2026-02-21 22:06:27 +0800[0m - dagster - [34mDEBUG[0m - __ASSET_JOB - 3db84411-2d98-4c9b-b3ba-17d1bd0d19c7 - Start_Basic_Prices - 获取 000566 成功，新增 1485 条记录
[32m2026-02-21 22:06:27 +0800[0m - dagster - [34mDEBUG[0m - __ASSET_JOB - 3db84411-2d98-4c9b-b3ba-17d1bd0d19c7 - Start_Basic_Prices - 获取 000567 成功，新增 1485 条记录
[32m2026-02-21 22:06:28 +0800[0m - dagster - [34mDEBUG[0m - __ASSET_JOB - 3db84411-2d98-4c9b-b3ba-17d1bd0d19c7 - Start_Basic_Prices - 获取 000568 成功，新增 1485 条记录
[32m2026-02-21 22:06:28 +0800[0m - dagster - [34mDEBUG[0m - __ASSET_JOB - 3db84411-2d98-4c9b-b3ba-17d1bd0d19c7 - Start_Basic_Prices - 获取 000570 成功，新增 1485 条记录
[32m2026-02-21 22:06:28 +0800[0m - dagster - [34mDEBUG[0m - __ASSET_JOB - 3db84411-2d98-4c9b-b3ba-17d1bd0d19c7 - Start_Basic_Prices - 获取 000571 成功，新增 1483 条记录
[32m2026-02-21 22:06:29 +0800[0m - dagster - [34mDEBUG[0m - __ASSET_JOB - 3db84411-2d98-4c9b-b3ba-17d1bd0d19c7 - Start_Basic_Prices - 获取 000572 成功，新增 1483 条记录
[32m2026-02-21 22:06:29 +0800[0m - dagster - [34mDEBUG[0m - __ASSET_JOB - 3db84411-2d98-4c9b-b3ba-17d1bd0d19c7 - Start_Basic_Prices - 获取 000573 成功，新增 1485 条记录
[32m2026-02-21 22:06:30 +0800[0m - dagster - [34mDEBUG[0m - __ASSET_JOB - 3db84411-2d98-4c9b-b3ba-17d1bd0d19c7 - Start_Basic_Prices - 获取 000576 成功，新增 1485 条记录
[32m2026-02-21 22:06:30 +0800[0m - dagster - [34mDEBUG[0m - __ASSET_JOB - 3db84411-2d98-4c9b-b3ba-17d1bd0d19c7 - Start_Basic_Prices - 获取 000581 成功，新增 1485 条记录
[32m2026-02-21 22:06:31 +0800[0m - dagster - [34mINFO[0m - __ASSET_JOB - 3db84411-2d98-4c9b-b3ba-17d1bd0d19c7 - Start_Basic_Prices - 批次写入完成，新增 74124 行
[32m2026-02-21 22:06:33 +0800[0m - dagster - [34mINFO[0m - __ASSET_JOB - 3db84411-2d98-4c9b-b3ba-17d1bd0d19c7 - Start_Basic_Prices - 处理批次 4/110
[32m2026-02-21 22:06:33 +0800[0m - dagster - [34mDEBUG[0m - __ASSET_JOB - 3db84411-2d98-4c9b-b3ba-17d1bd0d19c7 - Start_Basic_Prices - 获取 000582 成功，新增 1485 条记录
[32m2026-02-21 22:06:33 +0800[0m - dagster - [34mDEBUG[0m - __ASSET_JOB - 3db84411-2d98-4c9b-b3ba-17d1bd0d19c7 - Start_Basic_Prices - 获取 000586 成功，新增 1475 条记录
[32m2026-02-21 22:06:34 +0800[0m - dagster - [34mDEBUG[0m - __ASSET_JOB - 3db84411-2d98-4c9b-b3ba-17d1bd0d19c7 - Start_Basic_Prices - 获取 000589 成功，新增 1485 条记录
[32m2026-02-21 22:06:34 +0800[0m - dagster - [34mDEBUG[0m - __ASSET_JOB - 3db84411-2d98-4c9b-b3ba-17d1bd0d19c7 - Start_Basic_Prices - 获取 000590 成功，新增 1485 条记录
[32m2026-02-21 22:06:35 +0800[0m - dagster - [34mDEBUG[0m - __ASSET_JOB - 3db84411-2d98-4c9b-b3ba-17d1bd0d19c7 - Start_Basic_Prices - 获取 000591 成功，新增 1485 条记录
[32m2026-02-21 22:06:35 +0800[0m - dagster - [34mDEBUG[0m - __ASSET_JOB - 3db84411-2d98-4c9b-b3ba-17d1bd0d19c7 - Start_Basic_Prices - 获取 000592 成功，新增 1482 条记录
[32m2026-02-21 22:06:36 +0800[0m - dagster - [34mDEBUG[0m - __ASSET_JOB - 3db84411-2d98-4c9b-b3ba-17d1bd0d19c7 - Start_Basic_Prices - 获取 000593 成功，新增 1483 条记录
[32m2026-02-21 22:06:36 +0800[0m - dagster - [34mDEBUG[0m - __ASSET_JOB - 3db84411-2d98-4c9b-b3ba-17d1bd0d19c7 - Start_Basic_Prices - 获取 000595 成功，新增 1466 条记录
[32m2026-02-21 22:06:37 +0800[0m - dagster - [34mDEBUG[0m - __ASSET_JOB - 3db84411-2d98-4c9b-b3ba-17d1bd0d19c7 - Start_Basic_Prices - 获取 000596 成功，新增 1485 条记录
[32m2026-02-21 22:06:37 +0800[0m - dagster - [34mDEBUG[0m - __ASSET_JOB - 3db84411-2d98-4c9b-b3ba-17d1bd0d19c7 - Start_Basic_Prices - 获取 000597 成功，新增 1473 条记录
[32m2026-02-21 22:06:37 +0800[0m - dagster - [34mDEBUG[0m - __ASSET_JOB - 3db84411-2d98-4c9b-b3ba-17d1bd0d19c7 - Start_Basic_Prices - 获取 000598 成功，新增 1485 条记录
[32m2026-02-21 22:06:38 +0800[0m - dagster - [34mDEBUG[0m - __ASSET_JOB - 3db84411-2d98-4c9b-b3ba-17d1bd0d19c7 - Start_Basic_Prices - 获取 000599 成功，新增 1477 条记录
[32m2026-02-21 22:06:38 +0800[0m - dagster - [34mDEBUG[0m - __ASSET_JOB - 3db84411-2d98-4c9b-b3ba-17d1bd0d19c7 - Start_Basic_Prices - 获取 000600 成功，新增 1485 条记录
[32m2026-02-21 22:06:39 +0800[0m - dagster - [34mDEBUG[0m - __ASSET_JOB - 3db84411-2d98-4c9b-b3ba-17d1bd0d19c7 - Start_Basic_Prices - 获取 000601 成功，新增 1473 条记录
[32m2026-02-21 22:06:39 +0800[0m - dagster - [34mDEBUG[0m - __ASSET_JOB - 3db84411-2d98-4c9b-b3ba-17d1bd0d19c7 - Start_Basic_Prices - 获取 000603 成功，新增 1469 条记录
[32m2026-02-21 22:06:40 +0800[0m - dagster - [34mDEBUG[0m - __ASSET_JOB - 3db84411-2d98-4c9b-b3ba-17d1bd0d19c7 - Start_Basic_Prices - 获取 000605 成功，新增 1485 条记录
[32m2026-02-21 22:06:40 +0800[0m - dagster - [34mDEBUG[0m - __ASSET_JOB - 3db84411-2d98-4c9b-b3ba-17d1bd0d19c7 - Start_Basic_Prices - 获取 000607 成功，新增 1485 条记录
[32m2026-02-21 22:06:41 +0800[0m - dagster - [34mDEBUG[0m - __ASSET_JOB - 3db84411-2d98-4c9b-b3ba-17d1bd0d19c7 - Start_Basic_Prices - 获取 000608 成功，新增 1479 条记录
[32m2026-02-21 22:06:41 +0800[0m - dagster - [34mDEBUG[0m - __ASSET_JOB - 3db84411-2d98-4c9b-b3ba-17d1bd0d19c7 - Start_Basic_Prices - 获取 000609 成功，新增 1478 条记录
[32m2026-02-21 22:06:42 +0800[0m - dagster - [34mDEBUG[0m - __ASSET_JOB - 3db84411-2d98-4c9b-b3ba-17d1bd0d19c7 - Start_Basic_Prices - 获取 000610 成功，新增 1485 条记录
[32m2026-02-21 22:06:42 +0800[0m - dagster - [34mDEBUG[0m - __ASSET_JOB - 3db84411-2d98-4c9b-b3ba-17d1bd0d19c7 - Start_Basic_Prices - 获取 000612 成功，新增 1470 条记录
[32m2026-02-21 22:06:43 +0800[0m - dagster - [34mDEBUG[0m - __ASSET_JOB - 3db84411-2d98-4c9b-b3ba-17d1bd0d19c7 - Start_Basic_Prices - 获取 000615 成功，新增 1480 条记录
[32m2026-02-21 22:06:43 +0800[0m - dagster - [34mDEBUG[0m - __ASSET_JOB - 3db84411-2d98-4c9b-b3ba-17d1bd0d19c7 - Start_Basic_Prices - 获取 000617 成功，新增 1485 条记录
[32m2026-02-21 22:06:43 +0800[0m - dagster - [34mDEBUG[0m - __ASSET_JOB - 3db84411-2d98-4c9b-b3ba-17d1bd0d19c7 - Start_Basic_Prices - 获取 000619 成功，新增 1485 条记录
[32m2026-02-21 22:06:44 +0800[0m - dagster - [34mDEBUG[0m - __ASSET_JOB - 3db84411-2d98-4c9b-b3ba-17d1bd0d19c7 - Start_Basic_Prices - 获取 000620 成功，新增 1482 条记录
[32m2026-02-21 22:06:44 +0800[0m - dagster - [34mDEBUG[0m - __ASSET_JOB - 3db84411-2d98-4c9b-b3ba-17d1bd0d19c7 - Start_Basic_Prices - 获取 000623 成功，新增 1485 条记录
[32m2026-02-21 22:06:45 +0800[0m - dagster - [34mDEBUG[0m - __ASSET_JOB - 3db84411-2d98-4c9b-b3ba-17d1bd0d19c7 - Start_Basic_Prices - 获取 000625 成功，新增 1485 条记录
[32m2026-02-21 22:06:45 +0800[0m - dagster - [34mDEBUG[0m - __ASSET_JOB - 3db84411-2d98-4c9b-b3ba-17d1bd0d19c7 - Start_Basic_Prices - 获取 000626 成功，新增 1485 条记录
[32m2026-02-21 22:06:46 +0800[0m - dagster - [34mDEBUG[0m - __ASSET_JOB - 3db84411-2d98-4c9b-b3ba-17d1bd0d19c7 - Start_Basic_Prices - 获取 000628 成功，新增 1475 条记录
[32m2026-02-21 22:06:46 +0800[0m - dagster - [34mDEBUG[0m - __ASSET_JOB - 3db84411-2d98-4c9b-b3ba-17d1bd0d19c7 - Start_Basic_Prices - 获取 000629 成功，新增 1485 条记录
[32m2026-02-21 22:06:46 +0800[0m - dagster - [34mDEBUG[0m - __ASSET_JOB - 3db84411-2d98-4c9b-b3ba-17d1bd0d19c7 - Start_Basic_Prices - 获取 000630 成功，新增 1475 条记录
[32m2026-02-21 22:06:47 +0800[0m - dagster - [34mDEBUG[0m - __ASSET_JOB - 3db84411-2d98-4c9b-b3ba-17d1bd0d19c7 - Start_Basic_Prices - 获取 000631 成功，新增 1485 条记录
[32m2026-02-21 22:06:47 +0800[0m - dagster - [34mDEBUG[0m - __ASSET_JOB - 3db84411-2d98-4c9b-b3ba-17d1bd0d19c7 - Start_Basic_Prices - 获取 000632 成功，新增 1485 条记录
[32m2026-02-21 22:06:48 +0800[0m - dagster - [34mDEBUG[0m - __ASSET_JOB - 3db84411-2d98-4c9b-b3ba-17d1bd0d19c7 - Start_Basic_Prices - 获取 000633 成功，新增 1480 条记录
[32m2026-02-21 22:06:48 +0800[0m - dagster - [34mDEBUG[0m - __ASSET_JOB - 3db84411-2d98-4c9b-b3ba-17d1bd0d19c7 - Start_Basic_Prices - 获取 000635 成功，新增 1485 条记录
[32m2026-02-21 22:06:49 +0800[0m - dagster - [34mDEBUG[0m - __ASSET_JOB - 3db84411-2d98-4c9b-b3ba-17d1bd0d19c7 - Start_Basic_Prices - 获取 000636 成功，新增 1485 条记录
[32m2026-02-21 22:06:49 +0800[0m - dagster - [34mDEBUG[0m - __ASSET_JOB - 3db84411-2d98-4c9b-b3ba-17d1bd0d19c7 - Start_Basic_Prices - 获取 000637 成功，新增 1483 条记录
[32m2026-02-21 22:06:50 +0800[0m - dagster - [34mDEBUG[0m - __ASSET_JOB - 3db84411-2d98-4c9b-b3ba-17d1bd0d19c7 - Start_Basic_Prices - 获取 000638 成功，新增 1482 条记录
[32m2026-02-21 22:06:50 +0800[0m - dagster - [34mDEBUG[0m - __ASSET_JOB - 3db84411-2d98-4c9b-b3ba-17d1bd0d19c7 - Start_Basic_Prices - 获取 000639 成功，新增 1485 条记录
[32m2026-02-21 22:06:50 +0800[0m - dagster - [34mDEBUG[0m - __ASSET_JOB - 3db84411-2d98-4c9b-b3ba-17d1bd0d19c7 - Start_Basic_Prices - 获取 000650 成功，新增 1485 条记录
[32m2026-02-21 22:06:51 +0800[0m - dagster - [34mDEBUG[0m - __ASSET_JOB - 3db84411-2d98-4c9b-b3ba-17d1bd0d19c7 - Start_Basic_Prices - 获取 000651 成功，新增 1485 条记录
[32m2026-02-21 22:06:51 +0800[0m - dagster - [34mDEBUG[0m - __ASSET_JOB - 3db84411-2d98-4c9b-b3ba-17d1bd0d19c7 - Start_Basic_Prices - 获取 000652 成功，新增 1485 条记录
[32m2026-02-21 22:06:52 +0800[0m - dagster - [34mDEBUG[0m - __ASSET_JOB - 3db84411-2d98-4c9b-b3ba-17d1bd0d19c7 - Start_Basic_Prices - 获取 000655 成功，新增 1485 条记录
[32m2026-02-21 22:06:52 +0800[0m - dagster - [34mDEBUG[0m - __ASSET_JOB - 3db84411-2d98-4c9b-b3ba-17d1bd0d19c7 - Start_Basic_Prices - 获取 000656 成功，新增 1473 条记录
[32m2026-02-21 22:06:53 +0800[0m - dagster - [34mDEBUG[0m - __ASSET_JOB - 3db84411-2d98-4c9b-b3ba-17d1bd0d19c7 - Start_Basic_Prices - 获取 000657 成功，新增 1475 条记录
[32m2026-02-21 22:06:53 +0800[0m - dagster - [34mDEBUG[0m - __ASSET_JOB - 3db84411-2d98-4c9b-b3ba-17d1bd0d19c7 - Start_Basic_Prices - 获取 000659 成功，新增 1485 条记录
[32m2026-02-21 22:06:54 +0800[0m - dagster - [34mDEBUG[0m - __ASSET_JOB - 3db84411-2d98-4c9b-b3ba-17d1bd0d19c7 - Start_Basic_Prices - 获取 000661 成功，新增 1485 条记录
[32m2026-02-21 22:06:54 +0800[0m - dagster - [34mDEBUG[0m - __ASSET_JOB - 3db84411-2d98-4c9b-b3ba-17d1bd0d19c7 - Start_Basic_Prices - 获取 000663 成功，新增 1483 条记录
[32m2026-02-21 22:06:55 +0800[0m - dagster - [34mDEBUG[0m - __ASSET_JOB - 3db84411-2d98-4c9b-b3ba-17d1bd0d19c7 - Start_Basic_Prices - 获取 000665 成功，新增 1485 条记录
[32m2026-02-21 22:06:55 +0800[0m - dagster - [34mDEBUG[0m - __ASSET_JOB - 3db84411-2d98-4c9b-b3ba-17d1bd0d19c7 - Start_Basic_Prices - 获取 000668 成功，新增 1474 条记录
[32m2026-02-21 22:06:55 +0800[0m - dagster - [34mINFO[0m - __ASSET_JOB - 3db84411-2d98-4c9b-b3ba-17d1bd0d19c7 - Start_Basic_Prices - 批次写入完成，新增 74067 行
[32m2026-02-21 22:06:57 +0800[0m - dagster - [34mINFO[0m - __ASSET_JOB - 3db84411-2d98-4c9b-b3ba-17d1bd0d19c7 - Start_Basic_Prices - 处理批次 5/110
[32m2026-02-21 22:06:58 +0800[0m - dagster - [34mDEBUG[0m - __ASSET_JOB - 3db84411-2d98-4c9b-b3ba-17d1bd0d19c7 - Start_Basic_Prices - 获取 000669 成功，新增 1483 条记录
[32m2026-02-21 22:06:58 +0800[0m - dagster - [34mDEBUG[0m - __ASSET_JOB - 3db84411-2d98-4c9b-b3ba-17d1bd0d19c7 - Start_Basic_Prices - 获取 000670 成功，新增 875 条记录
[32m2026-02-21 22:06:58 +0800[0m - dagster - [34mDEBUG[0m - __ASSET_JOB - 3db84411-2d98-4c9b-b3ba-17d1bd0d19c7 - Start_Basic_Prices - 获取 000672 成功，新增 1485 条记录
[32m2026-02-21 22:06:59 +0800[0m - dagster - [34mDEBUG[0m - __ASSET_JOB - 3db84411-2d98-4c9b-b3ba-17d1bd0d19c7 - Start_Basic_Prices - 获取 000676 成功，新增 1485 条记录
[32m2026-02-21 22:06:59 +0800[0m - dagster - [34mDEBUG[0m - __ASSET_JOB - 3db84411-2d98-4c9b-b3ba-17d1bd0d19c7 - Start_Basic_Prices - 获取 000677 成功，新增 1485 条记录
[32m2026-02-21 22:07:00 +0800[0m - dagster - [34mDEBUG[0m - __ASSET_JOB - 3db84411-2d98-4c9b-b3ba-17d1bd0d19c7 - Start_Basic_Prices - 获取 000678 成功，新增 1476 条记录
[32m2026-02-21 22:07:00 +0800[0m - dagster - [34mDEBUG[0m - __ASSET_JOB - 3db84411-2d98-4c9b-b3ba-17d1bd0d19c7 - Start_Basic_Prices - 获取 000679 成功，新增 1483 条记录
[32m2026-02-21 22:07:01 +0800[0m - dagster - [34mDEBUG[0m - __ASSET_JOB - 3db84411-2d98-4c9b-b3ba-17d1bd0d19c7 - Start_Basic_Prices - 获取 000680 成功，新增 1485 条记录
[32m2026-02-21 22:07:01 +0800[0m - dagster - [34mDEBUG[0m - __ASSET_JOB - 3db84411-2d98-4c9b-b3ba-17d1bd0d19c7 - Start_Basic_Prices - 获取 000681 成功，新增 1485 条记录
[32m2026-02-21 22:07:01 +0800[0m - dagster - [34mDEBUG[0m - __ASSET_JOB - 3db84411-2d98-4c9b-b3ba-17d1bd0d19c7 - Start_Basic_Prices - 获取 000682 成功，新增 1485 条记录
[32m2026-02-21 22:07:02 +0800[0m - dagster - [34mDEBUG[0m - __ASSET_JOB - 3db84411-2d98-4c9b-b3ba-17d1bd0d19c7 - Start_Basic_Prices - 获取 000683 成功，新增 1485 条记录
[32m2026-02-21 22:07:02 +0800[0m - dagster - [34mDEBUG[0m - __ASSET_JOB - 3db84411-2d98-4c9b-b3ba-17d1bd0d19c7 - Start_Basic_Prices - 获取 000685 成功，新增 1485 条记录
[32m2026-02-21 22:07:03 +0800[0m - dagster - [34mDEBUG[0m - __ASSET_JOB - 3db84411-2d98-4c9b-b3ba-17d1bd0d19c7 - Start_Basic_Prices - 获取 000686 成功，新增 1485 条记录
[32m2026-02-21 22:07:03 +0800[0m - dagster - [34mDEBUG[0m - __ASSET_JOB - 3db84411-2d98-4c9b-b3ba-17d1bd0d19c7 - Start_Basic_Prices - 获取 000688 成功，新增 1485 条记录
[32m2026-02-21 22:07:04 +0800[0m - dagster - [34mDEBUG[0m - __ASSET_JOB - 3db84411-2d98-4c9b-b3ba-17d1bd0d19c7 - Start_Basic_Prices - 获取 000690 成功，新增 1485 条记录
[32m2026-02-21 22:07:04 +0800[0m - dagster - [34mDEBUG[0m - __ASSET_JOB - 3db84411-2d98-4c9b-b3ba-17d1bd0d19c7 - Start_Basic_Prices - 获取 000691 成功，新增 1478 条记录
[32m2026-02-21 22:07:04 +0800[0m - dagster - [34mDEBUG[0m - __ASSET_JOB - 3db84411-2d98-4c9b-b3ba-17d1bd0d19c7 - Start_Basic_Prices - 获取 000692 成功，新增 1483 条记录
[32m2026-02-21 22:07:05 +0800[0m - dagster - [34mDEBUG[0m - __ASSET_JOB - 3db84411-2d98-4c9b-b3ba-17d1bd0d19c7 - Start_Basic_Prices - 获取 000695 成功，新增 1475 条记录
[32m2026-02-21 22:07:05 +0800[0m - dagster - [34mDEBUG[0m - __ASSET_JOB - 3db84411-2d98-4c9b-b3ba-17d1bd0d19c7 - Start_Basic_Prices - 获取 000697 成功，新增 1477 条记录
[32m2026-02-21 22:07:06 +0800[0m - dagster - [34mDEBUG[0m - __ASSET_JOB - 3db84411-2d98-4c9b-b3ba-17d1bd0d19c7 - Start_Basic_Prices - 获取 000698 成功，新增 1484 条记录
[32m2026-02-21 22:07:06 +0800[0m - dagster - [34mDEBUG[0m - __ASSET_JOB - 3db84411-2d98-4c9b-b3ba-17d1bd0d19c7 - Start_Basic_Prices - 获取 000700 成功，新增 1485 条记录
[32m2026-02-21 22:07:07 +0800[0m - dagster - [34mDEBUG[0m - __ASSET_JOB - 3db84411-2d98-4c9b-b3ba-17d1bd0d19c7 - Start_Basic_Prices - 获取 000701 成功，新增 1485 条记录
[32m2026-02-21 22:07:07 +0800[0m - dagster - [34mDEBUG[0m - __ASSET_JOB - 3db84411-2d98-4c9b-b3ba-17d1bd0d19c7 - Start_Basic_Prices - 获取 000702 成功，新增 1480 条记录
[32m2026-02-21 22:07:08 +0800[0m - dagster - [34mDEBUG[0m - __ASSET_JOB - 3db84411-2d98-4c9b-b3ba-17d1bd0d19c7 - Start_Basic_Prices - 获取 000703 成功，新增 1485 条记录
[32m2026-02-21 22:07:08 +0800[0m - dagster - [34mDEBUG[0m - __ASSET_JOB - 3db84411-2d98-4c9b-b3ba-17d1bd0d19c7 - Start_Basic_Prices - 获取 000705 成功，新增 1485 条记录
[32m2026-02-21 22:07:08 +0800[0m - dagster - [34mDEBUG[0m - __ASSET_JOB - 3db84411-2d98-4c9b-b3ba-17d1bd0d19c7 - Start_Basic_Prices - 获取 000707 成功，新增 1483 条记录
[32m2026-02-21 22:07:09 +0800[0m - dagster - [34mDEBUG[0m - __ASSET_JOB - 3db84411-2d98-4c9b-b3ba-17d1bd0d19c7 - Start_Basic_Prices - 获取 000708 成功，新增 1485 条记录
[32m2026-02-21 22:07:09 +0800[0m - dagster - [34mDEBUG[0m - __ASSET_JOB - 3db84411-2d98-4c9b-b3ba-17d1bd0d19c7 - Start_Basic_Prices - 获取 000709 成功，新增 1485 条记录
[32m2026-02-21 22:07:10 +0800[0m - dagster - [34mDEBUG[0m - __ASSET_JOB - 3db84411-2d98-4c9b-b3ba-17d1bd0d19c7 - Start_Basic_Prices - 获取 000710 成功，新增 1485 条记录
[32m2026-02-21 22:07:10 +0800[0m - dagster - [34mDEBUG[0m - __ASSET_JOB - 3db84411-2d98-4c9b-b3ba-17d1bd0d19c7 - Start_Basic_Prices - 获取 000711 成功，新增 1482 条记录
[32m2026-02-21 22:07:11 +0800[0m - dagster - [34mDEBUG[0m - __ASSET_JOB - 3db84411-2d98-4c9b-b3ba-17d1bd0d19c7 - Start_Basic_Prices - 获取 000712 成功，新增 1485 条记录
[32m2026-02-21 22:07:11 +0800[0m - dagster - [34mDEBUG[0m - __ASSET_JOB - 3db84411-2d98-4c9b-b3ba-17d1bd0d19c7 - Start_Basic_Prices - 获取 000713 成功，新增 1480 条记录
[32m2026-02-21 22:07:12 +0800[0m - dagster - [34mDEBUG[0m - __ASSET_JOB - 3db84411-2d98-4c9b-b3ba-17d1bd0d19c7 - Start_Basic_Prices - 获取 000715 成功，新增 1485 条记录
[32m2026-02-21 22:07:12 +0800[0m - dagster - [34mDEBUG[0m - __ASSET_JOB - 3db84411-2d98-4c9b-b3ba-17d1bd0d19c7 - Start_Basic_Prices - 获取 000716 成功，新增 1480 条记录
[32m2026-02-21 22:07:12 +0800[0m - dagster - [34mDEBUG[0m - __ASSET_JOB - 3db84411-2d98-4c9b-b3ba-17d1bd0d19c7 - Start_Basic_Prices - 获取 000717 成功，新增 1485 条记录
[32m2026-02-21 22:07:13 +0800[0m - dagster - [34mDEBUG[0m - __ASSET_JOB - 3db84411-2d98-4c9b-b3ba-17d1bd0d19c7 - Start_Basic_Prices - 获取 000718 成功，新增 1485 条记录
[32m2026-02-21 22:07:13 +0800[0m - dagster - [34mDEBUG[0m - __ASSET_JOB - 3db84411-2d98-4c9b-b3ba-17d1bd0d19c7 - Start_Basic_Prices - 获取 000719 成功，新增 1485 条记录
[32m2026-02-21 22:07:14 +0800[0m - dagster - [34mDEBUG[0m - __ASSET_JOB - 3db84411-2d98-4c9b-b3ba-17d1bd0d19c7 - Start_Basic_Prices - 获取 000720 成功，新增 1485 条记录
[32m2026-02-21 22:07:14 +0800[0m - dagster - [34mDEBUG[0m - __ASSET_JOB - 3db84411-2d98-4c9b-b3ba-17d1bd0d19c7 - Start_Basic_Prices - 获取 000721 成功，新增 1485 条记录
[32m2026-02-21 22:07:15 +0800[0m - dagster - [34mDEBUG[0m - __ASSET_JOB - 3db84411-2d98-4c9b-b3ba-17d1bd0d19c7 - Start_Basic_Prices - 获取 000722 成功，新增 1475 条记录
[32m2026-02-21 22:07:15 +0800[0m - dagster - [34mDEBUG[0m - __ASSET_JOB - 3db84411-2d98-4c9b-b3ba-17d1bd0d19c7 - Start_Basic_Prices - 获取 000723 成功，新增 1485 条记录
[32m2026-02-21 22:07:15 +0800[0m - dagster - [34mDEBUG[0m - __ASSET_JOB - 3db84411-2d98-4c9b-b3ba-17d1bd0d19c7 - Start_Basic_Prices - 获取 000725 成功，新增 1485 条记录
[32m2026-02-21 22:07:16 +0800[0m - dagster - [34mDEBUG[0m - __ASSET_JOB - 3db84411-2d98-4c9b-b3ba-17d1bd0d19c7 - Start_Basic_Prices - 获取 000726 成功，新增 1485 条记录
[32m2026-02-21 22:07:16 +0800[0m - dagster - [34mDEBUG[0m - __ASSET_JOB - 3db84411-2d98-4c9b-b3ba-17d1bd0d19c7 - Start_Basic_Prices - 获取 000727 成功，新增 1476 条记录
[32m2026-02-21 22:07:17 +0800[0m - dagster - [34mDEBUG[0m - __ASSET_JOB - 3db84411-2d98-4c9b-b3ba-17d1bd0d19c7 - Start_Basic_Prices - 获取 000728 成功，新增 1479 条记录
[32m2026-02-21 22:07:17 +0800[0m - dagster - [34mDEBUG[0m - __ASSET_JOB - 3db84411-2d98-4c9b-b3ba-17d1bd0d19c7 - Start_Basic_Prices - 获取 000729 成功，新增 1485 条记录
[32m2026-02-21 22:07:18 +0800[0m - dagster - [34mDEBUG[0m - __ASSET_JOB - 3db84411-2d98-4c9b-b3ba-17d1bd0d19c7 - Start_Basic_Prices - 获取 000731 成功，新增 1485 条记录
[32m2026-02-21 22:07:18 +0800[0m - dagster - [34mDEBUG[0m - __ASSET_JOB - 3db84411-2d98-4c9b-b3ba-17d1bd0d19c7 - Start_Basic_Prices - 获取 000733 成功，新增 1485 条记录
[32m2026-02-21 22:07:18 +0800[0m - dagster - [34mDEBUG[0m - __ASSET_JOB - 3db84411-2d98-4c9b-b3ba-17d1bd0d19c7 - Start_Basic_Prices - 获取 000735 成功，新增 1485 条记录
[32m2026-02-21 22:07:19 +0800[0m - dagster - [34mDEBUG[0m - __ASSET_JOB - 3db84411-2d98-4c9b-b3ba-17d1bd0d19c7 - Start_Basic_Prices - 获取 000736 成功，新增 1484 条记录
[32m2026-02-21 22:07:19 +0800[0m - dagster - [34mINFO[0m - __ASSET_JOB - 3db84411-2d98-4c9b-b3ba-17d1bd0d19c7 - Start_Basic_Prices - 批次写入完成，新增 73553 行
[32m2026-02-21 22:07:21 +0800[0m - dagster - [34mINFO[0m - __ASSET_JOB - 3db84411-2d98-4c9b-b3ba-17d1bd0d19c7 - Start_Basic_Prices - 处理批次 6/110
[32m2026-02-21 22:07:21 +0800[0m - dagster - [34mDEBUG[0m - __ASSET_JOB - 3db84411-2d98-4c9b-b3ba-17d1bd0d19c7 - Start_Basic_Prices - 获取 000737 成功，新增 1473 条记录
[32m2026-02-21 22:07:22 +0800[0m - dagster - [34mDEBUG[0m - __ASSET_JOB - 3db84411-2d98-4c9b-b3ba-17d1bd0d19c7 - Start_Basic_Prices - 获取 000738 成功，新增 1485 条记录
[32m2026-02-21 22:07:22 +0800[0m - dagster - [34mDEBUG[0m - __ASSET_JOB - 3db84411-2d98-4c9b-b3ba-17d1bd0d19c7 - Start_Basic_Prices - 获取 000739 成功，新增 1485 条记录
[32m2026-02-21 22:07:23 +0800[0m - dagster - [34mDEBUG[0m - __ASSET_JOB - 3db84411-2d98-4c9b-b3ba-17d1bd0d19c7 - Start_Basic_Prices - 获取 000750 成功，新增 1479 条记录
[32m2026-02-21 22:07:23 +0800[0m - dagster - [34mDEBUG[0m - __ASSET_JOB - 3db84411-2d98-4c9b-b3ba-17d1bd0d19c7 - Start_Basic_Prices - 获取 000751 成功，新增 1485 条记录
[32m2026-02-21 22:07:24 +0800[0m - dagster - [34mDEBUG[0m - __ASSET_JOB - 3db84411-2d98-4c9b-b3ba-17d1bd0d19c7 - Start_Basic_Prices - 获取 000752 成功，新增 1484 条记录
[32m2026-02-21 22:07:24 +0800[0m - dagster - [34mDEBUG[0m - __ASSET_JOB - 3db84411-2d98-4c9b-b3ba-17d1bd0d19c7 - Start_Basic_Prices - 获取 000753 成功，新增 1485 条记录
[32m2026-02-21 22:07:24 +0800[0m - dagster - [34mDEBUG[0m - __ASSET_JOB - 3db84411-2d98-4c9b-b3ba-17d1bd0d19c7 - Start_Basic_Prices - 获取 000755 成功，新增 1469 条记录
[32m2026-02-21 22:07:25 +0800[0m - dagster - [34mDEBUG[0m - __ASSET_JOB - 3db84411-2d98-4c9b-b3ba-17d1bd0d19c7 - Start_Basic_Prices - 获取 000756 成功，新增 1485 条记录
[32m2026-02-21 22:07:25 +0800[0m - dagster - [34mDEBUG[0m - __ASSET_JOB - 3db84411-2d98-4c9b-b3ba-17d1bd0d19c7 - Start_Basic_Prices - 获取 000757 成功，新增 1485 条记录
[32m2026-02-21 22:07:26 +0800[0m - dagster - [34mDEBUG[0m - __ASSET_JOB - 3db84411-2d98-4c9b-b3ba-17d1bd0d19c7 - Start_Basic_Prices - 获取 000758 成功，新增 1485 条记录
[32m2026-02-21 22:07:26 +0800[0m - dagster - [34mDEBUG[0m - __ASSET_JOB - 3db84411-2d98-4c9b-b3ba-17d1bd0d19c7 - Start_Basic_Prices - 获取 000759 成功，新增 1485 条记录
[32m2026-02-21 22:07:27 +0800[0m - dagster - [34mDEBUG[0m - __ASSET_JOB - 3db84411-2d98-4c9b-b3ba-17d1bd0d19c7 - Start_Basic_Prices - 获取 000761 成功，新增 1484 条记录
[32m2026-02-21 22:07:27 +0800[0m - dagster - [34mDEBUG[0m - __ASSET_JOB - 3db84411-2d98-4c9b-b3ba-17d1bd0d19c7 - Start_Basic_Prices - 获取 000762 成功，新增 1485 条记录
[32m2026-02-21 22:07:27 +0800[0m - dagster - [34mDEBUG[0m - __ASSET_JOB - 3db84411-2d98-4c9b-b3ba-17d1bd0d19c7 - Start_Basic_Prices - 获取 000766 成功，新增 1485 条记录
[32m2026-02-21 22:07:28 +0800[0m - dagster - [34mDEBUG[0m - __ASSET_JOB - 3db84411-2d98-4c9b-b3ba-17d1bd0d19c7 - Start_Basic_Prices - 获取 000767 成功，新增 1485 条记录
[32m2026-02-21 22:07:28 +0800[0m - dagster - [34mDEBUG[0m - __ASSET_JOB - 3db84411-2d98-4c9b-b3ba-17d1bd0d19c7 - Start_Basic_Prices - 获取 000768 成功，新增 1485 条记录
[32m2026-02-21 22:07:29 +0800[0m - dagster - [34mDEBUG[0m - __ASSET_JOB - 3db84411-2d98-4c9b-b3ba-17d1bd0d19c7 - Start_Basic_Prices - 获取 000776 成功，新增 1485 条记录
[32m2026-02-21 22:07:29 +0800[0m - dagster - [34mDEBUG[0m - __ASSET_JOB - 3db84411-2d98-4c9b-b3ba-17d1bd0d19c7 - Start_Basic_Prices - 获取 000777 成功，新增 1470 条记录
[32m2026-02-21 22:07:30 +0800[0m - dagster - [34mDEBUG[0m - __ASSET_JOB - 3db84411-2d98-4c9b-b3ba-17d1bd0d19c7 - Start_Basic_Prices - 获取 000778 成功，新增 1485 条记录
[32m2026-02-21 22:07:30 +0800[0m - dagster - [34mDEBUG[0m - __ASSET_JOB - 3db84411-2d98-4c9b-b3ba-17d1bd0d19c7 - Start_Basic_Prices - 获取 000779 成功，新增 1485 条记录
[32m2026-02-21 22:07:30 +0800[0m - dagster - [34mDEBUG[0m - __ASSET_JOB - 3db84411-2d98-4c9b-b3ba-17d1bd0d19c7 - Start_Basic_Prices - 获取 000782 成功，新增 1474 条记录
[32m2026-02-21 22:07:31 +0800[0m - dagster - [34mDEBUG[0m - __ASSET_JOB - 3db84411-2d98-4c9b-b3ba-17d1bd0d19c7 - Start_Basic_Prices - 获取 000783 成功，新增 1485 条记录
[32m2026-02-21 22:07:31 +0800[0m - dagster - [34mDEBUG[0m - __ASSET_JOB - 3db84411-2d98-4c9b-b3ba-17d1bd0d19c7 - Start_Basic_Prices - 获取 000785 成功，新增 1485 条记录
[32m2026-02-21 22:07:32 +0800[0m - dagster - [34mDEBUG[0m - __ASSET_JOB - 3db84411-2d98-4c9b-b3ba-17d1bd0d19c7 - Start_Basic_Prices - 获取 000786 成功，新增 1485 条记录
[32m2026-02-21 22:07:32 +0800[0m - dagster - [34mDEBUG[0m - __ASSET_JOB - 3db84411-2d98-4c9b-b3ba-17d1bd0d19c7 - Start_Basic_Prices - 获取 000788 成功，新增 1485 条记录
[32m2026-02-21 22:07:33 +0800[0m - dagster - [34mDEBUG[0m - __ASSET_JOB - 3db84411-2d98-4c9b-b3ba-17d1bd0d19c7 - Start_Basic_Prices - 获取 000789 成功，新增 1485 条记录
[32m2026-02-21 22:07:33 +0800[0m - dagster - [34mDEBUG[0m - __ASSET_JOB - 3db84411-2d98-4c9b-b3ba-17d1bd0d19c7 - Start_Basic_Prices - 获取 000790 成功，新增 1476 条记录
[32m2026-02-21 22:07:33 +0800[0m - dagster - [34mDEBUG[0m - __ASSET_JOB - 3db84411-2d98-4c9b-b3ba-17d1bd0d19c7 - Start_Basic_Prices - 获取 000791 成功，新增 1476 条记录
[32m2026-02-21 22:07:34 +0800[0m - dagster - [34mDEBUG[0m - __ASSET_JOB - 3db84411-2d98-4c9b-b3ba-17d1bd0d19c7 - Start_Basic_Prices - 获取 000792 成功，新增 1173 条记录
[32m2026-02-21 22:07:34 +0800[0m - dagster - [34mDEBUG[0m - __ASSET_JOB - 3db84411-2d98-4c9b-b3ba-17d1bd0d19c7 - Start_Basic_Prices - 获取 000793 成功，新增 1484 条记录
[32m2026-02-21 22:07:35 +0800[0m - dagster - [34mDEBUG[0m - __ASSET_JOB - 3db84411-2d98-4c9b-b3ba-17d1bd0d19c7 - Start_Basic_Prices - 获取 000795 成功，新增 1485 条记录
[32m2026-02-21 22:07:35 +0800[0m - dagster - [34mDEBUG[0m - __ASSET_JOB - 3db84411-2d98-4c9b-b3ba-17d1bd0d19c7 - Start_Basic_Prices - 获取 000796 成功，新增 1470 条记录
[32m2026-02-21 22:07:36 +0800[0m - dagster - [34mDEBUG[0m - __ASSET_JOB - 3db84411-2d98-4c9b-b3ba-17d1bd0d19c7 - Start_Basic_Prices - 获取 000797 成功，新增 1485 条记录
[32m2026-02-21 22:07:36 +0800[0m - dagster - [34mDEBUG[0m - __ASSET_JOB - 3db84411-2d98-4c9b-b3ba-17d1bd0d19c7 - Start_Basic_Prices - 获取 000798 成功，新增 1485 条记录
[32m2026-02-21 22:07:36 +0800[0m - dagster - [34mDEBUG[0m - __ASSET_JOB - 3db84411-2d98-4c9b-b3ba-17d1bd0d19c7 - Start_Basic_Prices - 获取 000799 成功，新增 1485 条记录
[32m2026-02-21 22:07:37 +0800[0m - dagster - [34mDEBUG[0m - __ASSET_JOB - 3db84411-2d98-4c9b-b3ba-17d1bd0d19c7 - Start_Basic_Prices - 获取 000800 成功，新增 1484 条记录
[32m2026-02-21 22:07:37 +0800[0m - dagster - [34mDEBUG[0m - __ASSET_JOB - 3db84411-2d98-4c9b-b3ba-17d1bd0d19c7 - Start_Basic_Prices - 获取 000801 成功，新增 1475 条记录
[32m2026-02-21 22:07:38 +0800[0m - dagster - [34mDEBUG[0m - __ASSET_JOB - 3db84411-2d98-4c9b-b3ba-17d1bd0d19c7 - Start_Basic_Prices - 获取 000802 成功，新增 1483 条记录
[32m2026-02-21 22:07:38 +0800[0m - dagster - [34mDEBUG[0m - __ASSET_JOB - 3db84411-2d98-4c9b-b3ba-17d1bd0d19c7 - Start_Basic_Prices - 获取 000803 成功，新增 1477 条记录
[32m2026-02-21 22:07:39 +0800[0m - dagster - [34mDEBUG[0m - __ASSET_JOB - 3db84411-2d98-4c9b-b3ba-17d1bd0d19c7 - Start_Basic_Prices - 获取 000807 成功，新增 1485 条记录
[32m2026-02-21 22:07:39 +0800[0m - dagster - [34mDEBUG[0m - __ASSET_JOB - 3db84411-2d98-4c9b-b3ba-17d1bd0d19c7 - Start_Basic_Prices - 获取 000809 成功，新增 1478 条记录
[32m2026-02-21 22:07:39 +0800[0m - dagster - [34mDEBUG[0m - __ASSET_JOB - 3db84411-2d98-4c9b-b3ba-17d1bd0d19c7 - Start_Basic_Prices - 获取 000810 成功，新增 1482 条记录
[32m2026-02-21 22:07:40 +0800[0m - dagster - [34mDEBUG[0m - __ASSET_JOB - 3db84411-2d98-4c9b-b3ba-17d1bd0d19c7 - Start_Basic_Prices - 获取 000811 成功，新增 1485 条记录
[32m2026-02-21 22:07:40 +0800[0m - dagster - [34mDEBUG[0m - __ASSET_JOB - 3db84411-2d98-4c9b-b3ba-17d1bd0d19c7 - Start_Basic_Prices - 获取 000812 成功，新增 1485 条记录
[32m2026-02-21 22:07:41 +0800[0m - dagster - [34mDEBUG[0m - __ASSET_JOB - 3db84411-2d98-4c9b-b3ba-17d1bd0d19c7 - Start_Basic_Prices - 获取 000813 成功，新增 1483 条记录
[32m2026-02-21 22:07:41 +0800[0m - dagster - [34mDEBUG[0m - __ASSET_JOB - 3db84411-2d98-4c9b-b3ba-17d1bd0d19c7 - Start_Basic_Prices - 获取 000815 成功，新增 1475 条记录
[32m2026-02-21 22:07:42 +0800[0m - dagster - [34mDEBUG[0m - __ASSET_JOB - 3db84411-2d98-4c9b-b3ba-17d1bd0d19c7 - Start_Basic_Prices - 获取 000816 成功，新增 1484 条记录
[32m2026-02-21 22:07:42 +0800[0m - dagster - [34mDEBUG[0m - __ASSET_JOB - 3db84411-2d98-4c9b-b3ba-17d1bd0d19c7 - Start_Basic_Prices - 获取 000818 成功，新增 1480 条记录
[32m2026-02-21 22:07:43 +0800[0m - dagster - [34mDEBUG[0m - __ASSET_JOB - 3db84411-2d98-4c9b-b3ba-17d1bd0d19c7 - Start_Basic_Prices - 获取 000819 成功，新增 1485 条记录
[32m2026-02-21 22:07:43 +0800[0m - dagster - [34mINFO[0m - __ASSET_JOB - 3db84411-2d98-4c9b-b3ba-17d1bd0d19c7 - Start_Basic_Prices - 批次写入完成，新增 73793 行
[32m2026-02-21 22:07:45 +0800[0m - dagster - [34mINFO[0m - __ASSET_JOB - 3db84411-2d98-4c9b-b3ba-17d1bd0d19c7 - Start_Basic_Prices - 处理批次 7/110
[32m2026-02-21 22:07:45 +0800[0m - dagster - [34mDEBUG[0m - __ASSET_JOB - 3db84411-2d98-4c9b-b3ba-17d1bd0d19c7 - Start_Basic_Prices - 获取 000820 成功，新增 1476 条记录
[32m2026-02-21 22:07:46 +0800[0m - dagster - [34mDEBUG[0m - __ASSET_JOB - 3db84411-2d98-4c9b-b3ba-17d1bd0d19c7 - Start_Basic_Prices - 获取 000821 成功，新增 1484 条记录
[32m2026-02-21 22:07:46 +0800[0m - dagster - [34mDEBUG[0m - __ASSET_JOB - 3db84411-2d98-4c9b-b3ba-17d1bd0d19c7 - Start_Basic_Prices - 获取 000822 成功，新增 1485 条记录
[32m2026-02-21 22:07:47 +0800[0m - dagster - [34mDEBUG[0m - __ASSET_JOB - 3db84411-2d98-4c9b-b3ba-17d1bd0d19c7 - Start_Basic_Prices - 获取 000823 成功，新增 1485 条记录
[32m2026-02-21 22:07:47 +0800[0m - dagster - [34mDEBUG[0m - __ASSET_JOB - 3db84411-2d98-4c9b-b3ba-17d1bd0d19c7 - Start_Basic_Prices - 获取 000825 成功，新增 1484 条记录
[32m2026-02-21 22:07:47 +0800[0m - dagster - [34mDEBUG[0m - __ASSET_JOB - 3db84411-2d98-4c9b-b3ba-17d1bd0d19c7 - Start_Basic_Prices - 获取 000826 成功，新增 1475 条记录
[32m2026-02-21 22:07:48 +0800[0m - dagster - [34mDEBUG[0m - __ASSET_JOB - 3db84411-2d98-4c9b-b3ba-17d1bd0d19c7 - Start_Basic_Prices - 获取 000828 成功，新增 1485 条记录
[32m2026-02-21 22:07:48 +0800[0m - dagster - [34mDEBUG[0m - __ASSET_JOB - 3db84411-2d98-4c9b-b3ba-17d1bd0d19c7 - Start_Basic_Prices - 获取 000829 成功，新增 1485 条记录
[32m2026-02-21 22:07:49 +0800[0m - dagster - [34mDEBUG[0m - __ASSET_JOB - 3db84411-2d98-4c9b-b3ba-17d1bd0d19c7 - Start_Basic_Prices - 获取 000830 成功，新增 1475 条记录
[32m2026-02-21 22:07:49 +0800[0m - dagster - [34mDEBUG[0m - __ASSET_JOB - 3db84411-2d98-4c9b-b3ba-17d1bd0d19c7 - Start_Basic_Prices - 获取 000831 成功，新增 1485 条记录
[32m2026-02-21 22:07:50 +0800[0m - dagster - [34mDEBUG[0m - __ASSET_JOB - 3db84411-2d98-4c9b-b3ba-17d1bd0d19c7 - Start_Basic_Prices - 获取 000833 成功，新增 1485 条记录
[32m2026-02-21 22:07:50 +0800[0m - dagster - [34mDEBUG[0m - __ASSET_JOB - 3db84411-2d98-4c9b-b3ba-17d1bd0d19c7 - Start_Basic_Prices - 获取 000837 成功，新增 1483 条记录
[32m2026-02-21 22:07:50 +0800[0m - dagster - [34mDEBUG[0m - __ASSET_JOB - 3db84411-2d98-4c9b-b3ba-17d1bd0d19c7 - Start_Basic_Prices - 获取 000838 成功，新增 1485 条记录
[32m2026-02-21 22:07:51 +0800[0m - dagster - [34mDEBUG[0m - __ASSET_JOB - 3db84411-2d98-4c9b-b3ba-17d1bd0d19c7 - Start_Basic_Prices - 获取 000839 成功，新增 1483 条记录
[32m2026-02-21 22:07:51 +0800[0m - dagster - [34mDEBUG[0m - __ASSET_JOB - 3db84411-2d98-4c9b-b3ba-17d1bd0d19c7 - Start_Basic_Prices - 获取 000848 成功，新增 1485 条记录
[32m2026-02-21 22:07:52 +0800[0m - dagster - [34mDEBUG[0m - __ASSET_JOB - 3db84411-2d98-4c9b-b3ba-17d1bd0d19c7 - Start_Basic_Prices - 获取 000850 成功，新增 1485 条记录
[32m2026-02-21 22:07:52 +0800[0m - dagster - [34mDEBUG[0m - __ASSET_JOB - 3db84411-2d98-4c9b-b3ba-17d1bd0d19c7 - Start_Basic_Prices - 获取 000852 成功，新增 1485 条记录
[32m2026-02-21 22:07:53 +0800[0m - dagster - [34mDEBUG[0m - __ASSET_JOB - 3db84411-2d98-4c9b-b3ba-17d1bd0d19c7 - Start_Basic_Prices - 获取 000856 成功，新增 1485 条记录
[32m2026-02-21 22:07:53 +0800[0m - dagster - [34mDEBUG[0m - __ASSET_JOB - 3db84411-2d98-4c9b-b3ba-17d1bd0d19c7 - Start_Basic_Prices - 获取 000858 成功，新增 1485 条记录
[32m2026-02-21 22:07:53 +0800[0m - dagster - [34mDEBUG[0m - __ASSET_JOB - 3db84411-2d98-4c9b-b3ba-17d1bd0d19c7 - Start_Basic_Prices - 获取 000859 成功，新增 1475 条记录
[32m2026-02-21 22:07:54 +0800[0m - dagster - [34mDEBUG[0m - __ASSET_JOB - 3db84411-2d98-4c9b-b3ba-17d1bd0d19c7 - Start_Basic_Prices - 获取 000860 成功，新增 1485 条记录
[32m2026-02-21 22:07:54 +0800[0m - dagster - [34mDEBUG[0m - __ASSET_JOB - 3db84411-2d98-4c9b-b3ba-17d1bd0d19c7 - Start_Basic_Prices - 获取 000862 成功，新增 1479 条记录
[32m2026-02-21 22:07:55 +0800[0m - dagster - [34mDEBUG[0m - __ASSET_JOB - 3db84411-2d98-4c9b-b3ba-17d1bd0d19c7 - Start_Basic_Prices - 获取 000863 成功，新增 1480 条记录
[32m2026-02-21 22:07:55 +0800[0m - dagster - [34mDEBUG[0m - __ASSET_JOB - 3db84411-2d98-4c9b-b3ba-17d1bd0d19c7 - Start_Basic_Prices - 获取 000868 成功，新增 1483 条记录
[32m2026-02-21 22:07:56 +0800[0m - dagster - [34mDEBUG[0m - __ASSET_JOB - 3db84411-2d98-4c9b-b3ba-17d1bd0d19c7 - Start_Basic_Prices - 获取 000869 成功，新增 1485 条记录
[32m2026-02-21 22:07:56 +0800[0m - dagster - [34mDEBUG[0m - __ASSET_JOB - 3db84411-2d98-4c9b-b3ba-17d1bd0d19c7 - Start_Basic_Prices - 获取 000875 成功，新增 1475 条记录
[32m2026-02-21 22:07:57 +0800[0m - dagster - [34mDEBUG[0m - __ASSET_JOB - 3db84411-2d98-4c9b-b3ba-17d1bd0d19c7 - Start_Basic_Prices - 获取 000876 成功，新增 1485 条记录
[32m2026-02-21 22:07:57 +0800[0m - dagster - [34mDEBUG[0m - __ASSET_JOB - 3db84411-2d98-4c9b-b3ba-17d1bd0d19c7 - Start_Basic_Prices - 获取 000877 成功，新增 1474 条记录
[32m2026-02-21 22:07:58 +0800[0m - dagster - [34mDEBUG[0m - __ASSET_JOB - 3db84411-2d98-4c9b-b3ba-17d1bd0d19c7 - Start_Basic_Prices - 获取 000878 成功，新增 1476 条记录
[32m2026-02-21 22:07:58 +0800[0m - dagster - [34mDEBUG[0m - __ASSET_JOB - 3db84411-2d98-4c9b-b3ba-17d1bd0d19c7 - Start_Basic_Prices - 获取 000880 成功，新增 1475 条记录
[32m2026-02-21 22:07:58 +0800[0m - dagster - [34mDEBUG[0m - __ASSET_JOB - 3db84411-2d98-4c9b-b3ba-17d1bd0d19c7 - Start_Basic_Prices - 获取 000881 成功，新增 1477 条记录
[32m2026-02-21 22:07:59 +0800[0m - dagster - [34mDEBUG[0m - __ASSET_JOB - 3db84411-2d98-4c9b-b3ba-17d1bd0d19c7 - Start_Basic_Prices - 获取 000882 成功，新增 1485 条记录
[32m2026-02-21 22:07:59 +0800[0m - dagster - [34mDEBUG[0m - __ASSET_JOB - 3db84411-2d98-4c9b-b3ba-17d1bd0d19c7 - Start_Basic_Prices - 获取 000883 成功，新增 1485 条记录
[32m2026-02-21 22:08:00 +0800[0m - dagster - [34mDEBUG[0m - __ASSET_JOB - 3db84411-2d98-4c9b-b3ba-17d1bd0d19c7 - Start_Basic_Prices - 获取 000885 成功，新增 1469 条记录
[32m2026-02-21 22:08:00 +0800[0m - dagster - [34mDEBUG[0m - __ASSET_JOB - 3db84411-2d98-4c9b-b3ba-17d1bd0d19c7 - Start_Basic_Prices - 获取 000886 成功，新增 1485 条记录
[32m2026-02-21 22:08:01 +0800[0m - dagster - [34mDEBUG[0m - __ASSET_JOB - 3db84411-2d98-4c9b-b3ba-17d1bd0d19c7 - Start_Basic_Prices - 获取 000887 成功，新增 1485 条记录
[32m2026-02-21 22:08:01 +0800[0m - dagster - [34mDEBUG[0m - __ASSET_JOB - 3db84411-2d98-4c9b-b3ba-17d1bd0d19c7 - Start_Basic_Prices - 获取 000888 成功，新增 1485 条记录
[32m2026-02-21 22:08:02 +0800[0m - dagster - [34mDEBUG[0m - __ASSET_JOB - 3db84411-2d98-4c9b-b3ba-17d1bd0d19c7 - Start_Basic_Prices - 获取 000889 成功，新增 1483 条记录
[32m2026-02-21 22:08:02 +0800[0m - dagster - [34mDEBUG[0m - __ASSET_JOB - 3db84411-2d98-4c9b-b3ba-17d1bd0d19c7 - Start_Basic_Prices - 获取 000890 成功，新增 1483 条记录
[32m2026-02-21 22:08:03 +0800[0m - dagster - [34mDEBUG[0m - __ASSET_JOB - 3db84411-2d98-4c9b-b3ba-17d1bd0d19c7 - Start_Basic_Prices - 获取 000892 成功，新增 1485 条记录
[32m2026-02-21 22:08:03 +0800[0m - dagster - [34mDEBUG[0m - __ASSET_JOB - 3db84411-2d98-4c9b-b3ba-17d1bd0d19c7 - Start_Basic_Prices - 获取 000893 成功，新增 1474 条记录
[32m2026-02-21 22:08:04 +0800[0m - dagster - [34mDEBUG[0m - __ASSET_JOB - 3db84411-2d98-4c9b-b3ba-17d1bd0d19c7 - Start_Basic_Prices - 获取 000895 成功，新增 1485 条记录
[32m2026-02-21 22:08:04 +0800[0m - dagster - [34mDEBUG[0m - __ASSET_JOB - 3db84411-2d98-4c9b-b3ba-17d1bd0d19c7 - Start_Basic_Prices - 获取 000897 成功，新增 1484 条记录
[32m2026-02-21 22:08:05 +0800[0m - dagster - [34mDEBUG[0m - __ASSET_JOB - 3db84411-2d98-4c9b-b3ba-17d1bd0d19c7 - Start_Basic_Prices - 获取 000898 成功，新增 1485 条记录
[32m2026-02-21 22:08:05 +0800[0m - dagster - [34mDEBUG[0m - __ASSET_JOB - 3db84411-2d98-4c9b-b3ba-17d1bd0d19c7 - Start_Basic_Prices - 获取 000899 成功，新增 1480 条记录
[32m2026-02-21 22:08:06 +0800[0m - dagster - [34mDEBUG[0m - __ASSET_JOB - 3db84411-2d98-4c9b-b3ba-17d1bd0d19c7 - Start_Basic_Prices - 获取 000900 成功，新增 1485 条记录
[32m2026-02-21 22:08:06 +0800[0m - dagster - [34mDEBUG[0m - __ASSET_JOB - 3db84411-2d98-4c9b-b3ba-17d1bd0d19c7 - Start_Basic_Prices - 获取 000901 成功，新增 1479 条记录
[32m2026-02-21 22:08:06 +0800[0m - dagster - [34mDEBUG[0m - __ASSET_JOB - 3db84411-2d98-4c9b-b3ba-17d1bd0d19c7 - Start_Basic_Prices - 获取 000902 成功，新增 1485 条记录
[32m2026-02-21 22:08:07 +0800[0m - dagster - [34mDEBUG[0m - __ASSET_JOB - 3db84411-2d98-4c9b-b3ba-17d1bd0d19c7 - Start_Basic_Prices - 获取 000903 成功，新增 1484 条记录
[32m2026-02-21 22:08:07 +0800[0m - dagster - [34mDEBUG[0m - __ASSET_JOB - 3db84411-2d98-4c9b-b3ba-17d1bd0d19c7 - Start_Basic_Prices - 获取 000905 成功，新增 1480 条记录
[32m2026-02-21 22:08:08 +0800[0m - dagster - [34mINFO[0m - __ASSET_JOB - 3db84411-2d98-4c9b-b3ba-17d1bd0d19c7 - Start_Basic_Prices - 批次写入完成，新增 74095 行
[32m2026-02-21 22:08:10 +0800[0m - dagster - [34mINFO[0m - __ASSET_JOB - 3db84411-2d98-4c9b-b3ba-17d1bd0d19c7 - Start_Basic_Prices - 处理批次 8/110
[32m2026-02-21 22:08:10 +0800[0m - dagster - [34mDEBUG[0m - __ASSET_JOB - 3db84411-2d98-4c9b-b3ba-17d1bd0d19c7 - Start_Basic_Prices - 获取 000906 成功，新增 1471 条记录
[32m2026-02-21 22:08:10 +0800[0m - dagster - [34mDEBUG[0m - __ASSET_JOB - 3db84411-2d98-4c9b-b3ba-17d1bd0d19c7 - Start_Basic_Prices - 获取 000908 成功，新增 1479 条记录
[32m2026-02-21 22:08:11 +0800[0m - dagster - [34mDEBUG[0m - __ASSET_JOB - 3db84411-2d98-4c9b-b3ba-17d1bd0d19c7 - Start_Basic_Prices - 获取 000909 成功，新增 1483 条记录
[32m2026-02-21 22:08:11 +0800[0m - dagster - [34mDEBUG[0m - __ASSET_JOB - 3db84411-2d98-4c9b-b3ba-17d1bd0d19c7 - Start_Basic_Prices - 获取 000910 成功，新增 1485 条记录
[32m2026-02-21 22:08:12 +0800[0m - dagster - [34mDEBUG[0m - __ASSET_JOB - 3db84411-2d98-4c9b-b3ba-17d1bd0d19c7 - Start_Basic_Prices - 获取 000911 成功，新增 1483 条记录
[32m2026-02-21 22:08:12 +0800[0m - dagster - [34mDEBUG[0m - __ASSET_JOB - 3db84411-2d98-4c9b-b3ba-17d1bd0d19c7 - Start_Basic_Prices - 获取 000912 成功，新增 1485 条记录
[32m2026-02-21 22:08:13 +0800[0m - dagster - [34mDEBUG[0m - __ASSET_JOB - 3db84411-2d98-4c9b-b3ba-17d1bd0d19c7 - Start_Basic_Prices - 获取 000913 成功，新增 1485 条记录
[32m2026-02-21 22:08:13 +0800[0m - dagster - [34mDEBUG[0m - __ASSET_JOB - 3db84411-2d98-4c9b-b3ba-17d1bd0d19c7 - Start_Basic_Prices - 获取 000915 成功，新增 1485 条记录
[32m2026-02-21 22:08:13 +0800[0m - dagster - [34mDEBUG[0m - __ASSET_JOB - 3db84411-2d98-4c9b-b3ba-17d1bd0d19c7 - Start_Basic_Prices - 获取 000917 成功，新增 1485 条记录
[32m2026-02-21 22:08:14 +0800[0m - dagster - [34mDEBUG[0m - __ASSET_JOB - 3db84411-2d98-4c9b-b3ba-17d1bd0d19c7 - Start_Basic_Prices - 获取 000919 成功，新增 1485 条记录
[32m2026-02-21 22:08:14 +0800[0m - dagster - [34mDEBUG[0m - __ASSET_JOB - 3db84411-2d98-4c9b-b3ba-17d1bd0d19c7 - Start_Basic_Prices - 获取 000920 成功，新增 1485 条记录
[32m2026-02-21 22:08:15 +0800[0m - dagster - [34mDEBUG[0m - __ASSET_JOB - 3db84411-2d98-4c9b-b3ba-17d1bd0d19c7 - Start_Basic_Prices - 获取 000921 成功，新增 1485 条记录
[32m2026-02-21 22:08:15 +0800[0m - dagster - [34mDEBUG[0m - __ASSET_JOB - 3db84411-2d98-4c9b-b3ba-17d1bd0d19c7 - Start_Basic_Prices - 获取 000922 成功，新增 1485 条记录
[32m2026-02-21 22:08:16 +0800[0m - dagster - [34mDEBUG[0m - __ASSET_JOB - 3db84411-2d98-4c9b-b3ba-17d1bd0d19c7 - Start_Basic_Prices - 获取 000923 成功，新增 1485 条记录
[32m2026-02-21 22:08:16 +0800[0m - dagster - [34mDEBUG[0m - __ASSET_JOB - 3db84411-2d98-4c9b-b3ba-17d1bd0d19c7 - Start_Basic_Prices - 获取 000925 成功，新增 1485 条记录
[32m2026-02-21 22:08:17 +0800[0m - dagster - [34mDEBUG[0m - __ASSET_JOB - 3db84411-2d98-4c9b-b3ba-17d1bd0d19c7 - Start_Basic_Prices - 获取 000926 成功，新增 1485 条记录
[32m2026-02-21 22:08:17 +0800[0m - dagster - [34mDEBUG[0m - __ASSET_JOB - 3db84411-2d98-4c9b-b3ba-17d1bd0d19c7 - Start_Basic_Prices - 获取 000927 成功，新增 1478 条记录
[32m2026-02-21 22:08:17 +0800[0m - dagster - [34mDEBUG[0m - __ASSET_JOB - 3db84411-2d98-4c9b-b3ba-17d1bd0d19c7 - Start_Basic_Prices - 获取 000928 成功，新增 1485 条记录
[32m2026-02-21 22:08:18 +0800[0m - dagster - [34mDEBUG[0m - __ASSET_JOB - 3db84411-2d98-4c9b-b3ba-17d1bd0d19c7 - Start_Basic_Prices - 获取 000929 成功，新增 1479 条记录
[32m2026-02-21 22:08:18 +0800[0m - dagster - [34mDEBUG[0m - __ASSET_JOB - 3db84411-2d98-4c9b-b3ba-17d1bd0d19c7 - Start_Basic_Prices - 获取 000930 成功，新增 1485 条记录
[32m2026-02-21 22:08:19 +0800[0m - dagster - [34mDEBUG[0m - __ASSET_JOB - 3db84411-2d98-4c9b-b3ba-17d1bd0d19c7 - Start_Basic_Prices - 获取 000931 成功，新增 1485 条记录
[32m2026-02-21 22:08:19 +0800[0m - dagster - [34mDEBUG[0m - __ASSET_JOB - 3db84411-2d98-4c9b-b3ba-17d1bd0d19c7 - Start_Basic_Prices - 获取 000932 成功，新增 1485 条记录
[32m2026-02-21 22:08:20 +0800[0m - dagster - [34mDEBUG[0m - __ASSET_JOB - 3db84411-2d98-4c9b-b3ba-17d1bd0d19c7 - Start_Basic_Prices - 获取 000933 成功，新增 1475 条记录
[32m2026-02-21 22:08:20 +0800[0m - dagster - [34mDEBUG[0m - __ASSET_JOB - 3db84411-2d98-4c9b-b3ba-17d1bd0d19c7 - Start_Basic_Prices - 获取 000935 成功，新增 1485 条记录
[32m2026-02-21 22:08:21 +0800[0m - dagster - [34mDEBUG[0m - __ASSET_JOB - 3db84411-2d98-4c9b-b3ba-17d1bd0d19c7 - Start_Basic_Prices - 获取 000936 成功，新增 1485 条记录
[32m2026-02-21 22:08:21 +0800[0m - dagster - [34mDEBUG[0m - __ASSET_JOB - 3db84411-2d98-4c9b-b3ba-17d1bd0d19c7 - Start_Basic_Prices - 获取 000937 成功，新增 1485 条记录
[32m2026-02-21 22:08:21 +0800[0m - dagster - [34mDEBUG[0m - __ASSET_JOB - 3db84411-2d98-4c9b-b3ba-17d1bd0d19c7 - Start_Basic_Prices - 获取 000938 成功，新增 1485 条记录
[32m2026-02-21 22:08:22 +0800[0m - dagster - [34mDEBUG[0m - __ASSET_JOB - 3db84411-2d98-4c9b-b3ba-17d1bd0d19c7 - Start_Basic_Prices - 获取 000948 成功，新增 1485 条记录
[32m2026-02-21 22:08:22 +0800[0m - dagster - [34mDEBUG[0m - __ASSET_JOB - 3db84411-2d98-4c9b-b3ba-17d1bd0d19c7 - Start_Basic_Prices - 获取 000949 成功，新增 1485 条记录
[32m2026-02-21 22:08:23 +0800[0m - dagster - [34mDEBUG[0m - __ASSET_JOB - 3db84411-2d98-4c9b-b3ba-17d1bd0d19c7 - Start_Basic_Prices - 获取 000950 成功，新增 1485 条记录
[32m2026-02-21 22:08:23 +0800[0m - dagster - [34mDEBUG[0m - __ASSET_JOB - 3db84411-2d98-4c9b-b3ba-17d1bd0d19c7 - Start_Basic_Prices - 获取 000951 成功，新增 1485 条记录
[32m2026-02-21 22:08:24 +0800[0m - dagster - [34mDEBUG[0m - __ASSET_JOB - 3db84411-2d98-4c9b-b3ba-17d1bd0d19c7 - Start_Basic_Prices - 获取 000952 成功，新增 1485 条记录
[32m2026-02-21 22:08:24 +0800[0m - dagster - [34mDEBUG[0m - __ASSET_JOB - 3db84411-2d98-4c9b-b3ba-17d1bd0d19c7 - Start_Basic_Prices - 获取 000953 成功，新增 1479 条记录
[32m2026-02-21 22:08:25 +0800[0m - dagster - [34mDEBUG[0m - __ASSET_JOB - 3db84411-2d98-4c9b-b3ba-17d1bd0d19c7 - Start_Basic_Prices - 获取 000955 成功，新增 1485 条记录
[32m2026-02-21 22:08:25 +0800[0m - dagster - [34mDEBUG[0m - __ASSET_JOB - 3db84411-2d98-4c9b-b3ba-17d1bd0d19c7 - Start_Basic_Prices - 获取 000957 成功，新增 1470 条记录
[32m2026-02-21 22:08:25 +0800[0m - dagster - [34mDEBUG[0m - __ASSET_JOB - 3db84411-2d98-4c9b-b3ba-17d1bd0d19c7 - Start_Basic_Prices - 获取 000958 成功，新增 1475 条记录
[32m2026-02-21 22:08:26 +0800[0m - dagster - [34mDEBUG[0m - __ASSET_JOB - 3db84411-2d98-4c9b-b3ba-17d1bd0d19c7 - Start_Basic_Prices - 获取 000959 成功，新增 1463 条记录
[32m2026-02-21 22:08:26 +0800[0m - dagster - [34mDEBUG[0m - __ASSET_JOB - 3db84411-2d98-4c9b-b3ba-17d1bd0d19c7 - Start_Basic_Prices - 获取 000960 成功，新增 1485 条记录
[32m2026-02-21 22:08:27 +0800[0m - dagster - [34mDEBUG[0m - __ASSET_JOB - 3db84411-2d98-4c9b-b3ba-17d1bd0d19c7 - Start_Basic_Prices - 获取 000962 成功，新增 1485 条记录
[32m2026-02-21 22:08:27 +0800[0m - dagster - [34mDEBUG[0m - __ASSET_JOB - 3db84411-2d98-4c9b-b3ba-17d1bd0d19c7 - Start_Basic_Prices - 获取 000963 成功，新增 1485 条记录
[32m2026-02-21 22:08:28 +0800[0m - dagster - [34mDEBUG[0m - __ASSET_JOB - 3db84411-2d98-4c9b-b3ba-17d1bd0d19c7 - Start_Basic_Prices - 获取 000965 成功，新增 1485 条记录
[32m2026-02-21 22:08:28 +0800[0m - dagster - [34mDEBUG[0m - __ASSET_JOB - 3db84411-2d98-4c9b-b3ba-17d1bd0d19c7 - Start_Basic_Prices - 获取 000966 成功，新增 1474 条记录
[32m2026-02-21 22:08:28 +0800[0m - dagster - [34mDEBUG[0m - __ASSET_JOB - 3db84411-2d98-4c9b-b3ba-17d1bd0d19c7 - Start_Basic_Prices - 获取 000967 成功，新增 1485 条记录
[32m2026-02-21 22:08:29 +0800[0m - dagster - [34mDEBUG[0m - __ASSET_JOB - 3db84411-2d98-4c9b-b3ba-17d1bd0d19c7 - Start_Basic_Prices - 获取 000968 成功，新增 1485 条记录
[32m2026-02-21 22:08:29 +0800[0m - dagster - [34mDEBUG[0m - __ASSET_JOB - 3db84411-2d98-4c9b-b3ba-17d1bd0d19c7 - Start_Basic_Prices - 获取 000969 成功，新增 1485 条记录
[32m2026-02-21 22:08:30 +0800[0m - dagster - [34mDEBUG[0m - __ASSET_JOB - 3db84411-2d98-4c9b-b3ba-17d1bd0d19c7 - Start_Basic_Prices - 获取 000970 成功，新增 1479 条记录
[32m2026-02-21 22:08:30 +0800[0m - dagster - [34mDEBUG[0m - __ASSET_JOB - 3db84411-2d98-4c9b-b3ba-17d1bd0d19c7 - Start_Basic_Prices - 获取 000972 成功，新增 1462 条记录
[32m2026-02-21 22:08:31 +0800[0m - dagster - [34mDEBUG[0m - __ASSET_JOB - 3db84411-2d98-4c9b-b3ba-17d1bd0d19c7 - Start_Basic_Prices - 获取 000973 成功，新增 1475 条记录
[32m2026-02-21 22:08:31 +0800[0m - dagster - [34mDEBUG[0m - __ASSET_JOB - 3db84411-2d98-4c9b-b3ba-17d1bd0d19c7 - Start_Basic_Prices - 获取 000975 成功，新增 1480 条记录
[32m2026-02-21 22:08:31 +0800[0m - dagster - [34mDEBUG[0m - __ASSET_JOB - 3db84411-2d98-4c9b-b3ba-17d1bd0d19c7 - Start_Basic_Prices - 获取 000977 成功，新增 1479 条记录
[32m2026-02-21 22:08:32 +0800[0m - dagster - [34mINFO[0m - __ASSET_JOB - 3db84411-2d98-4c9b-b3ba-17d1bd0d19c7 - Start_Basic_Prices - 批次写入完成，新增 74089 行
[32m2026-02-21 22:08:34 +0800[0m - dagster - [34mINFO[0m - __ASSET_JOB - 3db84411-2d98-4c9b-b3ba-17d1bd0d19c7 - Start_Basic_Prices - 处理批次 9/110
[32m2026-02-21 22:08:34 +0800[0m - dagster - [34mDEBUG[0m - __ASSET_JOB - 3db84411-2d98-4c9b-b3ba-17d1bd0d19c7 - Start_Basic_Prices - 获取 000978 成功，新增 1485 条记录
[32m2026-02-21 22:08:34 +0800[0m - dagster - [34mDEBUG[0m - __ASSET_JOB - 3db84411-2d98-4c9b-b3ba-17d1bd0d19c7 - Start_Basic_Prices - 获取 000980 成功，新增 1467 条记录
[32m2026-02-21 22:08:35 +0800[0m - dagster - [34mDEBUG[0m - __ASSET_JOB - 3db84411-2d98-4c9b-b3ba-17d1bd0d19c7 - Start_Basic_Prices - 获取 000981 成功，新增 1474 条记录
[32m2026-02-21 22:08:35 +0800[0m - dagster - [34mDEBUG[0m - __ASSET_JOB - 3db84411-2d98-4c9b-b3ba-17d1bd0d19c7 - Start_Basic_Prices - 获取 000983 成功，新增 1475 条记录
[32m2026-02-21 22:08:36 +0800[0m - dagster - [34mDEBUG[0m - __ASSET_JOB - 3db84411-2d98-4c9b-b3ba-17d1bd0d19c7 - Start_Basic_Prices - 获取 000985 成功，新增 1485 条记录
[32m2026-02-21 22:08:36 +0800[0m - dagster - [34mDEBUG[0m - __ASSET_JOB - 3db84411-2d98-4c9b-b3ba-17d1bd0d19c7 - Start_Basic_Prices - 获取 000987 成功，新增 1485 条记录
[32m2026-02-21 22:08:37 +0800[0m - dagster - [34mDEBUG[0m - __ASSET_JOB - 3db84411-2d98-4c9b-b3ba-17d1bd0d19c7 - Start_Basic_Prices - 获取 000988 成功，新增 1485 条记录
[32m2026-02-21 22:08:37 +0800[0m - dagster - [34mDEBUG[0m - __ASSET_JOB - 3db84411-2d98-4c9b-b3ba-17d1bd0d19c7 - Start_Basic_Prices - 获取 000989 成功，新增 1483 条记录
[32m2026-02-21 22:08:38 +0800[0m - dagster - [34mDEBUG[0m - __ASSET_JOB - 3db84411-2d98-4c9b-b3ba-17d1bd0d19c7 - Start_Basic_Prices - 获取 000990 成功，新增 1485 条记录
[32m2026-02-21 22:08:38 +0800[0m - dagster - [34mDEBUG[0m - __ASSET_JOB - 3db84411-2d98-4c9b-b3ba-17d1bd0d19c7 - Start_Basic_Prices - 获取 000993 成功，新增 1485 条记录
[32m2026-02-21 22:08:38 +0800[0m - dagster - [34mDEBUG[0m - __ASSET_JOB - 3db84411-2d98-4c9b-b3ba-17d1bd0d19c7 - Start_Basic_Prices - 获取 000995 成功，新增 1252 条记录
[32m2026-02-21 22:08:39 +0800[0m - dagster - [34mDEBUG[0m - __ASSET_JOB - 3db84411-2d98-4c9b-b3ba-17d1bd0d19c7 - Start_Basic_Prices - 获取 000997 成功，新增 1485 条记录
[32m2026-02-21 22:08:39 +0800[0m - dagster - [34mDEBUG[0m - __ASSET_JOB - 3db84411-2d98-4c9b-b3ba-17d1bd0d19c7 - Start_Basic_Prices - 获取 000998 成功，新增 1485 条记录
[32m2026-02-21 22:08:40 +0800[0m - dagster - [34mDEBUG[0m - __ASSET_JOB - 3db84411-2d98-4c9b-b3ba-17d1bd0d19c7 - Start_Basic_Prices - 获取 000999 成功，新增 1485 条记录
[32m2026-02-21 22:08:40 +0800[0m - dagster - [34mDEBUG[0m - __ASSET_JOB - 3db84411-2d98-4c9b-b3ba-17d1bd0d19c7 - Start_Basic_Prices - 获取 001201 成功，新增 1166 条记录
[32m2026-02-21 22:08:41 +0800[0m - dagster - [34mDEBUG[0m - __ASSET_JOB - 3db84411-2d98-4c9b-b3ba-17d1bd0d19c7 - Start_Basic_Prices - 获取 001202 成功，新增 1165 条记录
[32m2026-02-21 22:08:41 +0800[0m - dagster - [34mDEBUG[0m - __ASSET_JOB - 3db84411-2d98-4c9b-b3ba-17d1bd0d19c7 - Start_Basic_Prices - 获取 001203 成功，新增 1161 条记录
[32m2026-02-21 22:08:41 +0800[0m - dagster - [34mDEBUG[0m - __ASSET_JOB - 3db84411-2d98-4c9b-b3ba-17d1bd0d19c7 - Start_Basic_Prices - 获取 001205 成功，新增 1158 条记录
[32m2026-02-21 22:08:42 +0800[0m - dagster - [34mDEBUG[0m - __ASSET_JOB - 3db84411-2d98-4c9b-b3ba-17d1bd0d19c7 - Start_Basic_Prices - 获取 001206 成功，新增 1146 条记录
[32m2026-02-21 22:08:42 +0800[0m - dagster - [34mDEBUG[0m - __ASSET_JOB - 3db84411-2d98-4c9b-b3ba-17d1bd0d19c7 - Start_Basic_Prices - 获取 001207 成功，新增 1130 条记录
[32m2026-02-21 22:08:43 +0800[0m - dagster - [34mDEBUG[0m - __ASSET_JOB - 3db84411-2d98-4c9b-b3ba-17d1bd0d19c7 - Start_Basic_Prices - 获取 001208 成功，新增 1129 条记录
[32m2026-02-21 22:08:43 +0800[0m - dagster - [34mDEBUG[0m - __ASSET_JOB - 3db84411-2d98-4c9b-b3ba-17d1bd0d19c7 - Start_Basic_Prices - 获取 001209 成功，新增 1108 条记录
[32m2026-02-21 22:08:44 +0800[0m - dagster - [34mDEBUG[0m - __ASSET_JOB - 3db84411-2d98-4c9b-b3ba-17d1bd0d19c7 - Start_Basic_Prices - 获取 001210 成功，新增 1104 条记录
[32m2026-02-21 22:08:44 +0800[0m - dagster - [34mDEBUG[0m - __ASSET_JOB - 3db84411-2d98-4c9b-b3ba-17d1bd0d19c7 - Start_Basic_Prices - 获取 001211 成功，新增 1099 条记录
[32m2026-02-21 22:08:44 +0800[0m - dagster - [34mDEBUG[0m - __ASSET_JOB - 3db84411-2d98-4c9b-b3ba-17d1bd0d19c7 - Start_Basic_Prices - 获取 001212 成功，新增 1085 条记录
[32m2026-02-21 22:08:45 +0800[0m - dagster - [34mDEBUG[0m - __ASSET_JOB - 3db84411-2d98-4c9b-b3ba-17d1bd0d19c7 - Start_Basic_Prices - 获取 001213 成功，新增 1075 条记录
[32m2026-02-21 22:08:45 +0800[0m - dagster - [34mDEBUG[0m - __ASSET_JOB - 3db84411-2d98-4c9b-b3ba-17d1bd0d19c7 - Start_Basic_Prices - 获取 001215 成功，新增 1077 条记录
[32m2026-02-21 22:08:46 +0800[0m - dagster - [34mDEBUG[0m - __ASSET_JOB - 3db84411-2d98-4c9b-b3ba-17d1bd0d19c7 - Start_Basic_Prices - 获取 001216 成功，新增 1053 条记录
[32m2026-02-21 22:08:46 +0800[0m - dagster - [34mDEBUG[0m - __ASSET_JOB - 3db84411-2d98-4c9b-b3ba-17d1bd0d19c7 - Start_Basic_Prices - 获取 001217 成功，新增 1062 条记录
[32m2026-02-21 22:08:47 +0800[0m - dagster - [34mDEBUG[0m - __ASSET_JOB - 3db84411-2d98-4c9b-b3ba-17d1bd0d19c7 - Start_Basic_Prices - 获取 001218 成功，新增 1055 条记录
[32m2026-02-21 22:08:47 +0800[0m - dagster - [34mDEBUG[0m - __ASSET_JOB - 3db84411-2d98-4c9b-b3ba-17d1bd0d19c7 - Start_Basic_Prices - 获取 001219 成功，新增 1051 条记录
[32m2026-02-21 22:08:47 +0800[0m - dagster - [34mDEBUG[0m - __ASSET_JOB - 3db84411-2d98-4c9b-b3ba-17d1bd0d19c7 - Start_Basic_Prices - 获取 001220 成功，新增 9 条记录
[32m2026-02-21 22:08:48 +0800[0m - dagster - [34mDEBUG[0m - __ASSET_JOB - 3db84411-2d98-4c9b-b3ba-17d1bd0d19c7 - Start_Basic_Prices - 获取 001221 成功，新增 135 条记录
[32m2026-02-21 22:08:48 +0800[0m - dagster - [34mDEBUG[0m - __ASSET_JOB - 3db84411-2d98-4c9b-b3ba-17d1bd0d19c7 - Start_Basic_Prices - 获取 001222 成功，新增 848 条记录
[32m2026-02-21 22:08:49 +0800[0m - dagster - [34mDEBUG[0m - __ASSET_JOB - 3db84411-2d98-4c9b-b3ba-17d1bd0d19c7 - Start_Basic_Prices - 获取 001223 成功，新增 772 条记录
[32m2026-02-21 22:08:49 +0800[0m - dagster - [34mDEBUG[0m - __ASSET_JOB - 3db84411-2d98-4c9b-b3ba-17d1bd0d19c7 - Start_Basic_Prices - 获取 001225 成功，新增 726 条记录
[32m2026-02-21 22:08:49 +0800[0m - dagster - [34mERROR[0m - [31m__ASSET_JOB - 3db84411-2d98-4c9b-b3ba-17d1bd0d19c7 - 40698 - Start_Basic_Prices - STEP_FAILURE - Execution of step "Start_Basic_Prices" failed.

dagster._core.errors.DagsterExecutionInterruptedError

Stack Trace:
  File "/Users/sheng/Desktop/Quant/a-stock/.venv/lib/python3.12/site-packages/dagster/_core/execution/plan/execute_plan.py", line 247, in dagster_event_sequence_for_step
    yield from check.generator(step_events)
  File "/Users/sheng/Desktop/Quant/a-stock/.venv/lib/python3.12/site-packages/dagster/_core/execution/plan/execute_step.py", line 505, in core_dagster_event_sequence_for_step
    for user_event in _step_output_error_checked_user_event_sequence(
                      ^^^^^^^^^^^^^^^^^^^^^^^^^^^^^^^^^^^^^^^^^^^^^^^
  File "/Users/sheng/Desktop/Quant/a-stock/.venv/lib/python3.12/site-packages/dagster/_core/execution/plan/execute_step.py", line 184, in _step_output_error_checked_user_event_sequence
    for user_event in user_event_sequence:
                      ^^^^^^^^^^^^^^^^^^^
  File "/Users/sheng/Desktop/Quant/a-stock/.venv/lib/python3.12/site-packages/dagster/_core/execution/plan/execute_step.py", line 88, in _process_asset_results_to_events
    for user_event in user_event_sequence:
                      ^^^^^^^^^^^^^^^^^^^
  File "/Users/sheng/Desktop/Quant/a-stock/.venv/lib/python3.12/site-packages/dagster/_core/execution/plan/compute.py", line 188, in execute_core_compute
    for step_output in _yield_compute_results(step_context, inputs, compute_fn, compute_context):
                       ^^^^^^^^^^^^^^^^^^^^^^^^^^^^^^^^^^^^^^^^^^^^^^^^^^^^^^^^^^^^^^^^^^^^^^^^^
  File "/Users/sheng/Desktop/Quant/a-stock/.venv/lib/python3.12/site-packages/dagster/_core/execution/plan/compute.py", line 157, in _yield_compute_results
    for event in iterate_with_context(
                 ^^^^^^^^^^^^^^^^^^^^^
  File "/Users/sheng/Desktop/Quant/a-stock/.venv/lib/python3.12/site-packages/dagster/_utils/__init__.py", line 394, in iterate_with_context
    next_output = next(iterator)
                  ^^^^^^^^^^^^^^
  File "/Users/sheng/Desktop/Quant/a-stock/.venv/lib/python3.12/site-packages/dagster/_core/execution/plan/compute_generator.py", line 135, in _coerce_op_compute_fn_to_iterator
    result = invoke_compute_fn(
             ^^^^^^^^^^^^^^^^^^
  File "/Users/sheng/Desktop/Quant/a-stock/.venv/lib/python3.12/site-packages/dagster/_core/execution/plan/compute_generator.py", line 115, in invoke_compute_fn
    return fn(context, **args_to_pass) if context_arg_provided else fn(**args_to_pass)
           ^^^^^^^^^^^^^^^^^^^^^^^^^^^
  File "/Users/sheng/Desktop/Quant/a-stock/src/basic/assets/data_ingestion/start_price.py", line 127, in Start_Basic_Prices
    total_rows += batch_size_rows
    ^^^^^^^^^^^^^^^
  File "/Users/sheng/Desktop/Quant/a-stock/.venv/lib/python3.12/site-packages/dagster/_utils/interrupts.py", line 81, in _new_signal_handler
    raise error_cls()
[0m
