[32m2026-02-21 22:00:59 +0800[0m - dagster - [34mDEBUG[0m - __ASSET_JOB - 9320dfd3-c584-4ac8-a8f3-cb56437dd960 - 39880 - LOGS_CAPTURED - Started capturing logs in process (pid: 39880).
[32m2026-02-21 22:00:59 +0800[0m - dagster - [34mDEBUG[0m - __ASSET_JOB - 9320dfd3-c584-4ac8-a8f3-cb56437dd960 - 39880 - Start_Basic_Prices - STEP_START - Started execution of step "Start_Basic_Prices".
[32m2026-02-21 22:00:59 +0800[0m - dagster - [34mINFO[0m - __ASSET_JOB - 9320dfd3-c584-4ac8-a8f3-cb56437dd960 - Start_Basic_Prices - 开始创建日线数据
[32m2026-02-21 22:00:59 +0800[0m - dagster - [34mERROR[0m - [31m__ASSET_JOB - 9320dfd3-c584-4ac8-a8f3-cb56437dd960 - 39880 - Start_Basic_Prices - STEP_FAILURE - Execution of step "Start_Basic_Prices" failed.

dagster._core.errors.DagsterExecutionStepExecutionError: Error occurred while executing op "Start_Basic_Prices"::

_duckdb.ParserException: Parser Error: syntax error at or near "?"

LINE 1: DROP TABLE IF EXISTS ?
                             ^

Stack Trace:
  File "/Users/sheng/Desktop/Quant/a-stock/.venv/lib/python3.12/site-packages/dagster/_core/execution/plan/utils.py", line 57, in op_execution_error_boundary
    yield
  File "/Users/sheng/Desktop/Quant/a-stock/.venv/lib/python3.12/site-packages/dagster/_utils/__init__.py", line 394, in iterate_with_context
    next_output = next(iterator)
                  ^^^^^^^^^^^^^^
  File "/Users/sheng/Desktop/Quant/a-stock/.venv/lib/python3.12/site-packages/dagster/_core/execution/plan/compute_generator.py", line 135, in _coerce_op_compute_fn_to_iterator
    result = invoke_compute_fn(
             ^^^^^^^^^^^^^^^^^^
  File "/Users/sheng/Desktop/Quant/a-stock/.venv/lib/python3.12/site-packages/dagster/_core/execution/plan/compute_generator.py", line 115, in invoke_compute_fn
    return fn(context, **args_to_pass) if context_arg_provided else fn(**args_to_pass)
           ^^^^^^^^^^^^^^^^^^^^^^^^^^^
  File "/Users/sheng/Desktop/Quant/a-stock/src/basic/assets/data_ingestion/start_price.py", line 26, in Start_Basic_Prices
    db = db.reset_tables(table_name = 'basic_daily_prices', drop_data=True)
         ^^^^^^^^^^^^^^^^^^^^^^^^^^^^^^^^^^^^^^^^^^^^^^^^^^^^^^^^^^^^^^^^^^
  File "/Users/sheng/Desktop/Quant/a-stock/resources/duckdb_io.py", line 81, in reset_tables
    self._conn.execute("DROP TABLE IF EXISTS ?",[table_name])
[0m
