[32m2026-02-21 01:14:37 +0800[0m - dagster - [34mDEBUG[0m - Daily_Data_Ingestion_Job - 03920d38-9778-4ba0-8ca5-d8c0c5828bb7 - 69958 - LOGS_CAPTURED - Started capturing logs in process (pid: 69958).
[32m2026-02-21 01:14:37 +0800[0m - dagster - [34mDEBUG[0m - Daily_Data_Ingestion_Job - 03920d38-9778-4ba0-8ca5-d8c0c5828bb7 - 69958 - Daily_New_Stocks - STEP_START - Started execution of step "Daily_New_Stocks".
[32m2026-02-21 01:14:37 +0800[0m - dagster - [34mINFO[0m - Daily_Data_Ingestion_Job - 03920d38-9778-4ba0-8ca5-d8c0c5828bb7 - Daily_New_Stocks - 开始检测新上市的股票...
  0%|          | 0/15 [00:00<?, ?it/s]  7%|▋         | 1/15 [00:00<00:03,  4.09it/s] 13%|█▎        | 2/15 [00:00<00:02,  4.49it/s] 20%|██        | 3/15 [00:00<00:02,  4.65it/s] 27%|██▋       | 4/15 [00:00<00:02,  4.66it/s] 33%|███▎      | 5/15 [00:01<00:02,  4.46it/s] 40%|████      | 6/15 [00:01<00:02,  4.47it/s] 47%|████▋     | 7/15 [00:01<00:01,  4.60it/s] 53%|█████▎    | 8/15 [00:01<00:01,  4.43it/s] 60%|██████    | 9/15 [00:01<00:01,  4.53it/s] 67%|██████▋   | 10/15 [00:02<00:01,  4.66it/s] 73%|███████▎  | 11/15 [00:02<00:00,  4.49it/s] 80%|████████  | 12/15 [00:02<00:00,  4.46it/s] 87%|████████▋ | 13/15 [00:02<00:00,  4.44it/s] 93%|█████████▎| 14/15 [00:03<00:00,  4.13it/s]100%|██████████| 15/15 [00:03<00:00,  4.23it/s]                                               [32m2026-02-21 01:14:44 +0800[0m - dagster - [34mINFO[0m - Daily_Data_Ingestion_Job - 03920d38-9778-4ba0-8ca5-d8c0c5828bb7 - Daily_New_Stocks - 发现 44 只股票名称变更
[32m2026-02-21 01:14:44 +0800[0m - dagster - [34mINFO[0m - Daily_Data_Ingestion_Job - 03920d38-9778-4ba0-8ca5-d8c0c5828bb7 - Daily_New_Stocks - ✅ 成功更新 44 只股票名称
[32m2026-02-21 01:14:44 +0800[0m - dagster - [34mINFO[0m - Daily_Data_Ingestion_Job - 03920d38-9778-4ba0-8ca5-d8c0c5828bb7 - Daily_New_Stocks - 今日没有新上市的股票
[32m2026-02-21 01:14:44 +0800[0m - dagster - [34mDEBUG[0m - Daily_Data_Ingestion_Job - 03920d38-9778-4ba0-8ca5-d8c0c5828bb7 - 69958 - Daily_New_Stocks - STEP_OUTPUT - Yielded output "result" of type "DataFrame". (Type check passed).
[32m2026-02-21 01:14:44 +0800[0m - dagster - [34mDEBUG[0m - Daily_Data_Ingestion_Job - 03920d38-9778-4ba0-8ca5-d8c0c5828bb7 - Daily_New_Stocks - Writing file at: /Users/sheng/Desktop/Quant/a-stock/.tmp_dagster_home_h5bm7zdw/storage/Daily_New_Stocks using PickledObjectFilesystemIOManager...
[32m2026-02-21 01:14:44 +0800[0m - dagster - [34mDEBUG[0m - Daily_Data_Ingestion_Job - 03920d38-9778-4ba0-8ca5-d8c0c5828bb7 - 69958 - Daily_New_Stocks - ASSET_MATERIALIZATION - Materialized value Daily_New_Stocks.
[32m2026-02-21 01:14:44 +0800[0m - dagster - [34mDEBUG[0m - Daily_Data_Ingestion_Job - 03920d38-9778-4ba0-8ca5-d8c0c5828bb7 - 69958 - Daily_New_Stocks - HANDLED_OUTPUT - Handled output "result" using IO manager "io_manager"
[32m2026-02-21 01:14:44 +0800[0m - dagster - [34mDEBUG[0m - Daily_Data_Ingestion_Job - 03920d38-9778-4ba0-8ca5-d8c0c5828bb7 - 69958 - Daily_New_Stocks - STEP_SUCCESS - Finished execution of step "Daily_New_Stocks" in 6.27s.
[32m2026-02-21 01:14:44 +0800[0m - dagster - [34mDEBUG[0m - Daily_Data_Ingestion_Job - 03920d38-9778-4ba0-8ca5-d8c0c5828bb7 - 69958 - Daily_Delisted_Stocks - STEP_START - Started execution of step "Daily_Delisted_Stocks".
[32m2026-02-21 01:14:44 +0800[0m - dagster - [34mINFO[0m - Daily_Data_Ingestion_Job - 03920d38-9778-4ba0-8ca5-d8c0c5828bb7 - Daily_Delisted_Stocks - 开始检测退市的股票...
[32m2026-02-21 01:14:44 +0800[0m - dagster - [34mINFO[0m - Daily_Data_Ingestion_Job - 03920d38-9778-4ba0-8ca5-d8c0c5828bb7 - Daily_Delisted_Stocks - ✅ 退市信息更新完成
[32m2026-02-21 01:14:44 +0800[0m - dagster - [34mDEBUG[0m - Daily_Data_Ingestion_Job - 03920d38-9778-4ba0-8ca5-d8c0c5828bb7 - 69958 - Daily_Delisted_Stocks - STEP_OUTPUT - Yielded output "result" of type "DataFrame". (Type check passed).
[32m2026-02-21 01:14:44 +0800[0m - dagster - [34mDEBUG[0m - Daily_Data_Ingestion_Job - 03920d38-9778-4ba0-8ca5-d8c0c5828bb7 - Daily_Delisted_Stocks - Writing file at: /Users/sheng/Desktop/Quant/a-stock/.tmp_dagster_home_h5bm7zdw/storage/Daily_Delisted_Stocks using PickledObjectFilesystemIOManager...
[32m2026-02-21 01:14:44 +0800[0m - dagster - [34mDEBUG[0m - Daily_Data_Ingestion_Job - 03920d38-9778-4ba0-8ca5-d8c0c5828bb7 - 69958 - Daily_Delisted_Stocks - ASSET_MATERIALIZATION - Materialized value Daily_Delisted_Stocks.
[32m2026-02-21 01:14:44 +0800[0m - dagster - [34mDEBUG[0m - Daily_Data_Ingestion_Job - 03920d38-9778-4ba0-8ca5-d8c0c5828bb7 - 69958 - Daily_Delisted_Stocks - HANDLED_OUTPUT - Handled output "result" using IO manager "io_manager"
[32m2026-02-21 01:14:44 +0800[0m - dagster - [34mDEBUG[0m - Daily_Data_Ingestion_Job - 03920d38-9778-4ba0-8ca5-d8c0c5828bb7 - 69958 - Daily_Delisted_Stocks - STEP_SUCCESS - Finished execution of step "Daily_Delisted_Stocks" in 715ms.
[32m2026-02-21 01:14:44 +0800[0m - dagster - [34mDEBUG[0m - Daily_Data_Ingestion_Job - 03920d38-9778-4ba0-8ca5-d8c0c5828bb7 - 69958 - Daily_Active_Stocks - STEP_START - Started execution of step "Daily_Active_Stocks".
[32m2026-02-21 01:14:44 +0800[0m - dagster - [34mINFO[0m - Daily_Data_Ingestion_Job - 03920d38-9778-4ba0-8ca5-d8c0c5828bb7 - Daily_Active_Stocks - 开始筛选活跃的股票...
[32m2026-02-21 01:14:44 +0800[0m - dagster - [34mINFO[0m - Daily_Data_Ingestion_Job - 03920d38-9778-4ba0-8ca5-d8c0c5828bb7 - Daily_Active_Stocks - ✅ 获取到 5495 只活跃的股票
[32m2026-02-21 01:14:44 +0800[0m - dagster - [34mDEBUG[0m - Daily_Data_Ingestion_Job - 03920d38-9778-4ba0-8ca5-d8c0c5828bb7 - 69958 - Daily_Active_Stocks - STEP_OUTPUT - Yielded output "result" of type "DataFrame". (Type check passed).
[32m2026-02-21 01:14:44 +0800[0m - dagster - [34mDEBUG[0m - Daily_Data_Ingestion_Job - 03920d38-9778-4ba0-8ca5-d8c0c5828bb7 - Daily_Active_Stocks - Writing file at: /Users/sheng/Desktop/Quant/a-stock/.tmp_dagster_home_h5bm7zdw/storage/Daily_Active_Stocks using PickledObjectFilesystemIOManager...
[32m2026-02-21 01:14:44 +0800[0m - dagster - [34mDEBUG[0m - Daily_Data_Ingestion_Job - 03920d38-9778-4ba0-8ca5-d8c0c5828bb7 - 69958 - Daily_Active_Stocks - ASSET_MATERIALIZATION - Materialized value Daily_Active_Stocks.
[32m2026-02-21 01:14:44 +0800[0m - dagster - [34mDEBUG[0m - Daily_Data_Ingestion_Job - 03920d38-9778-4ba0-8ca5-d8c0c5828bb7 - 69958 - Daily_Active_Stocks - HANDLED_OUTPUT - Handled output "result" using IO manager "io_manager"
[32m2026-02-21 01:14:44 +0800[0m - dagster - [34mDEBUG[0m - Daily_Data_Ingestion_Job - 03920d38-9778-4ba0-8ca5-d8c0c5828bb7 - 69958 - Daily_Active_Stocks - STEP_SUCCESS - Finished execution of step "Daily_Active_Stocks" in 21ms.
[32m2026-02-21 01:14:44 +0800[0m - dagster - [34mDEBUG[0m - Daily_Data_Ingestion_Job - 03920d38-9778-4ba0-8ca5-d8c0c5828bb7 - 69958 - Daily_Active_Stocks_Mainboard - STEP_START - Started execution of step "Daily_Active_Stocks_Mainboard".
[32m2026-02-21 01:14:44 +0800[0m - dagster - [34mINFO[0m - Daily_Data_Ingestion_Job - 03920d38-9778-4ba0-8ca5-d8c0c5828bb7 - Daily_Active_Stocks_Mainboard - 开始筛选活跃的主板股票...
[32m2026-02-21 01:14:44 +0800[0m - dagster - [34mINFO[0m - Daily_Data_Ingestion_Job - 03920d38-9778-4ba0-8ca5-d8c0c5828bb7 - Daily_Active_Stocks_Mainboard - ✅ 获取到 1169 只活跃的主板股票
[32m2026-02-21 01:14:44 +0800[0m - dagster - [34mDEBUG[0m - Daily_Data_Ingestion_Job - 03920d38-9778-4ba0-8ca5-d8c0c5828bb7 - 69958 - Daily_Active_Stocks_Mainboard - STEP_OUTPUT - Yielded output "result" of type "DataFrame". (Type check passed).
[32m2026-02-21 01:14:44 +0800[0m - dagster - [34mDEBUG[0m - Daily_Data_Ingestion_Job - 03920d38-9778-4ba0-8ca5-d8c0c5828bb7 - Daily_Active_Stocks_Mainboard - Writing file at: /Users/sheng/Desktop/Quant/a-stock/.tmp_dagster_home_h5bm7zdw/storage/Daily_Active_Stocks_Mainboard using PickledObjectFilesystemIOManager...
[32m2026-02-21 01:14:44 +0800[0m - dagster - [34mDEBUG[0m - Daily_Data_Ingestion_Job - 03920d38-9778-4ba0-8ca5-d8c0c5828bb7 - 69958 - Daily_Active_Stocks_Mainboard - ASSET_MATERIALIZATION - Materialized value Daily_Active_Stocks_Mainboard.
[32m2026-02-21 01:14:44 +0800[0m - dagster - [34mDEBUG[0m - Daily_Data_Ingestion_Job - 03920d38-9778-4ba0-8ca5-d8c0c5828bb7 - 69958 - Daily_Active_Stocks_Mainboard - HANDLED_OUTPUT - Handled output "result" using IO manager "io_manager"
[32m2026-02-21 01:14:44 +0800[0m - dagster - [34mDEBUG[0m - Daily_Data_Ingestion_Job - 03920d38-9778-4ba0-8ca5-d8c0c5828bb7 - 69958 - Daily_Active_Stocks_Mainboard - STEP_SUCCESS - Finished execution of step "Daily_Active_Stocks_Mainboard" in 19ms.
