[32m2026-02-21 21:32:58 +0800[0m - dagster - [34mDEBUG[0m - __ASSET_JOB - c43e8782-4cdb-4258-9804-24c0d931de57 - 34626 - LOGS_CAPTURED - Started capturing logs in process (pid: 34626).
[32m2026-02-21 21:32:58 +0800[0m - dagster - [34mDEBUG[0m - __ASSET_JOB - c43e8782-4cdb-4258-9804-24c0d931de57 - 34626 - Start_Basic_Prices - STEP_START - Started execution of step "Start_Basic_Prices".
[32m2026-02-21 21:32:58 +0800[0m - dagster - [34mINFO[0m - __ASSET_JOB - c43e8782-4cdb-4258-9804-24c0d931de57 - Start_Basic_Prices - 开始创建日线数据
[32m2026-02-21 21:32:58 +0800[0m - dagster - [34mINFO[0m - __ASSET_JOB - c43e8782-4cdb-4258-9804-24c0d931de57 - Start_Basic_Prices - 找到 5495 只股票
[32m2026-02-21 21:32:58 +0800[0m - dagster - [34mINFO[0m - __ASSET_JOB - c43e8782-4cdb-4258-9804-24c0d931de57 - Start_Basic_Prices - 无历史数据，从 20200101 开始获取
[32m2026-02-21 21:32:58 +0800[0m - dagster - [34mINFO[0m - __ASSET_JOB - c43e8782-4cdb-4258-9804-24c0d931de57 - Start_Basic_Prices - 处理批次 1/110
[32m2026-02-21 21:32:59 +0800[0m - dagster - [34mINFO[0m - __ASSET_JOB - c43e8782-4cdb-4258-9804-24c0d931de57 - Start_Basic_Prices - 无历史数据，从 Empty DataFrame
Columns: []
Index: [] 开始获取
[32m2026-02-21 21:32:59 +0800[0m - dagster - [34mINFO[0m - __ASSET_JOB - c43e8782-4cdb-4258-9804-24c0d931de57 - Start_Basic_Prices - 无历史数据，从 Empty DataFrame
Columns: []
Index: [] 开始获取
[32m2026-02-21 21:32:59 +0800[0m - dagster - [34mINFO[0m - __ASSET_JOB - c43e8782-4cdb-4258-9804-24c0d931de57 - Start_Basic_Prices - 无历史数据，从 Empty DataFrame
Columns: []
Index: [] 开始获取
[32m2026-02-21 21:33:00 +0800[0m - dagster - [34mINFO[0m - __ASSET_JOB - c43e8782-4cdb-4258-9804-24c0d931de57 - Start_Basic_Prices - 无历史数据，从 Empty DataFrame
Columns: []
Index: [] 开始获取
[32m2026-02-21 21:33:00 +0800[0m - dagster - [34mINFO[0m - __ASSET_JOB - c43e8782-4cdb-4258-9804-24c0d931de57 - Start_Basic_Prices - 无历史数据，从 Empty DataFrame
Columns: []
Index: [] 开始获取
[32m2026-02-21 21:33:01 +0800[0m - dagster - [34mINFO[0m - __ASSET_JOB - c43e8782-4cdb-4258-9804-24c0d931de57 - Start_Basic_Prices - 无历史数据，从 Empty DataFrame
Columns: []
Index: [] 开始获取
[32m2026-02-21 21:33:01 +0800[0m - dagster - [34mINFO[0m - __ASSET_JOB - c43e8782-4cdb-4258-9804-24c0d931de57 - Start_Basic_Prices - 无历史数据，从 Empty DataFrame
Columns: []
Index: [] 开始获取
[32m2026-02-21 21:33:02 +0800[0m - dagster - [34mINFO[0m - __ASSET_JOB - c43e8782-4cdb-4258-9804-24c0d931de57 - Start_Basic_Prices - 无历史数据，从 Empty DataFrame
Columns: []
Index: [] 开始获取
[32m2026-02-21 21:33:02 +0800[0m - dagster - [34mINFO[0m - __ASSET_JOB - c43e8782-4cdb-4258-9804-24c0d931de57 - Start_Basic_Prices - 无历史数据，从 Empty DataFrame
Columns: []
Index: [] 开始获取
[32m2026-02-21 21:33:02 +0800[0m - dagster - [34mINFO[0m - __ASSET_JOB - c43e8782-4cdb-4258-9804-24c0d931de57 - Start_Basic_Prices - 无历史数据，从 Empty DataFrame
Columns: []
Index: [] 开始获取
[32m2026-02-21 21:33:03 +0800[0m - dagster - [34mINFO[0m - __ASSET_JOB - c43e8782-4cdb-4258-9804-24c0d931de57 - Start_Basic_Prices - 无历史数据，从 Empty DataFrame
Columns: []
Index: [] 开始获取
[32m2026-02-21 21:33:03 +0800[0m - dagster - [34mINFO[0m - __ASSET_JOB - c43e8782-4cdb-4258-9804-24c0d931de57 - Start_Basic_Prices - 无历史数据，从 Empty DataFrame
Columns: []
Index: [] 开始获取
[32m2026-02-21 21:33:04 +0800[0m - dagster - [34mINFO[0m - __ASSET_JOB - c43e8782-4cdb-4258-9804-24c0d931de57 - Start_Basic_Prices - 无历史数据，从 Empty DataFrame
Columns: []
Index: [] 开始获取
[32m2026-02-21 21:33:04 +0800[0m - dagster - [34mINFO[0m - __ASSET_JOB - c43e8782-4cdb-4258-9804-24c0d931de57 - Start_Basic_Prices - 无历史数据，从 Empty DataFrame
Columns: []
Index: [] 开始获取
[32m2026-02-21 21:33:04 +0800[0m - dagster - [34mINFO[0m - __ASSET_JOB - c43e8782-4cdb-4258-9804-24c0d931de57 - Start_Basic_Prices - 无历史数据，从 Empty DataFrame
Columns: []
Index: [] 开始获取
[32m2026-02-21 21:33:05 +0800[0m - dagster - [34mINFO[0m - __ASSET_JOB - c43e8782-4cdb-4258-9804-24c0d931de57 - Start_Basic_Prices - 无历史数据，从 Empty DataFrame
Columns: []
Index: [] 开始获取
[32m2026-02-21 21:33:05 +0800[0m - dagster - [34mINFO[0m - __ASSET_JOB - c43e8782-4cdb-4258-9804-24c0d931de57 - Start_Basic_Prices - 无历史数据，从 Empty DataFrame
Columns: []
Index: [] 开始获取
[32m2026-02-21 21:33:06 +0800[0m - dagster - [34mINFO[0m - __ASSET_JOB - c43e8782-4cdb-4258-9804-24c0d931de57 - Start_Basic_Prices - 无历史数据，从 Empty DataFrame
Columns: []
Index: [] 开始获取
[32m2026-02-21 21:33:06 +0800[0m - dagster - [34mINFO[0m - __ASSET_JOB - c43e8782-4cdb-4258-9804-24c0d931de57 - Start_Basic_Prices - 无历史数据，从 Empty DataFrame
Columns: []
Index: [] 开始获取
[32m2026-02-21 21:33:06 +0800[0m - dagster - [34mINFO[0m - __ASSET_JOB - c43e8782-4cdb-4258-9804-24c0d931de57 - Start_Basic_Prices - 无历史数据，从 Empty DataFrame
Columns: []
Index: [] 开始获取
[32m2026-02-21 21:33:07 +0800[0m - dagster - [34mINFO[0m - __ASSET_JOB - c43e8782-4cdb-4258-9804-24c0d931de57 - Start_Basic_Prices - 无历史数据，从 Empty DataFrame
Columns: []
Index: [] 开始获取
[32m2026-02-21 21:33:07 +0800[0m - dagster - [34mINFO[0m - __ASSET_JOB - c43e8782-4cdb-4258-9804-24c0d931de57 - Start_Basic_Prices - 无历史数据，从 Empty DataFrame
Columns: []
Index: [] 开始获取
[32m2026-02-21 21:33:08 +0800[0m - dagster - [34mINFO[0m - __ASSET_JOB - c43e8782-4cdb-4258-9804-24c0d931de57 - Start_Basic_Prices - 无历史数据，从 Empty DataFrame
Columns: []
Index: [] 开始获取
[32m2026-02-21 21:33:08 +0800[0m - dagster - [34mINFO[0m - __ASSET_JOB - c43e8782-4cdb-4258-9804-24c0d931de57 - Start_Basic_Prices - 无历史数据，从 Empty DataFrame
Columns: []
Index: [] 开始获取
[32m2026-02-21 21:33:08 +0800[0m - dagster - [34mINFO[0m - __ASSET_JOB - c43e8782-4cdb-4258-9804-24c0d931de57 - Start_Basic_Prices - 无历史数据，从 Empty DataFrame
Columns: []
Index: [] 开始获取
[32m2026-02-21 21:33:09 +0800[0m - dagster - [34mINFO[0m - __ASSET_JOB - c43e8782-4cdb-4258-9804-24c0d931de57 - Start_Basic_Prices - 无历史数据，从 Empty DataFrame
Columns: []
Index: [] 开始获取
[32m2026-02-21 21:33:09 +0800[0m - dagster - [34mINFO[0m - __ASSET_JOB - c43e8782-4cdb-4258-9804-24c0d931de57 - Start_Basic_Prices - 无历史数据，从 Empty DataFrame
Columns: []
Index: [] 开始获取
[32m2026-02-21 21:33:09 +0800[0m - dagster - [34mINFO[0m - __ASSET_JOB - c43e8782-4cdb-4258-9804-24c0d931de57 - Start_Basic_Prices - 无历史数据，从 Empty DataFrame
Columns: []
Index: [] 开始获取
[32m2026-02-21 21:33:10 +0800[0m - dagster - [34mINFO[0m - __ASSET_JOB - c43e8782-4cdb-4258-9804-24c0d931de57 - Start_Basic_Prices - 无历史数据，从 Empty DataFrame
Columns: []
Index: [] 开始获取
[32m2026-02-21 21:33:10 +0800[0m - dagster - [34mINFO[0m - __ASSET_JOB - c43e8782-4cdb-4258-9804-24c0d931de57 - Start_Basic_Prices - 无历史数据，从 Empty DataFrame
Columns: []
Index: [] 开始获取
[32m2026-02-21 21:33:12 +0800[0m - dagster - [34mINFO[0m - __ASSET_JOB - c43e8782-4cdb-4258-9804-24c0d931de57 - Start_Basic_Prices - 无历史数据，从 Empty DataFrame
Columns: []
Index: [] 开始获取
[32m2026-02-21 21:33:12 +0800[0m - dagster - [34mINFO[0m - __ASSET_JOB - c43e8782-4cdb-4258-9804-24c0d931de57 - Start_Basic_Prices - 无历史数据，从 Empty DataFrame
Columns: []
Index: [] 开始获取
[32m2026-02-21 21:33:12 +0800[0m - dagster - [34mINFO[0m - __ASSET_JOB - c43e8782-4cdb-4258-9804-24c0d931de57 - Start_Basic_Prices - 无历史数据，从 Empty DataFrame
Columns: []
Index: [] 开始获取
[32m2026-02-21 21:33:13 +0800[0m - dagster - [34mINFO[0m - __ASSET_JOB - c43e8782-4cdb-4258-9804-24c0d931de57 - Start_Basic_Prices - 无历史数据，从 Empty DataFrame
Columns: []
Index: [] 开始获取
[32m2026-02-21 21:33:13 +0800[0m - dagster - [34mINFO[0m - __ASSET_JOB - c43e8782-4cdb-4258-9804-24c0d931de57 - Start_Basic_Prices - 无历史数据，从 Empty DataFrame
Columns: []
Index: [] 开始获取
[32m2026-02-21 21:33:14 +0800[0m - dagster - [34mINFO[0m - __ASSET_JOB - c43e8782-4cdb-4258-9804-24c0d931de57 - Start_Basic_Prices - 无历史数据，从 Empty DataFrame
Columns: []
Index: [] 开始获取
[32m2026-02-21 21:33:14 +0800[0m - dagster - [34mINFO[0m - __ASSET_JOB - c43e8782-4cdb-4258-9804-24c0d931de57 - Start_Basic_Prices - 无历史数据，从 Empty DataFrame
Columns: []
Index: [] 开始获取
[32m2026-02-21 21:33:15 +0800[0m - dagster - [34mINFO[0m - __ASSET_JOB - c43e8782-4cdb-4258-9804-24c0d931de57 - Start_Basic_Prices - 无历史数据，从 Empty DataFrame
Columns: []
Index: [] 开始获取
[32m2026-02-21 21:33:15 +0800[0m - dagster - [34mINFO[0m - __ASSET_JOB - c43e8782-4cdb-4258-9804-24c0d931de57 - Start_Basic_Prices - 无历史数据，从 Empty DataFrame
Columns: []
Index: [] 开始获取
[32m2026-02-21 21:33:15 +0800[0m - dagster - [34mINFO[0m - __ASSET_JOB - c43e8782-4cdb-4258-9804-24c0d931de57 - Start_Basic_Prices - 无历史数据，从 Empty DataFrame
Columns: []
Index: [] 开始获取
[32m2026-02-21 21:33:16 +0800[0m - dagster - [34mINFO[0m - __ASSET_JOB - c43e8782-4cdb-4258-9804-24c0d931de57 - Start_Basic_Prices - 无历史数据，从 Empty DataFrame
Columns: []
Index: [] 开始获取
[32m2026-02-21 21:33:16 +0800[0m - dagster - [34mINFO[0m - __ASSET_JOB - c43e8782-4cdb-4258-9804-24c0d931de57 - Start_Basic_Prices - 无历史数据，从 Empty DataFrame
Columns: []
Index: [] 开始获取
[32m2026-02-21 21:33:17 +0800[0m - dagster - [34mINFO[0m - __ASSET_JOB - c43e8782-4cdb-4258-9804-24c0d931de57 - Start_Basic_Prices - 无历史数据，从 Empty DataFrame
Columns: []
Index: [] 开始获取
[32m2026-02-21 21:33:17 +0800[0m - dagster - [34mINFO[0m - __ASSET_JOB - c43e8782-4cdb-4258-9804-24c0d931de57 - Start_Basic_Prices - 无历史数据，从 Empty DataFrame
Columns: []
Index: [] 开始获取
[32m2026-02-21 21:33:17 +0800[0m - dagster - [34mINFO[0m - __ASSET_JOB - c43e8782-4cdb-4258-9804-24c0d931de57 - Start_Basic_Prices - 无历史数据，从 Empty DataFrame
Columns: []
Index: [] 开始获取
[32m2026-02-21 21:33:18 +0800[0m - dagster - [34mINFO[0m - __ASSET_JOB - c43e8782-4cdb-4258-9804-24c0d931de57 - Start_Basic_Prices - 无历史数据，从 Empty DataFrame
Columns: []
Index: [] 开始获取
[32m2026-02-21 21:33:18 +0800[0m - dagster - [34mINFO[0m - __ASSET_JOB - c43e8782-4cdb-4258-9804-24c0d931de57 - Start_Basic_Prices - 无历史数据，从 Empty DataFrame
Columns: []
Index: [] 开始获取
[32m2026-02-21 21:33:19 +0800[0m - dagster - [34mINFO[0m - __ASSET_JOB - c43e8782-4cdb-4258-9804-24c0d931de57 - Start_Basic_Prices - 无历史数据，从 Empty DataFrame
Columns: []
Index: [] 开始获取
[32m2026-02-21 21:33:19 +0800[0m - dagster - [34mINFO[0m - __ASSET_JOB - c43e8782-4cdb-4258-9804-24c0d931de57 - Start_Basic_Prices - 无历史数据，从 Empty DataFrame
Columns: []
Index: [] 开始获取
[32m2026-02-21 21:33:19 +0800[0m - dagster - [34mINFO[0m - __ASSET_JOB - c43e8782-4cdb-4258-9804-24c0d931de57 - Start_Basic_Prices - 无历史数据，从 Empty DataFrame
Columns: []
Index: [] 开始获取
[32m2026-02-21 21:33:22 +0800[0m - dagster - [34mINFO[0m - __ASSET_JOB - c43e8782-4cdb-4258-9804-24c0d931de57 - Start_Basic_Prices - 处理批次 2/110
[32m2026-02-21 21:33:22 +0800[0m - dagster - [34mINFO[0m - __ASSET_JOB - c43e8782-4cdb-4258-9804-24c0d931de57 - Start_Basic_Prices - 无历史数据，从 Empty DataFrame
Columns: []
Index: [] 开始获取
[32m2026-02-21 21:33:22 +0800[0m - dagster - [34mINFO[0m - __ASSET_JOB - c43e8782-4cdb-4258-9804-24c0d931de57 - Start_Basic_Prices - 无历史数据，从 Empty DataFrame
Columns: []
Index: [] 开始获取
[32m2026-02-21 21:33:23 +0800[0m - dagster - [34mINFO[0m - __ASSET_JOB - c43e8782-4cdb-4258-9804-24c0d931de57 - Start_Basic_Prices - 无历史数据，从 Empty DataFrame
Columns: []
Index: [] 开始获取
[32m2026-02-21 21:33:23 +0800[0m - dagster - [34mINFO[0m - __ASSET_JOB - c43e8782-4cdb-4258-9804-24c0d931de57 - Start_Basic_Prices - 无历史数据，从 Empty DataFrame
Columns: []
Index: [] 开始获取
[32m2026-02-21 21:33:23 +0800[0m - dagster - [34mINFO[0m - __ASSET_JOB - c43e8782-4cdb-4258-9804-24c0d931de57 - Start_Basic_Prices - 无历史数据，从 Empty DataFrame
Columns: []
Index: [] 开始获取
[32m2026-02-21 21:33:24 +0800[0m - dagster - [34mINFO[0m - __ASSET_JOB - c43e8782-4cdb-4258-9804-24c0d931de57 - Start_Basic_Prices - 无历史数据，从 Empty DataFrame
Columns: []
Index: [] 开始获取
[32m2026-02-21 21:33:24 +0800[0m - dagster - [34mINFO[0m - __ASSET_JOB - c43e8782-4cdb-4258-9804-24c0d931de57 - Start_Basic_Prices - 无历史数据，从 Empty DataFrame
Columns: []
Index: [] 开始获取
[32m2026-02-21 21:33:25 +0800[0m - dagster - [34mINFO[0m - __ASSET_JOB - c43e8782-4cdb-4258-9804-24c0d931de57 - Start_Basic_Prices - 无历史数据，从 Empty DataFrame
Columns: []
Index: [] 开始获取
[32m2026-02-21 21:33:25 +0800[0m - dagster - [34mINFO[0m - __ASSET_JOB - c43e8782-4cdb-4258-9804-24c0d931de57 - Start_Basic_Prices - 无历史数据，从 Empty DataFrame
Columns: []
Index: [] 开始获取
[32m2026-02-21 21:33:25 +0800[0m - dagster - [34mINFO[0m - __ASSET_JOB - c43e8782-4cdb-4258-9804-24c0d931de57 - Start_Basic_Prices - 无历史数据，从 Empty DataFrame
Columns: []
Index: [] 开始获取
[32m2026-02-21 21:33:26 +0800[0m - dagster - [34mINFO[0m - __ASSET_JOB - c43e8782-4cdb-4258-9804-24c0d931de57 - Start_Basic_Prices - 无历史数据，从 Empty DataFrame
Columns: []
Index: [] 开始获取
[32m2026-02-21 21:33:26 +0800[0m - dagster - [34mINFO[0m - __ASSET_JOB - c43e8782-4cdb-4258-9804-24c0d931de57 - Start_Basic_Prices - 无历史数据，从 Empty DataFrame
Columns: []
Index: [] 开始获取
[32m2026-02-21 21:33:27 +0800[0m - dagster - [34mINFO[0m - __ASSET_JOB - c43e8782-4cdb-4258-9804-24c0d931de57 - Start_Basic_Prices - 无历史数据，从 Empty DataFrame
Columns: []
Index: [] 开始获取
[32m2026-02-21 21:33:27 +0800[0m - dagster - [34mINFO[0m - __ASSET_JOB - c43e8782-4cdb-4258-9804-24c0d931de57 - Start_Basic_Prices - 无历史数据，从 Empty DataFrame
Columns: []
Index: [] 开始获取
[32m2026-02-21 21:33:27 +0800[0m - dagster - [34mINFO[0m - __ASSET_JOB - c43e8782-4cdb-4258-9804-24c0d931de57 - Start_Basic_Prices - 无历史数据，从 Empty DataFrame
Columns: []
Index: [] 开始获取
[32m2026-02-21 21:33:28 +0800[0m - dagster - [34mINFO[0m - __ASSET_JOB - c43e8782-4cdb-4258-9804-24c0d931de57 - Start_Basic_Prices - 无历史数据，从 Empty DataFrame
Columns: []
Index: [] 开始获取
[32m2026-02-21 21:33:28 +0800[0m - dagster - [34mINFO[0m - __ASSET_JOB - c43e8782-4cdb-4258-9804-24c0d931de57 - Start_Basic_Prices - 无历史数据，从 Empty DataFrame
Columns: []
Index: [] 开始获取
[32m2026-02-21 21:33:29 +0800[0m - dagster - [34mINFO[0m - __ASSET_JOB - c43e8782-4cdb-4258-9804-24c0d931de57 - Start_Basic_Prices - 无历史数据，从 Empty DataFrame
Columns: []
Index: [] 开始获取
[32m2026-02-21 21:33:29 +0800[0m - dagster - [34mINFO[0m - __ASSET_JOB - c43e8782-4cdb-4258-9804-24c0d931de57 - Start_Basic_Prices - 无历史数据，从 Empty DataFrame
Columns: []
Index: [] 开始获取
[32m2026-02-21 21:33:29 +0800[0m - dagster - [34mINFO[0m - __ASSET_JOB - c43e8782-4cdb-4258-9804-24c0d931de57 - Start_Basic_Prices - 无历史数据，从 Empty DataFrame
Columns: []
Index: [] 开始获取
[32m2026-02-21 21:33:30 +0800[0m - dagster - [34mINFO[0m - __ASSET_JOB - c43e8782-4cdb-4258-9804-24c0d931de57 - Start_Basic_Prices - 无历史数据，从 Empty DataFrame
Columns: []
Index: [] 开始获取
[32m2026-02-21 21:33:30 +0800[0m - dagster - [34mINFO[0m - __ASSET_JOB - c43e8782-4cdb-4258-9804-24c0d931de57 - Start_Basic_Prices - 无历史数据，从 Empty DataFrame
Columns: []
Index: [] 开始获取
[32m2026-02-21 21:33:31 +0800[0m - dagster - [34mINFO[0m - __ASSET_JOB - c43e8782-4cdb-4258-9804-24c0d931de57 - Start_Basic_Prices - 无历史数据，从 Empty DataFrame
Columns: []
Index: [] 开始获取
[32m2026-02-21 21:33:31 +0800[0m - dagster - [34mINFO[0m - __ASSET_JOB - c43e8782-4cdb-4258-9804-24c0d931de57 - Start_Basic_Prices - 无历史数据，从 Empty DataFrame
Columns: []
Index: [] 开始获取
[32m2026-02-21 21:33:31 +0800[0m - dagster - [34mERROR[0m - [31m__ASSET_JOB - c43e8782-4cdb-4258-9804-24c0d931de57 - 34626 - Start_Basic_Prices - STEP_FAILURE - Execution of step "Start_Basic_Prices" failed.

dagster._core.errors.DagsterExecutionInterruptedError

Stack Trace:
  File "/Users/sheng/Desktop/Quant/a-stock/.venv/lib/python3.12/site-packages/dagster/_core/execution/plan/execute_plan.py", line 247, in dagster_event_sequence_for_step
    yield from check.generator(step_events)
  File "/Users/sheng/Desktop/Quant/a-stock/.venv/lib/python3.12/site-packages/dagster/_core/execution/plan/execute_step.py", line 505, in core_dagster_event_sequence_for_step
    for user_event in _step_output_error_checked_user_event_sequence(
                      ^^^^^^^^^^^^^^^^^^^^^^^^^^^^^^^^^^^^^^^^^^^^^^^
  File "/Users/sheng/Desktop/Quant/a-stock/.venv/lib/python3.12/site-packages/dagster/_core/execution/plan/execute_step.py", line 184, in _step_output_error_checked_user_event_sequence
    for user_event in user_event_sequence:
                      ^^^^^^^^^^^^^^^^^^^
  File "/Users/sheng/Desktop/Quant/a-stock/.venv/lib/python3.12/site-packages/dagster/_core/execution/plan/execute_step.py", line 88, in _process_asset_results_to_events
    for user_event in user_event_sequence:
                      ^^^^^^^^^^^^^^^^^^^
  File "/Users/sheng/Desktop/Quant/a-stock/.venv/lib/python3.12/site-packages/dagster/_core/execution/plan/compute.py", line 188, in execute_core_compute
    for step_output in _yield_compute_results(step_context, inputs, compute_fn, compute_context):
                       ^^^^^^^^^^^^^^^^^^^^^^^^^^^^^^^^^^^^^^^^^^^^^^^^^^^^^^^^^^^^^^^^^^^^^^^^^
  File "/Users/sheng/Desktop/Quant/a-stock/.venv/lib/python3.12/site-packages/dagster/_core/execution/plan/compute.py", line 157, in _yield_compute_results
    for event in iterate_with_context(
                 ^^^^^^^^^^^^^^^^^^^^^
  File "/Users/sheng/Desktop/Quant/a-stock/.venv/lib/python3.12/site-packages/dagster/_utils/__init__.py", line 394, in iterate_with_context
    next_output = next(iterator)
                  ^^^^^^^^^^^^^^
  File "/Users/sheng/Desktop/Quant/a-stock/.venv/lib/python3.12/site-packages/dagster/_core/execution/plan/compute_generator.py", line 135, in _coerce_op_compute_fn_to_iterator
    result = invoke_compute_fn(
             ^^^^^^^^^^^^^^^^^^
  File "/Users/sheng/Desktop/Quant/a-stock/.venv/lib/python3.12/site-packages/dagster/_core/execution/plan/compute_generator.py", line 115, in invoke_compute_fn
    return fn(context, **args_to_pass) if context_arg_provided else fn(**args_to_pass)
           ^^^^^^^^^^^^^^^^^^^^^^^^^^^
  File "/Users/sheng/Desktop/Quant/a-stock/src/basic/assets/data_ingestion/start_price.py", line 80, in Start_Basic_Prices
    df = ak.stock_zh_a_hist(
         ^^^^^^^^^^^^^^^^^^^
  File "/Users/sheng/Desktop/Quant/a-stock/.venv/lib/python3.12/site-packages/akshare/stock_feature/stock_hist_em.py", line 992, in stock_zh_a_hist
    r = requests.get(url, params=params, timeout=timeout)
        ^^^^^^^^^^^^^^^^^^^^^^^^^^^^^^^^^^^^^^^^^^^^^^^^^
  File "/Users/sheng/Desktop/Quant/a-stock/.venv/lib/python3.12/site-packages/requests/api.py", line 73, in get
    return request("get", url, params=params, **kwargs)
           ^^^^^^^^^^^^^^^^^^^^^^^^^^^^^^^^^^^^^^^^^^^^
  File "/Users/sheng/Desktop/Quant/a-stock/.venv/lib/python3.12/site-packages/requests/api.py", line 59, in request
    return session.request(method=method, url=url, **kwargs)
           ^^^^^^^^^^^^^^^^^^^^^^^^^^^^^^^^^^^^^^^^^^^^^^^^^
  File "/Users/sheng/Desktop/Quant/a-stock/.venv/lib/python3.12/site-packages/requests/sessions.py", line 589, in request
    resp = self.send(prep, **send_kwargs)
           ^^^^^^^^^^^^^^^^^^^^^^^^^^^^^^
  File "/Users/sheng/Desktop/Quant/a-stock/.venv/lib/python3.12/site-packages/requests/sessions.py", line 703, in send
    r = adapter.send(request, **kwargs)
        ^^^^^^^^^^^^^^^^^^^^^^^^^^^^^^^
  File "/Users/sheng/Desktop/Quant/a-stock/.venv/lib/python3.12/site-packages/requests/adapters.py", line 644, in send
    resp = conn.urlopen(
           ^^^^^^^^^^^^^
  File "/Users/sheng/Desktop/Quant/a-stock/.venv/lib/python3.12/site-packages/urllib3/connectionpool.py", line 787, in urlopen
    response = self._make_request(
               ^^^^^^^^^^^^^^^^^^^
  File "/Users/sheng/Desktop/Quant/a-stock/.venv/lib/python3.12/site-packages/urllib3/connectionpool.py", line 464, in _make_request
    self._validate_conn(conn)
  File "/Users/sheng/Desktop/Quant/a-stock/.venv/lib/python3.12/site-packages/urllib3/connectionpool.py", line 1093, in _validate_conn
    conn.connect()
  File "/Users/sheng/Desktop/Quant/a-stock/.venv/lib/python3.12/site-packages/urllib3/connection.py", line 796, in connect
    sock_and_verified = _ssl_wrap_socket_and_match_hostname(
                        ^^^^^^^^^^^^^^^^^^^^^^^^^^^^^^^^^^^^
  File "/Users/sheng/Desktop/Quant/a-stock/.venv/lib/python3.12/site-packages/urllib3/connection.py", line 975, in _ssl_wrap_socket_and_match_hostname
    ssl_sock = ssl_wrap_socket(
               ^^^^^^^^^^^^^^^^
  File "/Users/sheng/Desktop/Quant/a-stock/.venv/lib/python3.12/site-packages/urllib3/util/ssl_.py", line 461, in ssl_wrap_socket
    context.load_verify_locations(ca_certs, ca_cert_dir, ca_cert_data)
  File "/Users/sheng/Desktop/Quant/a-stock/.venv/lib/python3.12/site-packages/dagster/_utils/interrupts.py", line 81, in _new_signal_handler
    raise error_cls()
[0m
