[32m2026-02-21 21:27:35 +0800[0m - dagster - [34mDEBUG[0m - __ASSET_JOB - 6a21dac9-0e60-4626-b75e-d41ca0b6bd8d - 33575 - LOGS_CAPTURED - Started capturing logs in process (pid: 33575).
[32m2026-02-21 21:27:35 +0800[0m - dagster - [34mDEBUG[0m - __ASSET_JOB - 6a21dac9-0e60-4626-b75e-d41ca0b6bd8d - 33575 - Start_Basic_Prices - STEP_START - Started execution of step "Start_Basic_Prices".
[32m2026-02-21 21:27:35 +0800[0m - dagster - [34mINFO[0m - __ASSET_JOB - 6a21dac9-0e60-4626-b75e-d41ca0b6bd8d - Start_Basic_Prices - 开始创建日线数据
[32m2026-02-21 21:27:35 +0800[0m - dagster - [34mERROR[0m - [31m__ASSET_JOB - 6a21dac9-0e60-4626-b75e-d41ca0b6bd8d - 33575 - Start_Basic_Prices - STEP_FAILURE - Execution of step "Start_Basic_Prices" failed.

dagster._core.errors.DagsterExecutionStepExecutionError: Error occurred while executing op "Start_Basic_Prices"::

_duckdb.IOException: IO Error: Could not set lock on file "/Users/sheng/Desktop/Quant/a-stock/data/a-stock.duckdb": Conflicting lock is held in /Applications/DBeaver.app/Contents/MacOS/dbeaver (PID 8248) by user sheng. See also https://duckdb.org/docs/stable/connect/concurrency

Stack Trace:
  File "/Users/sheng/Desktop/Quant/a-stock/.venv/lib/python3.12/site-packages/dagster/_core/execution/plan/utils.py", line 57, in op_execution_error_boundary
    yield
  File "/Users/sheng/Desktop/Quant/a-stock/.venv/lib/python3.12/site-packages/dagster/_utils/__init__.py", line 394, in iterate_with_context
    next_output = next(iterator)
                  ^^^^^^^^^^^^^^
  File "/Users/sheng/Desktop/Quant/a-stock/.venv/lib/python3.12/site-packages/dagster/_core/execution/plan/compute_generator.py", line 135, in _coerce_op_compute_fn_to_iterator
    result = invoke_compute_fn(
             ^^^^^^^^^^^^^^^^^^
  File "/Users/sheng/Desktop/Quant/a-stock/.venv/lib/python3.12/site-packages/dagster/_core/execution/plan/compute_generator.py", line 115, in invoke_compute_fn
    return fn(context, **args_to_pass) if context_arg_provided else fn(**args_to_pass)
           ^^^^^^^^^^^^^^^^^^^^^^^^^^^
  File "/Users/sheng/Desktop/Quant/a-stock/src/basic/assets/data_ingestion/start_price.py", line 24, in Start_Basic_Prices
    db = DuckDBResource()
         ^^^^^^^^^^^^^^^^
  File "/Users/sheng/Desktop/Quant/a-stock/resources/duckdb_io.py", line 22, in __new__
    cls._instance._init_connection(db_path)
  File "/Users/sheng/Desktop/Quant/a-stock/resources/duckdb_io.py", line 30, in _init_connection
    self._conn = duckdb.connect(db_path)
                 ^^^^^^^^^^^^^^^^^^^^^^^
[0m
