[32m2026-02-20 22:02:49 +0800[0m - dagster - [34mDEBUG[0m - __ASSET_JOB - f794cc55-d203-4265-8ff5-badf3f9415e4 - 34685 - LOGS_CAPTURED - Started capturing logs in process (pid: 34685).
[32m2026-02-20 22:02:49 +0800[0m - dagster - [34mDEBUG[0m - __ASSET_JOB - f794cc55-d203-4265-8ff5-badf3f9415e4 - 34685 - Daily_New_Stocks - STEP_START - Started execution of step "Daily_New_Stocks".
[32m2026-02-20 22:02:49 +0800[0m - dagster - [34mINFO[0m - __ASSET_JOB - f794cc55-d203-4265-8ff5-badf3f9415e4 - Daily_New_Stocks - 开始检测新上市的股票...
  0%|          | 0/15 [00:00<?, ?it/s]  7%|▋         | 1/15 [00:00<00:03,  4.42it/s] 13%|█▎        | 2/15 [00:00<00:03,  3.67it/s] 20%|██        | 3/15 [00:00<00:02,  4.02it/s] 27%|██▋       | 4/15 [00:00<00:02,  4.06it/s] 33%|███▎      | 5/15 [00:01<00:02,  3.82it/s] 40%|████      | 6/15 [00:01<00:02,  3.92it/s] 47%|████▋     | 7/15 [00:01<00:01,  4.09it/s] 53%|█████▎    | 8/15 [00:01<00:01,  4.21it/s] 60%|██████    | 9/15 [00:02<00:01,  4.23it/s] 67%|██████▋   | 10/15 [00:02<00:01,  4.22it/s] 73%|███████▎  | 11/15 [00:02<00:00,  4.27it/s] 80%|████████  | 12/15 [00:02<00:00,  4.27it/s] 87%|████████▋ | 13/15 [00:03<00:00,  3.98it/s] 93%|█████████▎| 14/15 [00:03<00:00,  4.12it/s]100%|██████████| 15/15 [00:03<00:00,  4.38it/s]                                               [32m2026-02-20 22:02:56 +0800[0m - dagster - [34mERROR[0m - [31m__ASSET_JOB - f794cc55-d203-4265-8ff5-badf3f9415e4 - 34685 - Daily_New_Stocks - STEP_FAILURE - Execution of step "Daily_New_Stocks" failed.

dagster._core.errors.DagsterExecutionStepExecutionError: Error occurred while executing op "Daily_New_Stocks"::

KeyError: '代码'

Stack Trace:
  File "/Users/sheng/Desktop/Quant/a-stock/.venv/lib/python3.12/site-packages/dagster/_core/execution/plan/utils.py", line 57, in op_execution_error_boundary
    yield
  File "/Users/sheng/Desktop/Quant/a-stock/.venv/lib/python3.12/site-packages/dagster/_utils/__init__.py", line 394, in iterate_with_context
    next_output = next(iterator)
                  ^^^^^^^^^^^^^^
  File "/Users/sheng/Desktop/Quant/a-stock/.venv/lib/python3.12/site-packages/dagster/_core/execution/plan/compute_generator.py", line 135, in _coerce_op_compute_fn_to_iterator
    result = invoke_compute_fn(
             ^^^^^^^^^^^^^^^^^^
  File "/Users/sheng/Desktop/Quant/a-stock/.venv/lib/python3.12/site-packages/dagster/_core/execution/plan/compute_generator.py", line 115, in invoke_compute_fn
    return fn(context, **args_to_pass) if context_arg_provided else fn(**args_to_pass)
           ^^^^^^^^^^^^^^^^^^^^^^^^^^^
  File "/Users/sheng/Desktop/Quant/a-stock/src/basic/assets/data_ingestion/data_ingestion_daily.py", line 41, in Daily_New_Stocks
    current_symbols = set(current_df['代码'].tolist())
                          ~~~~~~~~~~^^^^^^^^
  File "/Users/sheng/Desktop/Quant/a-stock/.venv/lib/python3.12/site-packages/pandas/core/frame.py", line 4378, in __getitem__
    indexer = self.columns.get_loc(key)
              ^^^^^^^^^^^^^^^^^^^^^^^^^
  File "/Users/sheng/Desktop/Quant/a-stock/.venv/lib/python3.12/site-packages/pandas/core/indexes/base.py", line 3648, in get_loc
    raise KeyError(key) from err

The above exception was caused by the following exception:
KeyError: '代码'

Stack Trace:
  File "/Users/sheng/Desktop/Quant/a-stock/.venv/lib/python3.12/site-packages/pandas/core/indexes/base.py", line 3641, in get_loc
    return self._engine.get_loc(casted_key)
           ^^^^^^^^^^^^^^^^^^^^^^^^^^^^^^^^
  File "pandas/_libs/index.pyx", line 168, in pandas._libs.index.IndexEngine.get_loc
  File "pandas/_libs/index.pyx", line 197, in pandas._libs.index.IndexEngine.get_loc
  File "pandas/_libs/hashtable_class_helper.pxi", line 7668, in pandas._libs.hashtable.PyObjectHashTable.get_item
  File "pandas/_libs/hashtable_class_helper.pxi", line 7676, in pandas._libs.hashtable.PyObjectHashTable.get_item
[0m
[32m2026-02-20 22:02:56 +0800[0m - dagster - [34mERROR[0m - [31m__ASSET_JOB - f794cc55-d203-4265-8ff5-badf3f9415e4 - Daily_Delisted_Stocks - Dependencies for step Daily_Delisted_Stocks failed: ['Daily_New_Stocks']. Not executing.[0m
[32m2026-02-20 22:02:56 +0800[0m - dagster - [34mERROR[0m - [31m__ASSET_JOB - f794cc55-d203-4265-8ff5-badf3f9415e4 - Daily_Active_Stocks - Dependencies for step Daily_Active_Stocks were not executed: ['Daily_Delisted_Stocks']. Not executing.[0m
[32m2026-02-20 22:02:56 +0800[0m - dagster - [34mERROR[0m - [31m__ASSET_JOB - f794cc55-d203-4265-8ff5-badf3f9415e4 - Daily_Active_Stocks_Mainboard - Dependencies for step Daily_Active_Stocks_Mainboard were not executed: ['Daily_Delisted_Stocks']. Not executing.[0m
