[32m2026-02-21 03:20:13 +0800[0m - dagster - [34mDEBUG[0m - __ASSET_JOB - 4ff06a88-2a9e-4766-ae5c-82bb2d458327 - 93477 - LOGS_CAPTURED - Started capturing logs in process (pid: 93477).
[32m2026-02-21 03:20:13 +0800[0m - dagster - [34mDEBUG[0m - __ASSET_JOB - 4ff06a88-2a9e-4766-ae5c-82bb2d458327 - 93477 - Start_Basic_Prices - STEP_START - Started execution of step "Start_Basic_Prices".
[32m2026-02-21 03:20:13 +0800[0m - dagster - [34mINFO[0m - __ASSET_JOB - 4ff06a88-2a9e-4766-ae5c-82bb2d458327 - Start_Basic_Prices - 开始创建日线数据
[32m2026-02-21 03:20:13 +0800[0m - dagster - [34mINFO[0m - __ASSET_JOB - 4ff06a88-2a9e-4766-ae5c-82bb2d458327 - Start_Basic_Prices - 找到 5838 只股票
[32m2026-02-21 03:20:13 +0800[0m - dagster - [34mINFO[0m - __ASSET_JOB - 4ff06a88-2a9e-4766-ae5c-82bb2d458327 - Start_Basic_Prices - 无历史数据，从 20200101 开始获取
[32m2026-02-21 03:20:13 +0800[0m - dagster - [34mINFO[0m - __ASSET_JOB - 4ff06a88-2a9e-4766-ae5c-82bb2d458327 - Start_Basic_Prices - 处理批次 1/117
[32m2026-02-21 03:20:32 +0800[0m - dagster - [34mINFO[0m - __ASSET_JOB - 4ff06a88-2a9e-4766-ae5c-82bb2d458327 - Start_Basic_Prices - 处理批次 2/117
[32m2026-02-21 03:20:51 +0800[0m - dagster - [34mINFO[0m - __ASSET_JOB - 4ff06a88-2a9e-4766-ae5c-82bb2d458327 - Start_Basic_Prices - 处理批次 3/117
[32m2026-02-21 03:21:10 +0800[0m - dagster - [34mINFO[0m - __ASSET_JOB - 4ff06a88-2a9e-4766-ae5c-82bb2d458327 - Start_Basic_Prices - 处理批次 4/117
[32m2026-02-21 03:21:30 +0800[0m - dagster - [34mINFO[0m - __ASSET_JOB - 4ff06a88-2a9e-4766-ae5c-82bb2d458327 - Start_Basic_Prices - 处理批次 5/117
[32m2026-02-21 03:21:49 +0800[0m - dagster - [34mINFO[0m - __ASSET_JOB - 4ff06a88-2a9e-4766-ae5c-82bb2d458327 - Start_Basic_Prices - 处理批次 6/117
[32m2026-02-21 03:22:08 +0800[0m - dagster - [34mINFO[0m - __ASSET_JOB - 4ff06a88-2a9e-4766-ae5c-82bb2d458327 - Start_Basic_Prices - 处理批次 7/117
[32m2026-02-21 03:22:29 +0800[0m - dagster - [34mINFO[0m - __ASSET_JOB - 4ff06a88-2a9e-4766-ae5c-82bb2d458327 - Start_Basic_Prices - 处理批次 8/117
[32m2026-02-21 03:22:49 +0800[0m - dagster - [34mINFO[0m - __ASSET_JOB - 4ff06a88-2a9e-4766-ae5c-82bb2d458327 - Start_Basic_Prices - 处理批次 9/117
[32m2026-02-21 03:23:10 +0800[0m - dagster - [34mINFO[0m - __ASSET_JOB - 4ff06a88-2a9e-4766-ae5c-82bb2d458327 - Start_Basic_Prices - 处理批次 10/117
[32m2026-02-21 03:23:32 +0800[0m - dagster - [34mINFO[0m - __ASSET_JOB - 4ff06a88-2a9e-4766-ae5c-82bb2d458327 - Start_Basic_Prices - 处理批次 11/117
[32m2026-02-21 03:23:56 +0800[0m - dagster - [34mINFO[0m - __ASSET_JOB - 4ff06a88-2a9e-4766-ae5c-82bb2d458327 - Start_Basic_Prices - 处理批次 12/117
[32m2026-02-21 03:24:18 +0800[0m - dagster - [34mINFO[0m - __ASSET_JOB - 4ff06a88-2a9e-4766-ae5c-82bb2d458327 - Start_Basic_Prices - 处理批次 13/117
[32m2026-02-21 03:24:39 +0800[0m - dagster - [34mINFO[0m - __ASSET_JOB - 4ff06a88-2a9e-4766-ae5c-82bb2d458327 - Start_Basic_Prices - 处理批次 14/117
[32m2026-02-21 03:24:59 +0800[0m - dagster - [34mINFO[0m - __ASSET_JOB - 4ff06a88-2a9e-4766-ae5c-82bb2d458327 - Start_Basic_Prices - 处理批次 15/117
[32m2026-02-21 03:25:18 +0800[0m - dagster - [34mINFO[0m - __ASSET_JOB - 4ff06a88-2a9e-4766-ae5c-82bb2d458327 - Start_Basic_Prices - 处理批次 16/117
[32m2026-02-21 03:25:38 +0800[0m - dagster - [34mINFO[0m - __ASSET_JOB - 4ff06a88-2a9e-4766-ae5c-82bb2d458327 - Start_Basic_Prices - 处理批次 17/117
[32m2026-02-21 03:25:58 +0800[0m - dagster - [34mINFO[0m - __ASSET_JOB - 4ff06a88-2a9e-4766-ae5c-82bb2d458327 - Start_Basic_Prices - 处理批次 18/117
[32m2026-02-21 03:26:18 +0800[0m - dagster - [34mINFO[0m - __ASSET_JOB - 4ff06a88-2a9e-4766-ae5c-82bb2d458327 - Start_Basic_Prices - 处理批次 19/117
[32m2026-02-21 03:26:39 +0800[0m - dagster - [34mINFO[0m - __ASSET_JOB - 4ff06a88-2a9e-4766-ae5c-82bb2d458327 - Start_Basic_Prices - 处理批次 20/117
[32m2026-02-21 03:26:58 +0800[0m - dagster - [34mINFO[0m - __ASSET_JOB - 4ff06a88-2a9e-4766-ae5c-82bb2d458327 - Start_Basic_Prices - 处理批次 21/117
[32m2026-02-21 03:27:18 +0800[0m - dagster - [34mINFO[0m - __ASSET_JOB - 4ff06a88-2a9e-4766-ae5c-82bb2d458327 - Start_Basic_Prices - 处理批次 22/117
[32m2026-02-21 03:27:38 +0800[0m - dagster - [34mINFO[0m - __ASSET_JOB - 4ff06a88-2a9e-4766-ae5c-82bb2d458327 - Start_Basic_Prices - 处理批次 23/117
[32m2026-02-21 03:27:58 +0800[0m - dagster - [34mINFO[0m - __ASSET_JOB - 4ff06a88-2a9e-4766-ae5c-82bb2d458327 - Start_Basic_Prices - 处理批次 24/117
[32m2026-02-21 03:28:17 +0800[0m - dagster - [34mINFO[0m - __ASSET_JOB - 4ff06a88-2a9e-4766-ae5c-82bb2d458327 - Start_Basic_Prices - 处理批次 25/117
[32m2026-02-21 03:28:38 +0800[0m - dagster - [34mINFO[0m - __ASSET_JOB - 4ff06a88-2a9e-4766-ae5c-82bb2d458327 - Start_Basic_Prices - 处理批次 26/117
[32m2026-02-21 03:28:57 +0800[0m - dagster - [34mINFO[0m - __ASSET_JOB - 4ff06a88-2a9e-4766-ae5c-82bb2d458327 - Start_Basic_Prices - 处理批次 27/117
[32m2026-02-21 03:29:17 +0800[0m - dagster - [34mINFO[0m - __ASSET_JOB - 4ff06a88-2a9e-4766-ae5c-82bb2d458327 - Start_Basic_Prices - 处理批次 28/117
[32m2026-02-21 03:29:36 +0800[0m - dagster - [34mINFO[0m - __ASSET_JOB - 4ff06a88-2a9e-4766-ae5c-82bb2d458327 - Start_Basic_Prices - 处理批次 29/117
[32m2026-02-21 03:29:56 +0800[0m - dagster - [34mINFO[0m - __ASSET_JOB - 4ff06a88-2a9e-4766-ae5c-82bb2d458327 - Start_Basic_Prices - 处理批次 30/117
[32m2026-02-21 03:30:16 +0800[0m - dagster - [34mINFO[0m - __ASSET_JOB - 4ff06a88-2a9e-4766-ae5c-82bb2d458327 - Start_Basic_Prices - 处理批次 31/117
[32m2026-02-21 03:30:35 +0800[0m - dagster - [34mINFO[0m - __ASSET_JOB - 4ff06a88-2a9e-4766-ae5c-82bb2d458327 - Start_Basic_Prices - 处理批次 32/117
[32m2026-02-21 03:30:55 +0800[0m - dagster - [34mINFO[0m - __ASSET_JOB - 4ff06a88-2a9e-4766-ae5c-82bb2d458327 - Start_Basic_Prices - 处理批次 33/117
[32m2026-02-21 03:31:14 +0800[0m - dagster - [34mINFO[0m - __ASSET_JOB - 4ff06a88-2a9e-4766-ae5c-82bb2d458327 - Start_Basic_Prices - 处理批次 34/117
[32m2026-02-21 03:31:33 +0800[0m - dagster - [34mINFO[0m - __ASSET_JOB - 4ff06a88-2a9e-4766-ae5c-82bb2d458327 - Start_Basic_Prices - 处理批次 35/117
[32m2026-02-21 03:31:53 +0800[0m - dagster - [34mINFO[0m - __ASSET_JOB - 4ff06a88-2a9e-4766-ae5c-82bb2d458327 - Start_Basic_Prices - 处理批次 36/117
[32m2026-02-21 03:32:12 +0800[0m - dagster - [34mINFO[0m - __ASSET_JOB - 4ff06a88-2a9e-4766-ae5c-82bb2d458327 - Start_Basic_Prices - 处理批次 37/117
[32m2026-02-21 03:32:32 +0800[0m - dagster - [34mINFO[0m - __ASSET_JOB - 4ff06a88-2a9e-4766-ae5c-82bb2d458327 - Start_Basic_Prices - 处理批次 38/117
[32m2026-02-21 03:32:52 +0800[0m - dagster - [34mINFO[0m - __ASSET_JOB - 4ff06a88-2a9e-4766-ae5c-82bb2d458327 - Start_Basic_Prices - 处理批次 39/117
[32m2026-02-21 03:33:11 +0800[0m - dagster - [34mINFO[0m - __ASSET_JOB - 4ff06a88-2a9e-4766-ae5c-82bb2d458327 - Start_Basic_Prices - 处理批次 40/117
[32m2026-02-21 03:33:30 +0800[0m - dagster - [34mINFO[0m - __ASSET_JOB - 4ff06a88-2a9e-4766-ae5c-82bb2d458327 - Start_Basic_Prices - 处理批次 41/117
[32m2026-02-21 03:33:50 +0800[0m - dagster - [34mINFO[0m - __ASSET_JOB - 4ff06a88-2a9e-4766-ae5c-82bb2d458327 - Start_Basic_Prices - 处理批次 42/117
[32m2026-02-21 03:34:09 +0800[0m - dagster - [34mINFO[0m - __ASSET_JOB - 4ff06a88-2a9e-4766-ae5c-82bb2d458327 - Start_Basic_Prices - 处理批次 43/117
[32m2026-02-21 03:34:28 +0800[0m - dagster - [34mINFO[0m - __ASSET_JOB - 4ff06a88-2a9e-4766-ae5c-82bb2d458327 - Start_Basic_Prices - 处理批次 44/117
[32m2026-02-21 03:34:47 +0800[0m - dagster - [34mINFO[0m - __ASSET_JOB - 4ff06a88-2a9e-4766-ae5c-82bb2d458327 - Start_Basic_Prices - 处理批次 45/117
[32m2026-02-21 03:35:07 +0800[0m - dagster - [34mINFO[0m - __ASSET_JOB - 4ff06a88-2a9e-4766-ae5c-82bb2d458327 - Start_Basic_Prices - 处理批次 46/117
[32m2026-02-21 03:35:26 +0800[0m - dagster - [34mINFO[0m - __ASSET_JOB - 4ff06a88-2a9e-4766-ae5c-82bb2d458327 - Start_Basic_Prices - 处理批次 47/117
[32m2026-02-21 03:35:47 +0800[0m - dagster - [34mINFO[0m - __ASSET_JOB - 4ff06a88-2a9e-4766-ae5c-82bb2d458327 - Start_Basic_Prices - 处理批次 48/117
[32m2026-02-21 03:36:07 +0800[0m - dagster - [34mINFO[0m - __ASSET_JOB - 4ff06a88-2a9e-4766-ae5c-82bb2d458327 - Start_Basic_Prices - 处理批次 49/117
[32m2026-02-21 03:36:28 +0800[0m - dagster - [34mINFO[0m - __ASSET_JOB - 4ff06a88-2a9e-4766-ae5c-82bb2d458327 - Start_Basic_Prices - 处理批次 50/117
[32m2026-02-21 03:36:48 +0800[0m - dagster - [34mINFO[0m - __ASSET_JOB - 4ff06a88-2a9e-4766-ae5c-82bb2d458327 - Start_Basic_Prices - 处理批次 51/117
[32m2026-02-21 03:37:08 +0800[0m - dagster - [34mINFO[0m - __ASSET_JOB - 4ff06a88-2a9e-4766-ae5c-82bb2d458327 - Start_Basic_Prices - 处理批次 52/117
[32m2026-02-21 03:37:27 +0800[0m - dagster - [34mINFO[0m - __ASSET_JOB - 4ff06a88-2a9e-4766-ae5c-82bb2d458327 - Start_Basic_Prices - 处理批次 53/117
[32m2026-02-21 03:37:47 +0800[0m - dagster - [34mINFO[0m - __ASSET_JOB - 4ff06a88-2a9e-4766-ae5c-82bb2d458327 - Start_Basic_Prices - 处理批次 54/117
[32m2026-02-21 03:38:06 +0800[0m - dagster - [34mINFO[0m - __ASSET_JOB - 4ff06a88-2a9e-4766-ae5c-82bb2d458327 - Start_Basic_Prices - 处理批次 55/117
[32m2026-02-21 03:38:26 +0800[0m - dagster - [34mINFO[0m - __ASSET_JOB - 4ff06a88-2a9e-4766-ae5c-82bb2d458327 - Start_Basic_Prices - 处理批次 56/117
[32m2026-02-21 03:38:45 +0800[0m - dagster - [34mINFO[0m - __ASSET_JOB - 4ff06a88-2a9e-4766-ae5c-82bb2d458327 - Start_Basic_Prices - 处理批次 57/117
[32m2026-02-21 03:39:05 +0800[0m - dagster - [34mINFO[0m - __ASSET_JOB - 4ff06a88-2a9e-4766-ae5c-82bb2d458327 - Start_Basic_Prices - 处理批次 58/117
[32m2026-02-21 03:39:24 +0800[0m - dagster - [34mINFO[0m - __ASSET_JOB - 4ff06a88-2a9e-4766-ae5c-82bb2d458327 - Start_Basic_Prices - 处理批次 59/117
[32m2026-02-21 03:39:44 +0800[0m - dagster - [34mINFO[0m - __ASSET_JOB - 4ff06a88-2a9e-4766-ae5c-82bb2d458327 - Start_Basic_Prices - 处理批次 60/117
[32m2026-02-21 03:40:05 +0800[0m - dagster - [34mINFO[0m - __ASSET_JOB - 4ff06a88-2a9e-4766-ae5c-82bb2d458327 - Start_Basic_Prices - 处理批次 61/117
[32m2026-02-21 03:40:24 +0800[0m - dagster - [34mINFO[0m - __ASSET_JOB - 4ff06a88-2a9e-4766-ae5c-82bb2d458327 - Start_Basic_Prices - 处理批次 62/117
[32m2026-02-21 03:40:45 +0800[0m - dagster - [34mINFO[0m - __ASSET_JOB - 4ff06a88-2a9e-4766-ae5c-82bb2d458327 - Start_Basic_Prices - 处理批次 63/117
[32m2026-02-21 03:41:04 +0800[0m - dagster - [34mINFO[0m - __ASSET_JOB - 4ff06a88-2a9e-4766-ae5c-82bb2d458327 - Start_Basic_Prices - 处理批次 64/117
[32m2026-02-21 03:41:24 +0800[0m - dagster - [34mINFO[0m - __ASSET_JOB - 4ff06a88-2a9e-4766-ae5c-82bb2d458327 - Start_Basic_Prices - 处理批次 65/117
[32m2026-02-21 03:41:44 +0800[0m - dagster - [34mINFO[0m - __ASSET_JOB - 4ff06a88-2a9e-4766-ae5c-82bb2d458327 - Start_Basic_Prices - 处理批次 66/117
[32m2026-02-21 03:42:03 +0800[0m - dagster - [34mINFO[0m - __ASSET_JOB - 4ff06a88-2a9e-4766-ae5c-82bb2d458327 - Start_Basic_Prices - 处理批次 67/117
[32m2026-02-21 03:42:22 +0800[0m - dagster - [34mINFO[0m - __ASSET_JOB - 4ff06a88-2a9e-4766-ae5c-82bb2d458327 - Start_Basic_Prices - 处理批次 68/117
[32m2026-02-21 03:42:42 +0800[0m - dagster - [34mINFO[0m - __ASSET_JOB - 4ff06a88-2a9e-4766-ae5c-82bb2d458327 - Start_Basic_Prices - 处理批次 69/117
[32m2026-02-21 03:43:03 +0800[0m - dagster - [34mINFO[0m - __ASSET_JOB - 4ff06a88-2a9e-4766-ae5c-82bb2d458327 - Start_Basic_Prices - 处理批次 70/117
[32m2026-02-21 03:43:29 +0800[0m - dagster - [34mINFO[0m - __ASSET_JOB - 4ff06a88-2a9e-4766-ae5c-82bb2d458327 - Start_Basic_Prices - 处理批次 71/117
[32m2026-02-21 03:43:47 +0800[0m - dagster - [34mINFO[0m - __ASSET_JOB - 4ff06a88-2a9e-4766-ae5c-82bb2d458327 - Start_Basic_Prices - 处理批次 72/117
[32m2026-02-21 03:44:11 +0800[0m - dagster - [34mINFO[0m - __ASSET_JOB - 4ff06a88-2a9e-4766-ae5c-82bb2d458327 - Start_Basic_Prices - 处理批次 73/117
[32m2026-02-21 03:44:39 +0800[0m - dagster - [34mINFO[0m - __ASSET_JOB - 4ff06a88-2a9e-4766-ae5c-82bb2d458327 - Start_Basic_Prices - 处理批次 74/117
[32m2026-02-21 03:45:04 +0800[0m - dagster - [34mINFO[0m - __ASSET_JOB - 4ff06a88-2a9e-4766-ae5c-82bb2d458327 - Start_Basic_Prices - 处理批次 75/117
[32m2026-02-21 03:45:23 +0800[0m - dagster - [34mINFO[0m - __ASSET_JOB - 4ff06a88-2a9e-4766-ae5c-82bb2d458327 - Start_Basic_Prices - 处理批次 76/117
[32m2026-02-21 03:45:44 +0800[0m - dagster - [34mINFO[0m - __ASSET_JOB - 4ff06a88-2a9e-4766-ae5c-82bb2d458327 - Start_Basic_Prices - 处理批次 77/117
[32m2026-02-21 03:46:03 +0800[0m - dagster - [34mINFO[0m - __ASSET_JOB - 4ff06a88-2a9e-4766-ae5c-82bb2d458327 - Start_Basic_Prices - 处理批次 78/117
[32m2026-02-21 03:46:22 +0800[0m - dagster - [34mINFO[0m - __ASSET_JOB - 4ff06a88-2a9e-4766-ae5c-82bb2d458327 - Start_Basic_Prices - 处理批次 79/117
[32m2026-02-21 03:46:43 +0800[0m - dagster - [34mINFO[0m - __ASSET_JOB - 4ff06a88-2a9e-4766-ae5c-82bb2d458327 - Start_Basic_Prices - 处理批次 80/117
[32m2026-02-21 03:47:03 +0800[0m - dagster - [34mINFO[0m - __ASSET_JOB - 4ff06a88-2a9e-4766-ae5c-82bb2d458327 - Start_Basic_Prices - 处理批次 81/117
[32m2026-02-21 03:47:26 +0800[0m - dagster - [34mINFO[0m - __ASSET_JOB - 4ff06a88-2a9e-4766-ae5c-82bb2d458327 - Start_Basic_Prices - 处理批次 82/117
[32m2026-02-21 03:47:49 +0800[0m - dagster - [34mINFO[0m - __ASSET_JOB - 4ff06a88-2a9e-4766-ae5c-82bb2d458327 - Start_Basic_Prices - 处理批次 83/117
[32m2026-02-21 03:48:13 +0800[0m - dagster - [34mINFO[0m - __ASSET_JOB - 4ff06a88-2a9e-4766-ae5c-82bb2d458327 - Start_Basic_Prices - 处理批次 84/117
[32m2026-02-21 03:48:38 +0800[0m - dagster - [34mINFO[0m - __ASSET_JOB - 4ff06a88-2a9e-4766-ae5c-82bb2d458327 - Start_Basic_Prices - 处理批次 85/117
[32m2026-02-21 03:49:01 +0800[0m - dagster - [34mINFO[0m - __ASSET_JOB - 4ff06a88-2a9e-4766-ae5c-82bb2d458327 - Start_Basic_Prices - 处理批次 86/117
[32m2026-02-21 03:49:24 +0800[0m - dagster - [34mINFO[0m - __ASSET_JOB - 4ff06a88-2a9e-4766-ae5c-82bb2d458327 - Start_Basic_Prices - 处理批次 87/117
[32m2026-02-21 03:49:47 +0800[0m - dagster - [34mINFO[0m - __ASSET_JOB - 4ff06a88-2a9e-4766-ae5c-82bb2d458327 - Start_Basic_Prices - 处理批次 88/117
[32m2026-02-21 03:50:08 +0800[0m - dagster - [34mINFO[0m - __ASSET_JOB - 4ff06a88-2a9e-4766-ae5c-82bb2d458327 - Start_Basic_Prices - 处理批次 89/117
[32m2026-02-21 03:50:27 +0800[0m - dagster - [34mINFO[0m - __ASSET_JOB - 4ff06a88-2a9e-4766-ae5c-82bb2d458327 - Start_Basic_Prices - 处理批次 90/117
[32m2026-02-21 03:50:47 +0800[0m - dagster - [34mINFO[0m - __ASSET_JOB - 4ff06a88-2a9e-4766-ae5c-82bb2d458327 - Start_Basic_Prices - 处理批次 91/117
[32m2026-02-21 03:51:07 +0800[0m - dagster - [34mINFO[0m - __ASSET_JOB - 4ff06a88-2a9e-4766-ae5c-82bb2d458327 - Start_Basic_Prices - 处理批次 92/117
[32m2026-02-21 03:51:27 +0800[0m - dagster - [34mINFO[0m - __ASSET_JOB - 4ff06a88-2a9e-4766-ae5c-82bb2d458327 - Start_Basic_Prices - 处理批次 93/117
[32m2026-02-21 03:51:47 +0800[0m - dagster - [34mINFO[0m - __ASSET_JOB - 4ff06a88-2a9e-4766-ae5c-82bb2d458327 - Start_Basic_Prices - 处理批次 94/117
[32m2026-02-21 03:52:06 +0800[0m - dagster - [34mINFO[0m - __ASSET_JOB - 4ff06a88-2a9e-4766-ae5c-82bb2d458327 - Start_Basic_Prices - 处理批次 95/117
[32m2026-02-21 03:52:26 +0800[0m - dagster - [34mINFO[0m - __ASSET_JOB - 4ff06a88-2a9e-4766-ae5c-82bb2d458327 - Start_Basic_Prices - 处理批次 96/117
[32m2026-02-21 03:52:45 +0800[0m - dagster - [34mINFO[0m - __ASSET_JOB - 4ff06a88-2a9e-4766-ae5c-82bb2d458327 - Start_Basic_Prices - 处理批次 97/117
[32m2026-02-21 03:53:03 +0800[0m - dagster - [34mINFO[0m - __ASSET_JOB - 4ff06a88-2a9e-4766-ae5c-82bb2d458327 - Start_Basic_Prices - 处理批次 98/117
[32m2026-02-21 03:53:22 +0800[0m - dagster - [34mINFO[0m - __ASSET_JOB - 4ff06a88-2a9e-4766-ae5c-82bb2d458327 - Start_Basic_Prices - 处理批次 99/117
[32m2026-02-21 03:53:41 +0800[0m - dagster - [34mINFO[0m - __ASSET_JOB - 4ff06a88-2a9e-4766-ae5c-82bb2d458327 - Start_Basic_Prices - 处理批次 100/117
[32m2026-02-21 03:54:00 +0800[0m - dagster - [34mINFO[0m - __ASSET_JOB - 4ff06a88-2a9e-4766-ae5c-82bb2d458327 - Start_Basic_Prices - 处理批次 101/117
[32m2026-02-21 03:54:18 +0800[0m - dagster - [34mINFO[0m - __ASSET_JOB - 4ff06a88-2a9e-4766-ae5c-82bb2d458327 - Start_Basic_Prices - 处理批次 102/117
[32m2026-02-21 03:54:37 +0800[0m - dagster - [34mINFO[0m - __ASSET_JOB - 4ff06a88-2a9e-4766-ae5c-82bb2d458327 - Start_Basic_Prices - 处理批次 103/117
[32m2026-02-21 03:54:56 +0800[0m - dagster - [34mINFO[0m - __ASSET_JOB - 4ff06a88-2a9e-4766-ae5c-82bb2d458327 - Start_Basic_Prices - 处理批次 104/117
[32m2026-02-21 03:55:15 +0800[0m - dagster - [34mINFO[0m - __ASSET_JOB - 4ff06a88-2a9e-4766-ae5c-82bb2d458327 - Start_Basic_Prices - 处理批次 105/117
[32m2026-02-21 03:55:34 +0800[0m - dagster - [34mINFO[0m - __ASSET_JOB - 4ff06a88-2a9e-4766-ae5c-82bb2d458327 - Start_Basic_Prices - 处理批次 106/117
[32m2026-02-21 03:55:52 +0800[0m - dagster - [34mINFO[0m - __ASSET_JOB - 4ff06a88-2a9e-4766-ae5c-82bb2d458327 - Start_Basic_Prices - 处理批次 107/117
[32m2026-02-21 03:56:13 +0800[0m - dagster - [34mINFO[0m - __ASSET_JOB - 4ff06a88-2a9e-4766-ae5c-82bb2d458327 - Start_Basic_Prices - 处理批次 108/117
[32m2026-02-21 03:56:32 +0800[0m - dagster - [34mINFO[0m - __ASSET_JOB - 4ff06a88-2a9e-4766-ae5c-82bb2d458327 - Start_Basic_Prices - 处理批次 109/117
[32m2026-02-21 03:56:51 +0800[0m - dagster - [34mINFO[0m - __ASSET_JOB - 4ff06a88-2a9e-4766-ae5c-82bb2d458327 - Start_Basic_Prices - 处理批次 110/117
[32m2026-02-21 03:57:10 +0800[0m - dagster - [34mINFO[0m - __ASSET_JOB - 4ff06a88-2a9e-4766-ae5c-82bb2d458327 - Start_Basic_Prices - 处理批次 111/117
[32m2026-02-21 03:57:30 +0800[0m - dagster - [34mINFO[0m - __ASSET_JOB - 4ff06a88-2a9e-4766-ae5c-82bb2d458327 - Start_Basic_Prices - 处理批次 112/117
[32m2026-02-21 03:57:49 +0800[0m - dagster - [34mINFO[0m - __ASSET_JOB - 4ff06a88-2a9e-4766-ae5c-82bb2d458327 - Start_Basic_Prices - 处理批次 113/117
[32m2026-02-21 03:58:07 +0800[0m - dagster - [34mINFO[0m - __ASSET_JOB - 4ff06a88-2a9e-4766-ae5c-82bb2d458327 - Start_Basic_Prices - 处理批次 114/117
[32m2026-02-21 03:58:26 +0800[0m - dagster - [34mINFO[0m - __ASSET_JOB - 4ff06a88-2a9e-4766-ae5c-82bb2d458327 - Start_Basic_Prices - 处理批次 115/117
[32m2026-02-21 03:58:45 +0800[0m - dagster - [34mINFO[0m - __ASSET_JOB - 4ff06a88-2a9e-4766-ae5c-82bb2d458327 - Start_Basic_Prices - 处理批次 116/117
[32m2026-02-21 03:59:04 +0800[0m - dagster - [34mINFO[0m - __ASSET_JOB - 4ff06a88-2a9e-4766-ae5c-82bb2d458327 - Start_Basic_Prices - 处理批次 117/117
[32m2026-02-21 03:59:19 +0800[0m - dagster - [34mINFO[0m - __ASSET_JOB - 4ff06a88-2a9e-4766-ae5c-82bb2d458327 - Start_Basic_Prices - 
        ========== 日线数据更新完成 ==========
        本次更新:
          - 成功获取股票数: 0
          - 新增数据行数: 0
          - 失败股票数: 0
        
        总体统计:
          - 总数据行数: 0
          - 日期范围: None 至 None
        
        失败股票列表: 无
        ======================================
        
[32m2026-02-21 03:59:19 +0800[0m - dagster - [34mDEBUG[0m - __ASSET_JOB - 4ff06a88-2a9e-4766-ae5c-82bb2d458327 - 93477 - Start_Basic_Prices - STEP_OUTPUT - Yielded output "result" of type "Any". (Type check passed).
[32m2026-02-21 03:59:19 +0800[0m - dagster - [34mDEBUG[0m - __ASSET_JOB - 4ff06a88-2a9e-4766-ae5c-82bb2d458327 - 93477 - Start_Basic_Prices - ASSET_MATERIALIZATION - Materialized value Start_Basic_Prices.
[32m2026-02-21 03:59:19 +0800[0m - dagster - [34mDEBUG[0m - __ASSET_JOB - 4ff06a88-2a9e-4766-ae5c-82bb2d458327 - 93477 - Start_Basic_Prices - STEP_SUCCESS - Finished execution of step "Start_Basic_Prices" in 39m6s.
