[32m2026-02-20 22:11:06 +0800[0m - dagster - [34mDEBUG[0m - __ASSET_JOB - 168972f1-2175-4aa3-a1e6-b8fbc488d028 - 36228 - LOGS_CAPTURED - Started capturing logs in process (pid: 36228).
[32m2026-02-20 22:11:06 +0800[0m - dagster - [34mDEBUG[0m - __ASSET_JOB - 168972f1-2175-4aa3-a1e6-b8fbc488d028 - 36228 - Daily_New_Stocks - STEP_START - Started execution of step "Daily_New_Stocks".
[32m2026-02-20 22:11:06 +0800[0m - dagster - [34mINFO[0m - __ASSET_JOB - 168972f1-2175-4aa3-a1e6-b8fbc488d028 - Daily_New_Stocks - 开始检测新上市的股票...
  0%|          | 0/15 [00:00<?, ?it/s]  7%|▋         | 1/15 [00:00<00:03,  4.12it/s] 13%|█▎        | 2/15 [00:00<00:03,  3.98it/s] 20%|██        | 3/15 [00:00<00:02,  4.29it/s] 27%|██▋       | 4/15 [00:00<00:02,  4.20it/s] 33%|███▎      | 5/15 [00:01<00:02,  4.03it/s] 40%|████      | 6/15 [00:01<00:02,  3.96it/s] 47%|████▋     | 7/15 [00:01<00:02,  3.96it/s] 53%|█████▎    | 8/15 [00:01<00:01,  4.01it/s] 60%|██████    | 9/15 [00:02<00:01,  4.11it/s] 67%|██████▋   | 10/15 [00:02<00:01,  4.09it/s] 73%|███████▎  | 11/15 [00:02<00:00,  4.14it/s] 80%|████████  | 12/15 [00:02<00:00,  4.21it/s] 87%|████████▋ | 13/15 [00:03<00:00,  4.14it/s] 93%|█████████▎| 14/15 [00:03<00:00,  4.03it/s]100%|██████████| 15/15 [00:03<00:00,  3.95it/s]                                               [32m2026-02-20 22:11:13 +0800[0m - dagster - [34mINFO[0m - __ASSET_JOB - 168972f1-2175-4aa3-a1e6-b8fbc488d028 - Daily_New_Stocks - 今日没有新上市的股票
[32m2026-02-20 22:11:13 +0800[0m - dagster - [34mDEBUG[0m - __ASSET_JOB - 168972f1-2175-4aa3-a1e6-b8fbc488d028 - 36228 - Daily_New_Stocks - STEP_OUTPUT - Yielded output "result" of type "DataFrame". (Type check passed).
[32m2026-02-20 22:11:13 +0800[0m - dagster - [34mDEBUG[0m - __ASSET_JOB - 168972f1-2175-4aa3-a1e6-b8fbc488d028 - Daily_New_Stocks - Writing file at: /Users/sheng/Desktop/Quant/a-stock/.tmp_dagster_home_h5bm7zdw/storage/Daily_New_Stocks using PickledObjectFilesystemIOManager...
[32m2026-02-20 22:11:13 +0800[0m - dagster - [34mDEBUG[0m - __ASSET_JOB - 168972f1-2175-4aa3-a1e6-b8fbc488d028 - 36228 - Daily_New_Stocks - ASSET_MATERIALIZATION - Materialized value Daily_New_Stocks.
[32m2026-02-20 22:11:13 +0800[0m - dagster - [34mDEBUG[0m - __ASSET_JOB - 168972f1-2175-4aa3-a1e6-b8fbc488d028 - 36228 - Daily_New_Stocks - HANDLED_OUTPUT - Handled output "result" using IO manager "io_manager"
[32m2026-02-20 22:11:13 +0800[0m - dagster - [34mDEBUG[0m - __ASSET_JOB - 168972f1-2175-4aa3-a1e6-b8fbc488d028 - 36228 - Daily_New_Stocks - STEP_SUCCESS - Finished execution of step "Daily_New_Stocks" in 6.93s.
[32m2026-02-20 22:11:13 +0800[0m - dagster - [34mDEBUG[0m - __ASSET_JOB - 168972f1-2175-4aa3-a1e6-b8fbc488d028 - 36228 - Daily_Delisted_Stocks - STEP_START - Started execution of step "Daily_Delisted_Stocks".
[32m2026-02-20 22:11:13 +0800[0m - dagster - [34mINFO[0m - __ASSET_JOB - 168972f1-2175-4aa3-a1e6-b8fbc488d028 - Daily_Delisted_Stocks - 开始检测退市的股票...
[32m2026-02-20 22:11:13 +0800[0m - dagster - [34mINFO[0m - __ASSET_JOB - 168972f1-2175-4aa3-a1e6-b8fbc488d028 - Daily_Delisted_Stocks - ✅ 退市信息更新完成
[32m2026-02-20 22:11:13 +0800[0m - dagster - [34mDEBUG[0m - __ASSET_JOB - 168972f1-2175-4aa3-a1e6-b8fbc488d028 - 36228 - Daily_Delisted_Stocks - STEP_OUTPUT - Yielded output "result" of type "DataFrame". (Type check passed).
[32m2026-02-20 22:11:13 +0800[0m - dagster - [34mDEBUG[0m - __ASSET_JOB - 168972f1-2175-4aa3-a1e6-b8fbc488d028 - Daily_Delisted_Stocks - Writing file at: /Users/sheng/Desktop/Quant/a-stock/.tmp_dagster_home_h5bm7zdw/storage/Daily_Delisted_Stocks using PickledObjectFilesystemIOManager...
[32m2026-02-20 22:11:13 +0800[0m - dagster - [34mDEBUG[0m - __ASSET_JOB - 168972f1-2175-4aa3-a1e6-b8fbc488d028 - 36228 - Daily_Delisted_Stocks - ASSET_MATERIALIZATION - Materialized value Daily_Delisted_Stocks.
[32m2026-02-20 22:11:13 +0800[0m - dagster - [34mDEBUG[0m - __ASSET_JOB - 168972f1-2175-4aa3-a1e6-b8fbc488d028 - 36228 - Daily_Delisted_Stocks - HANDLED_OUTPUT - Handled output "result" using IO manager "io_manager"
[32m2026-02-20 22:11:13 +0800[0m - dagster - [34mDEBUG[0m - __ASSET_JOB - 168972f1-2175-4aa3-a1e6-b8fbc488d028 - 36228 - Daily_Delisted_Stocks - STEP_SUCCESS - Finished execution of step "Daily_Delisted_Stocks" in 715ms.
[32m2026-02-20 22:11:13 +0800[0m - dagster - [34mDEBUG[0m - __ASSET_JOB - 168972f1-2175-4aa3-a1e6-b8fbc488d028 - 36228 - Daily_Active_Stocks - STEP_START - Started execution of step "Daily_Active_Stocks".
[32m2026-02-20 22:11:13 +0800[0m - dagster - [34mINFO[0m - __ASSET_JOB - 168972f1-2175-4aa3-a1e6-b8fbc488d028 - Daily_Active_Stocks - 开始筛选活跃的股票...
[32m2026-02-20 22:11:13 +0800[0m - dagster - [34mINFO[0m - __ASSET_JOB - 168972f1-2175-4aa3-a1e6-b8fbc488d028 - Daily_Active_Stocks - ✅ 获取到 5495 只活跃的股票
[32m2026-02-20 22:11:13 +0800[0m - dagster - [34mDEBUG[0m - __ASSET_JOB - 168972f1-2175-4aa3-a1e6-b8fbc488d028 - 36228 - Daily_Active_Stocks - STEP_OUTPUT - Yielded output "result" of type "DataFrame". (Type check passed).
[32m2026-02-20 22:11:13 +0800[0m - dagster - [34mDEBUG[0m - __ASSET_JOB - 168972f1-2175-4aa3-a1e6-b8fbc488d028 - Daily_Active_Stocks - Writing file at: /Users/sheng/Desktop/Quant/a-stock/.tmp_dagster_home_h5bm7zdw/storage/Daily_Active_Stocks using PickledObjectFilesystemIOManager...
[32m2026-02-20 22:11:13 +0800[0m - dagster - [34mDEBUG[0m - __ASSET_JOB - 168972f1-2175-4aa3-a1e6-b8fbc488d028 - 36228 - Daily_Active_Stocks - ASSET_MATERIALIZATION - Materialized value Daily_Active_Stocks.
[32m2026-02-20 22:11:13 +0800[0m - dagster - [34mDEBUG[0m - __ASSET_JOB - 168972f1-2175-4aa3-a1e6-b8fbc488d028 - 36228 - Daily_Active_Stocks - HANDLED_OUTPUT - Handled output "result" using IO manager "io_manager"
[32m2026-02-20 22:11:13 +0800[0m - dagster - [34mDEBUG[0m - __ASSET_JOB - 168972f1-2175-4aa3-a1e6-b8fbc488d028 - 36228 - Daily_Active_Stocks - STEP_SUCCESS - Finished execution of step "Daily_Active_Stocks" in 27ms.
[32m2026-02-20 22:11:13 +0800[0m - dagster - [34mDEBUG[0m - __ASSET_JOB - 168972f1-2175-4aa3-a1e6-b8fbc488d028 - 36228 - Daily_Active_Stocks_Mainboard - STEP_START - Started execution of step "Daily_Active_Stocks_Mainboard".
[32m2026-02-20 22:11:13 +0800[0m - dagster - [34mINFO[0m - __ASSET_JOB - 168972f1-2175-4aa3-a1e6-b8fbc488d028 - Daily_Active_Stocks_Mainboard - 开始筛选活跃的主板股票...
[32m2026-02-20 22:11:13 +0800[0m - dagster - [34mINFO[0m - __ASSET_JOB - 168972f1-2175-4aa3-a1e6-b8fbc488d028 - Daily_Active_Stocks_Mainboard - ✅ 获取到 1169 只活跃的主板股票
[32m2026-02-20 22:11:13 +0800[0m - dagster - [34mDEBUG[0m - __ASSET_JOB - 168972f1-2175-4aa3-a1e6-b8fbc488d028 - 36228 - Daily_Active_Stocks_Mainboard - STEP_OUTPUT - Yielded output "result" of type "DataFrame". (Type check passed).
[32m2026-02-20 22:11:13 +0800[0m - dagster - [34mDEBUG[0m - __ASSET_JOB - 168972f1-2175-4aa3-a1e6-b8fbc488d028 - Daily_Active_Stocks_Mainboard - Writing file at: /Users/sheng/Desktop/Quant/a-stock/.tmp_dagster_home_h5bm7zdw/storage/Daily_Active_Stocks_Mainboard using PickledObjectFilesystemIOManager...
[32m2026-02-20 22:11:13 +0800[0m - dagster - [34mDEBUG[0m - __ASSET_JOB - 168972f1-2175-4aa3-a1e6-b8fbc488d028 - 36228 - Daily_Active_Stocks_Mainboard - ASSET_MATERIALIZATION - Materialized value Daily_Active_Stocks_Mainboard.
[32m2026-02-20 22:11:13 +0800[0m - dagster - [34mDEBUG[0m - __ASSET_JOB - 168972f1-2175-4aa3-a1e6-b8fbc488d028 - 36228 - Daily_Active_Stocks_Mainboard - HANDLED_OUTPUT - Handled output "result" using IO manager "io_manager"
[32m2026-02-20 22:11:13 +0800[0m - dagster - [34mDEBUG[0m - __ASSET_JOB - 168972f1-2175-4aa3-a1e6-b8fbc488d028 - 36228 - Daily_Active_Stocks_Mainboard - STEP_SUCCESS - Finished execution of step "Daily_Active_Stocks_Mainboard" in 18ms.
