[32m2026-02-20 20:59:37 +0800[0m - dagster - [34mDEBUG[0m - __ASSET_JOB - f9b3ec07-8f46-4049-aef8-3393aae6da26 - 22923 - LOGS_CAPTURED - Started capturing logs in process (pid: 22923).
[32m2026-02-20 20:59:37 +0800[0m - dagster - [34mDEBUG[0m - __ASSET_JOB - f9b3ec07-8f46-4049-aef8-3393aae6da26 - 22923 - First_Stock_List - STEP_START - Started execution of step "First_Stock_List".
[32m2026-02-20 20:59:37 +0800[0m - dagster - [34mINFO[0m - __ASSET_JOB - f9b3ec07-8f46-4049-aef8-3393aae6da26 - First_Stock_List - 开始获取A股股票列表...
[32m2026-02-20 20:59:37 +0800[0m - dagster - [34mERROR[0m - [31m__ASSET_JOB - f9b3ec07-8f46-4049-aef8-3393aae6da26 - 22923 - First_Stock_List - STEP_FAILURE - Execution of step "First_Stock_List" failed.

dagster._core.errors.DagsterExecutionStepExecutionError: Error occurred while executing op "First_Stock_List"::

_duckdb.IOException: IO Error: Could not set lock on file "/Users/sheng/Desktop/Quant/a-stock/data/a-stock.duckdb": Conflicting lock is held in /Applications/DBeaver.app/Contents/MacOS/dbeaver (PID 58823) by user sheng. See also https://duckdb.org/docs/stable/connect/concurrency

Stack Trace:
  File "/Users/sheng/Desktop/Quant/a-stock/.venv/lib/python3.12/site-packages/dagster/_core/execution/plan/utils.py", line 57, in op_execution_error_boundary
    yield
  File "/Users/sheng/Desktop/Quant/a-stock/.venv/lib/python3.12/site-packages/dagster/_utils/__init__.py", line 394, in iterate_with_context
    next_output = next(iterator)
                  ^^^^^^^^^^^^^^
  File "/Users/sheng/Desktop/Quant/a-stock/.venv/lib/python3.12/site-packages/dagster/_core/execution/plan/compute_generator.py", line 135, in _coerce_op_compute_fn_to_iterator
    result = invoke_compute_fn(
             ^^^^^^^^^^^^^^^^^^
  File "/Users/sheng/Desktop/Quant/a-stock/.venv/lib/python3.12/site-packages/dagster/_core/execution/plan/compute_generator.py", line 115, in invoke_compute_fn
    return fn(context, **args_to_pass) if context_arg_provided else fn(**args_to_pass)
           ^^^^^^^^^^^^^^^^^^^^^^^^^^^
  File "/Users/sheng/Desktop/Quant/a-stock/src/basic/assets/data_ingestion/data_ingestion_first_time.py", line 28, in First_Stock_List
    db = DuckDBResource()
         ^^^^^^^^^^^^^^^^
  File "/Users/sheng/Desktop/Quant/a-stock/src/basic/resources/duckdb_io.py", line 21, in __new__
    cls._instance._init_connection(db_path)
  File "/Users/sheng/Desktop/Quant/a-stock/src/basic/resources/duckdb_io.py", line 29, in _init_connection
    self._conn = duckdb.connect(db_path)
                 ^^^^^^^^^^^^^^^^^^^^^^^
[0m
[32m2026-02-20 20:59:37 +0800[0m - dagster - [34mERROR[0m - [31m__ASSET_JOB - f9b3ec07-8f46-4049-aef8-3393aae6da26 - Add_Listing_Stocks - Dependencies for step Add_Listing_Stocks failed: ['First_Stock_List']. Not executing.[0m
[32m2026-02-20 20:59:37 +0800[0m - dagster - [34mERROR[0m - [31m__ASSET_JOB - f9b3ec07-8f46-4049-aef8-3393aae6da26 - Add_Delisting_Stocks - Dependencies for step Add_Delisting_Stocks were not executed: ['Add_Listing_Stocks']. Not executing.[0m
