[32m2026-02-21 01:20:21 +0800[0m - dagster - [34mDEBUG[0m - __ASSET_JOB - 6dc690b4-3246-4b2f-a2d5-d1e5cc74c0d9 - 71021 - LOGS_CAPTURED - Started capturing logs in process (pid: 71021).
[32m2026-02-21 01:20:21 +0800[0m - dagster - [34mDEBUG[0m - __ASSET_JOB - 6dc690b4-3246-4b2f-a2d5-d1e5cc74c0d9 - 71021 - First_Basic_Prices - STEP_START - Started execution of step "First_Basic_Prices".
[32m2026-02-21 01:20:21 +0800[0m - dagster - [34mINFO[0m - __ASSET_JOB - 6dc690b4-3246-4b2f-a2d5-d1e5cc74c0d9 - First_Basic_Prices - 开始创建日线数据
[32m2026-02-21 01:20:21 +0800[0m - dagster - [34mERROR[0m - [31m__ASSET_JOB - 6dc690b4-3246-4b2f-a2d5-d1e5cc74c0d9 - 71021 - First_Basic_Prices - STEP_FAILURE - Execution of step "First_Basic_Prices" failed.

dagster._core.errors.DagsterExecutionStepExecutionError: Error occurred while executing op "First_Basic_Prices"::

_duckdb.IOException: IO Error: Could not set lock on file "/Users/sheng/Desktop/Quant/a-stock/data/a-stock.duckdb": Conflicting lock is held in /Applications/DBeaver.app/Contents/MacOS/dbeaver (PID 58823) by user sheng. See also https://duckdb.org/docs/stable/connect/concurrency

Stack Trace:
  File "/Users/sheng/Desktop/Quant/a-stock/.venv/lib/python3.12/site-packages/dagster/_core/execution/plan/utils.py", line 57, in op_execution_error_boundary
    yield
  File "/Users/sheng/Desktop/Quant/a-stock/.venv/lib/python3.12/site-packages/dagster/_utils/__init__.py", line 394, in iterate_with_context
    next_output = next(iterator)
                  ^^^^^^^^^^^^^^
  File "/Users/sheng/Desktop/Quant/a-stock/.venv/lib/python3.12/site-packages/dagster/_core/execution/plan/compute_generator.py", line 135, in _coerce_op_compute_fn_to_iterator
    result = invoke_compute_fn(
             ^^^^^^^^^^^^^^^^^^
  File "/Users/sheng/Desktop/Quant/a-stock/.venv/lib/python3.12/site-packages/dagster/_core/execution/plan/compute_generator.py", line 115, in invoke_compute_fn
    return fn(context, **args_to_pass) if context_arg_provided else fn(**args_to_pass)
           ^^^^^^^^^^^^^^^^^^^^^^^^^^^
  File "/Users/sheng/Desktop/Quant/a-stock/src/basic/assets/data_ingestion/data_ingestion_first_time.py", line 354, in First_Basic_Prices
    db = DuckDBResource()
         ^^^^^^^^^^^^^^^^
  File "/Users/sheng/Desktop/Quant/a-stock/src/basic/resources/duckdb_io.py", line 21, in __new__
    cls._instance._init_connection(db_path)
  File "/Users/sheng/Desktop/Quant/a-stock/src/basic/resources/duckdb_io.py", line 29, in _init_connection
    self._conn = duckdb.connect(db_path)
                 ^^^^^^^^^^^^^^^^^^^^^^^
[0m
